[0.011s] Invoking command in '/home/lichaoyue/Desktop/tasktown_ws/build/village_operator': AMENT_PREFIX_PATH=/home/lichaoyue/Desktop/tasktown_ws/install/village_interfaces:${AMENT_PREFIX_PATH} CMAKE_PREFIX_PATH=/home/lichaoyue/Desktop/tasktown_ws/install/village_interfaces:/opt/ros/humble LD_LIBRARY_PATH=/home/lichaoyue/Desktop/tasktown_ws/install/village_interfaces/lib:${LD_LIBRARY_PATH} PYTHONPATH=/home/lichaoyue/Desktop/tasktown_ws/install/village_interfaces/local/lib/python3.10/dist-packages:${PYTHONPATH} /usr/bin/cmake --build /home/lichaoyue/Desktop/tasktown_ws/build/village_operator -- -j12 -l12
[0.067s] [35m[1mConsolidate compiler generated dependencies of target operator_node[0m
[0.088s] [ 50%] [32mBuilding CXX object CMakeFiles/operator_node.dir/src/operator.cpp.o[0m
[3.278s] In file included from [01m[K/opt/ros/humble/include/rclcpp/rclcpp/logging.hpp:24[m[K,
[3.278s]                  from [01m[K/opt/ros/humble/include/rclcpp/rclcpp/client.hpp:40[m[K,
[3.279s]                  from [01m[K/opt/ros/humble/include/rclcpp/rclcpp/callback_group.hpp:24[m[K,
[3.279s]                  from [01m[K/opt/ros/humble/include/rclcpp/rclcpp/any_executable.hpp:20[m[K,
[3.279s]                  from [01m[K/opt/ros/humble/include/rclcpp/rclcpp/memory_strategy.hpp:25[m[K,
[3.279s]                  from [01m[K/opt/ros/humble/include/rclcpp/rclcpp/memory_strategies.hpp:18[m[K,
[3.279s]                  from [01m[K/opt/ros/humble/include/rclcpp/rclcpp/executor_options.hpp:20[m[K,
[3.279s]                  from [01m[K/opt/ros/humble/include/rclcpp/rclcpp/executor.hpp:37[m[K,
[3.279s]                  from [01m[K/opt/ros/humble/include/rclcpp/rclcpp/executors/multi_threaded_executor.hpp:25[m[K,
[3.279s]                  from [01m[K/opt/ros/humble/include/rclcpp/rclcpp/executors.hpp:21[m[K,
[3.279s]                  from [01m[K/opt/ros/humble/include/rclcpp/rclcpp/rclcpp.hpp:155[m[K,
[3.279s]                  from [01m[K/home/lichaoyue/Desktop/tasktown_ws/src/village_operator/src/operator.cpp:2[m[K:
[3.279s] [01m[K/home/lichaoyue/Desktop/tasktown_ws/src/village_operator/src/operator.cpp:[m[K In member function ‘[01m[Kvoid TaskAssignServer::assignTasks(const std::vector<int>&, std::shared_ptr<village_interfaces::srv::TaskAssign_Response_<std::allocator<void> > >)[m[K’:
[3.279s] [01m[K/home/lichaoyue/Desktop/tasktown_ws/src/village_operator/src/operator.cpp:387:49:[m[K [01;35m[Kwarning: [m[Kformat ‘[01m[K%d[m[K’ expects argument of type ‘[01m[Kint[m[K’, but argument 5 has type ‘[01m[Ksize_t[m[K’ {aka ‘[01m[Klong unsigned int[m[K’} [[01;35m[K]8;;https://gcc.gnu.org/onlinedocs/gcc/Warning-Options.html#index-Wformat=-Wformat=]8;;[m[K]
[3.279s]   387 |                 RCLCPP_INFO(this->get_logger(), [01;35m[K"分配任务给操作员 %d: 任务价值 = %d, 成功率 = %.2f, 执行时间 = %d"[m[K,
[3.279s]       |                                                 [01;35m[K^~~~~~~~~~~~~~~~~~~~~~~~~~~~~~~~~~~~~~~~~~~~~~~~~~~~~~~~~~~~~~~~~~[m[K
[3.279s]   388 |                             [32m[Koperator_index[m[K, task_value, success_rates[operator_index], task_time);
[3.279s]       |                             [32m[K~~~~~~~~~~~~~~[m[K       
[3.280s]       |                             [32m[K|[m[K
[3.280s]       |                             [32m[Ksize_t {aka long unsigned int}[m[K
[3.280s] [01m[K/home/lichaoyue/Desktop/tasktown_ws/src/village_operator/src/operator.cpp:387:68:[m[K [01;36m[Knote: [m[Kformat string is defined here
[3.280s]   387 |            RCLCPP_INFO(this->get_logger(), "分配任务给操作员 [01;36m[K%d[m[K: 任务价值 = %d, 成功率 = %.2f, 执行时间 = %d",
[3.280s]       |                                                              [01;36m[K~^[m[K
[3.280s]       |                                                               [01;36m[K|[m[K
[3.281s]       |                                                               [01;36m[Kint[m[K
[3.281s]       |                                                              [32m[K%ld[m[K
[6.986s] [100%] [32m[1mLinking CXX executable operator_node[0m
[7.291s] [100%] Built target operator_node
[7.313s] Invoked command in '/home/lichaoyue/Desktop/tasktown_ws/build/village_operator' returned '0': AMENT_PREFIX_PATH=/home/lichaoyue/Desktop/tasktown_ws/install/village_interfaces:${AMENT_PREFIX_PATH} CMAKE_PREFIX_PATH=/home/lichaoyue/Desktop/tasktown_ws/install/village_interfaces:/opt/ros/humble LD_LIBRARY_PATH=/home/lichaoyue/Desktop/tasktown_ws/install/village_interfaces/lib:${LD_LIBRARY_PATH} PYTHONPATH=/home/lichaoyue/Desktop/tasktown_ws/install/village_interfaces/local/lib/python3.10/dist-packages:${PYTHONPATH} /usr/bin/cmake --build /home/lichaoyue/Desktop/tasktown_ws/build/village_operator -- -j12 -l12
[7.375s] Invoking command in '/home/lichaoyue/Desktop/tasktown_ws/build/village_operator': AMENT_PREFIX_PATH=/home/lichaoyue/Desktop/tasktown_ws/install/village_interfaces:${AMENT_PREFIX_PATH} CMAKE_PREFIX_PATH=/home/lichaoyue/Desktop/tasktown_ws/install/village_interfaces:/opt/ros/humble LD_LIBRARY_PATH=/home/lichaoyue/Desktop/tasktown_ws/install/village_interfaces/lib:${LD_LIBRARY_PATH} PYTHONPATH=/home/lichaoyue/Desktop/tasktown_ws/install/village_interfaces/local/lib/python3.10/dist-packages:${PYTHONPATH} /usr/bin/cmake --install /home/lichaoyue/Desktop/tasktown_ws/build/village_operator
[7.385s] -- Install configuration: ""
[7.386s] -- Up-to-date: /home/lichaoyue/Desktop/tasktown_ws/install/village_operator/share/ament_index/resource_index/package_run_dependencies/village_operator
[7.386s] -- Up-to-date: /home/lichaoyue/Desktop/tasktown_ws/install/village_operator/share/ament_index/resource_index/parent_prefix_path/village_operator
[7.386s] -- Up-to-date: /home/lichaoyue/Desktop/tasktown_ws/install/village_operator/share/village_operator/environment/ament_prefix_path.sh
[7.386s] -- Up-to-date: /home/lichaoyue/Desktop/tasktown_ws/install/village_operator/share/village_operator/environment/ament_prefix_path.dsv
[7.386s] -- Up-to-date: /home/lichaoyue/Desktop/tasktown_ws/install/village_operator/share/village_operator/environment/path.sh
[7.386s] -- Up-to-date: /home/lichaoyue/Desktop/tasktown_ws/install/village_operator/share/village_operator/environment/path.dsv
[7.387s] -- Up-to-date: /home/lichaoyue/Desktop/tasktown_ws/install/village_operator/share/village_operator/local_setup.bash
[7.387s] -- Up-to-date: /home/lichaoyue/Desktop/tasktown_ws/install/village_operator/share/village_operator/local_setup.sh
[7.387s] -- Up-to-date: /home/lichaoyue/Desktop/tasktown_ws/install/village_operator/share/village_operator/local_setup.zsh
[7.387s] -- Up-to-date: /home/lichaoyue/Desktop/tasktown_ws/install/village_operator/share/village_operator/local_setup.dsv
[7.387s] -- Installing: /home/lichaoyue/Desktop/tasktown_ws/install/village_operator/share/village_operator/package.dsv
[7.387s] -- Up-to-date: /home/lichaoyue/Desktop/tasktown_ws/install/village_operator/share/ament_index/resource_index/packages/village_operator
[7.387s] -- Up-to-date: /home/lichaoyue/Desktop/tasktown_ws/install/village_operator/share/village_operator/cmake/village_operatorConfig.cmake
[7.387s] -- Up-to-date: /home/lichaoyue/Desktop/tasktown_ws/install/village_operator/share/village_operator/cmake/village_operatorConfig-version.cmake
[7.387s] -- Up-to-date: /home/lichaoyue/Desktop/tasktown_ws/install/village_operator/share/village_operator/package.xml
[7.387s] -- Installing: /home/lichaoyue/Desktop/tasktown_ws/install/village_operator/lib/village_operator/operator_node
[7.389s] -- Set runtime path of "/home/lichaoyue/Desktop/tasktown_ws/install/village_operator/lib/village_operator/operator_node" to ""
[7.397s] Invoked command in '/home/lichaoyue/Desktop/tasktown_ws/build/village_operator' returned '0': AMENT_PREFIX_PATH=/home/lichaoyue/Desktop/tasktown_ws/install/village_interfaces:${AMENT_PREFIX_PATH} CMAKE_PREFIX_PATH=/home/lichaoyue/Desktop/tasktown_ws/install/village_interfaces:/opt/ros/humble LD_LIBRARY_PATH=/home/lichaoyue/Desktop/tasktown_ws/install/village_interfaces/lib:${LD_LIBRARY_PATH} PYTHONPATH=/home/lichaoyue/Desktop/tasktown_ws/install/village_interfaces/local/lib/python3.10/dist-packages:${PYTHONPATH} /usr/bin/cmake --install /home/lichaoyue/Desktop/tasktown_ws/build/village_operator
