[0.041s] Invoking command in '/home/lichaoyue/Desktop/tasktown_ws/build/village_taskgroups': CMAKE_PREFIX_PATH=/home/lichaoyue/Desktop/tasktown_ws/install/village_interfaces:/home/lichaoyue/Desktop/tasktown_ws/install/village_taskgroups:/home/lichaoyue/Desktop/tasktown_ws/install/village_task:/home/lichaoyue/Desktop/tasktown_ws/install/village_operator:/opt/ros/humble /usr/bin/cmake --build /home/lichaoyue/Desktop/tasktown_ws/build/village_taskgroups -- -j12 -l12
[0.188s] [100%] Built target taskgroups_node
[0.220s] Invoked command in '/home/lichaoyue/Desktop/tasktown_ws/build/village_taskgroups' returned '0': CMAKE_PREFIX_PATH=/home/lichaoyue/Desktop/tasktown_ws/install/village_interfaces:/home/lichaoyue/Desktop/tasktown_ws/install/village_taskgroups:/home/lichaoyue/Desktop/tasktown_ws/install/village_task:/home/lichaoyue/Desktop/tasktown_ws/install/village_operator:/opt/ros/humble /usr/bin/cmake --build /home/lichaoyue/Desktop/tasktown_ws/build/village_taskgroups -- -j12 -l12
[0.361s] Invoking command in '/home/lichaoyue/Desktop/tasktown_ws/build/village_taskgroups': CMAKE_PREFIX_PATH=/home/lichaoyue/Desktop/tasktown_ws/install/village_interfaces:/home/lichaoyue/Desktop/tasktown_ws/install/village_taskgroups:/home/lichaoyue/Desktop/tasktown_ws/install/village_task:/home/lichaoyue/Desktop/tasktown_ws/install/village_operator:/opt/ros/humble /usr/bin/cmake --install /home/lichaoyue/Desktop/tasktown_ws/build/village_taskgroups
[0.382s] -- Install configuration: ""
[0.382s] -- Up-to-date: /home/lichaoyue/Desktop/tasktown_ws/install/village_taskgroups/share/ament_index/resource_index/package_run_dependencies/village_taskgroups
[0.382s] -- Up-to-date: /home/lichaoyue/Desktop/tasktown_ws/install/village_taskgroups/share/ament_index/resource_index/parent_prefix_path/village_taskgroups
[0.382s] -- Up-to-date: /home/lichaoyue/Desktop/tasktown_ws/install/village_taskgroups/share/village_taskgroups/environment/ament_prefix_path.sh
[0.382s] -- Up-to-date: /home/lichaoyue/Desktop/tasktown_ws/install/village_taskgroups/share/village_taskgroups/environment/ament_prefix_path.dsv
[0.382s] -- Up-to-date: /home/lichaoyue/Desktop/tasktown_ws/install/village_taskgroups/share/village_taskgroups/environment/path.sh
[0.382s] -- Up-to-date: /home/lichaoyue/Desktop/tasktown_ws/install/village_taskgroups/share/village_taskgroups/environment/path.dsv
[0.382s] -- Up-to-date: /home/lichaoyue/Desktop/tasktown_ws/install/village_taskgroups/share/village_taskgroups/local_setup.bash
[0.382s] -- Up-to-date: /home/lichaoyue/Desktop/tasktown_ws/install/village_taskgroups/share/village_taskgroups/local_setup.sh
[0.382s] -- Up-to-date: /home/lichaoyue/Desktop/tasktown_ws/install/village_taskgroups/share/village_taskgroups/local_setup.zsh
[0.382s] -- Up-to-date: /home/lichaoyue/Desktop/tasktown_ws/install/village_taskgroups/share/village_taskgroups/local_setup.dsv
[0.382s] -- Installing: /home/lichaoyue/Desktop/tasktown_ws/install/village_taskgroups/share/village_taskgroups/package.dsv
[0.383s] -- Up-to-date: /home/lichaoyue/Desktop/tasktown_ws/install/village_taskgroups/share/ament_index/resource_index/packages/village_taskgroups
[0.383s] -- Up-to-date: /home/lichaoyue/Desktop/tasktown_ws/install/village_taskgroups/share/village_taskgroups/cmake/village_taskgroupsConfig.cmake
[0.383s] -- Up-to-date: /home/lichaoyue/Desktop/tasktown_ws/install/village_taskgroups/share/village_taskgroups/cmake/village_taskgroupsConfig-version.cmake
[0.383s] -- Up-to-date: /home/lichaoyue/Desktop/tasktown_ws/install/village_taskgroups/share/village_taskgroups/package.xml
[0.384s] -- Up-to-date: /home/lichaoyue/Desktop/tasktown_ws/install/village_taskgroups/lib/village_taskgroups/taskgroups_node
[0.389s] Invoked command in '/home/lichaoyue/Desktop/tasktown_ws/build/village_taskgroups' returned '0': CMAKE_PREFIX_PATH=/home/lichaoyue/Desktop/tasktown_ws/install/village_interfaces:/home/lichaoyue/Desktop/tasktown_ws/install/village_taskgroups:/home/lichaoyue/Desktop/tasktown_ws/install/village_task:/home/lichaoyue/Desktop/tasktown_ws/install/village_operator:/opt/ros/humble /usr/bin/cmake --install /home/lichaoyue/Desktop/tasktown_ws/build/village_taskgroups
