[0.043s] Invoking command in '/home/lichaoyue/Desktop/tasktown_ws/build/village_operator': CMAKE_PREFIX_PATH=/home/lichaoyue/Desktop/tasktown_ws/install/village_interfaces:/home/lichaoyue/Desktop/tasktown_ws/install/village_task:/home/lichaoyue/Desktop/tasktown_ws/install/village_operator:/opt/ros/humble /usr/bin/cmake --build /home/lichaoyue/Desktop/tasktown_ws/build/village_operator -- -j12 -l12
[0.169s] [35m[1mConsolidate compiler generated dependencies of target operator_node[0m
[0.224s] [ 50%] [32mBuilding CXX object CMakeFiles/operator_node.dir/src/operator.cpp.o[0m
[12.034s] [100%] [32m[1mLinking CXX executable operator_node[0m
[12.535s] [100%] Built target operator_node
[12.569s] Invoked command in '/home/lichaoyue/Desktop/tasktown_ws/build/village_operator' returned '0': CMAKE_PREFIX_PATH=/home/lichaoyue/Desktop/tasktown_ws/install/village_interfaces:/home/lichaoyue/Desktop/tasktown_ws/install/village_task:/home/lichaoyue/Desktop/tasktown_ws/install/village_operator:/opt/ros/humble /usr/bin/cmake --build /home/lichaoyue/Desktop/tasktown_ws/build/village_operator -- -j12 -l12
[12.708s] Invoking command in '/home/lichaoyue/Desktop/tasktown_ws/build/village_operator': CMAKE_PREFIX_PATH=/home/lichaoyue/Desktop/tasktown_ws/install/village_interfaces:/home/lichaoyue/Desktop/tasktown_ws/install/village_task:/home/lichaoyue/Desktop/tasktown_ws/install/village_operator:/opt/ros/humble /usr/bin/cmake --install /home/lichaoyue/Desktop/tasktown_ws/build/village_operator
[12.729s] -- Install configuration: ""
[12.730s] -- Up-to-date: /home/lichaoyue/Desktop/tasktown_ws/install/village_operator/share/ament_index/resource_index/package_run_dependencies/village_operator
[12.730s] -- Up-to-date: /home/lichaoyue/Desktop/tasktown_ws/install/village_operator/share/ament_index/resource_index/parent_prefix_path/village_operator
[12.731s] -- Up-to-date: /home/lichaoyue/Desktop/tasktown_ws/install/village_operator/share/village_operator/environment/ament_prefix_path.sh
[12.731s] -- Up-to-date: /home/lichaoyue/Desktop/tasktown_ws/install/village_operator/share/village_operator/environment/ament_prefix_path.dsv
[12.732s] -- Up-to-date: /home/lichaoyue/Desktop/tasktown_ws/install/village_operator/share/village_operator/environment/path.sh
[12.732s] -- Up-to-date: /home/lichaoyue/Desktop/tasktown_ws/install/village_operator/share/village_operator/environment/path.dsv
[12.733s] -- Up-to-date: /home/lichaoyue/Desktop/tasktown_ws/install/village_operator/share/village_operator/local_setup.bash
[12.733s] -- Up-to-date: /home/lichaoyue/Desktop/tasktown_ws/install/village_operator/share/village_operator/local_setup.sh
[12.733s] -- Up-to-date: /home/lichaoyue/Desktop/tasktown_ws/install/village_operator/share/village_operator/local_setup.zsh
[12.733s] -- Up-to-date: /home/lichaoyue/Desktop/tasktown_ws/install/village_operator/share/village_operator/local_setup.dsv
[12.734s] -- Installing: /home/lichaoyue/Desktop/tasktown_ws/install/village_operator/share/village_operator/package.dsv
[12.734s] -- Up-to-date: /home/lichaoyue/Desktop/tasktown_ws/install/village_operator/share/ament_index/resource_index/packages/village_operator
[12.734s] -- Up-to-date: /home/lichaoyue/Desktop/tasktown_ws/install/village_operator/share/village_operator/cmake/village_operatorConfig.cmake
[12.734s] -- Up-to-date: /home/lichaoyue/Desktop/tasktown_ws/install/village_operator/share/village_operator/cmake/village_operatorConfig-version.cmake
[12.735s] -- Up-to-date: /home/lichaoyue/Desktop/tasktown_ws/install/village_operator/share/village_operator/package.xml
[12.735s] -- Installing: /home/lichaoyue/Desktop/tasktown_ws/install/village_operator/lib/village_operator/operator_node
[12.740s] -- Set runtime path of "/home/lichaoyue/Desktop/tasktown_ws/install/village_operator/lib/village_operator/operator_node" to ""
[12.748s] Invoked command in '/home/lichaoyue/Desktop/tasktown_ws/build/village_operator' returned '0': CMAKE_PREFIX_PATH=/home/lichaoyue/Desktop/tasktown_ws/install/village_interfaces:/home/lichaoyue/Desktop/tasktown_ws/install/village_task:/home/lichaoyue/Desktop/tasktown_ws/install/village_operator:/opt/ros/humble /usr/bin/cmake --install /home/lichaoyue/Desktop/tasktown_ws/build/village_operator
