[0.054s] Invoking command in '/home/lichaoyue/Desktop/tasktown_ws/build/village_taskgroups': CMAKE_PREFIX_PATH=/home/lichaoyue/Desktop/tasktown_ws/install/village_interfaces:/home/lichaoyue/Desktop/tasktown_ws/install/village_taskgroups:/home/lichaoyue/Desktop/tasktown_ws/install/village_task:/home/lichaoyue/Desktop/tasktown_ws/install/village_operator:/opt/ros/humble /usr/bin/cmake --build /home/lichaoyue/Desktop/tasktown_ws/build/village_taskgroups -- -j12 -l12
[0.236s] [ 50%] [32mBuilding CXX object CMakeFiles/taskgroups_node.dir/src/taskgroups.cpp.o[0m
[11.254s] [100%] [32m[1mLinking CXX executable taskgroups_node[0m
[11.724s] [100%] Built target taskgroups_node
[11.758s] Invoked command in '/home/lichaoyue/Desktop/tasktown_ws/build/village_taskgroups' returned '0': CMAKE_PREFIX_PATH=/home/lichaoyue/Desktop/tasktown_ws/install/village_interfaces:/home/lichaoyue/Desktop/tasktown_ws/install/village_taskgroups:/home/lichaoyue/Desktop/tasktown_ws/install/village_task:/home/lichaoyue/Desktop/tasktown_ws/install/village_operator:/opt/ros/humble /usr/bin/cmake --build /home/lichaoyue/Desktop/tasktown_ws/build/village_taskgroups -- -j12 -l12
[11.893s] Invoking command in '/home/lichaoyue/Desktop/tasktown_ws/build/village_taskgroups': CMAKE_PREFIX_PATH=/home/lichaoyue/Desktop/tasktown_ws/install/village_interfaces:/home/lichaoyue/Desktop/tasktown_ws/install/village_taskgroups:/home/lichaoyue/Desktop/tasktown_ws/install/village_task:/home/lichaoyue/Desktop/tasktown_ws/install/village_operator:/opt/ros/humble /usr/bin/cmake --install /home/lichaoyue/Desktop/tasktown_ws/build/village_taskgroups
[11.914s] -- Install configuration: ""
[11.915s] -- Up-to-date: /home/lichaoyue/Desktop/tasktown_ws/install/village_taskgroups/share/ament_index/resource_index/package_run_dependencies/village_taskgroups
[11.915s] -- Up-to-date: /home/lichaoyue/Desktop/tasktown_ws/install/village_taskgroups/share/ament_index/resource_index/parent_prefix_path/village_taskgroups
[11.915s] -- Up-to-date: /home/lichaoyue/Desktop/tasktown_ws/install/village_taskgroups/share/village_taskgroups/environment/ament_prefix_path.sh
[11.915s] -- Up-to-date: /home/lichaoyue/Desktop/tasktown_ws/install/village_taskgroups/share/village_taskgroups/environment/ament_prefix_path.dsv
[11.916s] -- Up-to-date: /home/lichaoyue/Desktop/tasktown_ws/install/village_taskgroups/share/village_taskgroups/environment/path.sh
[11.916s] -- Up-to-date: /home/lichaoyue/Desktop/tasktown_ws/install/village_taskgroups/share/village_taskgroups/environment/path.dsv
[11.917s] -- Up-to-date: /home/lichaoyue/Desktop/tasktown_ws/install/village_taskgroups/share/village_taskgroups/local_setup.bash
[11.917s] -- Up-to-date: /home/lichaoyue/Desktop/tasktown_ws/install/village_taskgroups/share/village_taskgroups/local_setup.sh
[11.917s] -- Up-to-date: /home/lichaoyue/Desktop/tasktown_ws/install/village_taskgroups/share/village_taskgroups/local_setup.zsh
[11.917s] -- Up-to-date: /home/lichaoyue/Desktop/tasktown_ws/install/village_taskgroups/share/village_taskgroups/local_setup.dsv
[11.917s] -- Installing: /home/lichaoyue/Desktop/tasktown_ws/install/village_taskgroups/share/village_taskgroups/package.dsv
[11.918s] -- Up-to-date: /home/lichaoyue/Desktop/tasktown_ws/install/village_taskgroups/share/ament_index/resource_index/packages/village_taskgroups
[11.918s] -- Up-to-date: /home/lichaoyue/Desktop/tasktown_ws/install/village_taskgroups/share/village_taskgroups/cmake/village_taskgroupsConfig.cmake
[11.918s] -- Up-to-date: /home/lichaoyue/Desktop/tasktown_ws/install/village_taskgroups/share/village_taskgroups/cmake/village_taskgroupsConfig-version.cmake
[11.918s] -- Up-to-date: /home/lichaoyue/Desktop/tasktown_ws/install/village_taskgroups/share/village_taskgroups/package.xml
[11.919s] -- Installing: /home/lichaoyue/Desktop/tasktown_ws/install/village_taskgroups/lib/village_taskgroups/taskgroups_node
[11.921s] -- Set runtime path of "/home/lichaoyue/Desktop/tasktown_ws/install/village_taskgroups/lib/village_taskgroups/taskgroups_node" to ""
[11.927s] Invoked command in '/home/lichaoyue/Desktop/tasktown_ws/build/village_taskgroups' returned '0': CMAKE_PREFIX_PATH=/home/lichaoyue/Desktop/tasktown_ws/install/village_interfaces:/home/lichaoyue/Desktop/tasktown_ws/install/village_taskgroups:/home/lichaoyue/Desktop/tasktown_ws/install/village_task:/home/lichaoyue/Desktop/tasktown_ws/install/village_operator:/opt/ros/humble /usr/bin/cmake --install /home/lichaoyue/Desktop/tasktown_ws/build/village_taskgroups
