[0.035s] Invoking command in '/home/lichaoyue/Desktop/tasktown_ws/build/village_taskgroups': AMENT_PREFIX_PATH=/home/lichaoyue/Desktop/tasktown_ws/install/village_interfaces:${AMENT_PREFIX_PATH} CMAKE_PREFIX_PATH=/home/lichaoyue/Desktop/tasktown_ws/install/village_interfaces:/opt/ros/humble LD_LIBRARY_PATH=/home/lichaoyue/Desktop/tasktown_ws/install/village_interfaces/lib:${LD_LIBRARY_PATH} PYTHONPATH=/home/lichaoyue/Desktop/tasktown_ws/install/village_interfaces/local/lib/python3.10/dist-packages:${PYTHONPATH} /usr/bin/cmake --build /home/lichaoyue/Desktop/tasktown_ws/build/village_taskgroups -- -j12 -l12
[0.213s] [100%] Built target taskgroups_node
[0.244s] Invoked command in '/home/lichaoyue/Desktop/tasktown_ws/build/village_taskgroups' returned '0': AMENT_PREFIX_PATH=/home/lichaoyue/Desktop/tasktown_ws/install/village_interfaces:${AMENT_PREFIX_PATH} CMAKE_PREFIX_PATH=/home/lichaoyue/Desktop/tasktown_ws/install/village_interfaces:/opt/ros/humble LD_LIBRARY_PATH=/home/lichaoyue/Desktop/tasktown_ws/install/village_interfaces/lib:${LD_LIBRARY_PATH} PYTHONPATH=/home/lichaoyue/Desktop/tasktown_ws/install/village_interfaces/local/lib/python3.10/dist-packages:${PYTHONPATH} /usr/bin/cmake --build /home/lichaoyue/Desktop/tasktown_ws/build/village_taskgroups -- -j12 -l12
[0.378s] Invoking command in '/home/lichaoyue/Desktop/tasktown_ws/build/village_taskgroups': AMENT_PREFIX_PATH=/home/lichaoyue/Desktop/tasktown_ws/install/village_interfaces:${AMENT_PREFIX_PATH} CMAKE_PREFIX_PATH=/home/lichaoyue/Desktop/tasktown_ws/install/village_interfaces:/opt/ros/humble LD_LIBRARY_PATH=/home/lichaoyue/Desktop/tasktown_ws/install/village_interfaces/lib:${LD_LIBRARY_PATH} PYTHONPATH=/home/lichaoyue/Desktop/tasktown_ws/install/village_interfaces/local/lib/python3.10/dist-packages:${PYTHONPATH} /usr/bin/cmake --install /home/lichaoyue/Desktop/tasktown_ws/build/village_taskgroups
[0.389s] -- Install configuration: ""
[0.389s] -- Up-to-date: /home/lichaoyue/Desktop/tasktown_ws/install/village_taskgroups/share/ament_index/resource_index/package_run_dependencies/village_taskgroups
[0.389s] -- Up-to-date: /home/lichaoyue/Desktop/tasktown_ws/install/village_taskgroups/share/ament_index/resource_index/parent_prefix_path/village_taskgroups
[0.390s] -- Up-to-date: /home/lichaoyue/Desktop/tasktown_ws/install/village_taskgroups/share/village_taskgroups/environment/ament_prefix_path.sh
[0.390s] -- Up-to-date: /home/lichaoyue/Desktop/tasktown_ws/install/village_taskgroups/share/village_taskgroups/environment/ament_prefix_path.dsv
[0.390s] -- Up-to-date: /home/lichaoyue/Desktop/tasktown_ws/install/village_taskgroups/share/village_taskgroups/environment/path.sh
[0.390s] -- Up-to-date: /home/lichaoyue/Desktop/tasktown_ws/install/village_taskgroups/share/village_taskgroups/environment/path.dsv
[0.390s] -- Up-to-date: /home/lichaoyue/Desktop/tasktown_ws/install/village_taskgroups/share/village_taskgroups/local_setup.bash
[0.390s] -- Up-to-date: /home/lichaoyue/Desktop/tasktown_ws/install/village_taskgroups/share/village_taskgroups/local_setup.sh
[0.391s] -- Up-to-date: /home/lichaoyue/Desktop/tasktown_ws/install/village_taskgroups/share/village_taskgroups/local_setup.zsh
[0.391s] -- Up-to-date: /home/lichaoyue/Desktop/tasktown_ws/install/village_taskgroups/share/village_taskgroups/local_setup.dsv
[0.391s] -- Installing: /home/lichaoyue/Desktop/tasktown_ws/install/village_taskgroups/share/village_taskgroups/package.dsv
[0.391s] -- Up-to-date: /home/lichaoyue/Desktop/tasktown_ws/install/village_taskgroups/share/ament_index/resource_index/packages/village_taskgroups
[0.391s] -- Up-to-date: /home/lichaoyue/Desktop/tasktown_ws/install/village_taskgroups/share/village_taskgroups/cmake/village_taskgroupsConfig.cmake
[0.391s] -- Up-to-date: /home/lichaoyue/Desktop/tasktown_ws/install/village_taskgroups/share/village_taskgroups/cmake/village_taskgroupsConfig-version.cmake
[0.392s] -- Up-to-date: /home/lichaoyue/Desktop/tasktown_ws/install/village_taskgroups/share/village_taskgroups/package.xml
[0.392s] -- Up-to-date: /home/lichaoyue/Desktop/tasktown_ws/install/village_taskgroups/lib/village_taskgroups/taskgroups_node
[0.395s] Invoked command in '/home/lichaoyue/Desktop/tasktown_ws/build/village_taskgroups' returned '0': AMENT_PREFIX_PATH=/home/lichaoyue/Desktop/tasktown_ws/install/village_interfaces:${AMENT_PREFIX_PATH} CMAKE_PREFIX_PATH=/home/lichaoyue/Desktop/tasktown_ws/install/village_interfaces:/opt/ros/humble LD_LIBRARY_PATH=/home/lichaoyue/Desktop/tasktown_ws/install/village_interfaces/lib:${LD_LIBRARY_PATH} PYTHONPATH=/home/lichaoyue/Desktop/tasktown_ws/install/village_interfaces/local/lib/python3.10/dist-packages:${PYTHONPATH} /usr/bin/cmake --install /home/lichaoyue/Desktop/tasktown_ws/build/village_taskgroups
