[0.015s] Invoking command in '/home/jj/Greedy/build/village_taskgroups': AMENT_PREFIX_PATH=/home/jj/Greedy/install/village_interfaces:${AMENT_PREFIX_PATH} CMAKE_PREFIX_PATH=/home/jj/Greedy/install/village_interfaces:/opt/ros/foxy LD_LIBRARY_PATH=/home/jj/Greedy/install/village_interfaces/lib:${LD_LIBRARY_PATH} PYTHONPATH=/home/jj/Greedy/install/village_interfaces/lib/python3.8/site-packages:${PYTHONPATH} /usr/bin/cmake /home/jj/Greedy/src/village_taskgroups -DCMAKE_INSTALL_PREFIX=/home/jj/Greedy/install/village_taskgroups
[0.095s] -- The C compiler identification is GNU 9.4.0
[0.155s] -- The CXX compiler identification is GNU 9.4.0
[0.161s] -- Check for working C compiler: /usr/bin/cc
[0.236s] -- Check for working C compiler: /usr/bin/cc -- works
[0.237s] -- Detecting C compiler ABI info
[0.328s] -- Detecting C compiler ABI info - done
[0.338s] -- Detecting C compile features
[0.339s] -- Detecting C compile features - done
[0.342s] -- Check for working CXX compiler: /usr/bin/c++
[0.431s] -- Check for working CXX compiler: /usr/bin/c++ -- works
[0.433s] -- Detecting CXX compiler ABI info
[0.523s] -- Detecting CXX compiler ABI info - done
[0.538s] -- Detecting CXX compile features
[0.539s] -- Detecting CXX compile features - done
[0.542s] -- Found ament_cmake: 0.9.12 (/opt/ros/foxy/share/ament_cmake/cmake)
[0.573s] -- Found PythonInterp: /usr/bin/python3 (found suitable version "3.8.10", minimum required is "3") 
[0.573s] -- Using PYTHON_EXECUTABLE: /usr/bin/python3
[0.842s] -- Found rclcpp: 2.4.3 (/opt/ros/foxy/share/rclcpp/cmake)
[0.896s] -- Using all available rosidl_typesupport_c: rosidl_typesupport_fastrtps_c;rosidl_typesupport_introspection_c
[0.903s] -- Found rosidl_adapter: 1.3.1 (/opt/ros/foxy/share/rosidl_adapter/cmake)
[0.998s] -- Found OpenSSL: /usr/lib/x86_64-linux-gnu/libcrypto.so (found version "1.1.1f")  
[1.041s] -- Found FastRTPS: /opt/ros/foxy/include  
[1.138s] -- Using all available rosidl_typesupport_cpp: rosidl_typesupport_fastrtps_cpp;rosidl_typesupport_introspection_cpp
[1.214s] -- Found rmw_implementation_cmake: 1.0.4 (/opt/ros/foxy/share/rmw_implementation_cmake/cmake)
[1.216s] -- Using RMW implementation 'rmw_fastrtps_cpp' as default
[1.217s] -- Looking for pthread.h
[1.303s] -- Looking for pthread.h - found
[1.303s] -- Performing Test CMAKE_HAVE_LIBC_PTHREAD
[1.417s] -- Performing Test CMAKE_HAVE_LIBC_PTHREAD - Failed
[1.417s] -- Looking for pthread_create in pthreads
[1.479s] -- Looking for pthread_create in pthreads - not found
[1.479s] -- Looking for pthread_create in pthread
[1.553s] -- Looking for pthread_create in pthread - found
[1.555s] -- Found Threads: TRUE  
[1.773s] -- Found village_interfaces: 0.0.0 (/home/jj/Greedy/install/village_interfaces/share/village_interfaces/cmake)
[2.072s] -- Found ament_lint_auto: 0.9.8 (/opt/ros/foxy/share/ament_lint_auto/cmake)
[2.162s] -- Added test 'cppcheck' to perform static code analysis on C / C++ code
[2.163s] -- Configured cppcheck include dirs: 
[2.163s] -- Configured cppcheck exclude dirs and/or files: 
[2.164s] -- Added test 'lint_cmake' to check CMake code style
[2.166s] -- Added test 'uncrustify' to check C / C++ code style
[2.166s] -- Configured uncrustify additional arguments: 
[2.167s] -- Added test 'xmllint' to check XML markup files
[2.171s] -- Configuring done
[2.184s] -- Generating done
[2.185s] -- Build files have been written to: /home/jj/Greedy/build/village_taskgroups
[2.198s] Invoked command in '/home/jj/Greedy/build/village_taskgroups' returned '0': AMENT_PREFIX_PATH=/home/jj/Greedy/install/village_interfaces:${AMENT_PREFIX_PATH} CMAKE_PREFIX_PATH=/home/jj/Greedy/install/village_interfaces:/opt/ros/foxy LD_LIBRARY_PATH=/home/jj/Greedy/install/village_interfaces/lib:${LD_LIBRARY_PATH} PYTHONPATH=/home/jj/Greedy/install/village_interfaces/lib/python3.8/site-packages:${PYTHONPATH} /usr/bin/cmake /home/jj/Greedy/src/village_taskgroups -DCMAKE_INSTALL_PREFIX=/home/jj/Greedy/install/village_taskgroups
[2.199s] Invoking command in '/home/jj/Greedy/build/village_taskgroups': AMENT_PREFIX_PATH=/home/jj/Greedy/install/village_interfaces:${AMENT_PREFIX_PATH} CMAKE_PREFIX_PATH=/home/jj/Greedy/install/village_interfaces:/opt/ros/foxy LD_LIBRARY_PATH=/home/jj/Greedy/install/village_interfaces/lib:${LD_LIBRARY_PATH} PYTHONPATH=/home/jj/Greedy/install/village_interfaces/lib/python3.8/site-packages:${PYTHONPATH} /usr/bin/cmake --build /home/jj/Greedy/build/village_taskgroups -- -j2 -l2
[2.242s] [35m[1mScanning dependencies of target taskgroups_node[0m
[2.284s] [ 50%] [32mBuilding CXX object CMakeFiles/taskgroups_node.dir/src/taskgroups.cpp.o[0m
[5.183s] [100%] [32m[1mLinking CXX executable taskgroups_node[0m
[5.435s] [100%] Built target taskgroups_node
[5.447s] Invoked command in '/home/jj/Greedy/build/village_taskgroups' returned '0': AMENT_PREFIX_PATH=/home/jj/Greedy/install/village_interfaces:${AMENT_PREFIX_PATH} CMAKE_PREFIX_PATH=/home/jj/Greedy/install/village_interfaces:/opt/ros/foxy LD_LIBRARY_PATH=/home/jj/Greedy/install/village_interfaces/lib:${LD_LIBRARY_PATH} PYTHONPATH=/home/jj/Greedy/install/village_interfaces/lib/python3.8/site-packages:${PYTHONPATH} /usr/bin/cmake --build /home/jj/Greedy/build/village_taskgroups -- -j2 -l2
[5.474s] Invoking command in '/home/jj/Greedy/build/village_taskgroups': AMENT_PREFIX_PATH=/home/jj/Greedy/install/village_interfaces:${AMENT_PREFIX_PATH} CMAKE_PREFIX_PATH=/home/jj/Greedy/install/village_interfaces:/opt/ros/foxy LD_LIBRARY_PATH=/home/jj/Greedy/install/village_interfaces/lib:${LD_LIBRARY_PATH} PYTHONPATH=/home/jj/Greedy/install/village_interfaces/lib/python3.8/site-packages:${PYTHONPATH} /usr/bin/cmake --install /home/jj/Greedy/build/village_taskgroups
[5.484s] -- Install configuration: ""
[5.486s] -- Installing: /home/jj/Greedy/install/village_taskgroups/share/ament_index/resource_index/package_run_dependencies/village_taskgroups
[5.487s] -- Installing: /home/jj/Greedy/install/village_taskgroups/share/ament_index/resource_index/parent_prefix_path/village_taskgroups
[5.488s] -- Installing: /home/jj/Greedy/install/village_taskgroups/share/village_taskgroups/environment/ament_prefix_path.sh
[5.489s] -- Installing: /home/jj/Greedy/install/village_taskgroups/share/village_taskgroups/environment/ament_prefix_path.dsv
[5.489s] -- Installing: /home/jj/Greedy/install/village_taskgroups/share/village_taskgroups/environment/path.sh
[5.490s] -- Installing: /home/jj/Greedy/install/village_taskgroups/share/village_taskgroups/environment/path.dsv
[5.490s] -- Installing: /home/jj/Greedy/install/village_taskgroups/share/village_taskgroups/local_setup.bash
[5.490s] -- Installing: /home/jj/Greedy/install/village_taskgroups/share/village_taskgroups/local_setup.sh
[5.491s] -- Installing: /home/jj/Greedy/install/village_taskgroups/share/village_taskgroups/local_setup.zsh
[5.491s] -- Installing: /home/jj/Greedy/install/village_taskgroups/share/village_taskgroups/local_setup.dsv
[5.491s] -- Installing: /home/jj/Greedy/install/village_taskgroups/share/village_taskgroups/package.dsv
[5.493s] -- Installing: /home/jj/Greedy/install/village_taskgroups/share/ament_index/resource_index/packages/village_taskgroups
[5.495s] -- Installing: /home/jj/Greedy/install/village_taskgroups/share/village_taskgroups/cmake/village_taskgroupsConfig.cmake
[5.496s] -- Installing: /home/jj/Greedy/install/village_taskgroups/share/village_taskgroups/cmake/village_taskgroupsConfig-version.cmake
[5.496s] -- Up-to-date: /home/jj/Greedy/install/village_taskgroups/share/village_taskgroups/package.xml
[5.497s] -- Installing: /home/jj/Greedy/install/village_taskgroups/lib/village_taskgroups/taskgroups_node
[5.498s] -- Set runtime path of "/home/jj/Greedy/install/village_taskgroups/lib/village_taskgroups/taskgroups_node" to ""
[5.502s] Invoked command in '/home/jj/Greedy/build/village_taskgroups' returned '0': AMENT_PREFIX_PATH=/home/jj/Greedy/install/village_interfaces:${AMENT_PREFIX_PATH} CMAKE_PREFIX_PATH=/home/jj/Greedy/install/village_interfaces:/opt/ros/foxy LD_LIBRARY_PATH=/home/jj/Greedy/install/village_interfaces/lib:${LD_LIBRARY_PATH} PYTHONPATH=/home/jj/Greedy/install/village_interfaces/lib/python3.8/site-packages:${PYTHONPATH} /usr/bin/cmake --install /home/jj/Greedy/build/village_taskgroups
