[0.026s] Invoking command in '/home/lichaoyue/Desktop/tasktown_ws/build/village_interfaces': CMAKE_PREFIX_PATH=/opt/ros/humble /usr/bin/cmake --build /home/lichaoyue/Desktop/tasktown_ws/build/village_interfaces -- -j12 -l12
[0.096s] -- Found ament_cmake: 1.3.8 (/opt/ros/humble/share/ament_cmake/cmake)
[0.485s] -- Found sensor_msgs: 4.2.3 (/opt/ros/humble/share/sensor_msgs/cmake)
[0.566s] -- Found rosidl_generator_c: 3.1.5 (/opt/ros/humble/share/rosidl_generator_c/cmake)
[0.576s] -- Found rosidl_adapter: 3.1.5 (/opt/ros/humble/share/rosidl_adapter/cmake)
[0.597s] -- Found rosidl_generator_cpp: 3.1.5 (/opt/ros/humble/share/rosidl_generator_cpp/cmake)
[0.635s] -- Using all available rosidl_typesupport_c: rosidl_typesupport_fastrtps_c;rosidl_typesupport_introspection_c
[0.692s] -- Using all available rosidl_typesupport_cpp: rosidl_typesupport_fastrtps_cpp;rosidl_typesupport_introspection_cpp
[1.453s] -- Found rosidl_default_generators: 1.2.0 (/opt/ros/humble/share/rosidl_default_generators/cmake)
[1.480s] -- Found ament_lint_auto: 0.12.10 (/opt/ros/humble/share/ament_lint_auto/cmake)
[2.209s] [31mCMake Error at /opt/ros/humble/share/rosidl_adapter/cmake/rosidl_adapt_interfaces.cmake:59 (message):
[2.209s]   execute_process(/usr/bin/python3 -m rosidl_adapter --package-name
[2.209s]   village_interfaces --arguments-file
[2.210s]   /home/lichaoyue/Desktop/tasktown_ws/build/village_interfaces/rosidl_adapter__arguments__village_interfaces.json
[2.210s]   --output-dir
[2.210s]   /home/lichaoyue/Desktop/tasktown_ws/build/village_interfaces/rosidl_adapter/village_interfaces
[2.211s]   --output-file
[2.211s]   /home/lichaoyue/Desktop/tasktown_ws/build/village_interfaces/rosidl_adapter/village_interfaces.idls)
[2.211s]   returned error code 1:
[2.211s] 
[2.212s]   Error with: village_interfaces Task uint32
[2.212s] 
[2.213s]   Traceback (most recent call last):
[2.213s] 
[2.213s]     File "/usr/lib/python3.10/runpy.py", line 196, in _run_module_as_main
[2.213s]       return _run_code(code, main_globals, None,
[2.213s]     File "/usr/lib/python3.10/runpy.py", line 86, in _run_code
[2.214s]       exec(code, run_globals)
[2.214s]     File "/opt/ros/humble/local/lib/python3.10/dist-packages/rosidl_adapter/__main__.py", line 19, in <module>
[2.214s]       sys.exit(main())
[2.214s]     File "/opt/ros/humble/local/lib/python3.10/dist-packages/rosidl_adapter/main.py", line 53, in main
[2.214s]       abs_idl_file = convert_to_idl(
[2.214s]     File "/opt/ros/humble/local/lib/python3.10/dist-packages/rosidl_adapter/__init__.py", line 19, in convert_to_idl
[2.215s]       return convert_msg_to_idl(
[2.215s]     File "/opt/ros/humble/local/lib/python3.10/dist-packages/rosidl_adapter/msg/__init__.py", line 28, in convert_msg_to_idl
[2.215s]       msg = parse_message_string(package_name, input_file.stem, content)
[2.215s]     File "/opt/ros/humble/local/lib/python3.10/dist-packages/rosidl_adapter/parser.py", line 510, in parse_message_string
[2.215s]       raise InvalidFieldDefinition(line)
[2.216s] 
[2.216s]   rosidl_adapter.parser.InvalidFieldDefinition: uint32
[2.216s] 
[2.217s] Call Stack (most recent call first):
[2.217s]   /opt/ros/humble/share/rosidl_cmake/cmake/rosidl_generate_interfaces.cmake:130 (rosidl_adapt_interfaces)
[2.217s]   CMakeLists.txt:29 (rosidl_generate_interfaces)
[2.217s] 
[2.218s] [0m
[2.218s] -- Configuring incomplete, errors occurred!
[2.219s] See also "/home/lichaoyue/Desktop/tasktown_ws/build/village_interfaces/CMakeFiles/CMakeOutput.log".
[2.223s] gmake: *** [Makefile:1179: cmake_check_build_system] Error 1
[2.229s] Invoked command in '/home/lichaoyue/Desktop/tasktown_ws/build/village_interfaces' returned '2': CMAKE_PREFIX_PATH=/opt/ros/humble /usr/bin/cmake --build /home/lichaoyue/Desktop/tasktown_ws/build/village_interfaces -- -j12 -l12
