-- The C compiler identification is GNU 9.4.0
-- The CXX compiler identification is GNU 9.4.0
-- Check for working C compiler: /usr/bin/cc
-- Check for working C compiler: /usr/bin/cc -- works
-- Detecting C compiler ABI info
-- Detecting C compiler ABI info - done
-- Detecting C compile features
-- Detecting C compile features - done
-- Check for working CXX compiler: /usr/bin/c++
-- Check for working CXX compiler: /usr/bin/c++ -- works
-- Detecting CXX compiler ABI info
-- Detecting CXX compiler ABI info - done
-- Detecting CXX compile features
-- Detecting CXX compile features - done
-- Found ament_cmake: 0.9.12 (/opt/ros/foxy/share/ament_cmake/cmake)
-- Found PythonInterp: /usr/bin/python3 (found suitable version "3.8.10", minimum required is "3") 
-- Using PYTHON_EXECUTABLE: /usr/bin/python3
-- Found sensor_msgs: 2.0.5 (/opt/ros/foxy/share/sensor_msgs/cmake)
-- Using all available rosidl_typesupport_c: rosidl_typesupport_fastrtps_c;rosidl_typesupport_introspection_c
-- Found rosidl_adapter: 1.3.1 (/opt/ros/foxy/share/rosidl_adapter/cmake)
-- Found OpenSSL: /usr/lib/x86_64-linux-gnu/libcrypto.so (found version "1.1.1f")  
-- Found FastRTPS: /opt/ros/foxy/include  
-- Using all available rosidl_typesupport_cpp: rosidl_typesupport_fastrtps_cpp;rosidl_typesupport_introspection_cpp
-- Found rosidl_default_generators: 1.0.1 (/opt/ros/foxy/share/rosidl_default_generators/cmake)
-- Found ament_lint_auto: 0.9.8 (/opt/ros/foxy/share/ament_lint_auto/cmake)
-- Found PythonInterp: /usr/bin/python3 (found version "3.8.10") 
-- Found ament_cmake_ros: 0.9.2 (/opt/ros/foxy/share/ament_cmake_ros/cmake)
-- Using all available rosidl_typesupport_c: rosidl_typesupport_fastrtps_c;rosidl_typesupport_introspection_c
-- Using all available rosidl_typesupport_cpp: rosidl_typesupport_fastrtps_cpp;rosidl_typesupport_introspection_cpp
-- Found PythonInterp: /usr/bin/python3 (found suitable version "3.8.10", minimum required is "3.5") 
-- Found python_cmake_module: 0.8.1 (/opt/ros/foxy/share/python_cmake_module/cmake)
-- Found PythonLibs: /usr/lib/x86_64-linux-gnu/libpython3.8.so (found suitable version "3.8.10", minimum required is "3.5") 
-- Using PYTHON_EXECUTABLE: /usr/bin/python3
-- Using PYTHON_INCLUDE_DIRS: /usr/include/python3.8
-- Using PYTHON_LIBRARIES: /usr/lib/x86_64-linux-gnu/libpython3.8.so
-- Found PythonExtra: .so  
-- Added test 'lint_cmake' to check CMake code style
-- Added test 'xmllint' to check XML markup files
-- Configuring done
-- Generating done
-- Build files have been written to: /home/jj/Greedy/build/village_interfaces
[  1%] [34m[1mGenerating C code for ROS interfaces[0m
[35m[1mScanning dependencies of target village_interfaces__cpp[0m
[  3%] [34m[1mGenerating C++ code for ROS interfaces[0m
[  3%] Built target village_interfaces__cpp
[  5%] [34m[1mGenerating C++ type support dispatch for ROS interfaces[0m
[35m[1mScanning dependencies of target village_interfaces__rosidl_generator_c[0m
[  7%] [32mBuilding C object CMakeFiles/village_interfaces__rosidl_generator_c.dir/rosidl_generator_c/village_interfaces/msg/detail/task__functions.c.o[0m
[  9%] [32mBuilding C object CMakeFiles/village_interfaces__rosidl_generator_c.dir/rosidl_generator_c/village_interfaces/srv/detail/borrow_money__functions.c.o[0m
[ 10%] [32mBuilding C object CMakeFiles/village_interfaces__rosidl_generator_c.dir/rosidl_generator_c/village_interfaces/srv/detail/task_assign__functions.c.o[0m
[ 12%] [32mBuilding C object CMakeFiles/village_interfaces__rosidl_generator_c.dir/rosidl_generator_c/village_interfaces/srv/detail/task_update__functions.c.o[0m
[ 14%] [32m[1mLinking C shared library libvillage_interfaces__rosidl_generator_c.so[0m
[ 14%] Built target village_interfaces__rosidl_generator_c
[ 16%] [34m[1mGenerating C++ type support for eProsima Fast-RTPS[0m
[35m[1mScanning dependencies of target village_interfaces__rosidl_typesupport_cpp[0m
[ 18%] [32mBuilding CXX object CMakeFiles/village_interfaces__rosidl_typesupport_cpp.dir/rosidl_typesupport_cpp/village_interfaces/msg/task__type_support.cpp.o[0m
[ 20%] [32mBuilding CXX object CMakeFiles/village_interfaces__rosidl_typesupport_cpp.dir/rosidl_typesupport_cpp/village_interfaces/srv/borrow_money__type_support.cpp.o[0m
[ 21%] [32mBuilding CXX object CMakeFiles/village_interfaces__rosidl_typesupport_cpp.dir/rosidl_typesupport_cpp/village_interfaces/srv/task_assign__type_support.cpp.o[0m
[35m[1mScanning dependencies of target village_interfaces__rosidl_typesupport_fastrtps_cpp[0m
[ 23%] [32mBuilding CXX object CMakeFiles/village_interfaces__rosidl_typesupport_fastrtps_cpp.dir/rosidl_typesupport_fastrtps_cpp/village_interfaces/msg/detail/dds_fastrtps/task__type_support.cpp.o[0m
[ 25%] [32mBuilding CXX object CMakeFiles/village_interfaces__rosidl_typesupport_cpp.dir/rosidl_typesupport_cpp/village_interfaces/srv/task_update__type_support.cpp.o[0m
[ 27%] [32mBuilding CXX object CMakeFiles/village_interfaces__rosidl_typesupport_fastrtps_cpp.dir/rosidl_typesupport_fastrtps_cpp/village_interfaces/srv/detail/dds_fastrtps/borrow_money__type_support.cpp.o[0m
[ 29%] [32m[1mLinking CXX shared library libvillage_interfaces__rosidl_typesupport_cpp.so[0m
[ 29%] Built target village_interfaces__rosidl_typesupport_cpp
[ 30%] [34m[1mGenerating C introspection for ROS interfaces[0m
[ 32%] [32mBuilding CXX object CMakeFiles/village_interfaces__rosidl_typesupport_fastrtps_cpp.dir/rosidl_typesupport_fastrtps_cpp/village_interfaces/srv/detail/dds_fastrtps/task_assign__type_support.cpp.o[0m
[35m[1mScanning dependencies of target village_interfaces__rosidl_typesupport_introspection_c[0m
[ 34%] [32mBuilding C object CMakeFiles/village_interfaces__rosidl_typesupport_introspection_c.dir/rosidl_typesupport_introspection_c/village_interfaces/msg/detail/task__type_support.c.o[0m
[ 36%] [32mBuilding C object CMakeFiles/village_interfaces__rosidl_typesupport_introspection_c.dir/rosidl_typesupport_introspection_c/village_interfaces/srv/detail/borrow_money__type_support.c.o[0m
[ 38%] [32mBuilding C object CMakeFiles/village_interfaces__rosidl_typesupport_introspection_c.dir/rosidl_typesupport_introspection_c/village_interfaces/srv/detail/task_assign__type_support.c.o[0m
[ 40%] [32mBuilding C object CMakeFiles/village_interfaces__rosidl_typesupport_introspection_c.dir/rosidl_typesupport_introspection_c/village_interfaces/srv/detail/task_update__type_support.c.o[0m
[ 41%] [32m[1mLinking C shared library libvillage_interfaces__rosidl_typesupport_introspection_c.so[0m
[ 41%] Built target village_interfaces__rosidl_typesupport_introspection_c
[ 43%] [32mBuilding CXX object CMakeFiles/village_interfaces__rosidl_typesupport_fastrtps_cpp.dir/rosidl_typesupport_fastrtps_cpp/village_interfaces/srv/detail/dds_fastrtps/task_update__type_support.cpp.o[0m
[ 45%] [34m[1mGenerating C type support dispatch for ROS interfaces[0m
[ 47%] [32m[1mLinking CXX shared library libvillage_interfaces__rosidl_typesupport_fastrtps_cpp.so[0m
[35m[1mScanning dependencies of target village_interfaces__rosidl_typesupport_c[0m
[ 49%] [32mBuilding CXX object CMakeFiles/village_interfaces__rosidl_typesupport_c.dir/rosidl_typesupport_c/village_interfaces/msg/task__type_support.cpp.o[0m
[ 50%] [32mBuilding CXX object CMakeFiles/village_interfaces__rosidl_typesupport_c.dir/rosidl_typesupport_c/village_interfaces/srv/borrow_money__type_support.cpp.o[0m
[ 52%] [32mBuilding CXX object CMakeFiles/village_interfaces__rosidl_typesupport_c.dir/rosidl_typesupport_c/village_interfaces/srv/task_assign__type_support.cpp.o[0m
[ 54%] [32mBuilding CXX object CMakeFiles/village_interfaces__rosidl_typesupport_c.dir/rosidl_typesupport_c/village_interfaces/srv/task_update__type_support.cpp.o[0m
[ 56%] [32m[1mLinking CXX shared library libvillage_interfaces__rosidl_typesupport_c.so[0m
[ 56%] Built target village_interfaces__rosidl_typesupport_fastrtps_cpp
[ 58%] [34m[1mGenerating C++ introspection for ROS interfaces[0m
[ 58%] Built target village_interfaces__rosidl_typesupport_c
[ 60%] [34m[1mGenerating C type support for eProsima Fast-RTPS[0m
[35m[1mScanning dependencies of target village_interfaces__rosidl_typesupport_introspection_cpp[0m
[ 61%] [32mBuilding CXX object CMakeFiles/village_interfaces__rosidl_typesupport_introspection_cpp.dir/rosidl_typesupport_introspection_cpp/village_interfaces/msg/detail/task__type_support.cpp.o[0m
[35m[1mScanning dependencies of target village_interfaces__rosidl_typesupport_fastrtps_c[0m
[ 63%] [32mBuilding CXX object CMakeFiles/village_interfaces__rosidl_typesupport_fastrtps_c.dir/rosidl_typesupport_fastrtps_c/village_interfaces/msg/detail/task__type_support_c.cpp.o[0m
[ 65%] [32mBuilding CXX object CMakeFiles/village_interfaces__rosidl_typesupport_introspection_cpp.dir/rosidl_typesupport_introspection_cpp/village_interfaces/srv/detail/borrow_money__type_support.cpp.o[0m
[ 67%] [32mBuilding CXX object CMakeFiles/village_interfaces__rosidl_typesupport_fastrtps_c.dir/rosidl_typesupport_fastrtps_c/village_interfaces/srv/detail/borrow_money__type_support_c.cpp.o[0m
[ 69%] [32mBuilding CXX object CMakeFiles/village_interfaces__rosidl_typesupport_introspection_cpp.dir/rosidl_typesupport_introspection_cpp/village_interfaces/srv/detail/task_assign__type_support.cpp.o[0m
[ 70%] [32mBuilding CXX object CMakeFiles/village_interfaces__rosidl_typesupport_fastrtps_c.dir/rosidl_typesupport_fastrtps_c/village_interfaces/srv/detail/task_assign__type_support_c.cpp.o[0m
[ 72%] [32mBuilding CXX object CMakeFiles/village_interfaces__rosidl_typesupport_introspection_cpp.dir/rosidl_typesupport_introspection_cpp/village_interfaces/srv/detail/task_update__type_support.cpp.o[0m
[ 74%] [32mBuilding CXX object CMakeFiles/village_interfaces__rosidl_typesupport_fastrtps_c.dir/rosidl_typesupport_fastrtps_c/village_interfaces/srv/detail/task_update__type_support_c.cpp.o[0m
[ 76%] [32m[1mLinking CXX shared library libvillage_interfaces__rosidl_typesupport_introspection_cpp.so[0m
[ 76%] Built target village_interfaces__rosidl_typesupport_introspection_cpp
[ 78%] [32m[1mLinking CXX shared library libvillage_interfaces__rosidl_typesupport_fastrtps_c.so[0m
[ 78%] Built target village_interfaces__rosidl_typesupport_fastrtps_c
[35m[1mScanning dependencies of target village_interfaces[0m
[ 78%] Built target village_interfaces
[35m[1mScanning dependencies of target village_interfaces__py[0m
[ 80%] [34m[1mGenerating Python code for ROS interfaces[0m
[ 80%] Built target village_interfaces__py
[35m[1mScanning dependencies of target village_interfaces__python[0m
[ 83%] [32mBuilding C object CMakeFiles/village_interfaces__python.dir/rosidl_generator_py/village_interfaces/srv/_borrow_money_s.c.o[0m
[ 83%] [32mBuilding C object CMakeFiles/village_interfaces__python.dir/rosidl_generator_py/village_interfaces/msg/_task_s.c.o[0m
[ 85%] [32mBuilding C object CMakeFiles/village_interfaces__python.dir/rosidl_generator_py/village_interfaces/srv/_task_assign_s.c.o[0m
[ 87%] [32mBuilding C object CMakeFiles/village_interfaces__python.dir/rosidl_generator_py/village_interfaces/srv/_task_update_s.c.o[0m
[ 89%] [32m[1mLinking C shared library rosidl_generator_py/village_interfaces/libvillage_interfaces__python.so[0m
[ 89%] Built target village_interfaces__python
[35m[1mScanning dependencies of target village_interfaces__rosidl_typesupport_c__pyext[0m
[35m[1mScanning dependencies of target village_interfaces__rosidl_typesupport_introspection_c__pyext[0m
[ 92%] [32mBuilding C object CMakeFiles/village_interfaces__rosidl_typesupport_c__pyext.dir/rosidl_generator_py/village_interfaces/_village_interfaces_s.ep.rosidl_typesupport_c.c.o[0m
[ 92%] [32mBuilding C object CMakeFiles/village_interfaces__rosidl_typesupport_introspection_c__pyext.dir/rosidl_generator_py/village_interfaces/_village_interfaces_s.ep.rosidl_typesupport_introspection_c.c.o[0m
[ 96%] [32m[1mLinking C shared library rosidl_generator_py/village_interfaces/village_interfaces_s__rosidl_typesupport_c.cpython-38-x86_64-linux-gnu.so[0m
[ 96%] [32m[1mLinking C shared library rosidl_generator_py/village_interfaces/village_interfaces_s__rosidl_typesupport_introspection_c.cpython-38-x86_64-linux-gnu.so[0m
[ 96%] Built target village_interfaces__rosidl_typesupport_introspection_c__pyext
[ 96%] Built target village_interfaces__rosidl_typesupport_c__pyext
[35m[1mScanning dependencies of target village_interfaces__rosidl_typesupport_fastrtps_c__pyext[0m
[ 98%] [32mBuilding C object CMakeFiles/village_interfaces__rosidl_typesupport_fastrtps_c__pyext.dir/rosidl_generator_py/village_interfaces/_village_interfaces_s.ep.rosidl_typesupport_fastrtps_c.c.o[0m
[100%] [32m[1mLinking CXX shared library rosidl_generator_py/village_interfaces/village_interfaces_s__rosidl_typesupport_fastrtps_c.cpython-38-x86_64-linux-gnu.so[0m
[100%] Built target village_interfaces__rosidl_typesupport_fastrtps_c__pyext
-- Install configuration: ""
-- Installing: /home/jj/Greedy/install/village_interfaces/share/ament_index/resource_index/rosidl_interfaces/village_interfaces
-- Up-to-date: /home/jj/Greedy/install/village_interfaces/include/village_interfaces
-- Installing: /home/jj/Greedy/install/village_interfaces/include/village_interfaces/msg
-- Installing: /home/jj/Greedy/install/village_interfaces/include/village_interfaces/msg/detail
-- Installing: /home/jj/Greedy/install/village_interfaces/include/village_interfaces/msg/detail/task__functions.c
-- Installing: /home/jj/Greedy/install/village_interfaces/include/village_interfaces/msg/detail/task__struct.h
-- Installing: /home/jj/Greedy/install/village_interfaces/include/village_interfaces/msg/detail/task__type_support.h
-- Installing: /home/jj/Greedy/install/village_interfaces/include/village_interfaces/msg/detail/task__functions.h
-- Installing: /home/jj/Greedy/install/village_interfaces/include/village_interfaces/msg/task.h
-- Installing: /home/jj/Greedy/install/village_interfaces/include/village_interfaces/msg/rosidl_generator_c__visibility_control.h
-- Installing: /home/jj/Greedy/install/village_interfaces/include/village_interfaces/srv
-- Installing: /home/jj/Greedy/install/village_interfaces/include/village_interfaces/srv/task_assign.h
-- Installing: /home/jj/Greedy/install/village_interfaces/include/village_interfaces/srv/task_update.h
-- Installing: /home/jj/Greedy/install/village_interfaces/include/village_interfaces/srv/detail
-- Installing: /home/jj/Greedy/install/village_interfaces/include/village_interfaces/srv/detail/task_assign__type_support.h
-- Installing: /home/jj/Greedy/install/village_interfaces/include/village_interfaces/srv/detail/borrow_money__functions.h
-- Installing: /home/jj/Greedy/install/village_interfaces/include/village_interfaces/srv/detail/task_update__struct.h
-- Installing: /home/jj/Greedy/install/village_interfaces/include/village_interfaces/srv/detail/task_update__functions.h
-- Installing: /home/jj/Greedy/install/village_interfaces/include/village_interfaces/srv/detail/borrow_money__functions.c
-- Installing: /home/jj/Greedy/install/village_interfaces/include/village_interfaces/srv/detail/task_update__type_support.h
-- Installing: /home/jj/Greedy/install/village_interfaces/include/village_interfaces/srv/detail/task_assign__functions.h
-- Installing: /home/jj/Greedy/install/village_interfaces/include/village_interfaces/srv/detail/task_update__functions.c
-- Installing: /home/jj/Greedy/install/village_interfaces/include/village_interfaces/srv/detail/task_assign__functions.c
-- Installing: /home/jj/Greedy/install/village_interfaces/include/village_interfaces/srv/detail/borrow_money__struct.h
-- Installing: /home/jj/Greedy/install/village_interfaces/include/village_interfaces/srv/detail/borrow_money__type_support.h
-- Installing: /home/jj/Greedy/install/village_interfaces/include/village_interfaces/srv/detail/task_assign__struct.h
-- Installing: /home/jj/Greedy/install/village_interfaces/include/village_interfaces/srv/borrow_money.h
-- Installing: /home/jj/Greedy/install/village_interfaces/share/village_interfaces/environment/library_path.sh
-- Installing: /home/jj/Greedy/install/village_interfaces/share/village_interfaces/environment/library_path.dsv
-- Installing: /home/jj/Greedy/install/village_interfaces/lib/libvillage_interfaces__rosidl_generator_c.so
-- Set runtime path of "/home/jj/Greedy/install/village_interfaces/lib/libvillage_interfaces__rosidl_generator_c.so" to ""
-- Up-to-date: /home/jj/Greedy/install/village_interfaces/include/village_interfaces
-- Up-to-date: /home/jj/Greedy/install/village_interfaces/include/village_interfaces/msg
-- Up-to-date: /home/jj/Greedy/install/village_interfaces/include/village_interfaces/msg/detail
-- Installing: /home/jj/Greedy/install/village_interfaces/include/village_interfaces/msg/detail/task__rosidl_typesupport_fastrtps_c.h
-- Installing: /home/jj/Greedy/install/village_interfaces/include/village_interfaces/msg/rosidl_typesupport_fastrtps_c__visibility_control.h
-- Up-to-date: /home/jj/Greedy/install/village_interfaces/include/village_interfaces/srv
-- Up-to-date: /home/jj/Greedy/install/village_interfaces/include/village_interfaces/srv/detail
-- Installing: /home/jj/Greedy/install/village_interfaces/include/village_interfaces/srv/detail/task_update__rosidl_typesupport_fastrtps_c.h
-- Installing: /home/jj/Greedy/install/village_interfaces/include/village_interfaces/srv/detail/borrow_money__rosidl_typesupport_fastrtps_c.h
-- Installing: /home/jj/Greedy/install/village_interfaces/include/village_interfaces/srv/detail/task_assign__rosidl_typesupport_fastrtps_c.h
-- Installing: /home/jj/Greedy/install/village_interfaces/lib/libvillage_interfaces__rosidl_typesupport_fastrtps_c.so
-- Set runtime path of "/home/jj/Greedy/install/village_interfaces/lib/libvillage_interfaces__rosidl_typesupport_fastrtps_c.so" to ""
-- Up-to-date: /home/jj/Greedy/install/village_interfaces/include/village_interfaces
-- Up-to-date: /home/jj/Greedy/install/village_interfaces/include/village_interfaces/msg
-- Up-to-date: /home/jj/Greedy/install/village_interfaces/include/village_interfaces/msg/detail
-- Installing: /home/jj/Greedy/install/village_interfaces/include/village_interfaces/msg/detail/task__rosidl_typesupport_fastrtps_cpp.hpp
-- Installing: /home/jj/Greedy/install/village_interfaces/include/village_interfaces/msg/detail/dds_fastrtps
-- Installing: /home/jj/Greedy/install/village_interfaces/include/village_interfaces/msg/rosidl_typesupport_fastrtps_cpp__visibility_control.h
-- Up-to-date: /home/jj/Greedy/install/village_interfaces/include/village_interfaces/srv
-- Up-to-date: /home/jj/Greedy/install/village_interfaces/include/village_interfaces/srv/detail
-- Installing: /home/jj/Greedy/install/village_interfaces/include/village_interfaces/srv/detail/task_update__rosidl_typesupport_fastrtps_cpp.hpp
-- Installing: /home/jj/Greedy/install/village_interfaces/include/village_interfaces/srv/detail/task_assign__rosidl_typesupport_fastrtps_cpp.hpp
-- Installing: /home/jj/Greedy/install/village_interfaces/include/village_interfaces/srv/detail/borrow_money__rosidl_typesupport_fastrtps_cpp.hpp
-- Installing: /home/jj/Greedy/install/village_interfaces/include/village_interfaces/srv/detail/dds_fastrtps
-- Installing: /home/jj/Greedy/install/village_interfaces/lib/libvillage_interfaces__rosidl_typesupport_fastrtps_cpp.so
-- Set runtime path of "/home/jj/Greedy/install/village_interfaces/lib/libvillage_interfaces__rosidl_typesupport_fastrtps_cpp.so" to ""
-- Up-to-date: /home/jj/Greedy/install/village_interfaces/include/village_interfaces
-- Up-to-date: /home/jj/Greedy/install/village_interfaces/include/village_interfaces/msg
-- Up-to-date: /home/jj/Greedy/install/village_interfaces/include/village_interfaces/msg/detail
-- Installing: /home/jj/Greedy/install/village_interfaces/include/village_interfaces/msg/detail/task__rosidl_typesupport_introspection_c.h
-- Installing: /home/jj/Greedy/install/village_interfaces/include/village_interfaces/msg/detail/task__type_support.c
-- Installing: /home/jj/Greedy/install/village_interfaces/include/village_interfaces/msg/rosidl_typesupport_introspection_c__visibility_control.h
-- Up-to-date: /home/jj/Greedy/install/village_interfaces/include/village_interfaces/srv
-- Up-to-date: /home/jj/Greedy/install/village_interfaces/include/village_interfaces/srv/detail
-- Installing: /home/jj/Greedy/install/village_interfaces/include/village_interfaces/srv/detail/task_assign__type_support.c
-- Installing: /home/jj/Greedy/install/village_interfaces/include/village_interfaces/srv/detail/borrow_money__rosidl_typesupport_introspection_c.h
-- Installing: /home/jj/Greedy/install/village_interfaces/include/village_interfaces/srv/detail/task_update__type_support.c
-- Installing: /home/jj/Greedy/install/village_interfaces/include/village_interfaces/srv/detail/borrow_money__type_support.c
-- Installing: /home/jj/Greedy/install/village_interfaces/include/village_interfaces/srv/detail/task_update__rosidl_typesupport_introspection_c.h
-- Installing: /home/jj/Greedy/install/village_interfaces/include/village_interfaces/srv/detail/task_assign__rosidl_typesupport_introspection_c.h
-- Installing: /home/jj/Greedy/install/village_interfaces/lib/libvillage_interfaces__rosidl_typesupport_introspection_c.so
-- Set runtime path of "/home/jj/Greedy/install/village_interfaces/lib/libvillage_interfaces__rosidl_typesupport_introspection_c.so" to ""
-- Installing: /home/jj/Greedy/install/village_interfaces/lib/libvillage_interfaces__rosidl_typesupport_c.so
-- Set runtime path of "/home/jj/Greedy/install/village_interfaces/lib/libvillage_interfaces__rosidl_typesupport_c.so" to ""
-- Up-to-date: /home/jj/Greedy/install/village_interfaces/include/village_interfaces
-- Up-to-date: /home/jj/Greedy/install/village_interfaces/include/village_interfaces/msg
-- Installing: /home/jj/Greedy/install/village_interfaces/include/village_interfaces/msg/rosidl_generator_cpp__visibility_control.hpp
-- Up-to-date: /home/jj/Greedy/install/village_interfaces/include/village_interfaces/msg/detail
-- Installing: /home/jj/Greedy/install/village_interfaces/include/village_interfaces/msg/detail/task__type_support.hpp
-- Installing: /home/jj/Greedy/install/village_interfaces/include/village_interfaces/msg/detail/task__builder.hpp
-- Installing: /home/jj/Greedy/install/village_interfaces/include/village_interfaces/msg/detail/task__traits.hpp
-- Installing: /home/jj/Greedy/install/village_interfaces/include/village_interfaces/msg/detail/task__struct.hpp
-- Installing: /home/jj/Greedy/install/village_interfaces/include/village_interfaces/msg/task.hpp
-- Up-to-date: /home/jj/Greedy/install/village_interfaces/include/village_interfaces/srv
-- Installing: /home/jj/Greedy/install/village_interfaces/include/village_interfaces/srv/task_update.hpp
-- Up-to-date: /home/jj/Greedy/install/village_interfaces/include/village_interfaces/srv/detail
-- Installing: /home/jj/Greedy/install/village_interfaces/include/village_interfaces/srv/detail/borrow_money__struct.hpp
-- Installing: /home/jj/Greedy/install/village_interfaces/include/village_interfaces/srv/detail/task_update__struct.hpp
-- Installing: /home/jj/Greedy/install/village_interfaces/include/village_interfaces/srv/detail/borrow_money__builder.hpp
-- Installing: /home/jj/Greedy/install/village_interfaces/include/village_interfaces/srv/detail/task_assign__builder.hpp
-- Installing: /home/jj/Greedy/install/village_interfaces/include/village_interfaces/srv/detail/task_update__type_support.hpp
-- Installing: /home/jj/Greedy/install/village_interfaces/include/village_interfaces/srv/detail/borrow_money__type_support.hpp
-- Installing: /home/jj/Greedy/install/village_interfaces/include/village_interfaces/srv/detail/task_update__builder.hpp
-- Installing: /home/jj/Greedy/install/village_interfaces/include/village_interfaces/srv/detail/task_assign__traits.hpp
-- Installing: /home/jj/Greedy/install/village_interfaces/include/village_interfaces/srv/detail/task_assign__type_support.hpp
-- Installing: /home/jj/Greedy/install/village_interfaces/include/village_interfaces/srv/detail/borrow_money__traits.hpp
-- Installing: /home/jj/Greedy/install/village_interfaces/include/village_interfaces/srv/detail/task_update__traits.hpp
-- Installing: /home/jj/Greedy/install/village_interfaces/include/village_interfaces/srv/detail/task_assign__struct.hpp
-- Installing: /home/jj/Greedy/install/village_interfaces/include/village_interfaces/srv/task_assign.hpp
-- Installing: /home/jj/Greedy/install/village_interfaces/include/village_interfaces/srv/borrow_money.hpp
-- Up-to-date: /home/jj/Greedy/install/village_interfaces/include/village_interfaces
-- Up-to-date: /home/jj/Greedy/install/village_interfaces/include/village_interfaces/msg
-- Up-to-date: /home/jj/Greedy/install/village_interfaces/include/village_interfaces/msg/detail
-- Installing: /home/jj/Greedy/install/village_interfaces/include/village_interfaces/msg/detail/task__type_support.cpp
-- Installing: /home/jj/Greedy/install/village_interfaces/include/village_interfaces/msg/detail/task__rosidl_typesupport_introspection_cpp.hpp
-- Up-to-date: /home/jj/Greedy/install/village_interfaces/include/village_interfaces/srv
-- Up-to-date: /home/jj/Greedy/install/village_interfaces/include/village_interfaces/srv/detail
-- Installing: /home/jj/Greedy/install/village_interfaces/include/village_interfaces/srv/detail/task_update__rosidl_typesupport_introspection_cpp.hpp
-- Installing: /home/jj/Greedy/install/village_interfaces/include/village_interfaces/srv/detail/task_assign__type_support.cpp
-- Installing: /home/jj/Greedy/install/village_interfaces/include/village_interfaces/srv/detail/task_update__type_support.cpp
-- Installing: /home/jj/Greedy/install/village_interfaces/include/village_interfaces/srv/detail/borrow_money__type_support.cpp
-- Installing: /home/jj/Greedy/install/village_interfaces/include/village_interfaces/srv/detail/task_assign__rosidl_typesupport_introspection_cpp.hpp
-- Installing: /home/jj/Greedy/install/village_interfaces/include/village_interfaces/srv/detail/borrow_money__rosidl_typesupport_introspection_cpp.hpp
-- Installing: /home/jj/Greedy/install/village_interfaces/lib/libvillage_interfaces__rosidl_typesupport_introspection_cpp.so
-- Set runtime path of "/home/jj/Greedy/install/village_interfaces/lib/libvillage_interfaces__rosidl_typesupport_introspection_cpp.so" to ""
-- Installing: /home/jj/Greedy/install/village_interfaces/lib/libvillage_interfaces__rosidl_typesupport_cpp.so
-- Set runtime path of "/home/jj/Greedy/install/village_interfaces/lib/libvillage_interfaces__rosidl_typesupport_cpp.so" to ""
-- Installing: /home/jj/Greedy/install/village_interfaces/share/village_interfaces/environment/pythonpath.sh
-- Installing: /home/jj/Greedy/install/village_interfaces/share/village_interfaces/environment/pythonpath.dsv
-- Installing: /home/jj/Greedy/install/village_interfaces/lib/python3.8/site-packages/village_interfaces/__init__.py
Compiling '/home/jj/Greedy/install/village_interfaces/lib/python3.8/site-packages/village_interfaces/__init__.py'...
-- Installing: /home/jj/Greedy/install/village_interfaces/lib/python3.8/site-packages/village_interfaces/msg
-- Installing: /home/jj/Greedy/install/village_interfaces/lib/python3.8/site-packages/village_interfaces/msg/_task_s.c
-- Installing: /home/jj/Greedy/install/village_interfaces/lib/python3.8/site-packages/village_interfaces/msg/_task.py
-- Installing: /home/jj/Greedy/install/village_interfaces/lib/python3.8/site-packages/village_interfaces/msg/__init__.py
-- Installing: /home/jj/Greedy/install/village_interfaces/lib/python3.8/site-packages/village_interfaces/srv
-- Installing: /home/jj/Greedy/install/village_interfaces/lib/python3.8/site-packages/village_interfaces/srv/_task_update.py
-- Installing: /home/jj/Greedy/install/village_interfaces/lib/python3.8/site-packages/village_interfaces/srv/_task_assign_s.c
-- Installing: /home/jj/Greedy/install/village_interfaces/lib/python3.8/site-packages/village_interfaces/srv/_task_update_s.c
-- Installing: /home/jj/Greedy/install/village_interfaces/lib/python3.8/site-packages/village_interfaces/srv/_borrow_money.py
-- Installing: /home/jj/Greedy/install/village_interfaces/lib/python3.8/site-packages/village_interfaces/srv/_task_assign.py
-- Installing: /home/jj/Greedy/install/village_interfaces/lib/python3.8/site-packages/village_interfaces/srv/_borrow_money_s.c
-- Installing: /home/jj/Greedy/install/village_interfaces/lib/python3.8/site-packages/village_interfaces/srv/__init__.py
-- Installing: /home/jj/Greedy/install/village_interfaces/lib/python3.8/site-packages/village_interfaces/village_interfaces_s__rosidl_typesupport_fastrtps_c.cpython-38-x86_64-linux-gnu.so
-- Set runtime path of "/home/jj/Greedy/install/village_interfaces/lib/python3.8/site-packages/village_interfaces/village_interfaces_s__rosidl_typesupport_fastrtps_c.cpython-38-x86_64-linux-gnu.so" to ""
-- Installing: /home/jj/Greedy/install/village_interfaces/lib/python3.8/site-packages/village_interfaces/village_interfaces_s__rosidl_typesupport_introspection_c.cpython-38-x86_64-linux-gnu.so
-- Set runtime path of "/home/jj/Greedy/install/village_interfaces/lib/python3.8/site-packages/village_interfaces/village_interfaces_s__rosidl_typesupport_introspection_c.cpython-38-x86_64-linux-gnu.so" to ""
-- Installing: /home/jj/Greedy/install/village_interfaces/lib/python3.8/site-packages/village_interfaces/village_interfaces_s__rosidl_typesupport_c.cpython-38-x86_64-linux-gnu.so
-- Set runtime path of "/home/jj/Greedy/install/village_interfaces/lib/python3.8/site-packages/village_interfaces/village_interfaces_s__rosidl_typesupport_c.cpython-38-x86_64-linux-gnu.so" to ""
-- Installing: /home/jj/Greedy/install/village_interfaces/lib/libvillage_interfaces__python.so
-- Set runtime path of "/home/jj/Greedy/install/village_interfaces/lib/libvillage_interfaces__python.so" to ""
-- Installing: /home/jj/Greedy/install/village_interfaces/share/village_interfaces/msg/Task.idl
-- Installing: /home/jj/Greedy/install/village_interfaces/share/village_interfaces/srv/BorrowMoney.idl
-- Installing: /home/jj/Greedy/install/village_interfaces/share/village_interfaces/srv/TaskAssign.idl
-- Installing: /home/jj/Greedy/install/village_interfaces/share/village_interfaces/srv/TaskUpdate.idl
-- Up-to-date: /home/jj/Greedy/install/village_interfaces/share/village_interfaces/msg/Task.msg
-- Up-to-date: /home/jj/Greedy/install/village_interfaces/share/village_interfaces/srv/BorrowMoney.srv
-- Installing: /home/jj/Greedy/install/village_interfaces/share/village_interfaces/srv/BorrowMoney_Request.msg
-- Installing: /home/jj/Greedy/install/village_interfaces/share/village_interfaces/srv/BorrowMoney_Response.msg
-- Up-to-date: /home/jj/Greedy/install/village_interfaces/share/village_interfaces/srv/TaskAssign.srv
-- Installing: /home/jj/Greedy/install/village_interfaces/share/village_interfaces/srv/TaskAssign_Request.msg
-- Installing: /home/jj/Greedy/install/village_interfaces/share/village_interfaces/srv/TaskAssign_Response.msg
-- Up-to-date: /home/jj/Greedy/install/village_interfaces/share/village_interfaces/srv/TaskUpdate.srv
-- Installing: /home/jj/Greedy/install/village_interfaces/share/village_interfaces/srv/TaskUpdate_Request.msg
-- Installing: /home/jj/Greedy/install/village_interfaces/share/village_interfaces/srv/TaskUpdate_Response.msg
-- Installing: /home/jj/Greedy/install/village_interfaces/share/ament_index/resource_index/package_run_dependencies/village_interfaces
-- Installing: /home/jj/Greedy/install/village_interfaces/share/ament_index/resource_index/parent_prefix_path/village_interfaces
-- Installing: /home/jj/Greedy/install/village_interfaces/share/village_interfaces/environment/ament_prefix_path.sh
-- Installing: /home/jj/Greedy/install/village_interfaces/share/village_interfaces/environment/ament_prefix_path.dsv
-- Installing: /home/jj/Greedy/install/village_interfaces/share/village_interfaces/environment/path.sh
-- Installing: /home/jj/Greedy/install/village_interfaces/share/village_interfaces/environment/path.dsv
-- Installing: /home/jj/Greedy/install/village_interfaces/share/village_interfaces/local_setup.bash
-- Installing: /home/jj/Greedy/install/village_interfaces/share/village_interfaces/local_setup.sh
-- Installing: /home/jj/Greedy/install/village_interfaces/share/village_interfaces/local_setup.zsh
-- Installing: /home/jj/Greedy/install/village_interfaces/share/village_interfaces/local_setup.dsv
-- Installing: /home/jj/Greedy/install/village_interfaces/share/village_interfaces/package.dsv
-- Installing: /home/jj/Greedy/install/village_interfaces/share/ament_index/resource_index/packages/village_interfaces
-- Installing: /home/jj/Greedy/install/village_interfaces/share/village_interfaces/cmake/village_interfaces__rosidl_generator_cExport.cmake
-- Installing: /home/jj/Greedy/install/village_interfaces/share/village_interfaces/cmake/village_interfaces__rosidl_generator_cExport-noconfig.cmake
-- Old export file "/home/jj/Greedy/install/village_interfaces/share/village_interfaces/cmake/village_interfaces__rosidl_typesupport_introspection_cExport.cmake" will be replaced.  Removing files [/home/jj/Greedy/install/village_interfaces/share/village_interfaces/cmake/village_interfaces__rosidl_typesupport_introspection_cExport-noconfig.cmake].
-- Installing: /home/jj/Greedy/install/village_interfaces/share/village_interfaces/cmake/village_interfaces__rosidl_typesupport_introspection_cExport.cmake
-- Installing: /home/jj/Greedy/install/village_interfaces/share/village_interfaces/cmake/village_interfaces__rosidl_typesupport_introspection_cExport-noconfig.cmake
-- Old export file "/home/jj/Greedy/install/village_interfaces/share/village_interfaces/cmake/village_interfaces__rosidl_typesupport_cExport.cmake" will be replaced.  Removing files [/home/jj/Greedy/install/village_interfaces/share/village_interfaces/cmake/village_interfaces__rosidl_typesupport_cExport-noconfig.cmake].
-- Installing: /home/jj/Greedy/install/village_interfaces/share/village_interfaces/cmake/village_interfaces__rosidl_typesupport_cExport.cmake
-- Installing: /home/jj/Greedy/install/village_interfaces/share/village_interfaces/cmake/village_interfaces__rosidl_typesupport_cExport-noconfig.cmake
-- Installing: /home/jj/Greedy/install/village_interfaces/share/village_interfaces/cmake/village_interfaces__rosidl_generator_cppExport.cmake
-- Old export file "/home/jj/Greedy/install/village_interfaces/share/village_interfaces/cmake/village_interfaces__rosidl_typesupport_introspection_cppExport.cmake" will be replaced.  Removing files [/home/jj/Greedy/install/village_interfaces/share/village_interfaces/cmake/village_interfaces__rosidl_typesupport_introspection_cppExport-noconfig.cmake].
-- Installing: /home/jj/Greedy/install/village_interfaces/share/village_interfaces/cmake/village_interfaces__rosidl_typesupport_introspection_cppExport.cmake
-- Installing: /home/jj/Greedy/install/village_interfaces/share/village_interfaces/cmake/village_interfaces__rosidl_typesupport_introspection_cppExport-noconfig.cmake
-- Old export file "/home/jj/Greedy/install/village_interfaces/share/village_interfaces/cmake/village_interfaces__rosidl_typesupport_cppExport.cmake" will be replaced.  Removing files [/home/jj/Greedy/install/village_interfaces/share/village_interfaces/cmake/village_interfaces__rosidl_typesupport_cppExport-noconfig.cmake].
-- Installing: /home/jj/Greedy/install/village_interfaces/share/village_interfaces/cmake/village_interfaces__rosidl_typesupport_cppExport.cmake
-- Installing: /home/jj/Greedy/install/village_interfaces/share/village_interfaces/cmake/village_interfaces__rosidl_typesupport_cppExport-noconfig.cmake
-- Installing: /home/jj/Greedy/install/village_interfaces/share/village_interfaces/cmake/rosidl_cmake-extras.cmake
-- Installing: /home/jj/Greedy/install/village_interfaces/share/village_interfaces/cmake/ament_cmake_export_dependencies-extras.cmake
-- Installing: /home/jj/Greedy/install/village_interfaces/share/village_interfaces/cmake/ament_cmake_export_libraries-extras.cmake
-- Installing: /home/jj/Greedy/install/village_interfaces/share/village_interfaces/cmake/ament_cmake_export_targets-extras.cmake
-- Installing: /home/jj/Greedy/install/village_interfaces/share/village_interfaces/cmake/ament_cmake_export_include_directories-extras.cmake
-- Installing: /home/jj/Greedy/install/village_interfaces/share/village_interfaces/cmake/rosidl_cmake_export_typesupport_libraries-extras.cmake
-- Installing: /home/jj/Greedy/install/village_interfaces/share/village_interfaces/cmake/rosidl_cmake_export_typesupport_targets-extras.cmake
-- Installing: /home/jj/Greedy/install/village_interfaces/share/village_interfaces/cmake/village_interfacesConfig.cmake
-- Installing: /home/jj/Greedy/install/village_interfaces/share/village_interfaces/cmake/village_interfacesConfig-version.cmake
-- Up-to-date: /home/jj/Greedy/install/village_interfaces/share/village_interfaces/package.xml
