[0.032s] Invoking command in '/home/lichaoyue/Desktop/tasktown_ws/build/village_interfaces': CMAKE_PREFIX_PATH=${CMAKE_PREFIX_PATH}:/opt/ros/humble /usr/bin/cmake --build /home/lichaoyue/Desktop/tasktown_ws/build/village_interfaces -- -j12 -l12
[0.106s] -- Found ament_cmake: 1.3.8 (/opt/ros/humble/share/ament_cmake/cmake)
[0.458s] -- Found sensor_msgs: 4.2.3 (/opt/ros/humble/share/sensor_msgs/cmake)
[0.520s] -- Found rosidl_generator_c: 3.1.5 (/opt/ros/humble/share/rosidl_generator_c/cmake)
[0.528s] -- Found rosidl_adapter: 3.1.5 (/opt/ros/humble/share/rosidl_adapter/cmake)
[0.541s] -- Found rosidl_generator_cpp: 3.1.5 (/opt/ros/humble/share/rosidl_generator_cpp/cmake)
[0.568s] -- Using all available rosidl_typesupport_c: rosidl_typesupport_fastrtps_c;rosidl_typesupport_introspection_c
[0.606s] -- Using all available rosidl_typesupport_cpp: rosidl_typesupport_fastrtps_cpp;rosidl_typesupport_introspection_cpp
[1.165s] -- Found rosidl_default_generators: 1.2.0 (/opt/ros/humble/share/rosidl_default_generators/cmake)
[1.181s] -- Found ament_lint_auto: 0.12.10 (/opt/ros/humble/share/ament_lint_auto/cmake)
[2.025s] -- Found ament_cmake_ros: 0.10.0 (/opt/ros/humble/share/ament_cmake_ros/cmake)
[3.354s] -- Using all available rosidl_typesupport_c: rosidl_typesupport_fastrtps_c;rosidl_typesupport_introspection_c
[3.878s] -- Using all available rosidl_typesupport_cpp: rosidl_typesupport_fastrtps_cpp;rosidl_typesupport_introspection_cpp
[3.943s] -- Found python_cmake_module: 0.10.0 (/opt/ros/humble/share/python_cmake_module/cmake)
[4.015s] -- Using PYTHON_EXECUTABLE: /usr/bin/python3
[4.015s] -- Using PYTHON_INCLUDE_DIRS: /usr/include/python3.10
[4.015s] -- Using PYTHON_LIBRARIES: /usr/lib/x86_64-linux-gnu/libpython3.10.so
[4.168s] -- Added test 'lint_cmake' to check CMake code style
[4.169s] -- Added test 'xmllint' to check XML markup files
[4.178s] -- Configuring done
[4.290s] -- Generating done
[4.304s] -- Build files have been written to: /home/lichaoyue/Desktop/tasktown_ws/build/village_interfaces
[4.384s] [  2%] [34m[1mGenerating C code for ROS interfaces[0m
[4.420s] [  4%] [34m[1mGenerating C++ code for ROS interfaces[0m
[4.454s] [  4%] Built target ament_cmake_python_copy_village_interfaces
[5.035s] running egg_info
[5.037s] writing village_interfaces.egg-info/PKG-INFO
[5.038s] writing dependency_links to village_interfaces.egg-info/dependency_links.txt
[5.039s] writing top-level names to village_interfaces.egg-info/top_level.txt
[5.044s] reading manifest file 'village_interfaces.egg-info/SOURCES.txt'
[5.045s] writing manifest file 'village_interfaces.egg-info/SOURCES.txt'
[5.104s] [  4%] Built target ament_cmake_python_build_village_interfaces_egg
[5.388s] [  4%] Built target village_interfaces__cpp
[5.420s] [35m[1mConsolidate compiler generated dependencies of target village_interfaces__rosidl_generator_c[0m
[5.429s] [  6%] [34m[1mGenerating C++ type support dispatch for ROS interfaces[0m
[5.429s] [  8%] [34m[1mGenerating C++ type support for eProsima Fast-RTPS[0m
[5.430s] [ 10%] [34m[1mGenerating C++ introspection for ROS interfaces[0m
[5.461s] [ 12%] [32mBuilding C object CMakeFiles/village_interfaces__rosidl_generator_c.dir/rosidl_generator_c/village_interfaces/msg/detail/task__functions.c.o[0m
[5.465s] [ 14%] [32mBuilding C object CMakeFiles/village_interfaces__rosidl_generator_c.dir/rosidl_generator_c/village_interfaces/srv/detail/borrow_money__functions.c.o[0m
[5.465s] [ 17%] [32mBuilding C object CMakeFiles/village_interfaces__rosidl_generator_c.dir/rosidl_generator_c/village_interfaces/srv/detail/task_assign__functions.c.o[0m
[5.642s] [ 19%] [32m[1mLinking C shared library libvillage_interfaces__rosidl_generator_c.so[0m
[5.756s] [ 19%] Built target village_interfaces__rosidl_generator_c
[5.790s] [ 21%] [34m[1mGenerating C introspection for ROS interfaces[0m
[5.796s] [ 23%] [34m[1mGenerating C type support for eProsima Fast-RTPS[0m
[5.797s] [ 25%] [34m[1mGenerating C type support dispatch for ROS interfaces[0m
[6.179s] [35m[1mConsolidate compiler generated dependencies of target village_interfaces__rosidl_typesupport_cpp[0m
[6.225s] [ 27%] [32mBuilding CXX object CMakeFiles/village_interfaces__rosidl_typesupport_cpp.dir/rosidl_typesupport_cpp/village_interfaces/msg/task__type_support.cpp.o[0m
[6.226s] [ 29%] [32mBuilding CXX object CMakeFiles/village_interfaces__rosidl_typesupport_cpp.dir/rosidl_typesupport_cpp/village_interfaces/srv/borrow_money__type_support.cpp.o[0m
[6.232s] [ 31%] [32mBuilding CXX object CMakeFiles/village_interfaces__rosidl_typesupport_cpp.dir/rosidl_typesupport_cpp/village_interfaces/srv/task_assign__type_support.cpp.o[0m
[6.265s] [35m[1mConsolidate compiler generated dependencies of target village_interfaces__rosidl_typesupport_introspection_cpp[0m
[6.335s] [ 34%] [32mBuilding CXX object CMakeFiles/village_interfaces__rosidl_typesupport_introspection_cpp.dir/rosidl_typesupport_introspection_cpp/village_interfaces/msg/detail/task__type_support.cpp.o[0m
[6.335s] [ 36%] [32mBuilding CXX object CMakeFiles/village_interfaces__rosidl_typesupport_introspection_cpp.dir/rosidl_typesupport_introspection_cpp/village_interfaces/srv/detail/borrow_money__type_support.cpp.o[0m
[6.336s] [35m[1mConsolidate compiler generated dependencies of target village_interfaces__rosidl_typesupport_fastrtps_cpp[0m
[6.337s] [ 38%] [32mBuilding CXX object CMakeFiles/village_interfaces__rosidl_typesupport_introspection_cpp.dir/rosidl_typesupport_introspection_cpp/village_interfaces/srv/detail/task_assign__type_support.cpp.o[0m
[6.389s] [ 40%] [32mBuilding CXX object CMakeFiles/village_interfaces__rosidl_typesupport_fastrtps_cpp.dir/rosidl_typesupport_fastrtps_cpp/village_interfaces/msg/detail/dds_fastrtps/task__type_support.cpp.o[0m
[6.403s] [ 42%] [32mBuilding CXX object CMakeFiles/village_interfaces__rosidl_typesupport_fastrtps_cpp.dir/rosidl_typesupport_fastrtps_cpp/village_interfaces/srv/detail/dds_fastrtps/borrow_money__type_support.cpp.o[0m
[6.426s] [ 44%] [32mBuilding CXX object CMakeFiles/village_interfaces__rosidl_typesupport_fastrtps_cpp.dir/rosidl_typesupport_fastrtps_cpp/village_interfaces/srv/detail/dds_fastrtps/task_assign__type_support.cpp.o[0m
[6.631s] [35m[1mConsolidate compiler generated dependencies of target village_interfaces__rosidl_typesupport_c[0m
[6.704s] [ 46%] [32mBuilding CXX object CMakeFiles/village_interfaces__rosidl_typesupport_c.dir/rosidl_typesupport_c/village_interfaces/msg/task__type_support.cpp.o[0m
[6.808s] [35m[1mConsolidate compiler generated dependencies of target village_interfaces__rosidl_typesupport_introspection_c[0m
[6.854s] [ 48%] [32mBuilding C object CMakeFiles/village_interfaces__rosidl_typesupport_introspection_c.dir/rosidl_typesupport_introspection_c/village_interfaces/msg/detail/task__type_support.c.o[0m
[6.894s] [ 51%] [32mBuilding CXX object CMakeFiles/village_interfaces__rosidl_typesupport_c.dir/rosidl_typesupport_c/village_interfaces/srv/borrow_money__type_support.cpp.o[0m
[6.914s] [35m[1mConsolidate compiler generated dependencies of target village_interfaces__rosidl_typesupport_fastrtps_c[0m
[6.982s] [ 53%] [32mBuilding C object CMakeFiles/village_interfaces__rosidl_typesupport_introspection_c.dir/rosidl_typesupport_introspection_c/village_interfaces/srv/detail/borrow_money__type_support.c.o[0m
[6.982s] [ 55%] [32mBuilding CXX object CMakeFiles/village_interfaces__rosidl_typesupport_fastrtps_c.dir/rosidl_typesupport_fastrtps_c/village_interfaces/msg/detail/task__type_support_c.cpp.o[0m
[6.985s] [ 57%] [32mBuilding CXX object CMakeFiles/village_interfaces__rosidl_typesupport_c.dir/rosidl_typesupport_c/village_interfaces/srv/task_assign__type_support.cpp.o[0m
[7.002s] [ 59%] [32mBuilding CXX object CMakeFiles/village_interfaces__rosidl_typesupport_fastrtps_c.dir/rosidl_typesupport_fastrtps_c/village_interfaces/srv/detail/borrow_money__type_support_c.cpp.o[0m
[7.002s] [ 61%] [32mBuilding CXX object CMakeFiles/village_interfaces__rosidl_typesupport_fastrtps_c.dir/rosidl_typesupport_fastrtps_c/village_interfaces/srv/detail/task_assign__type_support_c.cpp.o[0m
[7.032s] [ 63%] [32m[1mLinking CXX shared library libvillage_interfaces__rosidl_typesupport_cpp.so[0m
[7.104s] [ 65%] [32m[1mLinking CXX shared library libvillage_interfaces__rosidl_typesupport_c.so[0m
[7.145s] [ 68%] [32mBuilding C object CMakeFiles/village_interfaces__rosidl_typesupport_introspection_c.dir/rosidl_typesupport_introspection_c/village_interfaces/srv/detail/task_assign__type_support.c.o[0m
[7.187s] [ 68%] Built target village_interfaces__rosidl_typesupport_cpp
[7.286s] [ 70%] [32m[1mLinking C shared library libvillage_interfaces__rosidl_typesupport_introspection_c.so[0m
[7.322s] [ 70%] Built target village_interfaces__rosidl_typesupport_c
[7.434s] [ 70%] Built target village_interfaces__rosidl_typesupport_introspection_c
[7.669s] [ 72%] [32m[1mLinking CXX shared library libvillage_interfaces__rosidl_typesupport_introspection_cpp.so[0m
[7.718s] [ 74%] [32m[1mLinking CXX shared library libvillage_interfaces__rosidl_typesupport_fastrtps_cpp.so[0m
[7.882s] [ 74%] Built target village_interfaces__rosidl_typesupport_introspection_cpp
[7.925s] [ 74%] Built target village_interfaces__rosidl_typesupport_fastrtps_cpp
[8.000s] [ 76%] [32m[1mLinking CXX shared library libvillage_interfaces__rosidl_typesupport_fastrtps_c.so[0m
[8.224s] [ 76%] Built target village_interfaces__rosidl_typesupport_fastrtps_c
[8.294s] [ 76%] Built target village_interfaces
[8.369s] [ 78%] [34m[1mGenerating Python code for ROS interfaces[0m
[10.028s] [ 78%] Built target village_interfaces__py
[10.063s] [35m[1mConsolidate compiler generated dependencies of target village_interfaces__rosidl_generator_py[0m
[10.113s] [ 82%] [32mBuilding C object CMakeFiles/village_interfaces__rosidl_generator_py.dir/rosidl_generator_py/village_interfaces/srv/_borrow_money_s.c.o[0m
[10.114s] [ 82%] [32mBuilding C object CMakeFiles/village_interfaces__rosidl_generator_py.dir/rosidl_generator_py/village_interfaces/msg/_task_s.c.o[0m
[10.115s] [ 85%] [32mBuilding C object CMakeFiles/village_interfaces__rosidl_generator_py.dir/rosidl_generator_py/village_interfaces/srv/_task_assign_s.c.o[0m
[10.425s] [ 87%] [32m[1mLinking C shared library rosidl_generator_py/village_interfaces/libvillage_interfaces__rosidl_generator_py.so[0m
[10.554s] [ 87%] Built target village_interfaces__rosidl_generator_py
[10.588s] [35m[1mConsolidate compiler generated dependencies of target village_interfaces__rosidl_typesupport_introspection_c__pyext[0m
[10.595s] [35m[1mConsolidate compiler generated dependencies of target village_interfaces__rosidl_typesupport_fastrtps_c__pyext[0m
[10.595s] [35m[1mConsolidate compiler generated dependencies of target village_interfaces__rosidl_typesupport_c__pyext[0m
[10.633s] [ 89%] [32mBuilding C object CMakeFiles/village_interfaces__rosidl_typesupport_introspection_c__pyext.dir/rosidl_generator_py/village_interfaces/_village_interfaces_s.ep.rosidl_typesupport_introspection_c.c.o[0m
[10.634s] [ 91%] [32mBuilding C object CMakeFiles/village_interfaces__rosidl_typesupport_c__pyext.dir/rosidl_generator_py/village_interfaces/_village_interfaces_s.ep.rosidl_typesupport_c.c.o[0m
[10.647s] [ 93%] [32mBuilding C object CMakeFiles/village_interfaces__rosidl_typesupport_fastrtps_c__pyext.dir/rosidl_generator_py/village_interfaces/_village_interfaces_s.ep.rosidl_typesupport_fastrtps_c.c.o[0m
[10.919s] [ 95%] [32m[1mLinking C shared library rosidl_generator_py/village_interfaces/village_interfaces_s__rosidl_typesupport_introspection_c.cpython-310-x86_64-linux-gnu.so[0m
[10.933s] [ 97%] [32m[1mLinking C shared library rosidl_generator_py/village_interfaces/village_interfaces_s__rosidl_typesupport_c.cpython-310-x86_64-linux-gnu.so[0m
[10.942s] [100%] [32m[1mLinking C shared library rosidl_generator_py/village_interfaces/village_interfaces_s__rosidl_typesupport_fastrtps_c.cpython-310-x86_64-linux-gnu.so[0m
[11.050s] [100%] Built target village_interfaces__rosidl_typesupport_introspection_c__pyext
[11.081s] [100%] Built target village_interfaces__rosidl_typesupport_fastrtps_c__pyext
[11.086s] [100%] Built target village_interfaces__rosidl_typesupport_c__pyext
[11.122s] Invoked command in '/home/lichaoyue/Desktop/tasktown_ws/build/village_interfaces' returned '0': CMAKE_PREFIX_PATH=${CMAKE_PREFIX_PATH}:/opt/ros/humble /usr/bin/cmake --build /home/lichaoyue/Desktop/tasktown_ws/build/village_interfaces -- -j12 -l12
[11.723s] Invoking command in '/home/lichaoyue/Desktop/tasktown_ws/build/village_interfaces': CMAKE_PREFIX_PATH=${CMAKE_PREFIX_PATH}:/opt/ros/humble /usr/bin/cmake --install /home/lichaoyue/Desktop/tasktown_ws/build/village_interfaces
[11.747s] -- Install configuration: ""
[11.747s] -- Up-to-date: /home/lichaoyue/Desktop/tasktown_ws/install/village_interfaces/share/ament_index/resource_index/rosidl_interfaces/village_interfaces
[11.747s] -- Up-to-date: /home/lichaoyue/Desktop/tasktown_ws/install/village_interfaces/include/village_interfaces/village_interfaces
[11.747s] -- Up-to-date: /home/lichaoyue/Desktop/tasktown_ws/install/village_interfaces/include/village_interfaces/village_interfaces/msg
[11.748s] -- Up-to-date: /home/lichaoyue/Desktop/tasktown_ws/install/village_interfaces/include/village_interfaces/village_interfaces/msg/rosidl_generator_c__visibility_control.h
[11.748s] -- Up-to-date: /home/lichaoyue/Desktop/tasktown_ws/install/village_interfaces/include/village_interfaces/village_interfaces/msg/detail
[11.749s] -- Installing: /home/lichaoyue/Desktop/tasktown_ws/install/village_interfaces/include/village_interfaces/village_interfaces/msg/detail/task__functions.c
[11.750s] -- Installing: /home/lichaoyue/Desktop/tasktown_ws/install/village_interfaces/include/village_interfaces/village_interfaces/msg/detail/task__type_support.h
[11.750s] -- Installing: /home/lichaoyue/Desktop/tasktown_ws/install/village_interfaces/include/village_interfaces/village_interfaces/msg/detail/task__struct.h
[11.751s] -- Installing: /home/lichaoyue/Desktop/tasktown_ws/install/village_interfaces/include/village_interfaces/village_interfaces/msg/detail/task__functions.h
[11.751s] -- Installing: /home/lichaoyue/Desktop/tasktown_ws/install/village_interfaces/include/village_interfaces/village_interfaces/msg/task.h
[11.751s] -- Up-to-date: /home/lichaoyue/Desktop/tasktown_ws/install/village_interfaces/include/village_interfaces/village_interfaces/srv
[11.752s] -- Up-to-date: /home/lichaoyue/Desktop/tasktown_ws/install/village_interfaces/include/village_interfaces/village_interfaces/srv/detail
[11.753s] -- Installing: /home/lichaoyue/Desktop/tasktown_ws/install/village_interfaces/include/village_interfaces/village_interfaces/srv/detail/borrow_money__functions.h
[11.753s] -- Installing: /home/lichaoyue/Desktop/tasktown_ws/install/village_interfaces/include/village_interfaces/village_interfaces/srv/detail/task_assign__struct.h
[11.753s] -- Installing: /home/lichaoyue/Desktop/tasktown_ws/install/village_interfaces/include/village_interfaces/village_interfaces/srv/detail/borrow_money__type_support.h
[11.753s] -- Installing: /home/lichaoyue/Desktop/tasktown_ws/install/village_interfaces/include/village_interfaces/village_interfaces/srv/detail/task_assign__type_support.h
[11.753s] -- Installing: /home/lichaoyue/Desktop/tasktown_ws/install/village_interfaces/include/village_interfaces/village_interfaces/srv/detail/task_assign__functions.c
[11.753s] -- Installing: /home/lichaoyue/Desktop/tasktown_ws/install/village_interfaces/include/village_interfaces/village_interfaces/srv/detail/borrow_money__functions.c
[11.753s] -- Installing: /home/lichaoyue/Desktop/tasktown_ws/install/village_interfaces/include/village_interfaces/village_interfaces/srv/detail/borrow_money__struct.h
[11.755s] -- Installing: /home/lichaoyue/Desktop/tasktown_ws/install/village_interfaces/include/village_interfaces/village_interfaces/srv/detail/task_assign__functions.h
[11.756s] -- Installing: /home/lichaoyue/Desktop/tasktown_ws/install/village_interfaces/include/village_interfaces/village_interfaces/srv/borrow_money.h
[11.756s] -- Installing: /home/lichaoyue/Desktop/tasktown_ws/install/village_interfaces/include/village_interfaces/village_interfaces/srv/task_assign.h
[11.757s] -- Up-to-date: /home/lichaoyue/Desktop/tasktown_ws/install/village_interfaces/share/village_interfaces/environment/library_path.sh
[11.757s] -- Installing: /home/lichaoyue/Desktop/tasktown_ws/install/village_interfaces/share/village_interfaces/environment/library_path.dsv
[11.757s] -- Installing: /home/lichaoyue/Desktop/tasktown_ws/install/village_interfaces/lib/libvillage_interfaces__rosidl_generator_c.so
[11.758s] -- Set runtime path of "/home/lichaoyue/Desktop/tasktown_ws/install/village_interfaces/lib/libvillage_interfaces__rosidl_generator_c.so" to ""
[11.759s] -- Up-to-date: /home/lichaoyue/Desktop/tasktown_ws/install/village_interfaces/include/village_interfaces/village_interfaces
[11.759s] -- Up-to-date: /home/lichaoyue/Desktop/tasktown_ws/install/village_interfaces/include/village_interfaces/village_interfaces/msg
[11.759s] -- Up-to-date: /home/lichaoyue/Desktop/tasktown_ws/install/village_interfaces/include/village_interfaces/village_interfaces/msg/detail
[11.760s] -- Installing: /home/lichaoyue/Desktop/tasktown_ws/install/village_interfaces/include/village_interfaces/village_interfaces/msg/detail/task__rosidl_typesupport_fastrtps_c.h
[11.761s] -- Up-to-date: /home/lichaoyue/Desktop/tasktown_ws/install/village_interfaces/include/village_interfaces/village_interfaces/msg/rosidl_typesupport_fastrtps_c__visibility_control.h
[11.761s] -- Up-to-date: /home/lichaoyue/Desktop/tasktown_ws/install/village_interfaces/include/village_interfaces/village_interfaces/srv
[11.761s] -- Up-to-date: /home/lichaoyue/Desktop/tasktown_ws/install/village_interfaces/include/village_interfaces/village_interfaces/srv/detail
[11.762s] -- Installing: /home/lichaoyue/Desktop/tasktown_ws/install/village_interfaces/include/village_interfaces/village_interfaces/srv/detail/borrow_money__rosidl_typesupport_fastrtps_c.h
[11.762s] -- Installing: /home/lichaoyue/Desktop/tasktown_ws/install/village_interfaces/include/village_interfaces/village_interfaces/srv/detail/task_assign__rosidl_typesupport_fastrtps_c.h
[11.762s] -- Installing: /home/lichaoyue/Desktop/tasktown_ws/install/village_interfaces/lib/libvillage_interfaces__rosidl_typesupport_fastrtps_c.so
[11.763s] -- Set runtime path of "/home/lichaoyue/Desktop/tasktown_ws/install/village_interfaces/lib/libvillage_interfaces__rosidl_typesupport_fastrtps_c.so" to ""
[11.763s] -- Up-to-date: /home/lichaoyue/Desktop/tasktown_ws/install/village_interfaces/include/village_interfaces/village_interfaces
[11.763s] -- Up-to-date: /home/lichaoyue/Desktop/tasktown_ws/install/village_interfaces/include/village_interfaces/village_interfaces/msg
[11.763s] -- Up-to-date: /home/lichaoyue/Desktop/tasktown_ws/install/village_interfaces/include/village_interfaces/village_interfaces/msg/detail
[11.763s] -- Installing: /home/lichaoyue/Desktop/tasktown_ws/install/village_interfaces/include/village_interfaces/village_interfaces/msg/detail/task__builder.hpp
[11.763s] -- Installing: /home/lichaoyue/Desktop/tasktown_ws/install/village_interfaces/include/village_interfaces/village_interfaces/msg/detail/task__traits.hpp
[11.765s] -- Installing: /home/lichaoyue/Desktop/tasktown_ws/install/village_interfaces/include/village_interfaces/village_interfaces/msg/detail/task__struct.hpp
[11.765s] -- Installing: /home/lichaoyue/Desktop/tasktown_ws/install/village_interfaces/include/village_interfaces/village_interfaces/msg/task.hpp
[11.766s] -- Up-to-date: /home/lichaoyue/Desktop/tasktown_ws/install/village_interfaces/include/village_interfaces/village_interfaces/srv
[11.766s] -- Up-to-date: /home/lichaoyue/Desktop/tasktown_ws/install/village_interfaces/include/village_interfaces/village_interfaces/srv/detail
[11.766s] -- Installing: /home/lichaoyue/Desktop/tasktown_ws/install/village_interfaces/include/village_interfaces/village_interfaces/srv/detail/task_assign__traits.hpp
[11.766s] -- Installing: /home/lichaoyue/Desktop/tasktown_ws/install/village_interfaces/include/village_interfaces/village_interfaces/srv/detail/task_assign__builder.hpp
[11.766s] -- Installing: /home/lichaoyue/Desktop/tasktown_ws/install/village_interfaces/include/village_interfaces/village_interfaces/srv/detail/borrow_money__builder.hpp
[11.766s] -- Installing: /home/lichaoyue/Desktop/tasktown_ws/install/village_interfaces/include/village_interfaces/village_interfaces/srv/detail/borrow_money__traits.hpp
[11.766s] -- Installing: /home/lichaoyue/Desktop/tasktown_ws/install/village_interfaces/include/village_interfaces/village_interfaces/srv/detail/borrow_money__struct.hpp
[11.767s] -- Installing: /home/lichaoyue/Desktop/tasktown_ws/install/village_interfaces/include/village_interfaces/village_interfaces/srv/detail/task_assign__struct.hpp
[11.767s] -- Installing: /home/lichaoyue/Desktop/tasktown_ws/install/village_interfaces/include/village_interfaces/village_interfaces/srv/borrow_money.hpp
[11.767s] -- Installing: /home/lichaoyue/Desktop/tasktown_ws/install/village_interfaces/include/village_interfaces/village_interfaces/srv/task_assign.hpp
[11.768s] -- Up-to-date: /home/lichaoyue/Desktop/tasktown_ws/install/village_interfaces/include/village_interfaces/village_interfaces
[11.768s] -- Up-to-date: /home/lichaoyue/Desktop/tasktown_ws/install/village_interfaces/include/village_interfaces/village_interfaces/msg
[11.768s] -- Up-to-date: /home/lichaoyue/Desktop/tasktown_ws/install/village_interfaces/include/village_interfaces/village_interfaces/msg/rosidl_typesupport_fastrtps_cpp__visibility_control.h
[11.769s] -- Up-to-date: /home/lichaoyue/Desktop/tasktown_ws/install/village_interfaces/include/village_interfaces/village_interfaces/msg/detail
[11.769s] -- Installing: /home/lichaoyue/Desktop/tasktown_ws/install/village_interfaces/include/village_interfaces/village_interfaces/msg/detail/task__rosidl_typesupport_fastrtps_cpp.hpp
[11.769s] -- Up-to-date: /home/lichaoyue/Desktop/tasktown_ws/install/village_interfaces/include/village_interfaces/village_interfaces/msg/detail/dds_fastrtps
[11.770s] -- Up-to-date: /home/lichaoyue/Desktop/tasktown_ws/install/village_interfaces/include/village_interfaces/village_interfaces/srv
[11.770s] -- Up-to-date: /home/lichaoyue/Desktop/tasktown_ws/install/village_interfaces/include/village_interfaces/village_interfaces/srv/detail
[11.770s] -- Installing: /home/lichaoyue/Desktop/tasktown_ws/install/village_interfaces/include/village_interfaces/village_interfaces/srv/detail/task_assign__rosidl_typesupport_fastrtps_cpp.hpp
[11.771s] -- Installing: /home/lichaoyue/Desktop/tasktown_ws/install/village_interfaces/include/village_interfaces/village_interfaces/srv/detail/borrow_money__rosidl_typesupport_fastrtps_cpp.hpp
[11.771s] -- Up-to-date: /home/lichaoyue/Desktop/tasktown_ws/install/village_interfaces/include/village_interfaces/village_interfaces/srv/detail/dds_fastrtps
[11.771s] -- Installing: /home/lichaoyue/Desktop/tasktown_ws/install/village_interfaces/lib/libvillage_interfaces__rosidl_typesupport_fastrtps_cpp.so
[11.772s] -- Set runtime path of "/home/lichaoyue/Desktop/tasktown_ws/install/village_interfaces/lib/libvillage_interfaces__rosidl_typesupport_fastrtps_cpp.so" to ""
[11.772s] -- Up-to-date: /home/lichaoyue/Desktop/tasktown_ws/install/village_interfaces/include/village_interfaces/village_interfaces
[11.773s] -- Up-to-date: /home/lichaoyue/Desktop/tasktown_ws/install/village_interfaces/include/village_interfaces/village_interfaces/msg
[11.773s] -- Up-to-date: /home/lichaoyue/Desktop/tasktown_ws/install/village_interfaces/include/village_interfaces/village_interfaces/msg/detail
[11.774s] -- Installing: /home/lichaoyue/Desktop/tasktown_ws/install/village_interfaces/include/village_interfaces/village_interfaces/msg/detail/task__rosidl_typesupport_introspection_c.h
[11.774s] -- Installing: /home/lichaoyue/Desktop/tasktown_ws/install/village_interfaces/include/village_interfaces/village_interfaces/msg/detail/task__type_support.c
[11.774s] -- Up-to-date: /home/lichaoyue/Desktop/tasktown_ws/install/village_interfaces/include/village_interfaces/village_interfaces/msg/rosidl_typesupport_introspection_c__visibility_control.h
[11.775s] -- Up-to-date: /home/lichaoyue/Desktop/tasktown_ws/install/village_interfaces/include/village_interfaces/village_interfaces/srv
[11.775s] -- Up-to-date: /home/lichaoyue/Desktop/tasktown_ws/install/village_interfaces/include/village_interfaces/village_interfaces/srv/detail
[11.775s] -- Installing: /home/lichaoyue/Desktop/tasktown_ws/install/village_interfaces/include/village_interfaces/village_interfaces/srv/detail/borrow_money__rosidl_typesupport_introspection_c.h
[11.776s] -- Installing: /home/lichaoyue/Desktop/tasktown_ws/install/village_interfaces/include/village_interfaces/village_interfaces/srv/detail/task_assign__rosidl_typesupport_introspection_c.h
[11.776s] -- Installing: /home/lichaoyue/Desktop/tasktown_ws/install/village_interfaces/include/village_interfaces/village_interfaces/srv/detail/borrow_money__type_support.c
[11.776s] -- Installing: /home/lichaoyue/Desktop/tasktown_ws/install/village_interfaces/include/village_interfaces/village_interfaces/srv/detail/task_assign__type_support.c
[11.776s] -- Installing: /home/lichaoyue/Desktop/tasktown_ws/install/village_interfaces/lib/libvillage_interfaces__rosidl_typesupport_introspection_c.so
[11.777s] -- Set runtime path of "/home/lichaoyue/Desktop/tasktown_ws/install/village_interfaces/lib/libvillage_interfaces__rosidl_typesupport_introspection_c.so" to ""
[11.777s] -- Installing: /home/lichaoyue/Desktop/tasktown_ws/install/village_interfaces/lib/libvillage_interfaces__rosidl_typesupport_c.so
[11.778s] -- Set runtime path of "/home/lichaoyue/Desktop/tasktown_ws/install/village_interfaces/lib/libvillage_interfaces__rosidl_typesupport_c.so" to ""
[11.778s] -- Up-to-date: /home/lichaoyue/Desktop/tasktown_ws/install/village_interfaces/include/village_interfaces/village_interfaces
[11.778s] -- Up-to-date: /home/lichaoyue/Desktop/tasktown_ws/install/village_interfaces/include/village_interfaces/village_interfaces/msg
[11.778s] -- Up-to-date: /home/lichaoyue/Desktop/tasktown_ws/install/village_interfaces/include/village_interfaces/village_interfaces/msg/detail
[11.778s] -- Installing: /home/lichaoyue/Desktop/tasktown_ws/install/village_interfaces/include/village_interfaces/village_interfaces/msg/detail/task__rosidl_typesupport_introspection_cpp.hpp
[11.779s] -- Installing: /home/lichaoyue/Desktop/tasktown_ws/install/village_interfaces/include/village_interfaces/village_interfaces/msg/detail/task__type_support.cpp
[11.779s] -- Up-to-date: /home/lichaoyue/Desktop/tasktown_ws/install/village_interfaces/include/village_interfaces/village_interfaces/srv
[11.779s] -- Up-to-date: /home/lichaoyue/Desktop/tasktown_ws/install/village_interfaces/include/village_interfaces/village_interfaces/srv/detail
[11.779s] -- Installing: /home/lichaoyue/Desktop/tasktown_ws/install/village_interfaces/include/village_interfaces/village_interfaces/srv/detail/borrow_money__type_support.cpp
[11.780s] -- Installing: /home/lichaoyue/Desktop/tasktown_ws/install/village_interfaces/include/village_interfaces/village_interfaces/srv/detail/task_assign__type_support.cpp
[11.781s] -- Installing: /home/lichaoyue/Desktop/tasktown_ws/install/village_interfaces/include/village_interfaces/village_interfaces/srv/detail/task_assign__rosidl_typesupport_introspection_cpp.hpp
[11.781s] -- Installing: /home/lichaoyue/Desktop/tasktown_ws/install/village_interfaces/include/village_interfaces/village_interfaces/srv/detail/borrow_money__rosidl_typesupport_introspection_cpp.hpp
[11.782s] -- Installing: /home/lichaoyue/Desktop/tasktown_ws/install/village_interfaces/lib/libvillage_interfaces__rosidl_typesupport_introspection_cpp.so
[11.782s] -- Set runtime path of "/home/lichaoyue/Desktop/tasktown_ws/install/village_interfaces/lib/libvillage_interfaces__rosidl_typesupport_introspection_cpp.so" to ""
[11.783s] -- Installing: /home/lichaoyue/Desktop/tasktown_ws/install/village_interfaces/lib/libvillage_interfaces__rosidl_typesupport_cpp.so
[11.783s] -- Set runtime path of "/home/lichaoyue/Desktop/tasktown_ws/install/village_interfaces/lib/libvillage_interfaces__rosidl_typesupport_cpp.so" to ""
[11.784s] -- Up-to-date: /home/lichaoyue/Desktop/tasktown_ws/install/village_interfaces/share/village_interfaces/environment/pythonpath.sh
[11.785s] -- Installing: /home/lichaoyue/Desktop/tasktown_ws/install/village_interfaces/share/village_interfaces/environment/pythonpath.dsv
[11.785s] -- Up-to-date: /home/lichaoyue/Desktop/tasktown_ws/install/village_interfaces/local/lib/python3.10/dist-packages/village_interfaces-0.0.0-py3.10.egg-info
[11.786s] -- Installing: /home/lichaoyue/Desktop/tasktown_ws/install/village_interfaces/local/lib/python3.10/dist-packages/village_interfaces-0.0.0-py3.10.egg-info/PKG-INFO
[11.787s] -- Installing: /home/lichaoyue/Desktop/tasktown_ws/install/village_interfaces/local/lib/python3.10/dist-packages/village_interfaces-0.0.0-py3.10.egg-info/top_level.txt
[11.789s] -- Installing: /home/lichaoyue/Desktop/tasktown_ws/install/village_interfaces/local/lib/python3.10/dist-packages/village_interfaces-0.0.0-py3.10.egg-info/dependency_links.txt
[11.790s] -- Installing: /home/lichaoyue/Desktop/tasktown_ws/install/village_interfaces/local/lib/python3.10/dist-packages/village_interfaces-0.0.0-py3.10.egg-info/SOURCES.txt
[11.792s] -- Up-to-date: /home/lichaoyue/Desktop/tasktown_ws/install/village_interfaces/local/lib/python3.10/dist-packages/village_interfaces
[11.792s] -- Installing: /home/lichaoyue/Desktop/tasktown_ws/install/village_interfaces/local/lib/python3.10/dist-packages/village_interfaces/village_interfaces_s__rosidl_typesupport_c.cpython-310-x86_64-linux-gnu.so
[11.793s] -- Installing: /home/lichaoyue/Desktop/tasktown_ws/install/village_interfaces/local/lib/python3.10/dist-packages/village_interfaces/_village_interfaces_s.ep.rosidl_typesupport_fastrtps_c.c
[11.793s] -- Installing: /home/lichaoyue/Desktop/tasktown_ws/install/village_interfaces/local/lib/python3.10/dist-packages/village_interfaces/village_interfaces_s__rosidl_typesupport_fastrtps_c.cpython-310-x86_64-linux-gnu.so
[11.794s] -- Installing: /home/lichaoyue/Desktop/tasktown_ws/install/village_interfaces/local/lib/python3.10/dist-packages/village_interfaces/village_interfaces_s__rosidl_typesupport_introspection_c.cpython-310-x86_64-linux-gnu.so
[11.794s] -- Installing: /home/lichaoyue/Desktop/tasktown_ws/install/village_interfaces/local/lib/python3.10/dist-packages/village_interfaces/_village_interfaces_s.ep.rosidl_typesupport_c.c
[11.794s] -- Installing: /home/lichaoyue/Desktop/tasktown_ws/install/village_interfaces/local/lib/python3.10/dist-packages/village_interfaces/_village_interfaces_s.ep.rosidl_typesupport_introspection_c.c
[11.795s] -- Installing: /home/lichaoyue/Desktop/tasktown_ws/install/village_interfaces/local/lib/python3.10/dist-packages/village_interfaces/__init__.py
[11.795s] -- Up-to-date: /home/lichaoyue/Desktop/tasktown_ws/install/village_interfaces/local/lib/python3.10/dist-packages/village_interfaces/msg
[11.795s] -- Installing: /home/lichaoyue/Desktop/tasktown_ws/install/village_interfaces/local/lib/python3.10/dist-packages/village_interfaces/msg/_task_s.c
[11.795s] -- Installing: /home/lichaoyue/Desktop/tasktown_ws/install/village_interfaces/local/lib/python3.10/dist-packages/village_interfaces/msg/_task.py
[11.796s] -- Installing: /home/lichaoyue/Desktop/tasktown_ws/install/village_interfaces/local/lib/python3.10/dist-packages/village_interfaces/msg/__init__.py
[11.797s] -- Installing: /home/lichaoyue/Desktop/tasktown_ws/install/village_interfaces/local/lib/python3.10/dist-packages/village_interfaces/libvillage_interfaces__rosidl_generator_py.so
[11.798s] -- Up-to-date: /home/lichaoyue/Desktop/tasktown_ws/install/village_interfaces/local/lib/python3.10/dist-packages/village_interfaces/srv
[11.798s] -- Installing: /home/lichaoyue/Desktop/tasktown_ws/install/village_interfaces/local/lib/python3.10/dist-packages/village_interfaces/srv/_borrow_money.py
[11.798s] -- Installing: /home/lichaoyue/Desktop/tasktown_ws/install/village_interfaces/local/lib/python3.10/dist-packages/village_interfaces/srv/_task_assign.py
[11.799s] -- Installing: /home/lichaoyue/Desktop/tasktown_ws/install/village_interfaces/local/lib/python3.10/dist-packages/village_interfaces/srv/_task_assign_s.c
[11.799s] -- Installing: /home/lichaoyue/Desktop/tasktown_ws/install/village_interfaces/local/lib/python3.10/dist-packages/village_interfaces/srv/_borrow_money_s.c
[11.800s] -- Installing: /home/lichaoyue/Desktop/tasktown_ws/install/village_interfaces/local/lib/python3.10/dist-packages/village_interfaces/srv/__init__.py
[11.898s] Listing '/home/lichaoyue/Desktop/tasktown_ws/install/village_interfaces/local/lib/python3.10/dist-packages/village_interfaces'...
[11.899s] Compiling '/home/lichaoyue/Desktop/tasktown_ws/install/village_interfaces/local/lib/python3.10/dist-packages/village_interfaces/__init__.py'...
[11.899s] Listing '/home/lichaoyue/Desktop/tasktown_ws/install/village_interfaces/local/lib/python3.10/dist-packages/village_interfaces/msg'...
[11.899s] Compiling '/home/lichaoyue/Desktop/tasktown_ws/install/village_interfaces/local/lib/python3.10/dist-packages/village_interfaces/msg/__init__.py'...
[11.899s] Compiling '/home/lichaoyue/Desktop/tasktown_ws/install/village_interfaces/local/lib/python3.10/dist-packages/village_interfaces/msg/_task.py'...
[11.900s] Listing '/home/lichaoyue/Desktop/tasktown_ws/install/village_interfaces/local/lib/python3.10/dist-packages/village_interfaces/srv'...
[11.900s] Compiling '/home/lichaoyue/Desktop/tasktown_ws/install/village_interfaces/local/lib/python3.10/dist-packages/village_interfaces/srv/__init__.py'...
[11.900s] Compiling '/home/lichaoyue/Desktop/tasktown_ws/install/village_interfaces/local/lib/python3.10/dist-packages/village_interfaces/srv/_borrow_money.py'...
[11.900s] Compiling '/home/lichaoyue/Desktop/tasktown_ws/install/village_interfaces/local/lib/python3.10/dist-packages/village_interfaces/srv/_task_assign.py'...
[11.908s] -- Installing: /home/lichaoyue/Desktop/tasktown_ws/install/village_interfaces/local/lib/python3.10/dist-packages/village_interfaces/village_interfaces_s__rosidl_typesupport_fastrtps_c.cpython-310-x86_64-linux-gnu.so
[11.909s] -- Set runtime path of "/home/lichaoyue/Desktop/tasktown_ws/install/village_interfaces/local/lib/python3.10/dist-packages/village_interfaces/village_interfaces_s__rosidl_typesupport_fastrtps_c.cpython-310-x86_64-linux-gnu.so" to ""
[11.910s] -- Installing: /home/lichaoyue/Desktop/tasktown_ws/install/village_interfaces/local/lib/python3.10/dist-packages/village_interfaces/village_interfaces_s__rosidl_typesupport_introspection_c.cpython-310-x86_64-linux-gnu.so
[11.910s] -- Set runtime path of "/home/lichaoyue/Desktop/tasktown_ws/install/village_interfaces/local/lib/python3.10/dist-packages/village_interfaces/village_interfaces_s__rosidl_typesupport_introspection_c.cpython-310-x86_64-linux-gnu.so" to ""
[11.911s] -- Installing: /home/lichaoyue/Desktop/tasktown_ws/install/village_interfaces/local/lib/python3.10/dist-packages/village_interfaces/village_interfaces_s__rosidl_typesupport_c.cpython-310-x86_64-linux-gnu.so
[11.912s] -- Set runtime path of "/home/lichaoyue/Desktop/tasktown_ws/install/village_interfaces/local/lib/python3.10/dist-packages/village_interfaces/village_interfaces_s__rosidl_typesupport_c.cpython-310-x86_64-linux-gnu.so" to ""
[11.913s] -- Installing: /home/lichaoyue/Desktop/tasktown_ws/install/village_interfaces/lib/libvillage_interfaces__rosidl_generator_py.so
[11.913s] -- Set runtime path of "/home/lichaoyue/Desktop/tasktown_ws/install/village_interfaces/lib/libvillage_interfaces__rosidl_generator_py.so" to ""
[11.914s] -- Up-to-date: /home/lichaoyue/Desktop/tasktown_ws/install/village_interfaces/share/village_interfaces/msg/Task.idl
[11.914s] -- Up-to-date: /home/lichaoyue/Desktop/tasktown_ws/install/village_interfaces/share/village_interfaces/srv/BorrowMoney.idl
[11.915s] -- Installing: /home/lichaoyue/Desktop/tasktown_ws/install/village_interfaces/share/village_interfaces/srv/TaskAssign.idl
[11.915s] -- Up-to-date: /home/lichaoyue/Desktop/tasktown_ws/install/village_interfaces/share/village_interfaces/msg/Task.msg
[11.916s] -- Up-to-date: /home/lichaoyue/Desktop/tasktown_ws/install/village_interfaces/share/village_interfaces/srv/BorrowMoney.srv
[11.916s] -- Up-to-date: /home/lichaoyue/Desktop/tasktown_ws/install/village_interfaces/share/village_interfaces/srv/BorrowMoney_Request.msg
[11.916s] -- Up-to-date: /home/lichaoyue/Desktop/tasktown_ws/install/village_interfaces/share/village_interfaces/srv/BorrowMoney_Response.msg
[11.917s] -- Installing: /home/lichaoyue/Desktop/tasktown_ws/install/village_interfaces/share/village_interfaces/srv/TaskAssign.srv
[11.917s] -- Installing: /home/lichaoyue/Desktop/tasktown_ws/install/village_interfaces/share/village_interfaces/srv/TaskAssign_Request.msg
[11.917s] -- Installing: /home/lichaoyue/Desktop/tasktown_ws/install/village_interfaces/share/village_interfaces/srv/TaskAssign_Response.msg
[11.918s] -- Up-to-date: /home/lichaoyue/Desktop/tasktown_ws/install/village_interfaces/share/ament_index/resource_index/package_run_dependencies/village_interfaces
[11.919s] -- Up-to-date: /home/lichaoyue/Desktop/tasktown_ws/install/village_interfaces/share/ament_index/resource_index/parent_prefix_path/village_interfaces
[11.919s] -- Up-to-date: /home/lichaoyue/Desktop/tasktown_ws/install/village_interfaces/share/village_interfaces/environment/ament_prefix_path.sh
[11.919s] -- Installing: /home/lichaoyue/Desktop/tasktown_ws/install/village_interfaces/share/village_interfaces/environment/ament_prefix_path.dsv
[11.920s] -- Up-to-date: /home/lichaoyue/Desktop/tasktown_ws/install/village_interfaces/share/village_interfaces/environment/path.sh
[11.920s] -- Installing: /home/lichaoyue/Desktop/tasktown_ws/install/village_interfaces/share/village_interfaces/environment/path.dsv
[11.921s] -- Up-to-date: /home/lichaoyue/Desktop/tasktown_ws/install/village_interfaces/share/village_interfaces/local_setup.bash
[11.921s] -- Up-to-date: /home/lichaoyue/Desktop/tasktown_ws/install/village_interfaces/share/village_interfaces/local_setup.sh
[11.922s] -- Up-to-date: /home/lichaoyue/Desktop/tasktown_ws/install/village_interfaces/share/village_interfaces/local_setup.zsh
[11.922s] -- Installing: /home/lichaoyue/Desktop/tasktown_ws/install/village_interfaces/share/village_interfaces/local_setup.dsv
[11.923s] -- Installing: /home/lichaoyue/Desktop/tasktown_ws/install/village_interfaces/share/village_interfaces/package.dsv
[11.924s] -- Up-to-date: /home/lichaoyue/Desktop/tasktown_ws/install/village_interfaces/share/ament_index/resource_index/packages/village_interfaces
[11.924s] -- Up-to-date: /home/lichaoyue/Desktop/tasktown_ws/install/village_interfaces/share/village_interfaces/cmake/export_village_interfaces__rosidl_generator_cExport.cmake
[11.925s] -- Up-to-date: /home/lichaoyue/Desktop/tasktown_ws/install/village_interfaces/share/village_interfaces/cmake/export_village_interfaces__rosidl_generator_cExport-noconfig.cmake
[11.925s] -- Up-to-date: /home/lichaoyue/Desktop/tasktown_ws/install/village_interfaces/share/village_interfaces/cmake/export_village_interfaces__rosidl_typesupport_fastrtps_cExport.cmake
[11.925s] -- Up-to-date: /home/lichaoyue/Desktop/tasktown_ws/install/village_interfaces/share/village_interfaces/cmake/export_village_interfaces__rosidl_typesupport_fastrtps_cExport-noconfig.cmake
[11.926s] -- Up-to-date: /home/lichaoyue/Desktop/tasktown_ws/install/village_interfaces/share/village_interfaces/cmake/export_village_interfaces__rosidl_generator_cppExport.cmake
[11.927s] -- Up-to-date: /home/lichaoyue/Desktop/tasktown_ws/install/village_interfaces/share/village_interfaces/cmake/export_village_interfaces__rosidl_typesupport_fastrtps_cppExport.cmake
[11.927s] -- Up-to-date: /home/lichaoyue/Desktop/tasktown_ws/install/village_interfaces/share/village_interfaces/cmake/export_village_interfaces__rosidl_typesupport_fastrtps_cppExport-noconfig.cmake
[11.927s] -- Up-to-date: /home/lichaoyue/Desktop/tasktown_ws/install/village_interfaces/share/village_interfaces/cmake/village_interfaces__rosidl_typesupport_introspection_cExport.cmake
[11.928s] -- Up-to-date: /home/lichaoyue/Desktop/tasktown_ws/install/village_interfaces/share/village_interfaces/cmake/village_interfaces__rosidl_typesupport_introspection_cExport-noconfig.cmake
[11.928s] -- Up-to-date: /home/lichaoyue/Desktop/tasktown_ws/install/village_interfaces/share/village_interfaces/cmake/village_interfaces__rosidl_typesupport_cExport.cmake
[11.928s] -- Up-to-date: /home/lichaoyue/Desktop/tasktown_ws/install/village_interfaces/share/village_interfaces/cmake/village_interfaces__rosidl_typesupport_cExport-noconfig.cmake
[11.928s] -- Up-to-date: /home/lichaoyue/Desktop/tasktown_ws/install/village_interfaces/share/village_interfaces/cmake/village_interfaces__rosidl_typesupport_introspection_cppExport.cmake
[11.929s] -- Up-to-date: /home/lichaoyue/Desktop/tasktown_ws/install/village_interfaces/share/village_interfaces/cmake/village_interfaces__rosidl_typesupport_introspection_cppExport-noconfig.cmake
[11.929s] -- Up-to-date: /home/lichaoyue/Desktop/tasktown_ws/install/village_interfaces/share/village_interfaces/cmake/village_interfaces__rosidl_typesupport_cppExport.cmake
[11.929s] -- Up-to-date: /home/lichaoyue/Desktop/tasktown_ws/install/village_interfaces/share/village_interfaces/cmake/village_interfaces__rosidl_typesupport_cppExport-noconfig.cmake
[11.930s] -- Up-to-date: /home/lichaoyue/Desktop/tasktown_ws/install/village_interfaces/share/village_interfaces/cmake/export_village_interfaces__rosidl_generator_pyExport.cmake
[11.930s] -- Up-to-date: /home/lichaoyue/Desktop/tasktown_ws/install/village_interfaces/share/village_interfaces/cmake/export_village_interfaces__rosidl_generator_pyExport-noconfig.cmake
[11.931s] -- Up-to-date: /home/lichaoyue/Desktop/tasktown_ws/install/village_interfaces/share/village_interfaces/cmake/rosidl_cmake-extras.cmake
[11.931s] -- Up-to-date: /home/lichaoyue/Desktop/tasktown_ws/install/village_interfaces/share/village_interfaces/cmake/ament_cmake_export_dependencies-extras.cmake
[11.931s] -- Up-to-date: /home/lichaoyue/Desktop/tasktown_ws/install/village_interfaces/share/village_interfaces/cmake/ament_cmake_export_include_directories-extras.cmake
[11.932s] -- Up-to-date: /home/lichaoyue/Desktop/tasktown_ws/install/village_interfaces/share/village_interfaces/cmake/ament_cmake_export_libraries-extras.cmake
[11.932s] -- Up-to-date: /home/lichaoyue/Desktop/tasktown_ws/install/village_interfaces/share/village_interfaces/cmake/ament_cmake_export_targets-extras.cmake
[11.934s] -- Up-to-date: /home/lichaoyue/Desktop/tasktown_ws/install/village_interfaces/share/village_interfaces/cmake/rosidl_cmake_export_typesupport_targets-extras.cmake
[11.936s] -- Up-to-date: /home/lichaoyue/Desktop/tasktown_ws/install/village_interfaces/share/village_interfaces/cmake/rosidl_cmake_export_typesupport_libraries-extras.cmake
[11.939s] -- Up-to-date: /home/lichaoyue/Desktop/tasktown_ws/install/village_interfaces/share/village_interfaces/cmake/village_interfacesConfig.cmake
[11.939s] -- Up-to-date: /home/lichaoyue/Desktop/tasktown_ws/install/village_interfaces/share/village_interfaces/cmake/village_interfacesConfig-version.cmake
[11.939s] -- Up-to-date: /home/lichaoyue/Desktop/tasktown_ws/install/village_interfaces/share/village_interfaces/package.xml
[11.940s] Invoked command in '/home/lichaoyue/Desktop/tasktown_ws/build/village_interfaces' returned '0': CMAKE_PREFIX_PATH=${CMAKE_PREFIX_PATH}:/opt/ros/humble /usr/bin/cmake --install /home/lichaoyue/Desktop/tasktown_ws/build/village_interfaces
