[0.013s] Invoking command in '/home/lichaoyue/Desktop/tasktown_ws/build/village_operator': CMAKE_PREFIX_PATH=/home/lichaoyue/Desktop/tasktown_ws/install/village_interfaces:/home/lichaoyue/Desktop/tasktown_ws/install/village_taskgroups:/home/lichaoyue/Desktop/tasktown_ws/install/village_task:/home/lichaoyue/Desktop/tasktown_ws/install/village_operator:/opt/ros/humble /usr/bin/cmake --build /home/lichaoyue/Desktop/tasktown_ws/build/village_operator -- -j12 -l12
[0.087s] [ 50%] [32mBuilding CXX object CMakeFiles/operator_node.dir/src/operator.cpp.o[0m
[3.544s] [01m[K/home/lichaoyue/Desktop/tasktown_ws/src/village_operator/src/operator.cpp:[m[K In member function ‘[01m[Kvoid TaskAssignServer::handle_task_assign_request_callback(village_interfaces::srv::TaskAssign_Request_<std::allocator<void> >::SharedPtr, village_interfaces::srv::TaskAssign_Response_<std::allocator<void> >::SharedPtr)[m[K’:
[3.544s] [01m[K/home/lichaoyue/Desktop/tasktown_ws/src/village_operator/src/operator.cpp:344:108:[m[K [01;35m[Kwarning: [m[Kunused parameter ‘[01m[Krequest[m[K’ [[01;35m[K]8;;https://gcc.gnu.org/onlinedocs/gcc/Warning-Options.html#index-Wunused-parameter-Wunused-parameter]8;;[m[K]
[3.544s]   344 | e_task_assign_request_callback([01;35m[Kconst village_interfaces::srv::TaskAssign::Request::SharedPtr request[m[K,
[3.545s]       |                                [01;35m[K~~~~~~~~~~~~~~~~~~~~~~~~~~~~~~~~~~~~~~~~~~~~~~~~~~~~~~~~~~~~~~^~~~~~~[m[K
[3.545s] 
[7.592s] [100%] [32m[1mLinking CXX executable operator_node[0m
[7.891s] [100%] Built target operator_node
[7.913s] Invoked command in '/home/lichaoyue/Desktop/tasktown_ws/build/village_operator' returned '0': CMAKE_PREFIX_PATH=/home/lichaoyue/Desktop/tasktown_ws/install/village_interfaces:/home/lichaoyue/Desktop/tasktown_ws/install/village_taskgroups:/home/lichaoyue/Desktop/tasktown_ws/install/village_task:/home/lichaoyue/Desktop/tasktown_ws/install/village_operator:/opt/ros/humble /usr/bin/cmake --build /home/lichaoyue/Desktop/tasktown_ws/build/village_operator -- -j12 -l12
[7.980s] Invoking command in '/home/lichaoyue/Desktop/tasktown_ws/build/village_operator': CMAKE_PREFIX_PATH=/home/lichaoyue/Desktop/tasktown_ws/install/village_interfaces:/home/lichaoyue/Desktop/tasktown_ws/install/village_taskgroups:/home/lichaoyue/Desktop/tasktown_ws/install/village_task:/home/lichaoyue/Desktop/tasktown_ws/install/village_operator:/opt/ros/humble /usr/bin/cmake --install /home/lichaoyue/Desktop/tasktown_ws/build/village_operator
[7.985s] -- Install configuration: ""
[7.985s] -- Up-to-date: /home/lichaoyue/Desktop/tasktown_ws/install/village_operator/share/ament_index/resource_index/package_run_dependencies/village_operator
[7.987s] -- Up-to-date: /home/lichaoyue/Desktop/tasktown_ws/install/village_operator/share/ament_index/resource_index/parent_prefix_path/village_operator
[7.987s] -- Up-to-date: /home/lichaoyue/Desktop/tasktown_ws/install/village_operator/share/village_operator/environment/ament_prefix_path.sh
[7.987s] -- Up-to-date: /home/lichaoyue/Desktop/tasktown_ws/install/village_operator/share/village_operator/environment/ament_prefix_path.dsv
[7.987s] -- Up-to-date: /home/lichaoyue/Desktop/tasktown_ws/install/village_operator/share/village_operator/environment/path.sh
[7.987s] -- Up-to-date: /home/lichaoyue/Desktop/tasktown_ws/install/village_operator/share/village_operator/environment/path.dsv
[7.987s] -- Up-to-date: /home/lichaoyue/Desktop/tasktown_ws/install/village_operator/share/village_operator/local_setup.bash
[7.987s] -- Up-to-date: /home/lichaoyue/Desktop/tasktown_ws/install/village_operator/share/village_operator/local_setup.sh
[7.987s] -- Up-to-date: /home/lichaoyue/Desktop/tasktown_ws/install/village_operator/share/village_operator/local_setup.zsh
[7.987s] -- Up-to-date: /home/lichaoyue/Desktop/tasktown_ws/install/village_operator/share/village_operator/local_setup.dsv
[7.987s] -- Installing: /home/lichaoyue/Desktop/tasktown_ws/install/village_operator/share/village_operator/package.dsv
[7.987s] -- Up-to-date: /home/lichaoyue/Desktop/tasktown_ws/install/village_operator/share/ament_index/resource_index/packages/village_operator
[7.987s] -- Up-to-date: /home/lichaoyue/Desktop/tasktown_ws/install/village_operator/share/village_operator/cmake/village_operatorConfig.cmake
[7.987s] -- Up-to-date: /home/lichaoyue/Desktop/tasktown_ws/install/village_operator/share/village_operator/cmake/village_operatorConfig-version.cmake
[7.987s] -- Up-to-date: /home/lichaoyue/Desktop/tasktown_ws/install/village_operator/share/village_operator/package.xml
[7.987s] -- Installing: /home/lichaoyue/Desktop/tasktown_ws/install/village_operator/lib/village_operator/operator_node
[7.990s] -- Set runtime path of "/home/lichaoyue/Desktop/tasktown_ws/install/village_operator/lib/village_operator/operator_node" to ""
[7.996s] Invoked command in '/home/lichaoyue/Desktop/tasktown_ws/build/village_operator' returned '0': CMAKE_PREFIX_PATH=/home/lichaoyue/Desktop/tasktown_ws/install/village_interfaces:/home/lichaoyue/Desktop/tasktown_ws/install/village_taskgroups:/home/lichaoyue/Desktop/tasktown_ws/install/village_task:/home/lichaoyue/Desktop/tasktown_ws/install/village_operator:/opt/ros/humble /usr/bin/cmake --install /home/lichaoyue/Desktop/tasktown_ws/build/village_operator
