[0.040s] Invoking command in '/home/lichaoyue/Desktop/tasktown_ws/build/village_taskgroups': CMAKE_PREFIX_PATH=/home/lichaoyue/Desktop/tasktown_ws/install/village_interfaces:/home/lichaoyue/Desktop/tasktown_ws/install/village_taskgroups:/home/lichaoyue/Desktop/tasktown_ws/install/village_task:/home/lichaoyue/Desktop/tasktown_ws/install/village_operator:/opt/ros/humble /usr/bin/cmake --build /home/lichaoyue/Desktop/tasktown_ws/build/village_taskgroups -- -j12 -l12
[0.146s] [35m[1mConsolidate compiler generated dependencies of target taskgroups_node[0m
[0.198s] [ 50%] [32mBuilding CXX object CMakeFiles/taskgroups_node.dir/src/taskgroups.cpp.o[0m
[9.907s] [100%] [32m[1mLinking CXX executable taskgroups_node[0m
[10.329s] [100%] Built target taskgroups_node
[10.361s] Invoked command in '/home/lichaoyue/Desktop/tasktown_ws/build/village_taskgroups' returned '0': CMAKE_PREFIX_PATH=/home/lichaoyue/Desktop/tasktown_ws/install/village_interfaces:/home/lichaoyue/Desktop/tasktown_ws/install/village_taskgroups:/home/lichaoyue/Desktop/tasktown_ws/install/village_task:/home/lichaoyue/Desktop/tasktown_ws/install/village_operator:/opt/ros/humble /usr/bin/cmake --build /home/lichaoyue/Desktop/tasktown_ws/build/village_taskgroups -- -j12 -l12
[10.495s] Invoking command in '/home/lichaoyue/Desktop/tasktown_ws/build/village_taskgroups': CMAKE_PREFIX_PATH=/home/lichaoyue/Desktop/tasktown_ws/install/village_interfaces:/home/lichaoyue/Desktop/tasktown_ws/install/village_taskgroups:/home/lichaoyue/Desktop/tasktown_ws/install/village_task:/home/lichaoyue/Desktop/tasktown_ws/install/village_operator:/opt/ros/humble /usr/bin/cmake --install /home/lichaoyue/Desktop/tasktown_ws/build/village_taskgroups
[10.512s] -- Install configuration: ""
[10.513s] -- Up-to-date: /home/lichaoyue/Desktop/tasktown_ws/install/village_taskgroups/share/ament_index/resource_index/package_run_dependencies/village_taskgroups
[10.514s] -- Up-to-date: /home/lichaoyue/Desktop/tasktown_ws/install/village_taskgroups/share/ament_index/resource_index/parent_prefix_path/village_taskgroups
[10.514s] -- Up-to-date: /home/lichaoyue/Desktop/tasktown_ws/install/village_taskgroups/share/village_taskgroups/environment/ament_prefix_path.sh
[10.514s] -- Up-to-date: /home/lichaoyue/Desktop/tasktown_ws/install/village_taskgroups/share/village_taskgroups/environment/ament_prefix_path.dsv
[10.514s] -- Up-to-date: /home/lichaoyue/Desktop/tasktown_ws/install/village_taskgroups/share/village_taskgroups/environment/path.sh
[10.514s] -- Up-to-date: /home/lichaoyue/Desktop/tasktown_ws/install/village_taskgroups/share/village_taskgroups/environment/path.dsv
[10.515s] -- Up-to-date: /home/lichaoyue/Desktop/tasktown_ws/install/village_taskgroups/share/village_taskgroups/local_setup.bash
[10.515s] -- Up-to-date: /home/lichaoyue/Desktop/tasktown_ws/install/village_taskgroups/share/village_taskgroups/local_setup.sh
[10.516s] -- Up-to-date: /home/lichaoyue/Desktop/tasktown_ws/install/village_taskgroups/share/village_taskgroups/local_setup.zsh
[10.516s] -- Up-to-date: /home/lichaoyue/Desktop/tasktown_ws/install/village_taskgroups/share/village_taskgroups/local_setup.dsv
[10.516s] -- Installing: /home/lichaoyue/Desktop/tasktown_ws/install/village_taskgroups/share/village_taskgroups/package.dsv
[10.517s] -- Up-to-date: /home/lichaoyue/Desktop/tasktown_ws/install/village_taskgroups/share/ament_index/resource_index/packages/village_taskgroups
[10.517s] -- Up-to-date: /home/lichaoyue/Desktop/tasktown_ws/install/village_taskgroups/share/village_taskgroups/cmake/village_taskgroupsConfig.cmake
[10.517s] -- Up-to-date: /home/lichaoyue/Desktop/tasktown_ws/install/village_taskgroups/share/village_taskgroups/cmake/village_taskgroupsConfig-version.cmake
[10.518s] -- Up-to-date: /home/lichaoyue/Desktop/tasktown_ws/install/village_taskgroups/share/village_taskgroups/package.xml
[10.518s] -- Installing: /home/lichaoyue/Desktop/tasktown_ws/install/village_taskgroups/lib/village_taskgroups/taskgroups_node
[10.518s] -- Set runtime path of "/home/lichaoyue/Desktop/tasktown_ws/install/village_taskgroups/lib/village_taskgroups/taskgroups_node" to ""
[10.531s] Invoked command in '/home/lichaoyue/Desktop/tasktown_ws/build/village_taskgroups' returned '0': CMAKE_PREFIX_PATH=/home/lichaoyue/Desktop/tasktown_ws/install/village_interfaces:/home/lichaoyue/Desktop/tasktown_ws/install/village_taskgroups:/home/lichaoyue/Desktop/tasktown_ws/install/village_task:/home/lichaoyue/Desktop/tasktown_ws/install/village_operator:/opt/ros/humble /usr/bin/cmake --install /home/lichaoyue/Desktop/tasktown_ws/build/village_taskgroups
