[0.025s] Invoking command in '/home/lichaoyue/Desktop/tasktown_ws/build/village_task': AMENT_PREFIX_PATH=/home/lichaoyue/Desktop/tasktown_ws/install/village_interfaces:${AMENT_PREFIX_PATH} CMAKE_PREFIX_PATH=/home/lichaoyue/Desktop/tasktown_ws/install/village_interfaces:/opt/ros/humble LD_LIBRARY_PATH=/home/lichaoyue/Desktop/tasktown_ws/install/village_interfaces/lib:${LD_LIBRARY_PATH} PYTHONPATH=/home/lichaoyue/Desktop/tasktown_ws/install/village_interfaces/local/lib/python3.10/dist-packages:${PYTHONPATH} /usr/bin/cmake --build /home/lichaoyue/Desktop/tasktown_ws/build/village_task -- -j12 -l12
[0.099s] [35m[1mConsolidate compiler generated dependencies of target task_node[0m
[0.125s] [ 50%] [32mBuilding CXX object CMakeFiles/task_node.dir/src/task.cpp.o[0m
[4.649s] [100%] [32m[1mLinking CXX executable task_node[0m
[4.867s] [100%] Built target task_node
[4.886s] Invoked command in '/home/lichaoyue/Desktop/tasktown_ws/build/village_task' returned '0': AMENT_PREFIX_PATH=/home/lichaoyue/Desktop/tasktown_ws/install/village_interfaces:${AMENT_PREFIX_PATH} CMAKE_PREFIX_PATH=/home/lichaoyue/Desktop/tasktown_ws/install/village_interfaces:/opt/ros/humble LD_LIBRARY_PATH=/home/lichaoyue/Desktop/tasktown_ws/install/village_interfaces/lib:${LD_LIBRARY_PATH} PYTHONPATH=/home/lichaoyue/Desktop/tasktown_ws/install/village_interfaces/local/lib/python3.10/dist-packages:${PYTHONPATH} /usr/bin/cmake --build /home/lichaoyue/Desktop/tasktown_ws/build/village_task -- -j12 -l12
[4.958s] Invoking command in '/home/lichaoyue/Desktop/tasktown_ws/build/village_task': AMENT_PREFIX_PATH=/home/lichaoyue/Desktop/tasktown_ws/install/village_interfaces:${AMENT_PREFIX_PATH} CMAKE_PREFIX_PATH=/home/lichaoyue/Desktop/tasktown_ws/install/village_interfaces:/opt/ros/humble LD_LIBRARY_PATH=/home/lichaoyue/Desktop/tasktown_ws/install/village_interfaces/lib:${LD_LIBRARY_PATH} PYTHONPATH=/home/lichaoyue/Desktop/tasktown_ws/install/village_interfaces/local/lib/python3.10/dist-packages:${PYTHONPATH} /usr/bin/cmake --install /home/lichaoyue/Desktop/tasktown_ws/build/village_task
[4.968s] -- Install configuration: ""
[4.968s] -- Up-to-date: /home/lichaoyue/Desktop/tasktown_ws/install/village_task/share/ament_index/resource_index/package_run_dependencies/village_task
[4.968s] -- Up-to-date: /home/lichaoyue/Desktop/tasktown_ws/install/village_task/share/ament_index/resource_index/parent_prefix_path/village_task
[4.968s] -- Up-to-date: /home/lichaoyue/Desktop/tasktown_ws/install/village_task/share/village_task/environment/ament_prefix_path.sh
[4.968s] -- Up-to-date: /home/lichaoyue/Desktop/tasktown_ws/install/village_task/share/village_task/environment/ament_prefix_path.dsv
[4.968s] -- Up-to-date: /home/lichaoyue/Desktop/tasktown_ws/install/village_task/share/village_task/environment/path.sh
[4.968s] -- Up-to-date: /home/lichaoyue/Desktop/tasktown_ws/install/village_task/share/village_task/environment/path.dsv
[4.968s] -- Up-to-date: /home/lichaoyue/Desktop/tasktown_ws/install/village_task/share/village_task/local_setup.bash
[4.968s] -- Up-to-date: /home/lichaoyue/Desktop/tasktown_ws/install/village_task/share/village_task/local_setup.sh
[4.969s] -- Up-to-date: /home/lichaoyue/Desktop/tasktown_ws/install/village_task/share/village_task/local_setup.zsh
[4.969s] -- Up-to-date: /home/lichaoyue/Desktop/tasktown_ws/install/village_task/share/village_task/local_setup.dsv
[4.969s] -- Installing: /home/lichaoyue/Desktop/tasktown_ws/install/village_task/share/village_task/package.dsv
[4.969s] -- Up-to-date: /home/lichaoyue/Desktop/tasktown_ws/install/village_task/share/ament_index/resource_index/packages/village_task
[4.969s] -- Up-to-date: /home/lichaoyue/Desktop/tasktown_ws/install/village_task/share/village_task/cmake/village_taskConfig.cmake
[4.969s] -- Up-to-date: /home/lichaoyue/Desktop/tasktown_ws/install/village_task/share/village_task/cmake/village_taskConfig-version.cmake
[4.969s] -- Up-to-date: /home/lichaoyue/Desktop/tasktown_ws/install/village_task/share/village_task/package.xml
[4.969s] -- Installing: /home/lichaoyue/Desktop/tasktown_ws/install/village_task/lib/village_task/task_node
[4.970s] -- Set runtime path of "/home/lichaoyue/Desktop/tasktown_ws/install/village_task/lib/village_task/task_node" to ""
[4.975s] Invoked command in '/home/lichaoyue/Desktop/tasktown_ws/build/village_task' returned '0': AMENT_PREFIX_PATH=/home/lichaoyue/Desktop/tasktown_ws/install/village_interfaces:${AMENT_PREFIX_PATH} CMAKE_PREFIX_PATH=/home/lichaoyue/Desktop/tasktown_ws/install/village_interfaces:/opt/ros/humble LD_LIBRARY_PATH=/home/lichaoyue/Desktop/tasktown_ws/install/village_interfaces/lib:${LD_LIBRARY_PATH} PYTHONPATH=/home/lichaoyue/Desktop/tasktown_ws/install/village_interfaces/local/lib/python3.10/dist-packages:${PYTHONPATH} /usr/bin/cmake --install /home/lichaoyue/Desktop/tasktown_ws/build/village_task
