[0.037s] Invoking command in '/home/lichaoyue/Desktop/tasktown_ws/build/village_interfaces': CMAKE_PREFIX_PATH=${CMAKE_PREFIX_PATH}:/opt/ros/humble /usr/bin/cmake --build /home/lichaoyue/Desktop/tasktown_ws/build/village_interfaces -- -j12 -l12
[0.105s] -- Found ament_cmake: 1.3.8 (/opt/ros/humble/share/ament_cmake/cmake)
[0.420s] -- Found sensor_msgs: 4.2.3 (/opt/ros/humble/share/sensor_msgs/cmake)
[0.478s] -- Found rosidl_generator_c: 3.1.5 (/opt/ros/humble/share/rosidl_generator_c/cmake)
[0.485s] -- Found rosidl_adapter: 3.1.5 (/opt/ros/humble/share/rosidl_adapter/cmake)
[0.497s] -- Found rosidl_generator_cpp: 3.1.5 (/opt/ros/humble/share/rosidl_generator_cpp/cmake)
[0.516s] -- Using all available rosidl_typesupport_c: rosidl_typesupport_fastrtps_c;rosidl_typesupport_introspection_c
[0.550s] -- Using all available rosidl_typesupport_cpp: rosidl_typesupport_fastrtps_cpp;rosidl_typesupport_introspection_cpp
[1.145s] -- Found rosidl_default_generators: 1.2.0 (/opt/ros/humble/share/rosidl_default_generators/cmake)
[1.164s] -- Found ament_lint_auto: 0.12.10 (/opt/ros/humble/share/ament_lint_auto/cmake)
[1.347s] -- Configuring incomplete, errors occurred!
[1.347s] See also "/home/lichaoyue/Desktop/tasktown_ws/build/village_interfaces/CMakeFiles/CMakeOutput.log".
[1.347s] [31mCMake Error at /opt/ros/humble/share/rosidl_cmake/cmake/rosidl_generate_interfaces.cmake:93 (message):
[1.348s]   rosidl_generate_interfaces() the passed file 'srv/UpdateTask.srv' doesn't
[1.348s]   exist relative to the CMAKE_CURRENT_SOURCE_DIR
[1.348s]   '/home/lichaoyue/Desktop/tasktown_ws/src/village_interfaces'
[1.348s] Call Stack (most recent call first):
[1.349s]   CMakeLists.txt:29 (rosidl_generate_interfaces)
[1.349s] 
[1.349s] [0m
[1.357s] gmake: *** [Makefile:1395: cmake_check_build_system] Error 1
[1.367s] Invoked command in '/home/lichaoyue/Desktop/tasktown_ws/build/village_interfaces' returned '2': CMAKE_PREFIX_PATH=${CMAKE_PREFIX_PATH}:/opt/ros/humble /usr/bin/cmake --build /home/lichaoyue/Desktop/tasktown_ws/build/village_interfaces -- -j12 -l12
