[1.671s] DEBUG:colcon:Command line arguments: ['/usr/bin/colcon', 'list', '-p', '--base-paths', '/home/jj/Greedy']
[1.671s] DEBUG:colcon:Parsed command line arguments: Namespace(allow_overriding=[], base_paths=['/home/jj/Greedy'], build_base='build', ignore_user_meta=False, log_base=None, log_level=None, main=<bound method ListVerb.main of <colcon_package_information.verb.list.ListVerb object at 0x7fd1e31261c0>>, metas=['./colcon.meta'], mixin=None, mixin_files=None, mixin_verb=('list',), names_only=False, packages_above=None, packages_above_and_dependencies=None, packages_above_depth=None, packages_end=None, packages_ignore=None, packages_ignore_regex=None, packages_select=None, packages_select_build_failed=False, packages_select_by_dep=None, packages_select_regex=None, packages_select_test_failures=False, packages_skip=None, packages_skip_build_finished=False, packages_skip_by_dep=None, packages_skip_regex=None, packages_skip_test_passed=False, packages_skip_up_to=None, packages_start=None, packages_up_to=None, packages_up_to_regex=None, paths=None, paths_only=True, topological_graph=False, topological_graph_density=False, topological_graph_dot=False, topological_graph_dot_cluster=False, topological_graph_dot_include_skipped=False, topological_graph_legend=False, topological_order=False, verb_extension=<colcon_package_information.verb.list.ListVerb object at 0x7fd1e31261c0>, verb_name='list', verb_parser=<colcon_mixin.mixin.mixin_argument.MixinArgumentDecorator object at 0x7fd1e3136280>)
[2.404s] Level 1:colcon.colcon_core.package_discovery:discover_packages(colcon_meta) check parameters
[2.405s] Level 1:colcon.colcon_core.package_discovery:discover_packages(recursive) check parameters
[2.405s] Level 1:colcon.colcon_core.package_discovery:discover_packages(ignore) check parameters
[2.405s] Level 1:colcon.colcon_core.package_discovery:discover_packages(path) check parameters
[2.405s] Level 1:colcon.colcon_core.package_discovery:discover_packages(recursive) discover
[2.405s] INFO:colcon.colcon_core.package_discovery:Crawling recursively for packages in '/home/jj/Greedy'
[2.405s] Level 1:colcon.colcon_core.package_identification:_identify(/home/jj/Greedy) by extensions ['ignore', 'ignore_ament_install']
[2.406s] Level 1:colcon.colcon_core.package_identification:_identify(/home/jj/Greedy) by extension 'ignore'
[2.406s] Level 1:colcon.colcon_core.package_identification:_identify(/home/jj/Greedy) by extension 'ignore_ament_install'
[2.406s] Level 1:colcon.colcon_core.package_identification:_identify(/home/jj/Greedy) by extensions ['colcon_pkg']
[2.406s] Level 1:colcon.colcon_core.package_identification:_identify(/home/jj/Greedy) by extension 'colcon_pkg'
[2.406s] Level 1:colcon.colcon_core.package_identification:_identify(/home/jj/Greedy) by extensions ['colcon_meta']
[2.406s] Level 1:colcon.colcon_core.package_identification:_identify(/home/jj/Greedy) by extension 'colcon_meta'
[2.406s] Level 1:colcon.colcon_core.package_identification:_identify(/home/jj/Greedy) by extensions ['ros']
[2.406s] Level 1:colcon.colcon_core.package_identification:_identify(/home/jj/Greedy) by extension 'ros'
[2.464s] Level 1:colcon.colcon_core.package_identification:_identify(/home/jj/Greedy) by extensions ['cmake', 'python']
[2.464s] Level 1:colcon.colcon_core.package_identification:_identify(/home/jj/Greedy) by extension 'cmake'
[2.464s] Level 1:colcon.colcon_core.package_identification:_identify(/home/jj/Greedy) by extension 'python'
[2.464s] Level 1:colcon.colcon_core.package_identification:_identify(/home/jj/Greedy) by extensions ['python_setup_py']
[2.464s] Level 1:colcon.colcon_core.package_identification:_identify(/home/jj/Greedy) by extension 'python_setup_py'
[2.464s] Level 1:colcon.colcon_core.package_identification:_identify(/home/jj/Greedy/build) by extensions ['ignore', 'ignore_ament_install']
[2.465s] Level 1:colcon.colcon_core.package_identification:_identify(/home/jj/Greedy/build) by extension 'ignore'
[2.465s] Level 1:colcon.colcon_core.package_identification:_identify(/home/jj/Greedy/build) ignored
[2.465s] Level 1:colcon.colcon_core.package_identification:_identify(/home/jj/Greedy/install) by extensions ['ignore', 'ignore_ament_install']
[2.465s] Level 1:colcon.colcon_core.package_identification:_identify(/home/jj/Greedy/install) by extension 'ignore'
[2.465s] Level 1:colcon.colcon_core.package_identification:_identify(/home/jj/Greedy/install) ignored
[2.467s] Level 1:colcon.colcon_core.package_identification:_identify(/home/jj/Greedy/log) by extensions ['ignore', 'ignore_ament_install']
[2.467s] Level 1:colcon.colcon_core.package_identification:_identify(/home/jj/Greedy/log) by extension 'ignore'
[2.467s] Level 1:colcon.colcon_core.package_identification:_identify(/home/jj/Greedy/log) ignored
[2.467s] Level 1:colcon.colcon_core.package_identification:_identify(/home/jj/Greedy/src) by extensions ['ignore', 'ignore_ament_install']
[2.467s] Level 1:colcon.colcon_core.package_identification:_identify(/home/jj/Greedy/src) by extension 'ignore'
[2.467s] Level 1:colcon.colcon_core.package_identification:_identify(/home/jj/Greedy/src) by extension 'ignore_ament_install'
[2.467s] Level 1:colcon.colcon_core.package_identification:_identify(/home/jj/Greedy/src) by extensions ['colcon_pkg']
[2.467s] Level 1:colcon.colcon_core.package_identification:_identify(/home/jj/Greedy/src) by extension 'colcon_pkg'
[2.467s] Level 1:colcon.colcon_core.package_identification:_identify(/home/jj/Greedy/src) by extensions ['colcon_meta']
[2.467s] Level 1:colcon.colcon_core.package_identification:_identify(/home/jj/Greedy/src) by extension 'colcon_meta'
[2.467s] Level 1:colcon.colcon_core.package_identification:_identify(/home/jj/Greedy/src) by extensions ['ros']
[2.467s] Level 1:colcon.colcon_core.package_identification:_identify(/home/jj/Greedy/src) by extension 'ros'
[2.468s] Level 1:colcon.colcon_core.package_identification:_identify(/home/jj/Greedy/src) by extensions ['cmake', 'python']
[2.468s] Level 1:colcon.colcon_core.package_identification:_identify(/home/jj/Greedy/src) by extension 'cmake'
[2.468s] Level 1:colcon.colcon_core.package_identification:_identify(/home/jj/Greedy/src) by extension 'python'
[2.468s] Level 1:colcon.colcon_core.package_identification:_identify(/home/jj/Greedy/src) by extensions ['python_setup_py']
[2.468s] Level 1:colcon.colcon_core.package_identification:_identify(/home/jj/Greedy/src) by extension 'python_setup_py'
[2.468s] Level 1:colcon.colcon_core.package_identification:_identify(/home/jj/Greedy/src/village_interfaces) by extensions ['ignore', 'ignore_ament_install']
[2.468s] Level 1:colcon.colcon_core.package_identification:_identify(/home/jj/Greedy/src/village_interfaces) by extension 'ignore'
[2.468s] Level 1:colcon.colcon_core.package_identification:_identify(/home/jj/Greedy/src/village_interfaces) by extension 'ignore_ament_install'
[2.468s] Level 1:colcon.colcon_core.package_identification:_identify(/home/jj/Greedy/src/village_interfaces) by extensions ['colcon_pkg']
[2.468s] Level 1:colcon.colcon_core.package_identification:_identify(/home/jj/Greedy/src/village_interfaces) by extension 'colcon_pkg'
[2.468s] Level 1:colcon.colcon_core.package_identification:_identify(/home/jj/Greedy/src/village_interfaces) by extensions ['colcon_meta']
[2.468s] Level 1:colcon.colcon_core.package_identification:_identify(/home/jj/Greedy/src/village_interfaces) by extension 'colcon_meta'
[2.468s] Level 1:colcon.colcon_core.package_identification:_identify(/home/jj/Greedy/src/village_interfaces) by extensions ['ros']
[2.468s] Level 1:colcon.colcon_core.package_identification:_identify(/home/jj/Greedy/src/village_interfaces) by extension 'ros'
[2.489s] DEBUG:colcon.colcon_core.package_identification:Package '/home/jj/Greedy/src/village_interfaces' with type 'ros.ament_cmake' and name 'village_interfaces'
[2.489s] Level 1:colcon.colcon_core.package_identification:_identify(/home/jj/Greedy/src/village_operator) by extensions ['ignore', 'ignore_ament_install']
[2.489s] Level 1:colcon.colcon_core.package_identification:_identify(/home/jj/Greedy/src/village_operator) by extension 'ignore'
[2.489s] Level 1:colcon.colcon_core.package_identification:_identify(/home/jj/Greedy/src/village_operator) by extension 'ignore_ament_install'
[2.489s] Level 1:colcon.colcon_core.package_identification:_identify(/home/jj/Greedy/src/village_operator) by extensions ['colcon_pkg']
[2.489s] Level 1:colcon.colcon_core.package_identification:_identify(/home/jj/Greedy/src/village_operator) by extension 'colcon_pkg'
[2.489s] Level 1:colcon.colcon_core.package_identification:_identify(/home/jj/Greedy/src/village_operator) by extensions ['colcon_meta']
[2.489s] Level 1:colcon.colcon_core.package_identification:_identify(/home/jj/Greedy/src/village_operator) by extension 'colcon_meta'
[2.489s] Level 1:colcon.colcon_core.package_identification:_identify(/home/jj/Greedy/src/village_operator) by extensions ['ros']
[2.489s] Level 1:colcon.colcon_core.package_identification:_identify(/home/jj/Greedy/src/village_operator) by extension 'ros'
[2.496s] DEBUG:colcon.colcon_core.package_identification:Package '/home/jj/Greedy/src/village_operator' with type 'ros.ament_cmake' and name 'village_operator'
[2.496s] Level 1:colcon.colcon_core.package_identification:_identify(/home/jj/Greedy/src/village_task) by extensions ['ignore', 'ignore_ament_install']
[2.496s] Level 1:colcon.colcon_core.package_identification:_identify(/home/jj/Greedy/src/village_task) by extension 'ignore'
[2.496s] Level 1:colcon.colcon_core.package_identification:_identify(/home/jj/Greedy/src/village_task) by extension 'ignore_ament_install'
[2.496s] Level 1:colcon.colcon_core.package_identification:_identify(/home/jj/Greedy/src/village_task) by extensions ['colcon_pkg']
[2.496s] Level 1:colcon.colcon_core.package_identification:_identify(/home/jj/Greedy/src/village_task) by extension 'colcon_pkg'
[2.496s] Level 1:colcon.colcon_core.package_identification:_identify(/home/jj/Greedy/src/village_task) by extensions ['colcon_meta']
[2.496s] Level 1:colcon.colcon_core.package_identification:_identify(/home/jj/Greedy/src/village_task) by extension 'colcon_meta'
[2.496s] Level 1:colcon.colcon_core.package_identification:_identify(/home/jj/Greedy/src/village_task) by extensions ['ros']
[2.496s] Level 1:colcon.colcon_core.package_identification:_identify(/home/jj/Greedy/src/village_task) by extension 'ros'
[2.497s] DEBUG:colcon.colcon_core.package_identification:Package '/home/jj/Greedy/src/village_task' with type 'ros.ament_cmake' and name 'village_task'
[2.497s] Level 1:colcon.colcon_core.package_identification:_identify(/home/jj/Greedy/src/village_taskgroups) by extensions ['ignore', 'ignore_ament_install']
[2.498s] Level 1:colcon.colcon_core.package_identification:_identify(/home/jj/Greedy/src/village_taskgroups) by extension 'ignore'
[2.498s] Level 1:colcon.colcon_core.package_identification:_identify(/home/jj/Greedy/src/village_taskgroups) by extension 'ignore_ament_install'
[2.498s] Level 1:colcon.colcon_core.package_identification:_identify(/home/jj/Greedy/src/village_taskgroups) by extensions ['colcon_pkg']
[2.498s] Level 1:colcon.colcon_core.package_identification:_identify(/home/jj/Greedy/src/village_taskgroups) by extension 'colcon_pkg'
[2.498s] Level 1:colcon.colcon_core.package_identification:_identify(/home/jj/Greedy/src/village_taskgroups) by extensions ['colcon_meta']
[2.503s] Level 1:colcon.colcon_core.package_identification:_identify(/home/jj/Greedy/src/village_taskgroups) by extension 'colcon_meta'
[2.504s] Level 1:colcon.colcon_core.package_identification:_identify(/home/jj/Greedy/src/village_taskgroups) by extensions ['ros']
[2.504s] Level 1:colcon.colcon_core.package_identification:_identify(/home/jj/Greedy/src/village_taskgroups) by extension 'ros'
[2.505s] DEBUG:colcon.colcon_core.package_identification:Package '/home/jj/Greedy/src/village_taskgroups' with type 'ros.ament_cmake' and name 'village_taskgroups'
[2.505s] Level 1:colcon.colcon_core.package_discovery:discover_packages(recursive) using defaults
