[0.026s] Invoking command in '/home/lichaoyue/Desktop/tasktown_ws/build/village_interfaces': CMAKE_PREFIX_PATH=/opt/ros/humble /usr/bin/cmake --build /home/lichaoyue/Desktop/tasktown_ws/build/village_interfaces -- -j12 -l12
[0.096s] -- Found ament_cmake: 1.3.8 (/opt/ros/humble/share/ament_cmake/cmake)
[0.482s] -- Found sensor_msgs: 4.2.3 (/opt/ros/humble/share/sensor_msgs/cmake)
[0.576s] -- Found rosidl_generator_c: 3.1.5 (/opt/ros/humble/share/rosidl_generator_c/cmake)
[0.584s] -- Found rosidl_adapter: 3.1.5 (/opt/ros/humble/share/rosidl_adapter/cmake)
[0.607s] -- Found rosidl_generator_cpp: 3.1.5 (/opt/ros/humble/share/rosidl_generator_cpp/cmake)
[0.646s] -- Using all available rosidl_typesupport_c: rosidl_typesupport_fastrtps_c;rosidl_typesupport_introspection_c
[0.698s] -- Using all available rosidl_typesupport_cpp: rosidl_typesupport_fastrtps_cpp;rosidl_typesupport_introspection_cpp
[1.364s] -- Found rosidl_default_generators: 1.2.0 (/opt/ros/humble/share/rosidl_default_generators/cmake)
[1.386s] -- Found ament_lint_auto: 0.12.10 (/opt/ros/humble/share/ament_lint_auto/cmake)
[2.123s] [31mCMake Error at /opt/ros/humble/share/rosidl_adapter/cmake/rosidl_adapt_interfaces.cmake:59 (message):
[2.124s]   execute_process(/usr/bin/python3 -m rosidl_adapter --package-name
[2.124s]   village_interfaces --arguments-file
[2.124s]   /home/lichaoyue/Desktop/tasktown_ws/build/village_interfaces/rosidl_adapter__arguments__village_interfaces.json
[2.124s]   --output-dir
[2.124s]   /home/lichaoyue/Desktop/tasktown_ws/build/village_interfaces/rosidl_adapter/village_interfaces
[2.125s]   --output-file
[2.125s]   /home/lichaoyue/Desktop/tasktown_ws/build/village_interfaces/rosidl_adapter/village_interfaces.idls)
[2.125s]   returned error code 1:
[2.125s] 
[2.125s]   Error processing 'int32 ROW_TYPE' of 'village_interfaces/Task': ''ROW_TYPE'
[2.126s]   is an invalid field name.  It should have the pattern
[2.126s]   '^(?!.*__)(?!.*_$)[a-z][a-z0-9_]*$''
[2.126s] 
[2.126s]   Traceback (most recent call last):
[2.127s] 
[2.127s]     File "/usr/lib/python3.10/runpy.py", line 196, in _run_module_as_main
[2.127s]       return _run_code(code, main_globals, None,
[2.127s]     File "/usr/lib/python3.10/runpy.py", line 86, in _run_code
[2.127s]       exec(code, run_globals)
[2.127s]     File "/opt/ros/humble/local/lib/python3.10/dist-packages/rosidl_adapter/__main__.py", line 19, in <module>
[2.128s]       sys.exit(main())
[2.128s]     File "/opt/ros/humble/local/lib/python3.10/dist-packages/rosidl_adapter/main.py", line 53, in main
[2.128s]       abs_idl_file = convert_to_idl(
[2.128s]     File "/opt/ros/humble/local/lib/python3.10/dist-packages/rosidl_adapter/__init__.py", line 19, in convert_to_idl
[2.128s]       return convert_msg_to_idl(
[2.128s]     File "/opt/ros/humble/local/lib/python3.10/dist-packages/rosidl_adapter/msg/__init__.py", line 28, in convert_msg_to_idl
[2.129s]       msg = parse_message_string(package_name, input_file.stem, content)
[2.129s]     File "/opt/ros/humble/local/lib/python3.10/dist-packages/rosidl_adapter/parser.py", line 519, in parse_message_string
[2.129s]       fields.append(Field(
[2.129s]     File "/opt/ros/humble/local/lib/python3.10/dist-packages/rosidl_adapter/parser.py", line 354, in __init__
[2.129s]       raise NameError(
[2.129s] 
[2.130s]   NameError: 'ROW_TYPE' is an invalid field name.  It should have the pattern
[2.130s]   '^(?!.*__)(?!.*_$)[a-z][a-z0-9_]*$'
[2.130s] 
[2.130s] Call Stack (most recent call first):
[2.131s]   /opt/ros/humble/share/rosidl_cmake/cmake/rosidl_generate_interfaces.cmake:130 (rosidl_adapt_interfaces)
[2.131s]   CMakeLists.txt:29 (rosidl_generate_interfaces)
[2.131s] 
[2.131s] [0m
[2.131s] -- Configuring incomplete, errors occurred!
[2.131s] See also "/home/lichaoyue/Desktop/tasktown_ws/build/village_interfaces/CMakeFiles/CMakeOutput.log".
[2.138s] gmake: *** [Makefile:1179: cmake_check_build_system] Error 1
[2.145s] Invoked command in '/home/lichaoyue/Desktop/tasktown_ws/build/village_interfaces' returned '2': CMAKE_PREFIX_PATH=/opt/ros/humble /usr/bin/cmake --build /home/lichaoyue/Desktop/tasktown_ws/build/village_interfaces -- -j12 -l12
