[0.308s] DEBUG:colcon:Command line arguments: ['/usr/bin/colcon', 'build', '--packages-select', 'village_operator']
[0.308s] DEBUG:colcon:Parsed command line arguments: Namespace(log_base=None, log_level=None, verb_name='build', build_base='build', install_base='install', merge_install=False, symlink_install=False, test_result_base=None, continue_on_error=False, executor='parallel', parallel_workers=12, event_handlers=None, ignore_user_meta=False, metas=['./colcon.meta'], base_paths=['.'], packages_ignore=None, packages_ignore_regex=None, paths=None, packages_up_to=None, packages_up_to_regex=None, packages_above=None, packages_above_and_dependencies=None, packages_above_depth=None, packages_select_by_dep=None, packages_skip_by_dep=None, packages_skip_up_to=None, packages_select_build_failed=False, packages_skip_build_finished=False, packages_select_test_failures=False, packages_skip_test_passed=False, packages_select=['village_operator'], packages_skip=None, packages_select_regex=None, packages_skip_regex=None, packages_start=None, packages_end=None, allow_overriding=[], cmake_args=None, cmake_target=None, cmake_target_skip_unavailable=False, cmake_clean_cache=False, cmake_clean_first=False, cmake_force_configure=False, ament_cmake_args=None, catkin_cmake_args=None, catkin_skip_building_tests=False, verb_parser=<colcon_defaults.argument_parser.defaults.DefaultArgumentsDecorator object at 0x74cee44bfa30>, verb_extension=<colcon_core.verb.build.BuildVerb object at 0x74cee44bf4c0>, main=<bound method BuildVerb.main of <colcon_core.verb.build.BuildVerb object at 0x74cee44bf4c0>>)
[0.769s] Level 1:colcon.colcon_core.package_discovery:discover_packages(colcon_meta) check parameters
[0.770s] Level 1:colcon.colcon_core.package_discovery:discover_packages(recursive) check parameters
[0.770s] Level 1:colcon.colcon_core.package_discovery:discover_packages(ignore) check parameters
[0.770s] Level 1:colcon.colcon_core.package_discovery:discover_packages(path) check parameters
[0.770s] Level 1:colcon.colcon_core.package_discovery:discover_packages(colcon_meta) discover
[0.770s] Level 1:colcon.colcon_core.package_discovery:discover_packages(recursive) discover
[0.770s] INFO:colcon.colcon_core.package_discovery:Crawling recursively for packages in '/home/lichaoyue/Desktop/tasktown_ws'
[0.771s] Level 1:colcon.colcon_core.package_identification:_identify(.) by extensions ['ignore', 'ignore_ament_install']
[0.771s] Level 1:colcon.colcon_core.package_identification:_identify(.) by extension 'ignore'
[0.772s] Level 1:colcon.colcon_core.package_identification:_identify(.) by extension 'ignore_ament_install'
[0.772s] Level 1:colcon.colcon_core.package_identification:_identify(.) by extensions ['colcon_pkg']
[0.773s] Level 1:colcon.colcon_core.package_identification:_identify(.) by extension 'colcon_pkg'
[0.773s] Level 1:colcon.colcon_core.package_identification:_identify(.) by extensions ['colcon_meta']
[0.773s] Level 1:colcon.colcon_core.package_identification:_identify(.) by extension 'colcon_meta'
[0.773s] Level 1:colcon.colcon_core.package_identification:_identify(.) by extensions ['ros']
[0.773s] Level 1:colcon.colcon_core.package_identification:_identify(.) by extension 'ros'
[0.806s] Level 1:colcon.colcon_core.package_identification:_identify(.) by extensions ['cmake', 'python']
[0.808s] Level 1:colcon.colcon_core.package_identification:_identify(.) by extension 'cmake'
[0.808s] Level 1:colcon.colcon_core.package_identification:_identify(.) by extension 'python'
[0.809s] Level 1:colcon.colcon_core.package_identification:_identify(.) by extensions ['python_setup_py']
[0.810s] Level 1:colcon.colcon_core.package_identification:_identify(.) by extension 'python_setup_py'
[0.811s] Level 1:colcon.colcon_core.package_identification:_identify(build) by extensions ['ignore', 'ignore_ament_install']
[0.811s] Level 1:colcon.colcon_core.package_identification:_identify(build) by extension 'ignore'
[0.811s] Level 1:colcon.colcon_core.package_identification:_identify(build) ignored
[0.811s] Level 1:colcon.colcon_core.package_identification:_identify(install) by extensions ['ignore', 'ignore_ament_install']
[0.812s] Level 1:colcon.colcon_core.package_identification:_identify(install) by extension 'ignore'
[0.812s] Level 1:colcon.colcon_core.package_identification:_identify(install) ignored
[0.812s] Level 1:colcon.colcon_core.package_identification:_identify(log) by extensions ['ignore', 'ignore_ament_install']
[0.812s] Level 1:colcon.colcon_core.package_identification:_identify(log) by extension 'ignore'
[0.813s] Level 1:colcon.colcon_core.package_identification:_identify(log) ignored
[0.813s] Level 1:colcon.colcon_core.package_identification:_identify(src) by extensions ['ignore', 'ignore_ament_install']
[0.813s] Level 1:colcon.colcon_core.package_identification:_identify(src) by extension 'ignore'
[0.813s] Level 1:colcon.colcon_core.package_identification:_identify(src) by extension 'ignore_ament_install'
[0.813s] Level 1:colcon.colcon_core.package_identification:_identify(src) by extensions ['colcon_pkg']
[0.813s] Level 1:colcon.colcon_core.package_identification:_identify(src) by extension 'colcon_pkg'
[0.813s] Level 1:colcon.colcon_core.package_identification:_identify(src) by extensions ['colcon_meta']
[0.813s] Level 1:colcon.colcon_core.package_identification:_identify(src) by extension 'colcon_meta'
[0.814s] Level 1:colcon.colcon_core.package_identification:_identify(src) by extensions ['ros']
[0.814s] Level 1:colcon.colcon_core.package_identification:_identify(src) by extension 'ros'
[0.814s] Level 1:colcon.colcon_core.package_identification:_identify(src) by extensions ['cmake', 'python']
[0.815s] Level 1:colcon.colcon_core.package_identification:_identify(src) by extension 'cmake'
[0.815s] Level 1:colcon.colcon_core.package_identification:_identify(src) by extension 'python'
[0.815s] Level 1:colcon.colcon_core.package_identification:_identify(src) by extensions ['python_setup_py']
[0.815s] Level 1:colcon.colcon_core.package_identification:_identify(src) by extension 'python_setup_py'
[0.815s] Level 1:colcon.colcon_core.package_identification:_identify(src/village_interfaces) by extensions ['ignore', 'ignore_ament_install']
[0.816s] Level 1:colcon.colcon_core.package_identification:_identify(src/village_interfaces) by extension 'ignore'
[0.816s] Level 1:colcon.colcon_core.package_identification:_identify(src/village_interfaces) by extension 'ignore_ament_install'
[0.817s] Level 1:colcon.colcon_core.package_identification:_identify(src/village_interfaces) by extensions ['colcon_pkg']
[0.817s] Level 1:colcon.colcon_core.package_identification:_identify(src/village_interfaces) by extension 'colcon_pkg'
[0.817s] Level 1:colcon.colcon_core.package_identification:_identify(src/village_interfaces) by extensions ['colcon_meta']
[0.817s] Level 1:colcon.colcon_core.package_identification:_identify(src/village_interfaces) by extension 'colcon_meta'
[0.817s] Level 1:colcon.colcon_core.package_identification:_identify(src/village_interfaces) by extensions ['ros']
[0.817s] Level 1:colcon.colcon_core.package_identification:_identify(src/village_interfaces) by extension 'ros'
[0.824s] DEBUG:colcon.colcon_core.package_identification:Package 'src/village_interfaces' with type 'ros.ament_cmake' and name 'village_interfaces'
[0.824s] Level 1:colcon.colcon_core.package_identification:_identify(src/village_operator) by extensions ['ignore', 'ignore_ament_install']
[0.825s] Level 1:colcon.colcon_core.package_identification:_identify(src/village_operator) by extension 'ignore'
[0.826s] Level 1:colcon.colcon_core.package_identification:_identify(src/village_operator) by extension 'ignore_ament_install'
[0.826s] Level 1:colcon.colcon_core.package_identification:_identify(src/village_operator) by extensions ['colcon_pkg']
[0.826s] Level 1:colcon.colcon_core.package_identification:_identify(src/village_operator) by extension 'colcon_pkg'
[0.827s] Level 1:colcon.colcon_core.package_identification:_identify(src/village_operator) by extensions ['colcon_meta']
[0.827s] Level 1:colcon.colcon_core.package_identification:_identify(src/village_operator) by extension 'colcon_meta'
[0.828s] Level 1:colcon.colcon_core.package_identification:_identify(src/village_operator) by extensions ['ros']
[0.828s] Level 1:colcon.colcon_core.package_identification:_identify(src/village_operator) by extension 'ros'
[0.830s] DEBUG:colcon.colcon_core.package_identification:Package 'src/village_operator' with type 'ros.ament_cmake' and name 'village_operator'
[0.831s] Level 1:colcon.colcon_core.package_identification:_identify(src/village_task) by extensions ['ignore', 'ignore_ament_install']
[0.832s] Level 1:colcon.colcon_core.package_identification:_identify(src/village_task) by extension 'ignore'
[0.833s] Level 1:colcon.colcon_core.package_identification:_identify(src/village_task) by extension 'ignore_ament_install'
[0.833s] Level 1:colcon.colcon_core.package_identification:_identify(src/village_task) by extensions ['colcon_pkg']
[0.833s] Level 1:colcon.colcon_core.package_identification:_identify(src/village_task) by extension 'colcon_pkg'
[0.833s] Level 1:colcon.colcon_core.package_identification:_identify(src/village_task) by extensions ['colcon_meta']
[0.833s] Level 1:colcon.colcon_core.package_identification:_identify(src/village_task) by extension 'colcon_meta'
[0.833s] Level 1:colcon.colcon_core.package_identification:_identify(src/village_task) by extensions ['ros']
[0.833s] Level 1:colcon.colcon_core.package_identification:_identify(src/village_task) by extension 'ros'
[0.835s] DEBUG:colcon.colcon_core.package_identification:Package 'src/village_task' with type 'ros.ament_cmake' and name 'village_task'
[0.835s] Level 1:colcon.colcon_core.package_discovery:discover_packages(recursive) using defaults
[0.835s] Level 1:colcon.colcon_core.package_discovery:discover_packages(ignore) discover
[0.835s] Level 1:colcon.colcon_core.package_discovery:discover_packages(ignore) using defaults
[0.835s] Level 1:colcon.colcon_core.package_discovery:discover_packages(path) discover
[0.835s] Level 1:colcon.colcon_core.package_discovery:discover_packages(path) using defaults
[0.901s] INFO:colcon.colcon_core.package_selection:Skipping not selected package 'village_interfaces' in 'src/village_interfaces'
[0.901s] INFO:colcon.colcon_core.package_selection:Skipping not selected package 'village_task' in 'src/village_task'
[0.902s] Level 1:colcon.colcon_core.package_discovery:discover_packages(prefix_path) check parameters
[0.902s] Level 1:colcon.colcon_core.package_discovery:discover_packages(prefix_path) discover
[0.909s] DEBUG:colcon.colcon_installed_package_information.package_discovery:Found 3 installed packages in /home/lichaoyue/Desktop/tasktown_ws/install
[0.912s] DEBUG:colcon.colcon_installed_package_information.package_discovery:Found 308 installed packages in /opt/ros/humble
[0.919s] Level 1:colcon.colcon_core.package_discovery:discover_packages(prefix_path) using defaults
[1.048s] Level 5:colcon.colcon_core.verb:set package 'village_operator' build argument 'cmake_args' from command line to 'None'
[1.048s] Level 5:colcon.colcon_core.verb:set package 'village_operator' build argument 'cmake_target' from command line to 'None'
[1.048s] Level 5:colcon.colcon_core.verb:set package 'village_operator' build argument 'cmake_target_skip_unavailable' from command line to 'False'
[1.048s] Level 5:colcon.colcon_core.verb:set package 'village_operator' build argument 'cmake_clean_cache' from command line to 'False'
[1.048s] Level 5:colcon.colcon_core.verb:set package 'village_operator' build argument 'cmake_clean_first' from command line to 'False'
[1.048s] Level 5:colcon.colcon_core.verb:set package 'village_operator' build argument 'cmake_force_configure' from command line to 'False'
[1.049s] Level 5:colcon.colcon_core.verb:set package 'village_operator' build argument 'ament_cmake_args' from command line to 'None'
[1.049s] Level 5:colcon.colcon_core.verb:set package 'village_operator' build argument 'catkin_cmake_args' from command line to 'None'
[1.049s] Level 5:colcon.colcon_core.verb:set package 'village_operator' build argument 'catkin_skip_building_tests' from command line to 'False'
[1.049s] DEBUG:colcon.colcon_core.verb:Building package 'village_operator' with the following arguments: {'ament_cmake_args': None, 'build_base': '/home/lichaoyue/Desktop/tasktown_ws/build/village_operator', 'catkin_cmake_args': None, 'catkin_skip_building_tests': False, 'cmake_args': None, 'cmake_clean_cache': False, 'cmake_clean_first': False, 'cmake_force_configure': False, 'cmake_target': None, 'cmake_target_skip_unavailable': False, 'install_base': '/home/lichaoyue/Desktop/tasktown_ws/install/village_operator', 'merge_install': False, 'path': '/home/lichaoyue/Desktop/tasktown_ws/src/village_operator', 'symlink_install': False, 'test_result_base': None}
[1.049s] INFO:colcon.colcon_core.executor:Executing jobs using 'parallel' executor
[1.052s] DEBUG:colcon.colcon_parallel_executor.executor.parallel:run_until_complete
[1.053s] INFO:colcon.colcon_ros.task.ament_cmake.build:Building ROS package in '/home/lichaoyue/Desktop/tasktown_ws/src/village_operator' with build type 'ament_cmake'
[1.053s] INFO:colcon.colcon_cmake.task.cmake.build:Building CMake package in '/home/lichaoyue/Desktop/tasktown_ws/src/village_operator'
[1.059s] INFO:colcon.colcon_core.plugin_system:Skipping extension 'colcon_core.shell.bat': Not used on non-Windows systems
[1.060s] INFO:colcon.colcon_core.shell:Skip shell extension 'powershell' for command environment: Not usable outside of PowerShell
[1.060s] DEBUG:colcon.colcon_core.shell:Skip shell extension 'dsv' for command environment
[1.101s] DEBUG:colcon.colcon_core.event_handler.log_command:Invoking command in '/home/lichaoyue/Desktop/tasktown_ws/build/village_operator': CMAKE_PREFIX_PATH=/home/lichaoyue/Desktop/tasktown_ws/install/village_interfaces:/home/lichaoyue/Desktop/tasktown_ws/install/village_task:/home/lichaoyue/Desktop/tasktown_ws/install/village_operator:/opt/ros/humble /usr/bin/cmake --build /home/lichaoyue/Desktop/tasktown_ws/build/village_operator -- -j12 -l12
[11.870s] DEBUG:colcon.colcon_core.event_handler.log_command:Invoked command in '/home/lichaoyue/Desktop/tasktown_ws/build/village_operator' returned '0': CMAKE_PREFIX_PATH=/home/lichaoyue/Desktop/tasktown_ws/install/village_interfaces:/home/lichaoyue/Desktop/tasktown_ws/install/village_task:/home/lichaoyue/Desktop/tasktown_ws/install/village_operator:/opt/ros/humble /usr/bin/cmake --build /home/lichaoyue/Desktop/tasktown_ws/build/village_operator -- -j12 -l12
[12.002s] DEBUG:colcon.colcon_core.event_handler.log_command:Invoking command in '/home/lichaoyue/Desktop/tasktown_ws/build/village_operator': CMAKE_PREFIX_PATH=/home/lichaoyue/Desktop/tasktown_ws/install/village_interfaces:/home/lichaoyue/Desktop/tasktown_ws/install/village_task:/home/lichaoyue/Desktop/tasktown_ws/install/village_operator:/opt/ros/humble /usr/bin/cmake --install /home/lichaoyue/Desktop/tasktown_ws/build/village_operator
[12.032s] Level 1:colcon.colcon_core.environment:create_environment_scripts_only(village_operator)
[12.036s] DEBUG:colcon.colcon_core.event_handler.log_command:Invoked command in '/home/lichaoyue/Desktop/tasktown_ws/build/village_operator' returned '0': CMAKE_PREFIX_PATH=/home/lichaoyue/Desktop/tasktown_ws/install/village_interfaces:/home/lichaoyue/Desktop/tasktown_ws/install/village_task:/home/lichaoyue/Desktop/tasktown_ws/install/village_operator:/opt/ros/humble /usr/bin/cmake --install /home/lichaoyue/Desktop/tasktown_ws/build/village_operator
[12.040s] Level 1:colcon.colcon_core.environment:checking '/home/lichaoyue/Desktop/tasktown_ws/install/village_operator' for CMake module files
[12.041s] Level 1:colcon.colcon_core.environment:checking '/home/lichaoyue/Desktop/tasktown_ws/install/village_operator' for CMake config files
[12.042s] Level 1:colcon.colcon_core.shell:create_environment_hook('village_operator', 'cmake_prefix_path')
[12.042s] INFO:colcon.colcon_core.shell:Creating environment hook '/home/lichaoyue/Desktop/tasktown_ws/install/village_operator/share/village_operator/hook/cmake_prefix_path.ps1'
[12.044s] INFO:colcon.colcon_core.shell:Creating environment descriptor '/home/lichaoyue/Desktop/tasktown_ws/install/village_operator/share/village_operator/hook/cmake_prefix_path.dsv'
[12.045s] INFO:colcon.colcon_core.shell:Creating environment hook '/home/lichaoyue/Desktop/tasktown_ws/install/village_operator/share/village_operator/hook/cmake_prefix_path.sh'
[12.048s] Level 1:colcon.colcon_core.environment:checking '/home/lichaoyue/Desktop/tasktown_ws/install/village_operator/lib'
[12.048s] Level 1:colcon.colcon_core.environment:checking '/home/lichaoyue/Desktop/tasktown_ws/install/village_operator/bin'
[12.049s] Level 1:colcon.colcon_core.environment:checking '/home/lichaoyue/Desktop/tasktown_ws/install/village_operator/lib/pkgconfig/village_operator.pc'
[12.049s] Level 1:colcon.colcon_core.environment:checking '/home/lichaoyue/Desktop/tasktown_ws/install/village_operator/lib/python3.10/site-packages'
[12.050s] Level 1:colcon.colcon_core.environment:checking '/home/lichaoyue/Desktop/tasktown_ws/install/village_operator/bin'
[12.050s] INFO:colcon.colcon_core.shell:Creating package script '/home/lichaoyue/Desktop/tasktown_ws/install/village_operator/share/village_operator/package.ps1'
[12.052s] INFO:colcon.colcon_core.shell:Creating package descriptor '/home/lichaoyue/Desktop/tasktown_ws/install/village_operator/share/village_operator/package.dsv'
[12.055s] INFO:colcon.colcon_core.shell:Creating package script '/home/lichaoyue/Desktop/tasktown_ws/install/village_operator/share/village_operator/package.sh'
[12.058s] INFO:colcon.colcon_core.shell:Creating package script '/home/lichaoyue/Desktop/tasktown_ws/install/village_operator/share/village_operator/package.bash'
[12.060s] INFO:colcon.colcon_core.shell:Creating package script '/home/lichaoyue/Desktop/tasktown_ws/install/village_operator/share/village_operator/package.zsh'
[12.062s] Level 1:colcon.colcon_core.environment:create_file_with_runtime_dependencies(/home/lichaoyue/Desktop/tasktown_ws/install/village_operator/share/colcon-core/packages/village_operator)
[12.172s] Level 1:colcon.colcon_core.environment:create_environment_scripts_only(village_operator)
[12.173s] Level 1:colcon.colcon_core.environment:checking '/home/lichaoyue/Desktop/tasktown_ws/install/village_operator' for CMake module files
[12.174s] Level 1:colcon.colcon_core.environment:checking '/home/lichaoyue/Desktop/tasktown_ws/install/village_operator' for CMake config files
[12.174s] Level 1:colcon.colcon_core.shell:create_environment_hook('village_operator', 'cmake_prefix_path')
[12.175s] INFO:colcon.colcon_core.shell:Creating environment hook '/home/lichaoyue/Desktop/tasktown_ws/install/village_operator/share/village_operator/hook/cmake_prefix_path.ps1'
[12.176s] INFO:colcon.colcon_core.shell:Creating environment descriptor '/home/lichaoyue/Desktop/tasktown_ws/install/village_operator/share/village_operator/hook/cmake_prefix_path.dsv'
[12.177s] INFO:colcon.colcon_core.shell:Creating environment hook '/home/lichaoyue/Desktop/tasktown_ws/install/village_operator/share/village_operator/hook/cmake_prefix_path.sh'
[12.178s] Level 1:colcon.colcon_core.environment:checking '/home/lichaoyue/Desktop/tasktown_ws/install/village_operator/lib'
[12.179s] Level 1:colcon.colcon_core.environment:checking '/home/lichaoyue/Desktop/tasktown_ws/install/village_operator/bin'
[12.179s] Level 1:colcon.colcon_core.environment:checking '/home/lichaoyue/Desktop/tasktown_ws/install/village_operator/lib/pkgconfig/village_operator.pc'
[12.179s] Level 1:colcon.colcon_core.environment:checking '/home/lichaoyue/Desktop/tasktown_ws/install/village_operator/lib/python3.10/site-packages'
[12.180s] Level 1:colcon.colcon_core.environment:checking '/home/lichaoyue/Desktop/tasktown_ws/install/village_operator/bin'
[12.181s] INFO:colcon.colcon_core.shell:Creating package script '/home/lichaoyue/Desktop/tasktown_ws/install/village_operator/share/village_operator/package.ps1'
[12.182s] INFO:colcon.colcon_core.shell:Creating package descriptor '/home/lichaoyue/Desktop/tasktown_ws/install/village_operator/share/village_operator/package.dsv'
[12.183s] INFO:colcon.colcon_core.shell:Creating package script '/home/lichaoyue/Desktop/tasktown_ws/install/village_operator/share/village_operator/package.sh'
[12.184s] INFO:colcon.colcon_core.shell:Creating package script '/home/lichaoyue/Desktop/tasktown_ws/install/village_operator/share/village_operator/package.bash'
[12.185s] INFO:colcon.colcon_core.shell:Creating package script '/home/lichaoyue/Desktop/tasktown_ws/install/village_operator/share/village_operator/package.zsh'
[12.187s] Level 1:colcon.colcon_core.environment:create_file_with_runtime_dependencies(/home/lichaoyue/Desktop/tasktown_ws/install/village_operator/share/colcon-core/packages/village_operator)
[12.188s] DEBUG:colcon.colcon_parallel_executor.executor.parallel:closing loop
[12.189s] DEBUG:colcon.colcon_parallel_executor.executor.parallel:loop closed
[12.190s] DEBUG:colcon.colcon_parallel_executor.executor.parallel:run_until_complete finished with '0'
[12.190s] DEBUG:colcon.colcon_core.event_reactor:joining thread
[12.202s] INFO:colcon.colcon_core.plugin_system:Skipping extension 'colcon_notification.desktop_notification.terminal_notifier': Not used on non-Darwin systems
[12.202s] INFO:colcon.colcon_core.plugin_system:Skipping extension 'colcon_notification.desktop_notification.win32': Not used on non-Windows systems
[12.203s] INFO:colcon.colcon_notification.desktop_notification:Sending desktop notification using 'notify2'
[12.239s] DEBUG:colcon.colcon_core.event_reactor:joined thread
[12.239s] INFO:colcon.colcon_core.shell:Creating prefix script '/home/lichaoyue/Desktop/tasktown_ws/install/local_setup.ps1'
[12.242s] INFO:colcon.colcon_core.shell:Creating prefix util module '/home/lichaoyue/Desktop/tasktown_ws/install/_local_setup_util_ps1.py'
[12.245s] INFO:colcon.colcon_core.shell:Creating prefix chain script '/home/lichaoyue/Desktop/tasktown_ws/install/setup.ps1'
[12.248s] INFO:colcon.colcon_core.shell:Creating prefix script '/home/lichaoyue/Desktop/tasktown_ws/install/local_setup.sh'
[12.249s] INFO:colcon.colcon_core.shell:Creating prefix util module '/home/lichaoyue/Desktop/tasktown_ws/install/_local_setup_util_sh.py'
[12.251s] INFO:colcon.colcon_core.shell:Creating prefix chain script '/home/lichaoyue/Desktop/tasktown_ws/install/setup.sh'
[12.253s] INFO:colcon.colcon_core.shell:Creating prefix script '/home/lichaoyue/Desktop/tasktown_ws/install/local_setup.bash'
[12.254s] INFO:colcon.colcon_core.shell:Creating prefix chain script '/home/lichaoyue/Desktop/tasktown_ws/install/setup.bash'
[12.257s] INFO:colcon.colcon_core.shell:Creating prefix script '/home/lichaoyue/Desktop/tasktown_ws/install/local_setup.zsh'
[12.258s] INFO:colcon.colcon_core.shell:Creating prefix chain script '/home/lichaoyue/Desktop/tasktown_ws/install/setup.zsh'
