[0.024s] Invoking command in '/home/lichaoyue/Desktop/tasktown_ws/build/village_task': CMAKE_PREFIX_PATH=/home/lichaoyue/Desktop/tasktown_ws/install/village_interfaces:/home/lichaoyue/Desktop/tasktown_ws/install/village_taskgroups:/home/lichaoyue/Desktop/tasktown_ws/install/village_task:/home/lichaoyue/Desktop/tasktown_ws/install/village_operator:/opt/ros/humble /usr/bin/cmake --build /home/lichaoyue/Desktop/tasktown_ws/build/village_task -- -j12 -l12
[0.105s] [ 50%] [32mBuilding CXX object CMakeFiles/task_node.dir/src/task.cpp.o[0m
[5.294s] [100%] [32m[1mLinking CXX executable task_node[0m
[5.502s] [100%] Built target task_node
[5.519s] Invoked command in '/home/lichaoyue/Desktop/tasktown_ws/build/village_task' returned '0': CMAKE_PREFIX_PATH=/home/lichaoyue/Desktop/tasktown_ws/install/village_interfaces:/home/lichaoyue/Desktop/tasktown_ws/install/village_taskgroups:/home/lichaoyue/Desktop/tasktown_ws/install/village_task:/home/lichaoyue/Desktop/tasktown_ws/install/village_operator:/opt/ros/humble /usr/bin/cmake --build /home/lichaoyue/Desktop/tasktown_ws/build/village_task -- -j12 -l12
[5.608s] Invoking command in '/home/lichaoyue/Desktop/tasktown_ws/build/village_task': CMAKE_PREFIX_PATH=/home/lichaoyue/Desktop/tasktown_ws/install/village_interfaces:/home/lichaoyue/Desktop/tasktown_ws/install/village_taskgroups:/home/lichaoyue/Desktop/tasktown_ws/install/village_task:/home/lichaoyue/Desktop/tasktown_ws/install/village_operator:/opt/ros/humble /usr/bin/cmake --install /home/lichaoyue/Desktop/tasktown_ws/build/village_task
[5.612s] -- Install configuration: ""
[5.613s] -- Up-to-date: /home/lichaoyue/Desktop/tasktown_ws/install/village_task/share/ament_index/resource_index/package_run_dependencies/village_task
[5.613s] -- Up-to-date: /home/lichaoyue/Desktop/tasktown_ws/install/village_task/share/ament_index/resource_index/parent_prefix_path/village_task
[5.613s] -- Up-to-date: /home/lichaoyue/Desktop/tasktown_ws/install/village_task/share/village_task/environment/ament_prefix_path.sh
[5.613s] -- Up-to-date: /home/lichaoyue/Desktop/tasktown_ws/install/village_task/share/village_task/environment/ament_prefix_path.dsv
[5.613s] -- Up-to-date: /home/lichaoyue/Desktop/tasktown_ws/install/village_task/share/village_task/environment/path.sh
[5.613s] -- Up-to-date: /home/lichaoyue/Desktop/tasktown_ws/install/village_task/share/village_task/environment/path.dsv
[5.613s] -- Up-to-date: /home/lichaoyue/Desktop/tasktown_ws/install/village_task/share/village_task/local_setup.bash
[5.614s] -- Up-to-date: /home/lichaoyue/Desktop/tasktown_ws/install/village_task/share/village_task/local_setup.sh
[5.614s] -- Up-to-date: /home/lichaoyue/Desktop/tasktown_ws/install/village_task/share/village_task/local_setup.zsh
[5.614s] -- Up-to-date: /home/lichaoyue/Desktop/tasktown_ws/install/village_task/share/village_task/local_setup.dsv
[5.614s] -- Installing: /home/lichaoyue/Desktop/tasktown_ws/install/village_task/share/village_task/package.dsv
[5.614s] -- Up-to-date: /home/lichaoyue/Desktop/tasktown_ws/install/village_task/share/ament_index/resource_index/packages/village_task
[5.614s] -- Up-to-date: /home/lichaoyue/Desktop/tasktown_ws/install/village_task/share/village_task/cmake/village_taskConfig.cmake
[5.614s] -- Up-to-date: /home/lichaoyue/Desktop/tasktown_ws/install/village_task/share/village_task/cmake/village_taskConfig-version.cmake
[5.614s] -- Up-to-date: /home/lichaoyue/Desktop/tasktown_ws/install/village_task/share/village_task/package.xml
[5.614s] -- Installing: /home/lichaoyue/Desktop/tasktown_ws/install/village_task/lib/village_task/task_node
[5.621s] -- Set runtime path of "/home/lichaoyue/Desktop/tasktown_ws/install/village_task/lib/village_task/task_node" to ""
[5.623s] Invoked command in '/home/lichaoyue/Desktop/tasktown_ws/build/village_task' returned '0': CMAKE_PREFIX_PATH=/home/lichaoyue/Desktop/tasktown_ws/install/village_interfaces:/home/lichaoyue/Desktop/tasktown_ws/install/village_taskgroups:/home/lichaoyue/Desktop/tasktown_ws/install/village_task:/home/lichaoyue/Desktop/tasktown_ws/install/village_operator:/opt/ros/humble /usr/bin/cmake --install /home/lichaoyue/Desktop/tasktown_ws/build/village_task
