[0.015s] Invoking command in '/home/lichaoyue/Desktop/tasktown_ws/build/village_operator': AMENT_PREFIX_PATH=/home/lichaoyue/Desktop/tasktown_ws/install/village_interfaces:${AMENT_PREFIX_PATH} CMAKE_PREFIX_PATH=/home/lichaoyue/Desktop/tasktown_ws/install/village_interfaces:/opt/ros/humble LD_LIBRARY_PATH=/home/lichaoyue/Desktop/tasktown_ws/install/village_interfaces/lib:${LD_LIBRARY_PATH} PYTHONPATH=/home/lichaoyue/Desktop/tasktown_ws/install/village_interfaces/local/lib/python3.10/dist-packages:${PYTHONPATH} /usr/bin/cmake --build /home/lichaoyue/Desktop/tasktown_ws/build/village_operator -- -j12 -l12
[0.078s] [35m[1mConsolidate compiler generated dependencies of target operator_node[0m
[0.108s] [ 50%] [32mBuilding CXX object CMakeFiles/operator_node.dir/src/operator.cpp.o[0m
[3.927s] In file included from [01m[K/usr/include/c++/11/bits/stl_algobase.h:71[m[K,
[3.927s]                  from [01m[K/usr/include/c++/11/memory:63[m[K,
[3.927s]                  from [01m[K/opt/ros/humble/include/rclcpp/rclcpp/rclcpp.hpp:153[m[K,
[3.927s]                  from [01m[K/home/lichaoyue/Desktop/tasktown_ws/src/village_operator/src/operator.cpp:2[m[K:
[3.927s] /usr/include/c++/11/bits/predefined_ops.h: In instantiation of ‘[01m[Kbool __gnu_cxx::__ops::_Iter_equals_val<_Value>::operator()(_Iterator) [with _Iterator = __gnu_cxx::__normal_iterator<Operator*, std::vector<Operator> >; _Value = const Operator][m[K’:
[3.927s] [01m[K/usr/include/c++/11/bits/stl_algobase.h:2069:14:[m[K   required from ‘[01m[K_RandomAccessIterator std::__find_if(_RandomAccessIterator, _RandomAccessIterator, _Predicate, std::random_access_iterator_tag) [with _RandomAccessIterator = __gnu_cxx::__normal_iterator<Operator*, std::vector<Operator> >; _Predicate = __gnu_cxx::__ops::_Iter_equals_val<const Operator>][m[K’
[3.927s] [01m[K/usr/include/c++/11/bits/stl_algobase.h:2114:23:[m[K   required from ‘[01m[K_Iterator std::__find_if(_Iterator, _Iterator, _Predicate) [with _Iterator = __gnu_cxx::__normal_iterator<Operator*, std::vector<Operator> >; _Predicate = __gnu_cxx::__ops::_Iter_equals_val<const Operator>][m[K’
[3.927s] [01m[K/usr/include/c++/11/bits/stl_algo.h:3884:28:[m[K   required from ‘[01m[K_IIter std::find(_IIter, _IIter, const _Tp&) [with _IIter = __gnu_cxx::__normal_iterator<Operator*, std::vector<Operator> >; _Tp = Operator][m[K’
[3.928s] [01m[K/home/lichaoyue/Desktop/tasktown_ws/src/village_operator/src/operator.cpp:480:100:[m[K   required from here
[3.928s] [01m[K/usr/include/c++/11/bits/predefined_ops.h:270:24:[m[K [01;31m[Kerror: [m[Kno match for ‘[01m[Koperator==[m[K’ (operand types are ‘[01m[KOperator[m[K’ and ‘[01m[Kconst Operator[m[K’)
[3.928s]   270 |         { return [01;31m[K*__it == _M_value[m[K; }
[3.928s]       |                  [01;31m[K~~~~~~^~~~~~~~~~~[m[K
[3.929s] In file included from [01m[K/usr/include/c++/11/bits/stl_algobase.h:67[m[K,
[3.929s]                  from [01m[K/usr/include/c++/11/memory:63[m[K,
[3.929s]                  from [01m[K/opt/ros/humble/include/rclcpp/rclcpp/rclcpp.hpp:153[m[K,
[3.929s]                  from [01m[K/home/lichaoyue/Desktop/tasktown_ws/src/village_operator/src/operator.cpp:2[m[K:
[3.929s] [01m[K/usr/include/c++/11/bits/stl_iterator.h:1155:5:[m[K [01;36m[Knote: [m[Kcandidate: ‘[01m[Ktemplate<class _IteratorL, class _IteratorR, class _Container> bool __gnu_cxx::operator==(const __gnu_cxx::__normal_iterator<_IteratorL, _Container>&, const __gnu_cxx::__normal_iterator<_IteratorR, _Container>&)[m[K’
[3.930s]  1155 |     [01;36m[Koperator[m[K==(const __normal_iterator<_IteratorL, _Container>& __lhs,
[3.930s]       |     [01;36m[K^~~~~~~~[m[K
[3.930s] [01m[K/usr/include/c++/11/bits/stl_iterator.h:1155:5:[m[K [01;36m[Knote: [m[K  template argument deduction/substitution failed:
[3.930s] In file included from [01m[K/usr/include/c++/11/bits/stl_algobase.h:71[m[K,
[3.930s]                  from [01m[K/usr/include/c++/11/memory:63[m[K,
[3.930s]                  from [01m[K/opt/ros/humble/include/rclcpp/rclcpp/rclcpp.hpp:153[m[K,
[3.930s]                  from [01m[K/home/lichaoyue/Desktop/tasktown_ws/src/village_operator/src/operator.cpp:2[m[K:
[3.930s] [01m[K/usr/include/c++/11/bits/predefined_ops.h:270:24:[m[K [01;36m[Knote: [m[K  ‘[01m[KOperator[m[K’ is not derived from ‘[01m[Kconst __gnu_cxx::__normal_iterator<_IteratorL, _Container>[m[K’
[3.930s]   270 |         { return [01;36m[K*__it == _M_value[m[K; }
[3.931s]       |                  [01;36m[K~~~~~~^~~~~~~~~~~[m[K
[3.931s] In file included from [01m[K/usr/include/c++/11/bits/stl_algobase.h:67[m[K,
[3.931s]                  from [01m[K/usr/include/c++/11/memory:63[m[K,
[3.931s]                  from [01m[K/opt/ros/humble/include/rclcpp/rclcpp/rclcpp.hpp:153[m[K,
[3.931s]                  from [01m[K/home/lichaoyue/Desktop/tasktown_ws/src/village_operator/src/operator.cpp:2[m[K:
[3.931s] [01m[K/usr/include/c++/11/bits/stl_iterator.h:1163:5:[m[K [01;36m[Knote: [m[Kcandidate: ‘[01m[Ktemplate<class _Iterator, class _Container> bool __gnu_cxx::operator==(const __gnu_cxx::__normal_iterator<_Iterator, _Container>&, const __gnu_cxx::__normal_iterator<_Iterator, _Container>&)[m[K’
[3.931s]  1163 |     [01;36m[Koperator[m[K==(const __normal_iterator<_Iterator, _Container>& __lhs,
[3.931s]       |     [01;36m[K^~~~~~~~[m[K
[3.932s] [01m[K/usr/include/c++/11/bits/stl_iterator.h:1163:5:[m[K [01;36m[Knote: [m[K  template argument deduction/substitution failed:
[3.932s] In file included from [01m[K/usr/include/c++/11/bits/stl_algobase.h:71[m[K,
[3.932s]                  from [01m[K/usr/include/c++/11/memory:63[m[K,
[3.932s]                  from [01m[K/opt/ros/humble/include/rclcpp/rclcpp/rclcpp.hpp:153[m[K,
[3.932s]                  from [01m[K/home/lichaoyue/Desktop/tasktown_ws/src/village_operator/src/operator.cpp:2[m[K:
[3.932s] [01m[K/usr/include/c++/11/bits/predefined_ops.h:270:24:[m[K [01;36m[Knote: [m[K  ‘[01m[KOperator[m[K’ is not derived from ‘[01m[Kconst __gnu_cxx::__normal_iterator<_Iterator, _Container>[m[K’
[3.932s]   270 |         { return [01;36m[K*__it == _M_value[m[K; }
[3.932s]       |                  [01;36m[K~~~~~~^~~~~~~~~~~[m[K
[4.650s] gmake[2]: *** [CMakeFiles/operator_node.dir/build.make:76：CMakeFiles/operator_node.dir/src/operator.cpp.o] 错误 1
[4.651s] gmake[1]: *** [CMakeFiles/Makefile2:137：CMakeFiles/operator_node.dir/all] 错误 2
[4.652s] gmake: *** [Makefile:146：all] 错误 2
[4.654s] Invoked command in '/home/lichaoyue/Desktop/tasktown_ws/build/village_operator' returned '2': AMENT_PREFIX_PATH=/home/lichaoyue/Desktop/tasktown_ws/install/village_interfaces:${AMENT_PREFIX_PATH} CMAKE_PREFIX_PATH=/home/lichaoyue/Desktop/tasktown_ws/install/village_interfaces:/opt/ros/humble LD_LIBRARY_PATH=/home/lichaoyue/Desktop/tasktown_ws/install/village_interfaces/lib:${LD_LIBRARY_PATH} PYTHONPATH=/home/lichaoyue/Desktop/tasktown_ws/install/village_interfaces/local/lib/python3.10/dist-packages:${PYTHONPATH} /usr/bin/cmake --build /home/lichaoyue/Desktop/tasktown_ws/build/village_operator -- -j12 -l12
