[0.040s] Invoking command in '/home/lichaoyue/Desktop/tasktown_ws/build/village_interfaces': CMAKE_PREFIX_PATH=/opt/ros/humble /usr/bin/cmake --build /home/lichaoyue/Desktop/tasktown_ws/build/village_interfaces -- -j12 -l12
[0.166s] -- Found ament_cmake: 1.3.8 (/opt/ros/humble/share/ament_cmake/cmake)
[0.653s] -- Found sensor_msgs: 4.2.3 (/opt/ros/humble/share/sensor_msgs/cmake)
[0.778s] -- Found rosidl_generator_c: 3.1.5 (/opt/ros/humble/share/rosidl_generator_c/cmake)
[0.798s] -- Found rosidl_adapter: 3.1.5 (/opt/ros/humble/share/rosidl_adapter/cmake)
[0.846s] -- Found rosidl_generator_cpp: 3.1.5 (/opt/ros/humble/share/rosidl_generator_cpp/cmake)
[0.905s] -- Using all available rosidl_typesupport_c: rosidl_typesupport_fastrtps_c;rosidl_typesupport_introspection_c
[0.974s] -- Using all available rosidl_typesupport_cpp: rosidl_typesupport_fastrtps_cpp;rosidl_typesupport_introspection_cpp
[1.621s] -- Found rosidl_default_generators: 1.2.0 (/opt/ros/humble/share/rosidl_default_generators/cmake)
[1.646s] -- Found ament_lint_auto: 0.12.10 (/opt/ros/humble/share/ament_lint_auto/cmake)
[2.510s] -- Found ament_cmake_ros: 0.10.0 (/opt/ros/humble/share/ament_cmake_ros/cmake)
[3.856s] -- Using all available rosidl_typesupport_c: rosidl_typesupport_fastrtps_c;rosidl_typesupport_introspection_c
[4.372s] -- Using all available rosidl_typesupport_cpp: rosidl_typesupport_fastrtps_cpp;rosidl_typesupport_introspection_cpp
[4.441s] -- Found python_cmake_module: 0.10.0 (/opt/ros/humble/share/python_cmake_module/cmake)
[4.507s] -- Using PYTHON_EXECUTABLE: /usr/bin/python3
[4.507s] -- Using PYTHON_INCLUDE_DIRS: /usr/include/python3.10
[4.507s] -- Using PYTHON_LIBRARIES: /usr/lib/x86_64-linux-gnu/libpython3.10.so
[4.675s] -- Added test 'lint_cmake' to check CMake code style
[4.679s] -- Added test 'xmllint' to check XML markup files
[4.712s] -- Configuring done
[4.886s] -- Generating done
[4.913s] -- Build files have been written to: /home/lichaoyue/Desktop/tasktown_ws/build/village_interfaces
[4.988s] [  1%] [34m[1mGenerating C code for ROS interfaces[0m
[5.015s] [  3%] [34m[1mGenerating C++ code for ROS interfaces[0m
[5.066s] [  3%] Built target ament_cmake_python_copy_village_interfaces
[5.639s] running egg_info
[5.642s] writing village_interfaces.egg-info/PKG-INFO
[5.644s] writing dependency_links to village_interfaces.egg-info/dependency_links.txt
[5.644s] writing top-level names to village_interfaces.egg-info/top_level.txt
[5.652s] reading manifest file 'village_interfaces.egg-info/SOURCES.txt'
[5.652s] writing manifest file 'village_interfaces.egg-info/SOURCES.txt'
[5.702s] [  3%] Built target ament_cmake_python_build_village_interfaces_egg
[6.118s] [  3%] Built target village_interfaces__cpp
[6.161s] [  5%] [34m[1mGenerating C++ introspection for ROS interfaces[0m
[6.165s] [  7%] [34m[1mGenerating C++ type support dispatch for ROS interfaces[0m
[6.170s] [  9%] [34m[1mGenerating C++ type support for eProsima Fast-RTPS[0m
[6.198s] [35m[1mConsolidate compiler generated dependencies of target village_interfaces__rosidl_generator_c[0m
[6.240s] [ 12%] [32mBuilding C object CMakeFiles/village_interfaces__rosidl_generator_c.dir/rosidl_generator_c/village_interfaces/srv/detail/borrow_money__functions.c.o[0m
[6.240s] [ 12%] [32mBuilding C object CMakeFiles/village_interfaces__rosidl_generator_c.dir/rosidl_generator_c/village_interfaces/msg/detail/task__functions.c.o[0m
[6.241s] [ 14%] [32mBuilding C object CMakeFiles/village_interfaces__rosidl_generator_c.dir/rosidl_generator_c/village_interfaces/srv/detail/task_assign__functions.c.o[0m
[6.248s] [ 16%] [32mBuilding C object CMakeFiles/village_interfaces__rosidl_generator_c.dir/rosidl_generator_c/village_interfaces/srv/detail/update_task__functions.c.o[0m
[6.473s] [ 18%] [32m[1mLinking C shared library libvillage_interfaces__rosidl_generator_c.so[0m
[6.648s] [ 18%] Built target village_interfaces__rosidl_generator_c
[6.687s] [ 20%] [34m[1mGenerating C introspection for ROS interfaces[0m
[6.688s] [ 21%] [34m[1mGenerating C type support dispatch for ROS interfaces[0m
[6.688s] [ 23%] [34m[1mGenerating C type support for eProsima Fast-RTPS[0m
[6.944s] [35m[1mConsolidate compiler generated dependencies of target village_interfaces__rosidl_typesupport_cpp[0m
[6.994s] [ 25%] [32mBuilding CXX object CMakeFiles/village_interfaces__rosidl_typesupport_cpp.dir/rosidl_typesupport_cpp/village_interfaces/msg/task__type_support.cpp.o[0m
[6.994s] [ 27%] [32mBuilding CXX object CMakeFiles/village_interfaces__rosidl_typesupport_cpp.dir/rosidl_typesupport_cpp/village_interfaces/srv/update_task__type_support.cpp.o[0m
[6.997s] [ 29%] [32mBuilding CXX object CMakeFiles/village_interfaces__rosidl_typesupport_cpp.dir/rosidl_typesupport_cpp/village_interfaces/srv/task_assign__type_support.cpp.o[0m
[6.999s] [ 30%] [32mBuilding CXX object CMakeFiles/village_interfaces__rosidl_typesupport_cpp.dir/rosidl_typesupport_cpp/village_interfaces/srv/borrow_money__type_support.cpp.o[0m
[7.094s] [35m[1mConsolidate compiler generated dependencies of target village_interfaces__rosidl_typesupport_introspection_cpp[0m
[7.169s] [ 32%] [32mBuilding CXX object CMakeFiles/village_interfaces__rosidl_typesupport_introspection_cpp.dir/rosidl_typesupport_introspection_cpp/village_interfaces/msg/detail/task__type_support.cpp.o[0m
[7.188s] [ 34%] [32mBuilding CXX object CMakeFiles/village_interfaces__rosidl_typesupport_introspection_cpp.dir/rosidl_typesupport_introspection_cpp/village_interfaces/srv/detail/borrow_money__type_support.cpp.o[0m
[7.198s] [ 36%] [32mBuilding CXX object CMakeFiles/village_interfaces__rosidl_typesupport_introspection_cpp.dir/rosidl_typesupport_introspection_cpp/village_interfaces/srv/detail/task_assign__type_support.cpp.o[0m
[7.208s] [ 38%] [32mBuilding CXX object CMakeFiles/village_interfaces__rosidl_typesupport_introspection_cpp.dir/rosidl_typesupport_introspection_cpp/village_interfaces/srv/detail/update_task__type_support.cpp.o[0m
[7.220s] [35m[1mConsolidate compiler generated dependencies of target village_interfaces__rosidl_typesupport_fastrtps_cpp[0m
[7.276s] [ 40%] [32mBuilding CXX object CMakeFiles/village_interfaces__rosidl_typesupport_fastrtps_cpp.dir/rosidl_typesupport_fastrtps_cpp/village_interfaces/msg/detail/dds_fastrtps/task__type_support.cpp.o[0m
[7.638s] [35m[1mConsolidate compiler generated dependencies of target village_interfaces__rosidl_typesupport_c[0m
[7.686s] [ 41%] [32mBuilding CXX object CMakeFiles/village_interfaces__rosidl_typesupport_c.dir/rosidl_typesupport_c/village_interfaces/msg/task__type_support.cpp.o[0m
[7.939s] [ 43%] [32mBuilding CXX object CMakeFiles/village_interfaces__rosidl_typesupport_c.dir/rosidl_typesupport_c/village_interfaces/srv/borrow_money__type_support.cpp.o[0m
[7.974s] [35m[1mConsolidate compiler generated dependencies of target village_interfaces__rosidl_typesupport_introspection_c[0m
[8.013s] [ 45%] [32mBuilding CXX object CMakeFiles/village_interfaces__rosidl_typesupport_fastrtps_cpp.dir/rosidl_typesupport_fastrtps_cpp/village_interfaces/srv/detail/dds_fastrtps/borrow_money__type_support.cpp.o[0m
[8.047s] [ 47%] [32mBuilding C object CMakeFiles/village_interfaces__rosidl_typesupport_introspection_c.dir/rosidl_typesupport_introspection_c/village_interfaces/srv/detail/borrow_money__type_support.c.o[0m
[8.047s] [ 49%] [32mBuilding CXX object CMakeFiles/village_interfaces__rosidl_typesupport_c.dir/rosidl_typesupport_c/village_interfaces/srv/task_assign__type_support.cpp.o[0m
[8.047s] [ 50%] [32mBuilding C object CMakeFiles/village_interfaces__rosidl_typesupport_introspection_c.dir/rosidl_typesupport_introspection_c/village_interfaces/msg/detail/task__type_support.c.o[0m
[8.070s] [ 52%] [32m[1mLinking CXX shared library libvillage_interfaces__rosidl_typesupport_cpp.so[0m
[8.082s] [35m[1mConsolidate compiler generated dependencies of target village_interfaces__rosidl_typesupport_fastrtps_c[0m
[8.095s] [ 54%] [32mBuilding CXX object CMakeFiles/village_interfaces__rosidl_typesupport_c.dir/rosidl_typesupport_c/village_interfaces/srv/update_task__type_support.cpp.o[0m
[8.166s] [ 56%] [32mBuilding CXX object CMakeFiles/village_interfaces__rosidl_typesupport_fastrtps_c.dir/rosidl_typesupport_fastrtps_c/village_interfaces/srv/detail/borrow_money__type_support_c.cpp.o[0m
[8.173s] [ 58%] [32mBuilding CXX object CMakeFiles/village_interfaces__rosidl_typesupport_fastrtps_c.dir/rosidl_typesupport_fastrtps_c/village_interfaces/msg/detail/task__type_support_c.cpp.o[0m
[8.218s] [ 60%] [32mBuilding C object CMakeFiles/village_interfaces__rosidl_typesupport_introspection_c.dir/rosidl_typesupport_introspection_c/village_interfaces/srv/detail/task_assign__type_support.c.o[0m
[8.252s] [ 60%] Built target village_interfaces__rosidl_typesupport_cpp
[8.254s] [ 61%] [32mBuilding C object CMakeFiles/village_interfaces__rosidl_typesupport_introspection_c.dir/rosidl_typesupport_introspection_c/village_interfaces/srv/detail/update_task__type_support.c.o[0m
[8.291s] [ 63%] [32m[1mLinking CXX shared library libvillage_interfaces__rosidl_typesupport_c.so[0m
[8.340s] [ 65%] [32mBuilding CXX object CMakeFiles/village_interfaces__rosidl_typesupport_fastrtps_c.dir/rosidl_typesupport_fastrtps_c/village_interfaces/srv/detail/task_assign__type_support_c.cpp.o[0m
[8.348s] [ 67%] [32mBuilding CXX object CMakeFiles/village_interfaces__rosidl_typesupport_fastrtps_c.dir/rosidl_typesupport_fastrtps_c/village_interfaces/srv/detail/update_task__type_support_c.cpp.o[0m
[8.389s] [ 69%] [32mBuilding CXX object CMakeFiles/village_interfaces__rosidl_typesupport_fastrtps_cpp.dir/rosidl_typesupport_fastrtps_cpp/village_interfaces/srv/detail/dds_fastrtps/task_assign__type_support.cpp.o[0m
[8.503s] [ 70%] [32mBuilding CXX object CMakeFiles/village_interfaces__rosidl_typesupport_fastrtps_cpp.dir/rosidl_typesupport_fastrtps_cpp/village_interfaces/srv/detail/dds_fastrtps/update_task__type_support.cpp.o[0m
[8.536s] [ 72%] [32m[1mLinking C shared library libvillage_interfaces__rosidl_typesupport_introspection_c.so[0m
[8.544s] [ 72%] Built target village_interfaces__rosidl_typesupport_c
[8.552s] [ 74%] [32m[1mLinking CXX shared library libvillage_interfaces__rosidl_typesupport_introspection_cpp.so[0m
[8.669s] [ 74%] Built target village_interfaces__rosidl_typesupport_introspection_c
[8.781s] [ 74%] Built target village_interfaces__rosidl_typesupport_introspection_cpp
[9.303s] [ 76%] [32m[1mLinking CXX shared library libvillage_interfaces__rosidl_typesupport_fastrtps_c.so[0m
[9.469s] [ 76%] Built target village_interfaces__rosidl_typesupport_fastrtps_c
[9.668s] [ 78%] [32m[1mLinking CXX shared library libvillage_interfaces__rosidl_typesupport_fastrtps_cpp.so[0m
[9.892s] [ 78%] Built target village_interfaces__rosidl_typesupport_fastrtps_cpp
[9.962s] [ 78%] Built target village_interfaces
[10.028s] [ 80%] [34m[1mGenerating Python code for ROS interfaces[0m
[12.084s] [ 80%] Built target village_interfaces__py
[12.123s] [35m[1mConsolidate compiler generated dependencies of target village_interfaces__rosidl_generator_py[0m
[12.167s] [ 81%] [32mBuilding C object CMakeFiles/village_interfaces__rosidl_generator_py.dir/rosidl_generator_py/village_interfaces/msg/_task_s.c.o[0m
[12.175s] [ 87%] [32mBuilding C object CMakeFiles/village_interfaces__rosidl_generator_py.dir/rosidl_generator_py/village_interfaces/srv/_borrow_money_s.c.o[0m
[12.175s] [ 87%] [32mBuilding C object CMakeFiles/village_interfaces__rosidl_generator_py.dir/rosidl_generator_py/village_interfaces/srv/_update_task_s.c.o[0m
[12.176s] [ 87%] [32mBuilding C object CMakeFiles/village_interfaces__rosidl_generator_py.dir/rosidl_generator_py/village_interfaces/srv/_task_assign_s.c.o[0m
[12.597s] [ 89%] [32m[1mLinking C shared library rosidl_generator_py/village_interfaces/libvillage_interfaces__rosidl_generator_py.so[0m
[12.736s] [ 89%] Built target village_interfaces__rosidl_generator_py
[12.779s] [35m[1mConsolidate compiler generated dependencies of target village_interfaces__rosidl_typesupport_c__pyext[0m
[12.779s] [35m[1mConsolidate compiler generated dependencies of target village_interfaces__rosidl_typesupport_fastrtps_c__pyext[0m
[12.779s] [35m[1mConsolidate compiler generated dependencies of target village_interfaces__rosidl_typesupport_introspection_c__pyext[0m
[12.811s] [ 90%] [32mBuilding C object CMakeFiles/village_interfaces__rosidl_typesupport_introspection_c__pyext.dir/rosidl_generator_py/village_interfaces/_village_interfaces_s.ep.rosidl_typesupport_introspection_c.c.o[0m
[12.824s] [ 94%] [32mBuilding C object CMakeFiles/village_interfaces__rosidl_typesupport_c__pyext.dir/rosidl_generator_py/village_interfaces/_village_interfaces_s.ep.rosidl_typesupport_c.c.o[0m
[12.824s] [ 94%] [32mBuilding C object CMakeFiles/village_interfaces__rosidl_typesupport_fastrtps_c__pyext.dir/rosidl_generator_py/village_interfaces/_village_interfaces_s.ep.rosidl_typesupport_fastrtps_c.c.o[0m
[13.110s] [ 96%] [32m[1mLinking C shared library rosidl_generator_py/village_interfaces/village_interfaces_s__rosidl_typesupport_introspection_c.cpython-310-x86_64-linux-gnu.so[0m
[13.124s] [ 98%] [32m[1mLinking C shared library rosidl_generator_py/village_interfaces/village_interfaces_s__rosidl_typesupport_fastrtps_c.cpython-310-x86_64-linux-gnu.so[0m
[13.124s] [100%] [32m[1mLinking C shared library rosidl_generator_py/village_interfaces/village_interfaces_s__rosidl_typesupport_c.cpython-310-x86_64-linux-gnu.so[0m
[13.236s] [100%] Built target village_interfaces__rosidl_typesupport_introspection_c__pyext
[13.247s] [100%] Built target village_interfaces__rosidl_typesupport_c__pyext
[13.248s] [100%] Built target village_interfaces__rosidl_typesupport_fastrtps_c__pyext
[13.284s] Invoked command in '/home/lichaoyue/Desktop/tasktown_ws/build/village_interfaces' returned '0': CMAKE_PREFIX_PATH=/opt/ros/humble /usr/bin/cmake --build /home/lichaoyue/Desktop/tasktown_ws/build/village_interfaces -- -j12 -l12
[13.929s] Invoking command in '/home/lichaoyue/Desktop/tasktown_ws/build/village_interfaces': CMAKE_PREFIX_PATH=/opt/ros/humble /usr/bin/cmake --install /home/lichaoyue/Desktop/tasktown_ws/build/village_interfaces
[13.952s] -- Install configuration: ""
[13.952s] -- Installing: /home/lichaoyue/Desktop/tasktown_ws/install/village_interfaces/share/ament_index/resource_index/rosidl_interfaces/village_interfaces
[13.953s] -- Up-to-date: /home/lichaoyue/Desktop/tasktown_ws/install/village_interfaces/include/village_interfaces/village_interfaces
[13.953s] -- Up-to-date: /home/lichaoyue/Desktop/tasktown_ws/install/village_interfaces/include/village_interfaces/village_interfaces/msg
[13.954s] -- Up-to-date: /home/lichaoyue/Desktop/tasktown_ws/install/village_interfaces/include/village_interfaces/village_interfaces/msg/rosidl_generator_c__visibility_control.h
[13.954s] -- Up-to-date: /home/lichaoyue/Desktop/tasktown_ws/install/village_interfaces/include/village_interfaces/village_interfaces/msg/detail
[13.954s] -- Installing: /home/lichaoyue/Desktop/tasktown_ws/install/village_interfaces/include/village_interfaces/village_interfaces/msg/detail/task__functions.c
[13.956s] -- Installing: /home/lichaoyue/Desktop/tasktown_ws/install/village_interfaces/include/village_interfaces/village_interfaces/msg/detail/task__type_support.h
[13.956s] -- Installing: /home/lichaoyue/Desktop/tasktown_ws/install/village_interfaces/include/village_interfaces/village_interfaces/msg/detail/task__struct.h
[13.956s] -- Installing: /home/lichaoyue/Desktop/tasktown_ws/install/village_interfaces/include/village_interfaces/village_interfaces/msg/detail/task__functions.h
[13.956s] -- Installing: /home/lichaoyue/Desktop/tasktown_ws/install/village_interfaces/include/village_interfaces/village_interfaces/msg/task.h
[13.956s] -- Up-to-date: /home/lichaoyue/Desktop/tasktown_ws/install/village_interfaces/include/village_interfaces/village_interfaces/srv
[13.956s] -- Up-to-date: /home/lichaoyue/Desktop/tasktown_ws/install/village_interfaces/include/village_interfaces/village_interfaces/srv/detail
[13.957s] -- Installing: /home/lichaoyue/Desktop/tasktown_ws/install/village_interfaces/include/village_interfaces/village_interfaces/srv/detail/borrow_money__functions.h
[13.957s] -- Installing: /home/lichaoyue/Desktop/tasktown_ws/install/village_interfaces/include/village_interfaces/village_interfaces/srv/detail/update_task__type_support.h
[13.957s] -- Installing: /home/lichaoyue/Desktop/tasktown_ws/install/village_interfaces/include/village_interfaces/village_interfaces/srv/detail/task_assign__struct.h
[13.958s] -- Installing: /home/lichaoyue/Desktop/tasktown_ws/install/village_interfaces/include/village_interfaces/village_interfaces/srv/detail/update_task__struct.h
[13.958s] -- Installing: /home/lichaoyue/Desktop/tasktown_ws/install/village_interfaces/include/village_interfaces/village_interfaces/srv/detail/borrow_money__type_support.h
[13.958s] -- Installing: /home/lichaoyue/Desktop/tasktown_ws/install/village_interfaces/include/village_interfaces/village_interfaces/srv/detail/update_task__functions.h
[13.959s] -- Installing: /home/lichaoyue/Desktop/tasktown_ws/install/village_interfaces/include/village_interfaces/village_interfaces/srv/detail/update_task__functions.c
[13.959s] -- Installing: /home/lichaoyue/Desktop/tasktown_ws/install/village_interfaces/include/village_interfaces/village_interfaces/srv/detail/task_assign__type_support.h
[13.959s] -- Installing: /home/lichaoyue/Desktop/tasktown_ws/install/village_interfaces/include/village_interfaces/village_interfaces/srv/detail/task_assign__functions.c
[13.959s] -- Installing: /home/lichaoyue/Desktop/tasktown_ws/install/village_interfaces/include/village_interfaces/village_interfaces/srv/detail/borrow_money__functions.c
[13.960s] -- Installing: /home/lichaoyue/Desktop/tasktown_ws/install/village_interfaces/include/village_interfaces/village_interfaces/srv/detail/borrow_money__struct.h
[13.961s] -- Installing: /home/lichaoyue/Desktop/tasktown_ws/install/village_interfaces/include/village_interfaces/village_interfaces/srv/detail/task_assign__functions.h
[13.962s] -- Installing: /home/lichaoyue/Desktop/tasktown_ws/install/village_interfaces/include/village_interfaces/village_interfaces/srv/borrow_money.h
[13.963s] -- Installing: /home/lichaoyue/Desktop/tasktown_ws/install/village_interfaces/include/village_interfaces/village_interfaces/srv/task_assign.h
[13.963s] -- Installing: /home/lichaoyue/Desktop/tasktown_ws/install/village_interfaces/include/village_interfaces/village_interfaces/srv/update_task.h
[13.964s] -- Up-to-date: /home/lichaoyue/Desktop/tasktown_ws/install/village_interfaces/share/village_interfaces/environment/library_path.sh
[13.964s] -- Installing: /home/lichaoyue/Desktop/tasktown_ws/install/village_interfaces/share/village_interfaces/environment/library_path.dsv
[13.975s] -- Installing: /home/lichaoyue/Desktop/tasktown_ws/install/village_interfaces/lib/libvillage_interfaces__rosidl_generator_c.so
[13.976s] -- Set runtime path of "/home/lichaoyue/Desktop/tasktown_ws/install/village_interfaces/lib/libvillage_interfaces__rosidl_generator_c.so" to ""
[13.976s] -- Up-to-date: /home/lichaoyue/Desktop/tasktown_ws/install/village_interfaces/include/village_interfaces/village_interfaces
[13.976s] -- Up-to-date: /home/lichaoyue/Desktop/tasktown_ws/install/village_interfaces/include/village_interfaces/village_interfaces/msg
[13.976s] -- Up-to-date: /home/lichaoyue/Desktop/tasktown_ws/install/village_interfaces/include/village_interfaces/village_interfaces/msg/detail
[13.976s] -- Installing: /home/lichaoyue/Desktop/tasktown_ws/install/village_interfaces/include/village_interfaces/village_interfaces/msg/detail/task__rosidl_typesupport_fastrtps_c.h
[13.976s] -- Up-to-date: /home/lichaoyue/Desktop/tasktown_ws/install/village_interfaces/include/village_interfaces/village_interfaces/msg/rosidl_typesupport_fastrtps_c__visibility_control.h
[13.976s] -- Up-to-date: /home/lichaoyue/Desktop/tasktown_ws/install/village_interfaces/include/village_interfaces/village_interfaces/srv
[13.978s] -- Up-to-date: /home/lichaoyue/Desktop/tasktown_ws/install/village_interfaces/include/village_interfaces/village_interfaces/srv/detail
[13.979s] -- Installing: /home/lichaoyue/Desktop/tasktown_ws/install/village_interfaces/include/village_interfaces/village_interfaces/srv/detail/update_task__rosidl_typesupport_fastrtps_c.h
[13.979s] -- Installing: /home/lichaoyue/Desktop/tasktown_ws/install/village_interfaces/include/village_interfaces/village_interfaces/srv/detail/borrow_money__rosidl_typesupport_fastrtps_c.h
[13.979s] -- Installing: /home/lichaoyue/Desktop/tasktown_ws/install/village_interfaces/include/village_interfaces/village_interfaces/srv/detail/task_assign__rosidl_typesupport_fastrtps_c.h
[13.982s] -- Installing: /home/lichaoyue/Desktop/tasktown_ws/install/village_interfaces/lib/libvillage_interfaces__rosidl_typesupport_fastrtps_c.so
[13.983s] -- Set runtime path of "/home/lichaoyue/Desktop/tasktown_ws/install/village_interfaces/lib/libvillage_interfaces__rosidl_typesupport_fastrtps_c.so" to ""
[13.983s] -- Up-to-date: /home/lichaoyue/Desktop/tasktown_ws/install/village_interfaces/include/village_interfaces/village_interfaces
[13.983s] -- Up-to-date: /home/lichaoyue/Desktop/tasktown_ws/install/village_interfaces/include/village_interfaces/village_interfaces/msg
[13.983s] -- Up-to-date: /home/lichaoyue/Desktop/tasktown_ws/install/village_interfaces/include/village_interfaces/village_interfaces/msg/detail
[13.984s] -- Installing: /home/lichaoyue/Desktop/tasktown_ws/install/village_interfaces/include/village_interfaces/village_interfaces/msg/detail/task__builder.hpp
[13.984s] -- Installing: /home/lichaoyue/Desktop/tasktown_ws/install/village_interfaces/include/village_interfaces/village_interfaces/msg/detail/task__traits.hpp
[13.984s] -- Installing: /home/lichaoyue/Desktop/tasktown_ws/install/village_interfaces/include/village_interfaces/village_interfaces/msg/detail/task__struct.hpp
[13.985s] -- Installing: /home/lichaoyue/Desktop/tasktown_ws/install/village_interfaces/include/village_interfaces/village_interfaces/msg/task.hpp
[13.985s] -- Up-to-date: /home/lichaoyue/Desktop/tasktown_ws/install/village_interfaces/include/village_interfaces/village_interfaces/srv
[13.986s] -- Up-to-date: /home/lichaoyue/Desktop/tasktown_ws/install/village_interfaces/include/village_interfaces/village_interfaces/srv/detail
[13.986s] -- Installing: /home/lichaoyue/Desktop/tasktown_ws/install/village_interfaces/include/village_interfaces/village_interfaces/srv/detail/task_assign__traits.hpp
[13.986s] -- Installing: /home/lichaoyue/Desktop/tasktown_ws/install/village_interfaces/include/village_interfaces/village_interfaces/srv/detail/task_assign__builder.hpp
[13.986s] -- Installing: /home/lichaoyue/Desktop/tasktown_ws/install/village_interfaces/include/village_interfaces/village_interfaces/srv/detail/borrow_money__builder.hpp
[13.986s] -- Installing: /home/lichaoyue/Desktop/tasktown_ws/install/village_interfaces/include/village_interfaces/village_interfaces/srv/detail/borrow_money__traits.hpp
[13.987s] -- Installing: /home/lichaoyue/Desktop/tasktown_ws/install/village_interfaces/include/village_interfaces/village_interfaces/srv/detail/update_task__struct.hpp
[13.987s] -- Installing: /home/lichaoyue/Desktop/tasktown_ws/install/village_interfaces/include/village_interfaces/village_interfaces/srv/detail/borrow_money__struct.hpp
[13.987s] -- Installing: /home/lichaoyue/Desktop/tasktown_ws/install/village_interfaces/include/village_interfaces/village_interfaces/srv/detail/update_task__builder.hpp
[13.987s] -- Installing: /home/lichaoyue/Desktop/tasktown_ws/install/village_interfaces/include/village_interfaces/village_interfaces/srv/detail/update_task__traits.hpp
[13.988s] -- Installing: /home/lichaoyue/Desktop/tasktown_ws/install/village_interfaces/include/village_interfaces/village_interfaces/srv/detail/task_assign__struct.hpp
[13.988s] -- Installing: /home/lichaoyue/Desktop/tasktown_ws/install/village_interfaces/include/village_interfaces/village_interfaces/srv/borrow_money.hpp
[13.988s] -- Installing: /home/lichaoyue/Desktop/tasktown_ws/install/village_interfaces/include/village_interfaces/village_interfaces/srv/update_task.hpp
[13.989s] -- Installing: /home/lichaoyue/Desktop/tasktown_ws/install/village_interfaces/include/village_interfaces/village_interfaces/srv/task_assign.hpp
[13.989s] -- Up-to-date: /home/lichaoyue/Desktop/tasktown_ws/install/village_interfaces/include/village_interfaces/village_interfaces
[13.990s] -- Up-to-date: /home/lichaoyue/Desktop/tasktown_ws/install/village_interfaces/include/village_interfaces/village_interfaces/msg
[13.990s] -- Up-to-date: /home/lichaoyue/Desktop/tasktown_ws/install/village_interfaces/include/village_interfaces/village_interfaces/msg/rosidl_typesupport_fastrtps_cpp__visibility_control.h
[13.990s] -- Up-to-date: /home/lichaoyue/Desktop/tasktown_ws/install/village_interfaces/include/village_interfaces/village_interfaces/msg/detail
[13.990s] -- Installing: /home/lichaoyue/Desktop/tasktown_ws/install/village_interfaces/include/village_interfaces/village_interfaces/msg/detail/task__rosidl_typesupport_fastrtps_cpp.hpp
[13.991s] -- Up-to-date: /home/lichaoyue/Desktop/tasktown_ws/install/village_interfaces/include/village_interfaces/village_interfaces/msg/detail/dds_fastrtps
[13.991s] -- Up-to-date: /home/lichaoyue/Desktop/tasktown_ws/install/village_interfaces/include/village_interfaces/village_interfaces/srv
[13.992s] -- Up-to-date: /home/lichaoyue/Desktop/tasktown_ws/install/village_interfaces/include/village_interfaces/village_interfaces/srv/detail
[13.992s] -- Installing: /home/lichaoyue/Desktop/tasktown_ws/install/village_interfaces/include/village_interfaces/village_interfaces/srv/detail/task_assign__rosidl_typesupport_fastrtps_cpp.hpp
[13.992s] -- Installing: /home/lichaoyue/Desktop/tasktown_ws/install/village_interfaces/include/village_interfaces/village_interfaces/srv/detail/update_task__rosidl_typesupport_fastrtps_cpp.hpp
[13.993s] -- Installing: /home/lichaoyue/Desktop/tasktown_ws/install/village_interfaces/include/village_interfaces/village_interfaces/srv/detail/borrow_money__rosidl_typesupport_fastrtps_cpp.hpp
[13.993s] -- Up-to-date: /home/lichaoyue/Desktop/tasktown_ws/install/village_interfaces/include/village_interfaces/village_interfaces/srv/detail/dds_fastrtps
[13.993s] -- Installing: /home/lichaoyue/Desktop/tasktown_ws/install/village_interfaces/lib/libvillage_interfaces__rosidl_typesupport_fastrtps_cpp.so
[13.994s] -- Set runtime path of "/home/lichaoyue/Desktop/tasktown_ws/install/village_interfaces/lib/libvillage_interfaces__rosidl_typesupport_fastrtps_cpp.so" to ""
[13.994s] -- Up-to-date: /home/lichaoyue/Desktop/tasktown_ws/install/village_interfaces/include/village_interfaces/village_interfaces
[13.994s] -- Up-to-date: /home/lichaoyue/Desktop/tasktown_ws/install/village_interfaces/include/village_interfaces/village_interfaces/msg
[13.994s] -- Up-to-date: /home/lichaoyue/Desktop/tasktown_ws/install/village_interfaces/include/village_interfaces/village_interfaces/msg/detail
[13.995s] -- Installing: /home/lichaoyue/Desktop/tasktown_ws/install/village_interfaces/include/village_interfaces/village_interfaces/msg/detail/task__rosidl_typesupport_introspection_c.h
[13.995s] -- Installing: /home/lichaoyue/Desktop/tasktown_ws/install/village_interfaces/include/village_interfaces/village_interfaces/msg/detail/task__type_support.c
[13.995s] -- Up-to-date: /home/lichaoyue/Desktop/tasktown_ws/install/village_interfaces/include/village_interfaces/village_interfaces/msg/rosidl_typesupport_introspection_c__visibility_control.h
[13.995s] -- Up-to-date: /home/lichaoyue/Desktop/tasktown_ws/install/village_interfaces/include/village_interfaces/village_interfaces/srv
[13.995s] -- Up-to-date: /home/lichaoyue/Desktop/tasktown_ws/install/village_interfaces/include/village_interfaces/village_interfaces/srv/detail
[13.995s] -- Installing: /home/lichaoyue/Desktop/tasktown_ws/install/village_interfaces/include/village_interfaces/village_interfaces/srv/detail/borrow_money__rosidl_typesupport_introspection_c.h
[13.995s] -- Installing: /home/lichaoyue/Desktop/tasktown_ws/install/village_interfaces/include/village_interfaces/village_interfaces/srv/detail/task_assign__rosidl_typesupport_introspection_c.h
[13.996s] -- Installing: /home/lichaoyue/Desktop/tasktown_ws/install/village_interfaces/include/village_interfaces/village_interfaces/srv/detail/borrow_money__type_support.c
[13.996s] -- Installing: /home/lichaoyue/Desktop/tasktown_ws/install/village_interfaces/include/village_interfaces/village_interfaces/srv/detail/task_assign__type_support.c
[13.996s] -- Installing: /home/lichaoyue/Desktop/tasktown_ws/install/village_interfaces/include/village_interfaces/village_interfaces/srv/detail/update_task__rosidl_typesupport_introspection_c.h
[13.996s] -- Installing: /home/lichaoyue/Desktop/tasktown_ws/install/village_interfaces/include/village_interfaces/village_interfaces/srv/detail/update_task__type_support.c
[14.000s] -- Installing: /home/lichaoyue/Desktop/tasktown_ws/install/village_interfaces/lib/libvillage_interfaces__rosidl_typesupport_introspection_c.so
[14.000s] -- Set runtime path of "/home/lichaoyue/Desktop/tasktown_ws/install/village_interfaces/lib/libvillage_interfaces__rosidl_typesupport_introspection_c.so" to ""
[14.002s] -- Installing: /home/lichaoyue/Desktop/tasktown_ws/install/village_interfaces/lib/libvillage_interfaces__rosidl_typesupport_c.so
[14.003s] -- Set runtime path of "/home/lichaoyue/Desktop/tasktown_ws/install/village_interfaces/lib/libvillage_interfaces__rosidl_typesupport_c.so" to ""
[14.004s] -- Up-to-date: /home/lichaoyue/Desktop/tasktown_ws/install/village_interfaces/include/village_interfaces/village_interfaces
[14.004s] -- Up-to-date: /home/lichaoyue/Desktop/tasktown_ws/install/village_interfaces/include/village_interfaces/village_interfaces/msg
[14.004s] -- Up-to-date: /home/lichaoyue/Desktop/tasktown_ws/install/village_interfaces/include/village_interfaces/village_interfaces/msg/detail
[14.005s] -- Installing: /home/lichaoyue/Desktop/tasktown_ws/install/village_interfaces/include/village_interfaces/village_interfaces/msg/detail/task__rosidl_typesupport_introspection_cpp.hpp
[14.005s] -- Installing: /home/lichaoyue/Desktop/tasktown_ws/install/village_interfaces/include/village_interfaces/village_interfaces/msg/detail/task__type_support.cpp
[14.006s] -- Up-to-date: /home/lichaoyue/Desktop/tasktown_ws/install/village_interfaces/include/village_interfaces/village_interfaces/srv
[14.006s] -- Up-to-date: /home/lichaoyue/Desktop/tasktown_ws/install/village_interfaces/include/village_interfaces/village_interfaces/srv/detail
[14.006s] -- Installing: /home/lichaoyue/Desktop/tasktown_ws/install/village_interfaces/include/village_interfaces/village_interfaces/srv/detail/borrow_money__type_support.cpp
[14.007s] -- Installing: /home/lichaoyue/Desktop/tasktown_ws/install/village_interfaces/include/village_interfaces/village_interfaces/srv/detail/task_assign__type_support.cpp
[14.007s] -- Installing: /home/lichaoyue/Desktop/tasktown_ws/install/village_interfaces/include/village_interfaces/village_interfaces/srv/detail/update_task__type_support.cpp
[14.007s] -- Installing: /home/lichaoyue/Desktop/tasktown_ws/install/village_interfaces/include/village_interfaces/village_interfaces/srv/detail/task_assign__rosidl_typesupport_introspection_cpp.hpp
[14.008s] -- Installing: /home/lichaoyue/Desktop/tasktown_ws/install/village_interfaces/include/village_interfaces/village_interfaces/srv/detail/borrow_money__rosidl_typesupport_introspection_cpp.hpp
[14.008s] -- Installing: /home/lichaoyue/Desktop/tasktown_ws/install/village_interfaces/include/village_interfaces/village_interfaces/srv/detail/update_task__rosidl_typesupport_introspection_cpp.hpp
[14.011s] -- Installing: /home/lichaoyue/Desktop/tasktown_ws/install/village_interfaces/lib/libvillage_interfaces__rosidl_typesupport_introspection_cpp.so
[14.014s] -- Set runtime path of "/home/lichaoyue/Desktop/tasktown_ws/install/village_interfaces/lib/libvillage_interfaces__rosidl_typesupport_introspection_cpp.so" to ""
[14.019s] -- Installing: /home/lichaoyue/Desktop/tasktown_ws/install/village_interfaces/lib/libvillage_interfaces__rosidl_typesupport_cpp.so
[14.019s] -- Set runtime path of "/home/lichaoyue/Desktop/tasktown_ws/install/village_interfaces/lib/libvillage_interfaces__rosidl_typesupport_cpp.so" to ""
[14.019s] -- Up-to-date: /home/lichaoyue/Desktop/tasktown_ws/install/village_interfaces/share/village_interfaces/environment/pythonpath.sh
[14.019s] -- Installing: /home/lichaoyue/Desktop/tasktown_ws/install/village_interfaces/share/village_interfaces/environment/pythonpath.dsv
[14.020s] -- Up-to-date: /home/lichaoyue/Desktop/tasktown_ws/install/village_interfaces/local/lib/python3.10/dist-packages/village_interfaces-0.0.0-py3.10.egg-info
[14.021s] -- Installing: /home/lichaoyue/Desktop/tasktown_ws/install/village_interfaces/local/lib/python3.10/dist-packages/village_interfaces-0.0.0-py3.10.egg-info/PKG-INFO
[14.022s] -- Installing: /home/lichaoyue/Desktop/tasktown_ws/install/village_interfaces/local/lib/python3.10/dist-packages/village_interfaces-0.0.0-py3.10.egg-info/top_level.txt
[14.023s] -- Installing: /home/lichaoyue/Desktop/tasktown_ws/install/village_interfaces/local/lib/python3.10/dist-packages/village_interfaces-0.0.0-py3.10.egg-info/dependency_links.txt
[14.024s] -- Installing: /home/lichaoyue/Desktop/tasktown_ws/install/village_interfaces/local/lib/python3.10/dist-packages/village_interfaces-0.0.0-py3.10.egg-info/SOURCES.txt
[14.026s] -- Up-to-date: /home/lichaoyue/Desktop/tasktown_ws/install/village_interfaces/local/lib/python3.10/dist-packages/village_interfaces
[14.027s] -- Installing: /home/lichaoyue/Desktop/tasktown_ws/install/village_interfaces/local/lib/python3.10/dist-packages/village_interfaces/village_interfaces_s__rosidl_typesupport_c.cpython-310-x86_64-linux-gnu.so
[14.028s] -- Installing: /home/lichaoyue/Desktop/tasktown_ws/install/village_interfaces/local/lib/python3.10/dist-packages/village_interfaces/_village_interfaces_s.ep.rosidl_typesupport_fastrtps_c.c
[14.029s] -- Installing: /home/lichaoyue/Desktop/tasktown_ws/install/village_interfaces/local/lib/python3.10/dist-packages/village_interfaces/village_interfaces_s__rosidl_typesupport_fastrtps_c.cpython-310-x86_64-linux-gnu.so
[14.029s] -- Installing: /home/lichaoyue/Desktop/tasktown_ws/install/village_interfaces/local/lib/python3.10/dist-packages/village_interfaces/village_interfaces_s__rosidl_typesupport_introspection_c.cpython-310-x86_64-linux-gnu.so
[14.030s] -- Installing: /home/lichaoyue/Desktop/tasktown_ws/install/village_interfaces/local/lib/python3.10/dist-packages/village_interfaces/_village_interfaces_s.ep.rosidl_typesupport_c.c
[14.030s] -- Installing: /home/lichaoyue/Desktop/tasktown_ws/install/village_interfaces/local/lib/python3.10/dist-packages/village_interfaces/_village_interfaces_s.ep.rosidl_typesupport_introspection_c.c
[14.031s] -- Installing: /home/lichaoyue/Desktop/tasktown_ws/install/village_interfaces/local/lib/python3.10/dist-packages/village_interfaces/__init__.py
[14.031s] -- Up-to-date: /home/lichaoyue/Desktop/tasktown_ws/install/village_interfaces/local/lib/python3.10/dist-packages/village_interfaces/msg
[14.031s] -- Installing: /home/lichaoyue/Desktop/tasktown_ws/install/village_interfaces/local/lib/python3.10/dist-packages/village_interfaces/msg/_task_s.c
[14.032s] -- Installing: /home/lichaoyue/Desktop/tasktown_ws/install/village_interfaces/local/lib/python3.10/dist-packages/village_interfaces/msg/_task.py
[14.033s] -- Installing: /home/lichaoyue/Desktop/tasktown_ws/install/village_interfaces/local/lib/python3.10/dist-packages/village_interfaces/msg/__init__.py
[14.033s] -- Installing: /home/lichaoyue/Desktop/tasktown_ws/install/village_interfaces/local/lib/python3.10/dist-packages/village_interfaces/libvillage_interfaces__rosidl_generator_py.so
[14.034s] -- Up-to-date: /home/lichaoyue/Desktop/tasktown_ws/install/village_interfaces/local/lib/python3.10/dist-packages/village_interfaces/srv
[14.034s] -- Installing: /home/lichaoyue/Desktop/tasktown_ws/install/village_interfaces/local/lib/python3.10/dist-packages/village_interfaces/srv/_update_task_s.c
[14.035s] -- Installing: /home/lichaoyue/Desktop/tasktown_ws/install/village_interfaces/local/lib/python3.10/dist-packages/village_interfaces/srv/_borrow_money.py
[14.035s] -- Installing: /home/lichaoyue/Desktop/tasktown_ws/install/village_interfaces/local/lib/python3.10/dist-packages/village_interfaces/srv/_update_task.py
[14.036s] -- Installing: /home/lichaoyue/Desktop/tasktown_ws/install/village_interfaces/local/lib/python3.10/dist-packages/village_interfaces/srv/_task_assign.py
[14.036s] -- Installing: /home/lichaoyue/Desktop/tasktown_ws/install/village_interfaces/local/lib/python3.10/dist-packages/village_interfaces/srv/_task_assign_s.c
[14.036s] -- Installing: /home/lichaoyue/Desktop/tasktown_ws/install/village_interfaces/local/lib/python3.10/dist-packages/village_interfaces/srv/_borrow_money_s.c
[14.037s] -- Installing: /home/lichaoyue/Desktop/tasktown_ws/install/village_interfaces/local/lib/python3.10/dist-packages/village_interfaces/srv/__init__.py
[14.129s] Listing '/home/lichaoyue/Desktop/tasktown_ws/install/village_interfaces/local/lib/python3.10/dist-packages/village_interfaces'...
[14.129s] Compiling '/home/lichaoyue/Desktop/tasktown_ws/install/village_interfaces/local/lib/python3.10/dist-packages/village_interfaces/__init__.py'...
[14.129s] Listing '/home/lichaoyue/Desktop/tasktown_ws/install/village_interfaces/local/lib/python3.10/dist-packages/village_interfaces/msg'...
[14.130s] Compiling '/home/lichaoyue/Desktop/tasktown_ws/install/village_interfaces/local/lib/python3.10/dist-packages/village_interfaces/msg/__init__.py'...
[14.130s] Compiling '/home/lichaoyue/Desktop/tasktown_ws/install/village_interfaces/local/lib/python3.10/dist-packages/village_interfaces/msg/_task.py'...
[14.130s] Listing '/home/lichaoyue/Desktop/tasktown_ws/install/village_interfaces/local/lib/python3.10/dist-packages/village_interfaces/srv'...
[14.130s] Compiling '/home/lichaoyue/Desktop/tasktown_ws/install/village_interfaces/local/lib/python3.10/dist-packages/village_interfaces/srv/__init__.py'...
[14.130s] Compiling '/home/lichaoyue/Desktop/tasktown_ws/install/village_interfaces/local/lib/python3.10/dist-packages/village_interfaces/srv/_borrow_money.py'...
[14.131s] Compiling '/home/lichaoyue/Desktop/tasktown_ws/install/village_interfaces/local/lib/python3.10/dist-packages/village_interfaces/srv/_task_assign.py'...
[14.131s] Compiling '/home/lichaoyue/Desktop/tasktown_ws/install/village_interfaces/local/lib/python3.10/dist-packages/village_interfaces/srv/_update_task.py'...
[14.139s] -- Installing: /home/lichaoyue/Desktop/tasktown_ws/install/village_interfaces/local/lib/python3.10/dist-packages/village_interfaces/village_interfaces_s__rosidl_typesupport_fastrtps_c.cpython-310-x86_64-linux-gnu.so
[14.140s] -- Set runtime path of "/home/lichaoyue/Desktop/tasktown_ws/install/village_interfaces/local/lib/python3.10/dist-packages/village_interfaces/village_interfaces_s__rosidl_typesupport_fastrtps_c.cpython-310-x86_64-linux-gnu.so" to ""
[14.140s] -- Installing: /home/lichaoyue/Desktop/tasktown_ws/install/village_interfaces/local/lib/python3.10/dist-packages/village_interfaces/village_interfaces_s__rosidl_typesupport_introspection_c.cpython-310-x86_64-linux-gnu.so
[14.141s] -- Set runtime path of "/home/lichaoyue/Desktop/tasktown_ws/install/village_interfaces/local/lib/python3.10/dist-packages/village_interfaces/village_interfaces_s__rosidl_typesupport_introspection_c.cpython-310-x86_64-linux-gnu.so" to ""
[14.142s] -- Installing: /home/lichaoyue/Desktop/tasktown_ws/install/village_interfaces/local/lib/python3.10/dist-packages/village_interfaces/village_interfaces_s__rosidl_typesupport_c.cpython-310-x86_64-linux-gnu.so
[14.143s] -- Set runtime path of "/home/lichaoyue/Desktop/tasktown_ws/install/village_interfaces/local/lib/python3.10/dist-packages/village_interfaces/village_interfaces_s__rosidl_typesupport_c.cpython-310-x86_64-linux-gnu.so" to ""
[14.146s] -- Installing: /home/lichaoyue/Desktop/tasktown_ws/install/village_interfaces/lib/libvillage_interfaces__rosidl_generator_py.so
[14.147s] -- Set runtime path of "/home/lichaoyue/Desktop/tasktown_ws/install/village_interfaces/lib/libvillage_interfaces__rosidl_generator_py.so" to ""
[14.148s] -- Up-to-date: /home/lichaoyue/Desktop/tasktown_ws/install/village_interfaces/share/village_interfaces/msg/Task.idl
[14.148s] -- Up-to-date: /home/lichaoyue/Desktop/tasktown_ws/install/village_interfaces/share/village_interfaces/srv/BorrowMoney.idl
[14.149s] -- Up-to-date: /home/lichaoyue/Desktop/tasktown_ws/install/village_interfaces/share/village_interfaces/srv/TaskAssign.idl
[14.149s] -- Installing: /home/lichaoyue/Desktop/tasktown_ws/install/village_interfaces/share/village_interfaces/srv/UpdateTask.idl
[14.150s] -- Up-to-date: /home/lichaoyue/Desktop/tasktown_ws/install/village_interfaces/share/village_interfaces/msg/Task.msg
[14.151s] -- Up-to-date: /home/lichaoyue/Desktop/tasktown_ws/install/village_interfaces/share/village_interfaces/srv/BorrowMoney.srv
[14.151s] -- Up-to-date: /home/lichaoyue/Desktop/tasktown_ws/install/village_interfaces/share/village_interfaces/srv/BorrowMoney_Request.msg
[14.152s] -- Up-to-date: /home/lichaoyue/Desktop/tasktown_ws/install/village_interfaces/share/village_interfaces/srv/BorrowMoney_Response.msg
[14.152s] -- Installing: /home/lichaoyue/Desktop/tasktown_ws/install/village_interfaces/share/village_interfaces/srv/TaskAssign.srv
[14.153s] -- Up-to-date: /home/lichaoyue/Desktop/tasktown_ws/install/village_interfaces/share/village_interfaces/srv/TaskAssign_Request.msg
[14.153s] -- Up-to-date: /home/lichaoyue/Desktop/tasktown_ws/install/village_interfaces/share/village_interfaces/srv/TaskAssign_Response.msg
[14.154s] -- Installing: /home/lichaoyue/Desktop/tasktown_ws/install/village_interfaces/share/village_interfaces/srv/UpdateTask.srv
[14.154s] -- Installing: /home/lichaoyue/Desktop/tasktown_ws/install/village_interfaces/share/village_interfaces/srv/UpdateTask_Request.msg
[14.155s] -- Installing: /home/lichaoyue/Desktop/tasktown_ws/install/village_interfaces/share/village_interfaces/srv/UpdateTask_Response.msg
[14.155s] -- Up-to-date: /home/lichaoyue/Desktop/tasktown_ws/install/village_interfaces/share/ament_index/resource_index/package_run_dependencies/village_interfaces
[14.155s] -- Installing: /home/lichaoyue/Desktop/tasktown_ws/install/village_interfaces/share/ament_index/resource_index/parent_prefix_path/village_interfaces
[14.155s] -- Up-to-date: /home/lichaoyue/Desktop/tasktown_ws/install/village_interfaces/share/village_interfaces/environment/ament_prefix_path.sh
[14.156s] -- Installing: /home/lichaoyue/Desktop/tasktown_ws/install/village_interfaces/share/village_interfaces/environment/ament_prefix_path.dsv
[14.156s] -- Up-to-date: /home/lichaoyue/Desktop/tasktown_ws/install/village_interfaces/share/village_interfaces/environment/path.sh
[14.156s] -- Installing: /home/lichaoyue/Desktop/tasktown_ws/install/village_interfaces/share/village_interfaces/environment/path.dsv
[14.158s] -- Up-to-date: /home/lichaoyue/Desktop/tasktown_ws/install/village_interfaces/share/village_interfaces/local_setup.bash
[14.159s] -- Up-to-date: /home/lichaoyue/Desktop/tasktown_ws/install/village_interfaces/share/village_interfaces/local_setup.sh
[14.159s] -- Up-to-date: /home/lichaoyue/Desktop/tasktown_ws/install/village_interfaces/share/village_interfaces/local_setup.zsh
[14.159s] -- Installing: /home/lichaoyue/Desktop/tasktown_ws/install/village_interfaces/share/village_interfaces/local_setup.dsv
[14.162s] -- Installing: /home/lichaoyue/Desktop/tasktown_ws/install/village_interfaces/share/village_interfaces/package.dsv
[14.162s] -- Up-to-date: /home/lichaoyue/Desktop/tasktown_ws/install/village_interfaces/share/ament_index/resource_index/packages/village_interfaces
[14.163s] -- Up-to-date: /home/lichaoyue/Desktop/tasktown_ws/install/village_interfaces/share/village_interfaces/cmake/export_village_interfaces__rosidl_generator_cExport.cmake
[14.163s] -- Up-to-date: /home/lichaoyue/Desktop/tasktown_ws/install/village_interfaces/share/village_interfaces/cmake/export_village_interfaces__rosidl_generator_cExport-noconfig.cmake
[14.165s] -- Up-to-date: /home/lichaoyue/Desktop/tasktown_ws/install/village_interfaces/share/village_interfaces/cmake/export_village_interfaces__rosidl_typesupport_fastrtps_cExport.cmake
[14.165s] -- Up-to-date: /home/lichaoyue/Desktop/tasktown_ws/install/village_interfaces/share/village_interfaces/cmake/export_village_interfaces__rosidl_typesupport_fastrtps_cExport-noconfig.cmake
[14.166s] -- Up-to-date: /home/lichaoyue/Desktop/tasktown_ws/install/village_interfaces/share/village_interfaces/cmake/export_village_interfaces__rosidl_generator_cppExport.cmake
[14.167s] -- Up-to-date: /home/lichaoyue/Desktop/tasktown_ws/install/village_interfaces/share/village_interfaces/cmake/export_village_interfaces__rosidl_typesupport_fastrtps_cppExport.cmake
[14.167s] -- Up-to-date: /home/lichaoyue/Desktop/tasktown_ws/install/village_interfaces/share/village_interfaces/cmake/export_village_interfaces__rosidl_typesupport_fastrtps_cppExport-noconfig.cmake
[14.169s] -- Up-to-date: /home/lichaoyue/Desktop/tasktown_ws/install/village_interfaces/share/village_interfaces/cmake/village_interfaces__rosidl_typesupport_introspection_cExport.cmake
[14.170s] -- Up-to-date: /home/lichaoyue/Desktop/tasktown_ws/install/village_interfaces/share/village_interfaces/cmake/village_interfaces__rosidl_typesupport_introspection_cExport-noconfig.cmake
[14.170s] -- Up-to-date: /home/lichaoyue/Desktop/tasktown_ws/install/village_interfaces/share/village_interfaces/cmake/village_interfaces__rosidl_typesupport_cExport.cmake
[14.170s] -- Up-to-date: /home/lichaoyue/Desktop/tasktown_ws/install/village_interfaces/share/village_interfaces/cmake/village_interfaces__rosidl_typesupport_cExport-noconfig.cmake
[14.171s] -- Up-to-date: /home/lichaoyue/Desktop/tasktown_ws/install/village_interfaces/share/village_interfaces/cmake/village_interfaces__rosidl_typesupport_introspection_cppExport.cmake
[14.171s] -- Up-to-date: /home/lichaoyue/Desktop/tasktown_ws/install/village_interfaces/share/village_interfaces/cmake/village_interfaces__rosidl_typesupport_introspection_cppExport-noconfig.cmake
[14.173s] -- Up-to-date: /home/lichaoyue/Desktop/tasktown_ws/install/village_interfaces/share/village_interfaces/cmake/village_interfaces__rosidl_typesupport_cppExport.cmake
[14.173s] -- Up-to-date: /home/lichaoyue/Desktop/tasktown_ws/install/village_interfaces/share/village_interfaces/cmake/village_interfaces__rosidl_typesupport_cppExport-noconfig.cmake
[14.174s] -- Up-to-date: /home/lichaoyue/Desktop/tasktown_ws/install/village_interfaces/share/village_interfaces/cmake/export_village_interfaces__rosidl_generator_pyExport.cmake
[14.175s] -- Up-to-date: /home/lichaoyue/Desktop/tasktown_ws/install/village_interfaces/share/village_interfaces/cmake/export_village_interfaces__rosidl_generator_pyExport-noconfig.cmake
[14.176s] -- Installing: /home/lichaoyue/Desktop/tasktown_ws/install/village_interfaces/share/village_interfaces/cmake/rosidl_cmake-extras.cmake
[14.176s] -- Up-to-date: /home/lichaoyue/Desktop/tasktown_ws/install/village_interfaces/share/village_interfaces/cmake/ament_cmake_export_dependencies-extras.cmake
[14.177s] -- Up-to-date: /home/lichaoyue/Desktop/tasktown_ws/install/village_interfaces/share/village_interfaces/cmake/ament_cmake_export_include_directories-extras.cmake
[14.177s] -- Up-to-date: /home/lichaoyue/Desktop/tasktown_ws/install/village_interfaces/share/village_interfaces/cmake/ament_cmake_export_libraries-extras.cmake
[14.177s] -- Up-to-date: /home/lichaoyue/Desktop/tasktown_ws/install/village_interfaces/share/village_interfaces/cmake/ament_cmake_export_targets-extras.cmake
[14.177s] -- Up-to-date: /home/lichaoyue/Desktop/tasktown_ws/install/village_interfaces/share/village_interfaces/cmake/rosidl_cmake_export_typesupport_targets-extras.cmake
[14.178s] -- Up-to-date: /home/lichaoyue/Desktop/tasktown_ws/install/village_interfaces/share/village_interfaces/cmake/rosidl_cmake_export_typesupport_libraries-extras.cmake
[14.178s] -- Up-to-date: /home/lichaoyue/Desktop/tasktown_ws/install/village_interfaces/share/village_interfaces/cmake/village_interfacesConfig.cmake
[14.178s] -- Up-to-date: /home/lichaoyue/Desktop/tasktown_ws/install/village_interfaces/share/village_interfaces/cmake/village_interfacesConfig-version.cmake
[14.178s] -- Up-to-date: /home/lichaoyue/Desktop/tasktown_ws/install/village_interfaces/share/village_interfaces/package.xml
[14.183s] Invoked command in '/home/lichaoyue/Desktop/tasktown_ws/build/village_interfaces' returned '0': CMAKE_PREFIX_PATH=/opt/ros/humble /usr/bin/cmake --install /home/lichaoyue/Desktop/tasktown_ws/build/village_interfaces
