[0.031s] Invoking command in '/home/lichaoyue/Desktop/tasktown_ws/build/village_interfaces': CMAKE_PREFIX_PATH=${CMAKE_PREFIX_PATH}:/opt/ros/humble /usr/bin/cmake --build /home/lichaoyue/Desktop/tasktown_ws/build/village_interfaces -- -j12 -l12
[0.165s] [35m[1mConsolidate compiler generated dependencies of target village_interfaces__rosidl_generator_c[0m
[0.209s] [  2%] Built target village_interfaces__cpp
[0.209s] [ 12%] Built target village_interfaces__rosidl_generator_c
[0.230s] [ 12%] Built target ament_cmake_python_copy_village_interfaces
[0.245s] [35m[1mConsolidate compiler generated dependencies of target village_interfaces__rosidl_typesupport_introspection_cpp[0m
[0.247s] [35m[1mConsolidate compiler generated dependencies of target village_interfaces__rosidl_typesupport_fastrtps_c[0m
[0.250s] [35m[1mConsolidate compiler generated dependencies of target village_interfaces__rosidl_typesupport_c[0m
[0.251s] [35m[1mConsolidate compiler generated dependencies of target village_interfaces__rosidl_typesupport_cpp[0m
[0.256s] [35m[1mConsolidate compiler generated dependencies of target village_interfaces__rosidl_typesupport_fastrtps_cpp[0m
[0.256s] [35m[1mConsolidate compiler generated dependencies of target village_interfaces__rosidl_typesupport_introspection_c[0m
[0.295s] [ 23%] Built target village_interfaces__rosidl_typesupport_c
[0.299s] [ 34%] Built target village_interfaces__rosidl_typesupport_introspection_c
[0.307s] [ 55%] Built target village_interfaces__rosidl_typesupport_introspection_cpp
[0.307s] [ 55%] Built target village_interfaces__rosidl_typesupport_cpp
[0.317s] [ 65%] Built target village_interfaces__rosidl_typesupport_fastrtps_c
[0.320s] [ 76%] Built target village_interfaces__rosidl_typesupport_fastrtps_cpp
[0.398s] [ 76%] Built target village_interfaces
[0.458s] [ 78%] Built target village_interfaces__py
[0.491s] [35m[1mConsolidate compiler generated dependencies of target village_interfaces__rosidl_generator_py[0m
[0.536s] [ 87%] Built target village_interfaces__rosidl_generator_py
[0.570s] [35m[1mConsolidate compiler generated dependencies of target village_interfaces__rosidl_typesupport_introspection_c__pyext[0m
[0.571s] [35m[1mConsolidate compiler generated dependencies of target village_interfaces__rosidl_typesupport_fastrtps_c__pyext[0m
[0.572s] [35m[1mConsolidate compiler generated dependencies of target village_interfaces__rosidl_typesupport_c__pyext[0m
[0.620s] [100%] Built target village_interfaces__rosidl_typesupport_c__pyext
[0.621s] [100%] Built target village_interfaces__rosidl_typesupport_introspection_c__pyext
[0.621s] [100%] Built target village_interfaces__rosidl_typesupport_fastrtps_c__pyext
[0.905s] running egg_info
[0.908s] writing village_interfaces.egg-info/PKG-INFO
[0.909s] writing dependency_links to village_interfaces.egg-info/dependency_links.txt
[0.910s] writing top-level names to village_interfaces.egg-info/top_level.txt
[0.915s] reading manifest file 'village_interfaces.egg-info/SOURCES.txt'
[0.918s] writing manifest file 'village_interfaces.egg-info/SOURCES.txt'
[0.983s] [100%] Built target ament_cmake_python_build_village_interfaces_egg
[1.018s] Invoked command in '/home/lichaoyue/Desktop/tasktown_ws/build/village_interfaces' returned '0': CMAKE_PREFIX_PATH=${CMAKE_PREFIX_PATH}:/opt/ros/humble /usr/bin/cmake --build /home/lichaoyue/Desktop/tasktown_ws/build/village_interfaces -- -j12 -l12
[1.558s] Invoking command in '/home/lichaoyue/Desktop/tasktown_ws/build/village_interfaces': CMAKE_PREFIX_PATH=${CMAKE_PREFIX_PATH}:/opt/ros/humble /usr/bin/cmake --install /home/lichaoyue/Desktop/tasktown_ws/build/village_interfaces
[1.577s] -- Install configuration: ""
[1.577s] -- Up-to-date: /home/lichaoyue/Desktop/tasktown_ws/install/village_interfaces/share/ament_index/resource_index/rosidl_interfaces/village_interfaces
[1.577s] -- Up-to-date: /home/lichaoyue/Desktop/tasktown_ws/install/village_interfaces/include/village_interfaces/village_interfaces
[1.578s] -- Up-to-date: /home/lichaoyue/Desktop/tasktown_ws/install/village_interfaces/include/village_interfaces/village_interfaces/msg
[1.578s] -- Up-to-date: /home/lichaoyue/Desktop/tasktown_ws/install/village_interfaces/include/village_interfaces/village_interfaces/msg/rosidl_generator_c__visibility_control.h
[1.578s] -- Up-to-date: /home/lichaoyue/Desktop/tasktown_ws/install/village_interfaces/include/village_interfaces/village_interfaces/msg/detail
[1.579s] -- Up-to-date: /home/lichaoyue/Desktop/tasktown_ws/install/village_interfaces/include/village_interfaces/village_interfaces/msg/detail/task__functions.c
[1.579s] -- Up-to-date: /home/lichaoyue/Desktop/tasktown_ws/install/village_interfaces/include/village_interfaces/village_interfaces/msg/detail/task__type_support.h
[1.580s] -- Up-to-date: /home/lichaoyue/Desktop/tasktown_ws/install/village_interfaces/include/village_interfaces/village_interfaces/msg/detail/task__struct.h
[1.580s] -- Up-to-date: /home/lichaoyue/Desktop/tasktown_ws/install/village_interfaces/include/village_interfaces/village_interfaces/msg/detail/task__functions.h
[1.581s] -- Up-to-date: /home/lichaoyue/Desktop/tasktown_ws/install/village_interfaces/include/village_interfaces/village_interfaces/msg/task.h
[1.581s] -- Up-to-date: /home/lichaoyue/Desktop/tasktown_ws/install/village_interfaces/include/village_interfaces/village_interfaces/srv
[1.582s] -- Up-to-date: /home/lichaoyue/Desktop/tasktown_ws/install/village_interfaces/include/village_interfaces/village_interfaces/srv/detail
[1.582s] -- Up-to-date: /home/lichaoyue/Desktop/tasktown_ws/install/village_interfaces/include/village_interfaces/village_interfaces/srv/detail/borrow_money__functions.h
[1.583s] -- Up-to-date: /home/lichaoyue/Desktop/tasktown_ws/install/village_interfaces/include/village_interfaces/village_interfaces/srv/detail/task_assign__struct.h
[1.583s] -- Up-to-date: /home/lichaoyue/Desktop/tasktown_ws/install/village_interfaces/include/village_interfaces/village_interfaces/srv/detail/borrow_money__type_support.h
[1.583s] -- Up-to-date: /home/lichaoyue/Desktop/tasktown_ws/install/village_interfaces/include/village_interfaces/village_interfaces/srv/detail/task_assign__type_support.h
[1.583s] -- Up-to-date: /home/lichaoyue/Desktop/tasktown_ws/install/village_interfaces/include/village_interfaces/village_interfaces/srv/detail/task_assign__functions.c
[1.583s] -- Up-to-date: /home/lichaoyue/Desktop/tasktown_ws/install/village_interfaces/include/village_interfaces/village_interfaces/srv/detail/borrow_money__functions.c
[1.583s] -- Up-to-date: /home/lichaoyue/Desktop/tasktown_ws/install/village_interfaces/include/village_interfaces/village_interfaces/srv/detail/borrow_money__struct.h
[1.584s] -- Up-to-date: /home/lichaoyue/Desktop/tasktown_ws/install/village_interfaces/include/village_interfaces/village_interfaces/srv/detail/task_assign__functions.h
[1.585s] -- Up-to-date: /home/lichaoyue/Desktop/tasktown_ws/install/village_interfaces/include/village_interfaces/village_interfaces/srv/borrow_money.h
[1.586s] -- Up-to-date: /home/lichaoyue/Desktop/tasktown_ws/install/village_interfaces/include/village_interfaces/village_interfaces/srv/task_assign.h
[1.586s] -- Up-to-date: /home/lichaoyue/Desktop/tasktown_ws/install/village_interfaces/share/village_interfaces/environment/library_path.sh
[1.586s] -- Up-to-date: /home/lichaoyue/Desktop/tasktown_ws/install/village_interfaces/share/village_interfaces/environment/library_path.dsv
[1.586s] -- Up-to-date: /home/lichaoyue/Desktop/tasktown_ws/install/village_interfaces/lib/libvillage_interfaces__rosidl_generator_c.so
[1.586s] -- Up-to-date: /home/lichaoyue/Desktop/tasktown_ws/install/village_interfaces/include/village_interfaces/village_interfaces
[1.586s] -- Up-to-date: /home/lichaoyue/Desktop/tasktown_ws/install/village_interfaces/include/village_interfaces/village_interfaces/msg
[1.586s] -- Up-to-date: /home/lichaoyue/Desktop/tasktown_ws/install/village_interfaces/include/village_interfaces/village_interfaces/msg/detail
[1.586s] -- Up-to-date: /home/lichaoyue/Desktop/tasktown_ws/install/village_interfaces/include/village_interfaces/village_interfaces/msg/detail/task__rosidl_typesupport_fastrtps_c.h
[1.587s] -- Up-to-date: /home/lichaoyue/Desktop/tasktown_ws/install/village_interfaces/include/village_interfaces/village_interfaces/msg/rosidl_typesupport_fastrtps_c__visibility_control.h
[1.587s] -- Up-to-date: /home/lichaoyue/Desktop/tasktown_ws/install/village_interfaces/include/village_interfaces/village_interfaces/srv
[1.587s] -- Up-to-date: /home/lichaoyue/Desktop/tasktown_ws/install/village_interfaces/include/village_interfaces/village_interfaces/srv/detail
[1.587s] -- Up-to-date: /home/lichaoyue/Desktop/tasktown_ws/install/village_interfaces/include/village_interfaces/village_interfaces/srv/detail/borrow_money__rosidl_typesupport_fastrtps_c.h
[1.587s] -- Up-to-date: /home/lichaoyue/Desktop/tasktown_ws/install/village_interfaces/include/village_interfaces/village_interfaces/srv/detail/task_assign__rosidl_typesupport_fastrtps_c.h
[1.587s] -- Up-to-date: /home/lichaoyue/Desktop/tasktown_ws/install/village_interfaces/lib/libvillage_interfaces__rosidl_typesupport_fastrtps_c.so
[1.588s] -- Up-to-date: /home/lichaoyue/Desktop/tasktown_ws/install/village_interfaces/include/village_interfaces/village_interfaces
[1.588s] -- Up-to-date: /home/lichaoyue/Desktop/tasktown_ws/install/village_interfaces/include/village_interfaces/village_interfaces/msg
[1.589s] -- Up-to-date: /home/lichaoyue/Desktop/tasktown_ws/install/village_interfaces/include/village_interfaces/village_interfaces/msg/detail
[1.589s] -- Up-to-date: /home/lichaoyue/Desktop/tasktown_ws/install/village_interfaces/include/village_interfaces/village_interfaces/msg/detail/task__builder.hpp
[1.589s] -- Up-to-date: /home/lichaoyue/Desktop/tasktown_ws/install/village_interfaces/include/village_interfaces/village_interfaces/msg/detail/task__traits.hpp
[1.590s] -- Up-to-date: /home/lichaoyue/Desktop/tasktown_ws/install/village_interfaces/include/village_interfaces/village_interfaces/msg/detail/task__struct.hpp
[1.590s] -- Up-to-date: /home/lichaoyue/Desktop/tasktown_ws/install/village_interfaces/include/village_interfaces/village_interfaces/msg/task.hpp
[1.591s] -- Up-to-date: /home/lichaoyue/Desktop/tasktown_ws/install/village_interfaces/include/village_interfaces/village_interfaces/srv
[1.592s] -- Up-to-date: /home/lichaoyue/Desktop/tasktown_ws/install/village_interfaces/include/village_interfaces/village_interfaces/srv/detail
[1.592s] -- Up-to-date: /home/lichaoyue/Desktop/tasktown_ws/install/village_interfaces/include/village_interfaces/village_interfaces/srv/detail/task_assign__traits.hpp
[1.593s] -- Up-to-date: /home/lichaoyue/Desktop/tasktown_ws/install/village_interfaces/include/village_interfaces/village_interfaces/srv/detail/task_assign__builder.hpp
[1.593s] -- Up-to-date: /home/lichaoyue/Desktop/tasktown_ws/install/village_interfaces/include/village_interfaces/village_interfaces/srv/detail/borrow_money__builder.hpp
[1.594s] -- Up-to-date: /home/lichaoyue/Desktop/tasktown_ws/install/village_interfaces/include/village_interfaces/village_interfaces/srv/detail/borrow_money__traits.hpp
[1.594s] -- Up-to-date: /home/lichaoyue/Desktop/tasktown_ws/install/village_interfaces/include/village_interfaces/village_interfaces/srv/detail/borrow_money__struct.hpp
[1.595s] -- Up-to-date: /home/lichaoyue/Desktop/tasktown_ws/install/village_interfaces/include/village_interfaces/village_interfaces/srv/detail/task_assign__struct.hpp
[1.595s] -- Up-to-date: /home/lichaoyue/Desktop/tasktown_ws/install/village_interfaces/include/village_interfaces/village_interfaces/srv/borrow_money.hpp
[1.595s] -- Up-to-date: /home/lichaoyue/Desktop/tasktown_ws/install/village_interfaces/include/village_interfaces/village_interfaces/srv/task_assign.hpp
[1.596s] -- Up-to-date: /home/lichaoyue/Desktop/tasktown_ws/install/village_interfaces/include/village_interfaces/village_interfaces
[1.596s] -- Up-to-date: /home/lichaoyue/Desktop/tasktown_ws/install/village_interfaces/include/village_interfaces/village_interfaces/msg
[1.597s] -- Up-to-date: /home/lichaoyue/Desktop/tasktown_ws/install/village_interfaces/include/village_interfaces/village_interfaces/msg/rosidl_typesupport_fastrtps_cpp__visibility_control.h
[1.597s] -- Up-to-date: /home/lichaoyue/Desktop/tasktown_ws/install/village_interfaces/include/village_interfaces/village_interfaces/msg/detail
[1.597s] -- Up-to-date: /home/lichaoyue/Desktop/tasktown_ws/install/village_interfaces/include/village_interfaces/village_interfaces/msg/detail/task__rosidl_typesupport_fastrtps_cpp.hpp
[1.598s] -- Up-to-date: /home/lichaoyue/Desktop/tasktown_ws/install/village_interfaces/include/village_interfaces/village_interfaces/msg/detail/dds_fastrtps
[1.599s] -- Up-to-date: /home/lichaoyue/Desktop/tasktown_ws/install/village_interfaces/include/village_interfaces/village_interfaces/srv
[1.599s] -- Up-to-date: /home/lichaoyue/Desktop/tasktown_ws/install/village_interfaces/include/village_interfaces/village_interfaces/srv/detail
[1.599s] -- Up-to-date: /home/lichaoyue/Desktop/tasktown_ws/install/village_interfaces/include/village_interfaces/village_interfaces/srv/detail/task_assign__rosidl_typesupport_fastrtps_cpp.hpp
[1.600s] -- Up-to-date: /home/lichaoyue/Desktop/tasktown_ws/install/village_interfaces/include/village_interfaces/village_interfaces/srv/detail/borrow_money__rosidl_typesupport_fastrtps_cpp.hpp
[1.600s] -- Up-to-date: /home/lichaoyue/Desktop/tasktown_ws/install/village_interfaces/include/village_interfaces/village_interfaces/srv/detail/dds_fastrtps
[1.600s] -- Up-to-date: /home/lichaoyue/Desktop/tasktown_ws/install/village_interfaces/lib/libvillage_interfaces__rosidl_typesupport_fastrtps_cpp.so
[1.601s] -- Up-to-date: /home/lichaoyue/Desktop/tasktown_ws/install/village_interfaces/include/village_interfaces/village_interfaces
[1.601s] -- Up-to-date: /home/lichaoyue/Desktop/tasktown_ws/install/village_interfaces/include/village_interfaces/village_interfaces/msg
[1.601s] -- Up-to-date: /home/lichaoyue/Desktop/tasktown_ws/install/village_interfaces/include/village_interfaces/village_interfaces/msg/detail
[1.601s] -- Up-to-date: /home/lichaoyue/Desktop/tasktown_ws/install/village_interfaces/include/village_interfaces/village_interfaces/msg/detail/task__rosidl_typesupport_introspection_c.h
[1.602s] -- Up-to-date: /home/lichaoyue/Desktop/tasktown_ws/install/village_interfaces/include/village_interfaces/village_interfaces/msg/detail/task__type_support.c
[1.602s] -- Up-to-date: /home/lichaoyue/Desktop/tasktown_ws/install/village_interfaces/include/village_interfaces/village_interfaces/msg/rosidl_typesupport_introspection_c__visibility_control.h
[1.602s] -- Up-to-date: /home/lichaoyue/Desktop/tasktown_ws/install/village_interfaces/include/village_interfaces/village_interfaces/srv
[1.602s] -- Up-to-date: /home/lichaoyue/Desktop/tasktown_ws/install/village_interfaces/include/village_interfaces/village_interfaces/srv/detail
[1.602s] -- Up-to-date: /home/lichaoyue/Desktop/tasktown_ws/install/village_interfaces/include/village_interfaces/village_interfaces/srv/detail/borrow_money__rosidl_typesupport_introspection_c.h
[1.602s] -- Up-to-date: /home/lichaoyue/Desktop/tasktown_ws/install/village_interfaces/include/village_interfaces/village_interfaces/srv/detail/task_assign__rosidl_typesupport_introspection_c.h
[1.603s] -- Up-to-date: /home/lichaoyue/Desktop/tasktown_ws/install/village_interfaces/include/village_interfaces/village_interfaces/srv/detail/borrow_money__type_support.c
[1.603s] -- Up-to-date: /home/lichaoyue/Desktop/tasktown_ws/install/village_interfaces/include/village_interfaces/village_interfaces/srv/detail/task_assign__type_support.c
[1.603s] -- Up-to-date: /home/lichaoyue/Desktop/tasktown_ws/install/village_interfaces/lib/libvillage_interfaces__rosidl_typesupport_introspection_c.so
[1.603s] -- Up-to-date: /home/lichaoyue/Desktop/tasktown_ws/install/village_interfaces/lib/libvillage_interfaces__rosidl_typesupport_c.so
[1.604s] -- Up-to-date: /home/lichaoyue/Desktop/tasktown_ws/install/village_interfaces/include/village_interfaces/village_interfaces
[1.604s] -- Up-to-date: /home/lichaoyue/Desktop/tasktown_ws/install/village_interfaces/include/village_interfaces/village_interfaces/msg
[1.604s] -- Up-to-date: /home/lichaoyue/Desktop/tasktown_ws/install/village_interfaces/include/village_interfaces/village_interfaces/msg/detail
[1.604s] -- Up-to-date: /home/lichaoyue/Desktop/tasktown_ws/install/village_interfaces/include/village_interfaces/village_interfaces/msg/detail/task__rosidl_typesupport_introspection_cpp.hpp
[1.604s] -- Up-to-date: /home/lichaoyue/Desktop/tasktown_ws/install/village_interfaces/include/village_interfaces/village_interfaces/msg/detail/task__type_support.cpp
[1.605s] -- Up-to-date: /home/lichaoyue/Desktop/tasktown_ws/install/village_interfaces/include/village_interfaces/village_interfaces/srv
[1.605s] -- Up-to-date: /home/lichaoyue/Desktop/tasktown_ws/install/village_interfaces/include/village_interfaces/village_interfaces/srv/detail
[1.605s] -- Up-to-date: /home/lichaoyue/Desktop/tasktown_ws/install/village_interfaces/include/village_interfaces/village_interfaces/srv/detail/borrow_money__type_support.cpp
[1.605s] -- Up-to-date: /home/lichaoyue/Desktop/tasktown_ws/install/village_interfaces/include/village_interfaces/village_interfaces/srv/detail/task_assign__type_support.cpp
[1.605s] -- Up-to-date: /home/lichaoyue/Desktop/tasktown_ws/install/village_interfaces/include/village_interfaces/village_interfaces/srv/detail/task_assign__rosidl_typesupport_introspection_cpp.hpp
[1.605s] -- Up-to-date: /home/lichaoyue/Desktop/tasktown_ws/install/village_interfaces/include/village_interfaces/village_interfaces/srv/detail/borrow_money__rosidl_typesupport_introspection_cpp.hpp
[1.606s] -- Up-to-date: /home/lichaoyue/Desktop/tasktown_ws/install/village_interfaces/lib/libvillage_interfaces__rosidl_typesupport_introspection_cpp.so
[1.606s] -- Up-to-date: /home/lichaoyue/Desktop/tasktown_ws/install/village_interfaces/lib/libvillage_interfaces__rosidl_typesupport_cpp.so
[1.606s] -- Up-to-date: /home/lichaoyue/Desktop/tasktown_ws/install/village_interfaces/share/village_interfaces/environment/pythonpath.sh
[1.606s] -- Up-to-date: /home/lichaoyue/Desktop/tasktown_ws/install/village_interfaces/share/village_interfaces/environment/pythonpath.dsv
[1.606s] -- Up-to-date: /home/lichaoyue/Desktop/tasktown_ws/install/village_interfaces/local/lib/python3.10/dist-packages/village_interfaces-0.0.0-py3.10.egg-info
[1.607s] -- Installing: /home/lichaoyue/Desktop/tasktown_ws/install/village_interfaces/local/lib/python3.10/dist-packages/village_interfaces-0.0.0-py3.10.egg-info/PKG-INFO
[1.607s] -- Installing: /home/lichaoyue/Desktop/tasktown_ws/install/village_interfaces/local/lib/python3.10/dist-packages/village_interfaces-0.0.0-py3.10.egg-info/top_level.txt
[1.607s] -- Installing: /home/lichaoyue/Desktop/tasktown_ws/install/village_interfaces/local/lib/python3.10/dist-packages/village_interfaces-0.0.0-py3.10.egg-info/dependency_links.txt
[1.607s] -- Installing: /home/lichaoyue/Desktop/tasktown_ws/install/village_interfaces/local/lib/python3.10/dist-packages/village_interfaces-0.0.0-py3.10.egg-info/SOURCES.txt
[1.608s] -- Up-to-date: /home/lichaoyue/Desktop/tasktown_ws/install/village_interfaces/local/lib/python3.10/dist-packages/village_interfaces
[1.608s] -- Up-to-date: /home/lichaoyue/Desktop/tasktown_ws/install/village_interfaces/local/lib/python3.10/dist-packages/village_interfaces/village_interfaces_s__rosidl_typesupport_c.cpython-310-x86_64-linux-gnu.so
[1.608s] -- Up-to-date: /home/lichaoyue/Desktop/tasktown_ws/install/village_interfaces/local/lib/python3.10/dist-packages/village_interfaces/_village_interfaces_s.ep.rosidl_typesupport_fastrtps_c.c
[1.609s] -- Up-to-date: /home/lichaoyue/Desktop/tasktown_ws/install/village_interfaces/local/lib/python3.10/dist-packages/village_interfaces/village_interfaces_s__rosidl_typesupport_fastrtps_c.cpython-310-x86_64-linux-gnu.so
[1.609s] -- Up-to-date: /home/lichaoyue/Desktop/tasktown_ws/install/village_interfaces/local/lib/python3.10/dist-packages/village_interfaces/village_interfaces_s__rosidl_typesupport_introspection_c.cpython-310-x86_64-linux-gnu.so
[1.609s] -- Up-to-date: /home/lichaoyue/Desktop/tasktown_ws/install/village_interfaces/local/lib/python3.10/dist-packages/village_interfaces/_village_interfaces_s.ep.rosidl_typesupport_c.c
[1.609s] -- Up-to-date: /home/lichaoyue/Desktop/tasktown_ws/install/village_interfaces/local/lib/python3.10/dist-packages/village_interfaces/_village_interfaces_s.ep.rosidl_typesupport_introspection_c.c
[1.609s] -- Up-to-date: /home/lichaoyue/Desktop/tasktown_ws/install/village_interfaces/local/lib/python3.10/dist-packages/village_interfaces/__init__.py
[1.609s] -- Up-to-date: /home/lichaoyue/Desktop/tasktown_ws/install/village_interfaces/local/lib/python3.10/dist-packages/village_interfaces/msg
[1.610s] -- Up-to-date: /home/lichaoyue/Desktop/tasktown_ws/install/village_interfaces/local/lib/python3.10/dist-packages/village_interfaces/msg/_task_s.c
[1.610s] -- Up-to-date: /home/lichaoyue/Desktop/tasktown_ws/install/village_interfaces/local/lib/python3.10/dist-packages/village_interfaces/msg/_task.py
[1.610s] -- Up-to-date: /home/lichaoyue/Desktop/tasktown_ws/install/village_interfaces/local/lib/python3.10/dist-packages/village_interfaces/msg/__init__.py
[1.610s] -- Up-to-date: /home/lichaoyue/Desktop/tasktown_ws/install/village_interfaces/local/lib/python3.10/dist-packages/village_interfaces/libvillage_interfaces__rosidl_generator_py.so
[1.611s] -- Up-to-date: /home/lichaoyue/Desktop/tasktown_ws/install/village_interfaces/local/lib/python3.10/dist-packages/village_interfaces/srv
[1.611s] -- Up-to-date: /home/lichaoyue/Desktop/tasktown_ws/install/village_interfaces/local/lib/python3.10/dist-packages/village_interfaces/srv/_borrow_money.py
[1.611s] -- Up-to-date: /home/lichaoyue/Desktop/tasktown_ws/install/village_interfaces/local/lib/python3.10/dist-packages/village_interfaces/srv/_task_assign.py
[1.611s] -- Up-to-date: /home/lichaoyue/Desktop/tasktown_ws/install/village_interfaces/local/lib/python3.10/dist-packages/village_interfaces/srv/_task_assign_s.c
[1.611s] -- Up-to-date: /home/lichaoyue/Desktop/tasktown_ws/install/village_interfaces/local/lib/python3.10/dist-packages/village_interfaces/srv/_borrow_money_s.c
[1.611s] -- Up-to-date: /home/lichaoyue/Desktop/tasktown_ws/install/village_interfaces/local/lib/python3.10/dist-packages/village_interfaces/srv/__init__.py
[1.674s] Listing '/home/lichaoyue/Desktop/tasktown_ws/install/village_interfaces/local/lib/python3.10/dist-packages/village_interfaces'...
[1.674s] Listing '/home/lichaoyue/Desktop/tasktown_ws/install/village_interfaces/local/lib/python3.10/dist-packages/village_interfaces/msg'...
[1.675s] Listing '/home/lichaoyue/Desktop/tasktown_ws/install/village_interfaces/local/lib/python3.10/dist-packages/village_interfaces/srv'...
[1.684s] -- Up-to-date: /home/lichaoyue/Desktop/tasktown_ws/install/village_interfaces/local/lib/python3.10/dist-packages/village_interfaces/village_interfaces_s__rosidl_typesupport_fastrtps_c.cpython-310-x86_64-linux-gnu.so
[1.684s] -- Up-to-date: /home/lichaoyue/Desktop/tasktown_ws/install/village_interfaces/local/lib/python3.10/dist-packages/village_interfaces/village_interfaces_s__rosidl_typesupport_introspection_c.cpython-310-x86_64-linux-gnu.so
[1.686s] -- Up-to-date: /home/lichaoyue/Desktop/tasktown_ws/install/village_interfaces/local/lib/python3.10/dist-packages/village_interfaces/village_interfaces_s__rosidl_typesupport_c.cpython-310-x86_64-linux-gnu.so
[1.686s] -- Up-to-date: /home/lichaoyue/Desktop/tasktown_ws/install/village_interfaces/lib/libvillage_interfaces__rosidl_generator_py.so
[1.686s] -- Up-to-date: /home/lichaoyue/Desktop/tasktown_ws/install/village_interfaces/share/village_interfaces/msg/Task.idl
[1.686s] -- Up-to-date: /home/lichaoyue/Desktop/tasktown_ws/install/village_interfaces/share/village_interfaces/srv/BorrowMoney.idl
[1.686s] -- Up-to-date: /home/lichaoyue/Desktop/tasktown_ws/install/village_interfaces/share/village_interfaces/srv/TaskAssign.idl
[1.686s] -- Up-to-date: /home/lichaoyue/Desktop/tasktown_ws/install/village_interfaces/share/village_interfaces/msg/Task.msg
[1.686s] -- Up-to-date: /home/lichaoyue/Desktop/tasktown_ws/install/village_interfaces/share/village_interfaces/srv/BorrowMoney.srv
[1.687s] -- Up-to-date: /home/lichaoyue/Desktop/tasktown_ws/install/village_interfaces/share/village_interfaces/srv/BorrowMoney_Request.msg
[1.689s] -- Up-to-date: /home/lichaoyue/Desktop/tasktown_ws/install/village_interfaces/share/village_interfaces/srv/BorrowMoney_Response.msg
[1.689s] -- Up-to-date: /home/lichaoyue/Desktop/tasktown_ws/install/village_interfaces/share/village_interfaces/srv/TaskAssign.srv
[1.689s] -- Up-to-date: /home/lichaoyue/Desktop/tasktown_ws/install/village_interfaces/share/village_interfaces/srv/TaskAssign_Request.msg
[1.689s] -- Up-to-date: /home/lichaoyue/Desktop/tasktown_ws/install/village_interfaces/share/village_interfaces/srv/TaskAssign_Response.msg
[1.690s] -- Up-to-date: /home/lichaoyue/Desktop/tasktown_ws/install/village_interfaces/share/ament_index/resource_index/package_run_dependencies/village_interfaces
[1.690s] -- Up-to-date: /home/lichaoyue/Desktop/tasktown_ws/install/village_interfaces/share/ament_index/resource_index/parent_prefix_path/village_interfaces
[1.690s] -- Up-to-date: /home/lichaoyue/Desktop/tasktown_ws/install/village_interfaces/share/village_interfaces/environment/ament_prefix_path.sh
[1.690s] -- Up-to-date: /home/lichaoyue/Desktop/tasktown_ws/install/village_interfaces/share/village_interfaces/environment/ament_prefix_path.dsv
[1.691s] -- Up-to-date: /home/lichaoyue/Desktop/tasktown_ws/install/village_interfaces/share/village_interfaces/environment/path.sh
[1.692s] -- Up-to-date: /home/lichaoyue/Desktop/tasktown_ws/install/village_interfaces/share/village_interfaces/environment/path.dsv
[1.692s] -- Up-to-date: /home/lichaoyue/Desktop/tasktown_ws/install/village_interfaces/share/village_interfaces/local_setup.bash
[1.692s] -- Up-to-date: /home/lichaoyue/Desktop/tasktown_ws/install/village_interfaces/share/village_interfaces/local_setup.sh
[1.692s] -- Up-to-date: /home/lichaoyue/Desktop/tasktown_ws/install/village_interfaces/share/village_interfaces/local_setup.zsh
[1.692s] -- Up-to-date: /home/lichaoyue/Desktop/tasktown_ws/install/village_interfaces/share/village_interfaces/local_setup.dsv
[1.692s] -- Installing: /home/lichaoyue/Desktop/tasktown_ws/install/village_interfaces/share/village_interfaces/package.dsv
[1.692s] -- Up-to-date: /home/lichaoyue/Desktop/tasktown_ws/install/village_interfaces/share/ament_index/resource_index/packages/village_interfaces
[1.692s] -- Up-to-date: /home/lichaoyue/Desktop/tasktown_ws/install/village_interfaces/share/village_interfaces/cmake/export_village_interfaces__rosidl_generator_cExport.cmake
[1.692s] -- Up-to-date: /home/lichaoyue/Desktop/tasktown_ws/install/village_interfaces/share/village_interfaces/cmake/export_village_interfaces__rosidl_generator_cExport-noconfig.cmake
[1.693s] -- Up-to-date: /home/lichaoyue/Desktop/tasktown_ws/install/village_interfaces/share/village_interfaces/cmake/export_village_interfaces__rosidl_typesupport_fastrtps_cExport.cmake
[1.693s] -- Up-to-date: /home/lichaoyue/Desktop/tasktown_ws/install/village_interfaces/share/village_interfaces/cmake/export_village_interfaces__rosidl_typesupport_fastrtps_cExport-noconfig.cmake
[1.693s] -- Up-to-date: /home/lichaoyue/Desktop/tasktown_ws/install/village_interfaces/share/village_interfaces/cmake/export_village_interfaces__rosidl_generator_cppExport.cmake
[1.693s] -- Up-to-date: /home/lichaoyue/Desktop/tasktown_ws/install/village_interfaces/share/village_interfaces/cmake/export_village_interfaces__rosidl_typesupport_fastrtps_cppExport.cmake
[1.693s] -- Up-to-date: /home/lichaoyue/Desktop/tasktown_ws/install/village_interfaces/share/village_interfaces/cmake/export_village_interfaces__rosidl_typesupport_fastrtps_cppExport-noconfig.cmake
[1.694s] -- Up-to-date: /home/lichaoyue/Desktop/tasktown_ws/install/village_interfaces/share/village_interfaces/cmake/village_interfaces__rosidl_typesupport_introspection_cExport.cmake
[1.694s] -- Up-to-date: /home/lichaoyue/Desktop/tasktown_ws/install/village_interfaces/share/village_interfaces/cmake/village_interfaces__rosidl_typesupport_introspection_cExport-noconfig.cmake
[1.694s] -- Up-to-date: /home/lichaoyue/Desktop/tasktown_ws/install/village_interfaces/share/village_interfaces/cmake/village_interfaces__rosidl_typesupport_cExport.cmake
[1.695s] -- Up-to-date: /home/lichaoyue/Desktop/tasktown_ws/install/village_interfaces/share/village_interfaces/cmake/village_interfaces__rosidl_typesupport_cExport-noconfig.cmake
[1.695s] -- Up-to-date: /home/lichaoyue/Desktop/tasktown_ws/install/village_interfaces/share/village_interfaces/cmake/village_interfaces__rosidl_typesupport_introspection_cppExport.cmake
[1.695s] -- Up-to-date: /home/lichaoyue/Desktop/tasktown_ws/install/village_interfaces/share/village_interfaces/cmake/village_interfaces__rosidl_typesupport_introspection_cppExport-noconfig.cmake
[1.695s] -- Up-to-date: /home/lichaoyue/Desktop/tasktown_ws/install/village_interfaces/share/village_interfaces/cmake/village_interfaces__rosidl_typesupport_cppExport.cmake
[1.698s] -- Up-to-date: /home/lichaoyue/Desktop/tasktown_ws/install/village_interfaces/share/village_interfaces/cmake/village_interfaces__rosidl_typesupport_cppExport-noconfig.cmake
[1.698s] -- Up-to-date: /home/lichaoyue/Desktop/tasktown_ws/install/village_interfaces/share/village_interfaces/cmake/export_village_interfaces__rosidl_generator_pyExport.cmake
[1.698s] -- Up-to-date: /home/lichaoyue/Desktop/tasktown_ws/install/village_interfaces/share/village_interfaces/cmake/export_village_interfaces__rosidl_generator_pyExport-noconfig.cmake
[1.698s] -- Up-to-date: /home/lichaoyue/Desktop/tasktown_ws/install/village_interfaces/share/village_interfaces/cmake/rosidl_cmake-extras.cmake
[1.698s] -- Up-to-date: /home/lichaoyue/Desktop/tasktown_ws/install/village_interfaces/share/village_interfaces/cmake/ament_cmake_export_dependencies-extras.cmake
[1.700s] -- Up-to-date: /home/lichaoyue/Desktop/tasktown_ws/install/village_interfaces/share/village_interfaces/cmake/ament_cmake_export_include_directories-extras.cmake
[1.700s] -- Up-to-date: /home/lichaoyue/Desktop/tasktown_ws/install/village_interfaces/share/village_interfaces/cmake/ament_cmake_export_libraries-extras.cmake
[1.700s] -- Up-to-date: /home/lichaoyue/Desktop/tasktown_ws/install/village_interfaces/share/village_interfaces/cmake/ament_cmake_export_targets-extras.cmake
[1.700s] -- Up-to-date: /home/lichaoyue/Desktop/tasktown_ws/install/village_interfaces/share/village_interfaces/cmake/rosidl_cmake_export_typesupport_targets-extras.cmake
[1.700s] -- Up-to-date: /home/lichaoyue/Desktop/tasktown_ws/install/village_interfaces/share/village_interfaces/cmake/rosidl_cmake_export_typesupport_libraries-extras.cmake
[1.700s] -- Up-to-date: /home/lichaoyue/Desktop/tasktown_ws/install/village_interfaces/share/village_interfaces/cmake/village_interfacesConfig.cmake
[1.700s] -- Up-to-date: /home/lichaoyue/Desktop/tasktown_ws/install/village_interfaces/share/village_interfaces/cmake/village_interfacesConfig-version.cmake
[1.700s] -- Up-to-date: /home/lichaoyue/Desktop/tasktown_ws/install/village_interfaces/share/village_interfaces/package.xml
[1.700s] Invoked command in '/home/lichaoyue/Desktop/tasktown_ws/build/village_interfaces' returned '0': CMAKE_PREFIX_PATH=${CMAKE_PREFIX_PATH}:/opt/ros/humble /usr/bin/cmake --install /home/lichaoyue/Desktop/tasktown_ws/build/village_interfaces
