[0.032s] Invoking command in '/home/lichaoyue/Desktop/tasktown_ws/build/village_interfaces': CMAKE_PREFIX_PATH=${CMAKE_PREFIX_PATH}:/opt/ros/humble /usr/bin/cmake --build /home/lichaoyue/Desktop/tasktown_ws/build/village_interfaces -- -j12 -l12
[0.108s] -- Found ament_cmake: 1.3.8 (/opt/ros/humble/share/ament_cmake/cmake)
[0.463s] -- Found sensor_msgs: 4.2.3 (/opt/ros/humble/share/sensor_msgs/cmake)
[0.530s] -- Found rosidl_generator_c: 3.1.5 (/opt/ros/humble/share/rosidl_generator_c/cmake)
[0.538s] -- Found rosidl_adapter: 3.1.5 (/opt/ros/humble/share/rosidl_adapter/cmake)
[0.558s] -- Found rosidl_generator_cpp: 3.1.5 (/opt/ros/humble/share/rosidl_generator_cpp/cmake)
[0.591s] -- Using all available rosidl_typesupport_c: rosidl_typesupport_fastrtps_c;rosidl_typesupport_introspection_c
[0.643s] -- Using all available rosidl_typesupport_cpp: rosidl_typesupport_fastrtps_cpp;rosidl_typesupport_introspection_cpp
[1.262s] -- Found rosidl_default_generators: 1.2.0 (/opt/ros/humble/share/rosidl_default_generators/cmake)
[1.281s] -- Found ament_lint_auto: 0.12.10 (/opt/ros/humble/share/ament_lint_auto/cmake)
[1.484s] [31mCMake Error at /opt/ros/humble/share/rosidl_cmake/cmake/rosidl_generate_interfaces.cmake:93 (message):
[1.484s]   rosidl_generate_interfaces() the passed file 'srv/UpdateTask.srv' doesn't
[1.484s]   exist relative to the CMAKE_CURRENT_SOURCE_DIR
[1.484s]   '/home/lichaoyue/Desktop/tasktown_ws/src/village_interfaces'
[1.485s] Call Stack (most recent call first):
[1.485s]   CMakeLists.txt:29 (rosidl_generate_interfaces)
[1.486s] 
[1.486s] [0m
[1.486s] -- Configuring incomplete, errors occurred!
[1.486s] See also "/home/lichaoyue/Desktop/tasktown_ws/build/village_interfaces/CMakeFiles/CMakeOutput.log".
[1.493s] gmake: *** [Makefile:1395: cmake_check_build_system] Error 1
[1.501s] Invoked command in '/home/lichaoyue/Desktop/tasktown_ws/build/village_interfaces' returned '2': CMAKE_PREFIX_PATH=${CMAKE_PREFIX_PATH}:/opt/ros/humble /usr/bin/cmake --build /home/lichaoyue/Desktop/tasktown_ws/build/village_interfaces -- -j12 -l12
