[ 50%] [32mBuilding CXX object CMakeFiles/task_node.dir/src/task.cpp.o[0m
[01m[K/home/lichaoyue/Desktop/tasktown_ws/src/village_task/src/task.cpp:[m[K In member function ‘[01m[Kvoid TaskRequestNode::send_tasks_request()[m[K’:
[01m[K/home/lichaoyue/Desktop/tasktown_ws/src/village_task/src/task.cpp:59:12:[m[K [01;35m[Kwarning: [m[Kunused variable ‘[01m[KdesiredLength[m[K’ [[01;35m[K]8;;https://gcc.gnu.org/onlinedocs/gcc/Warning-Options.html#index-Wunused-variable-Wunused-variable]8;;[m[K]
   59 |     size_t [01;35m[KdesiredLength[m[K = 6;            // 随机任务序列长度，可以人为规定
      |            [01;35m[K^~~~~~~~~~~~~[m[K
[100%] [32m[1mLinking CXX executable task_node[0m
[100%] Built target task_node
-- Install configuration: ""
-- Up-to-date: /home/lichaoyue/Desktop/tasktown_ws/install/village_task/share/ament_index/resource_index/package_run_dependencies/village_task
-- Up-to-date: /home/lichaoyue/Desktop/tasktown_ws/install/village_task/share/ament_index/resource_index/parent_prefix_path/village_task
-- Up-to-date: /home/lichaoyue/Desktop/tasktown_ws/install/village_task/share/village_task/environment/ament_prefix_path.sh
-- Up-to-date: /home/lichaoyue/Desktop/tasktown_ws/install/village_task/share/village_task/environment/ament_prefix_path.dsv
-- Up-to-date: /home/lichaoyue/Desktop/tasktown_ws/install/village_task/share/village_task/environment/path.sh
-- Up-to-date: /home/lichaoyue/Desktop/tasktown_ws/install/village_task/share/village_task/environment/path.dsv
-- Up-to-date: /home/lichaoyue/Desktop/tasktown_ws/install/village_task/share/village_task/local_setup.bash
-- Up-to-date: /home/lichaoyue/Desktop/tasktown_ws/install/village_task/share/village_task/local_setup.sh
-- Up-to-date: /home/lichaoyue/Desktop/tasktown_ws/install/village_task/share/village_task/local_setup.zsh
-- Up-to-date: /home/lichaoyue/Desktop/tasktown_ws/install/village_task/share/village_task/local_setup.dsv
-- Installing: /home/lichaoyue/Desktop/tasktown_ws/install/village_task/share/village_task/package.dsv
-- Up-to-date: /home/lichaoyue/Desktop/tasktown_ws/install/village_task/share/ament_index/resource_index/packages/village_task
-- Up-to-date: /home/lichaoyue/Desktop/tasktown_ws/install/village_task/share/village_task/cmake/village_taskConfig.cmake
-- Up-to-date: /home/lichaoyue/Desktop/tasktown_ws/install/village_task/share/village_task/cmake/village_taskConfig-version.cmake
-- Up-to-date: /home/lichaoyue/Desktop/tasktown_ws/install/village_task/share/village_task/package.xml
-- Installing: /home/lichaoyue/Desktop/tasktown_ws/install/village_task/lib/village_task/task_node
-- Set runtime path of "/home/lichaoyue/Desktop/tasktown_ws/install/village_task/lib/village_task/task_node" to ""
