[0.015s] Invoking command in '/home/lichaoyue/Desktop/tasktown_ws/build/village_operator': CMAKE_PREFIX_PATH=/home/lichaoyue/Desktop/tasktown_ws/install/village_interfaces:/home/lichaoyue/Desktop/tasktown_ws/install/village_taskgroups:/home/lichaoyue/Desktop/tasktown_ws/install/village_task:/home/lichaoyue/Desktop/tasktown_ws/install/village_operator:/opt/ros/humble /usr/bin/cmake --build /home/lichaoyue/Desktop/tasktown_ws/build/village_operator -- -j12 -l12
[0.081s] [35m[1mConsolidate compiler generated dependencies of target operator_node[0m
[0.105s] [ 50%] [32mBuilding CXX object CMakeFiles/operator_node.dir/src/operator.cpp.o[0m
[3.406s] [01m[K/home/lichaoyue/Desktop/tasktown_ws/src/village_operator/src/operator.cpp:[m[K In member function ‘[01m[Kvoid TaskAssignServer::assignTasks(const std::vector<int>&, std::shared_ptr<village_interfaces::srv::TaskAssign_Response_<std::allocator<void> > >)[m[K’:
[3.408s] [01m[K/home/lichaoyue/Desktop/tasktown_ws/src/village_operator/src/operator.cpp:362:33:[m[K [01;35m[Kwarning: [m[Kunused variable ‘[01m[Ktask_time[m[K’ [[01;35m[K]8;;https://gcc.gnu.org/onlinedocs/gcc/Warning-Options.html#index-Wunused-variable-Wunused-variable]8;;[m[K]
[3.408s]   362 |                             int [01;35m[Ktask_time[m[K = task[2];
[3.408s]       |                                 [01;35m[K^~~~~~~~~[m[K
[3.413s] [01m[K/home/lichaoyue/Desktop/tasktown_ws/src/village_operator/src/operator.cpp:330:46:[m[K [01;35m[Kwarning: [m[Kunused parameter ‘[01m[Ktask_sequence[m[K’ [[01;35m[K]8;;https://gcc.gnu.org/onlinedocs/gcc/Warning-Options.html#index-Wunused-parameter-Wunused-parameter]8;;[m[K]
[3.413s]   330 | void assignTasks([01;35m[Kconst std::vector<int32_t> &task_sequence[m[K,
[3.413s]       |                  [01;35m[K~~~~~~~~~~~~~~~~~~~~~~~~~~~~^~~~~~~~~~~~~[m[K
[7.086s] [100%] [32m[1mLinking CXX executable operator_node[0m
[7.441s] [100%] Built target operator_node
[7.455s] Invoked command in '/home/lichaoyue/Desktop/tasktown_ws/build/village_operator' returned '0': CMAKE_PREFIX_PATH=/home/lichaoyue/Desktop/tasktown_ws/install/village_interfaces:/home/lichaoyue/Desktop/tasktown_ws/install/village_taskgroups:/home/lichaoyue/Desktop/tasktown_ws/install/village_task:/home/lichaoyue/Desktop/tasktown_ws/install/village_operator:/opt/ros/humble /usr/bin/cmake --build /home/lichaoyue/Desktop/tasktown_ws/build/village_operator -- -j12 -l12
[7.523s] Invoking command in '/home/lichaoyue/Desktop/tasktown_ws/build/village_operator': CMAKE_PREFIX_PATH=/home/lichaoyue/Desktop/tasktown_ws/install/village_interfaces:/home/lichaoyue/Desktop/tasktown_ws/install/village_taskgroups:/home/lichaoyue/Desktop/tasktown_ws/install/village_task:/home/lichaoyue/Desktop/tasktown_ws/install/village_operator:/opt/ros/humble /usr/bin/cmake --install /home/lichaoyue/Desktop/tasktown_ws/build/village_operator
[7.530s] -- Install configuration: ""
[7.530s] -- Up-to-date: /home/lichaoyue/Desktop/tasktown_ws/install/village_operator/share/ament_index/resource_index/package_run_dependencies/village_operator
[7.531s] -- Up-to-date: /home/lichaoyue/Desktop/tasktown_ws/install/village_operator/share/ament_index/resource_index/parent_prefix_path/village_operator
[7.531s] -- Up-to-date: /home/lichaoyue/Desktop/tasktown_ws/install/village_operator/share/village_operator/environment/ament_prefix_path.sh
[7.531s] -- Up-to-date: /home/lichaoyue/Desktop/tasktown_ws/install/village_operator/share/village_operator/environment/ament_prefix_path.dsv
[7.531s] -- Up-to-date: /home/lichaoyue/Desktop/tasktown_ws/install/village_operator/share/village_operator/environment/path.sh
[7.531s] -- Up-to-date: /home/lichaoyue/Desktop/tasktown_ws/install/village_operator/share/village_operator/environment/path.dsv
[7.531s] -- Up-to-date: /home/lichaoyue/Desktop/tasktown_ws/install/village_operator/share/village_operator/local_setup.bash
[7.531s] -- Up-to-date: /home/lichaoyue/Desktop/tasktown_ws/install/village_operator/share/village_operator/local_setup.sh
[7.531s] -- Up-to-date: /home/lichaoyue/Desktop/tasktown_ws/install/village_operator/share/village_operator/local_setup.zsh
[7.531s] -- Up-to-date: /home/lichaoyue/Desktop/tasktown_ws/install/village_operator/share/village_operator/local_setup.dsv
[7.531s] -- Installing: /home/lichaoyue/Desktop/tasktown_ws/install/village_operator/share/village_operator/package.dsv
[7.531s] -- Up-to-date: /home/lichaoyue/Desktop/tasktown_ws/install/village_operator/share/ament_index/resource_index/packages/village_operator
[7.531s] -- Up-to-date: /home/lichaoyue/Desktop/tasktown_ws/install/village_operator/share/village_operator/cmake/village_operatorConfig.cmake
[7.531s] -- Up-to-date: /home/lichaoyue/Desktop/tasktown_ws/install/village_operator/share/village_operator/cmake/village_operatorConfig-version.cmake
[7.531s] -- Up-to-date: /home/lichaoyue/Desktop/tasktown_ws/install/village_operator/share/village_operator/package.xml
[7.531s] -- Installing: /home/lichaoyue/Desktop/tasktown_ws/install/village_operator/lib/village_operator/operator_node
[7.534s] -- Set runtime path of "/home/lichaoyue/Desktop/tasktown_ws/install/village_operator/lib/village_operator/operator_node" to ""
[7.538s] Invoked command in '/home/lichaoyue/Desktop/tasktown_ws/build/village_operator' returned '0': CMAKE_PREFIX_PATH=/home/lichaoyue/Desktop/tasktown_ws/install/village_interfaces:/home/lichaoyue/Desktop/tasktown_ws/install/village_taskgroups:/home/lichaoyue/Desktop/tasktown_ws/install/village_task:/home/lichaoyue/Desktop/tasktown_ws/install/village_operator:/opt/ros/humble /usr/bin/cmake --install /home/lichaoyue/Desktop/tasktown_ws/build/village_operator
