[0.021s] Invoking command in '/home/lichaoyue/Desktop/tasktown_ws/build/village_operator': AMENT_PREFIX_PATH=/home/lichaoyue/Desktop/tasktown_ws/install/village_interfaces:${AMENT_PREFIX_PATH} CMAKE_PREFIX_PATH=/home/lichaoyue/Desktop/tasktown_ws/install/village_interfaces:/opt/ros/humble LD_LIBRARY_PATH=/home/lichaoyue/Desktop/tasktown_ws/install/village_interfaces/lib:${LD_LIBRARY_PATH} PYTHONPATH=/home/lichaoyue/Desktop/tasktown_ws/install/village_interfaces/local/lib/python3.10/dist-packages:${PYTHONPATH} /usr/bin/cmake --build /home/lichaoyue/Desktop/tasktown_ws/build/village_operator -- -j12 -l12
[0.093s] [35m[1mConsolidate compiler generated dependencies of target operator_node[0m
[0.110s] [ 50%] [32mBuilding CXX object CMakeFiles/operator_node.dir/src/operator.cpp.o[0m
[3.513s] [01m[K/home/lichaoyue/Desktop/tasktown_ws/src/village_operator/src/operator.cpp:[m[K In member function ‘[01m[Kvoid TaskAssignServer::assignTasks(const std::vector<int>&, std::shared_ptr<village_interfaces::srv::TaskAssign_Response_<std::allocator<void> > >)[m[K’:
[3.514s] [01m[K/home/lichaoyue/Desktop/tasktown_ws/src/village_operator/src/operator.cpp:288:8:[m[K [01;31m[Kerror: [m[Kconflicting declaration ‘[01m[Ksize_t best_operator_index[m[K’
[3.514s]   288 | size_t [01;31m[Kbest_operator_index[m[K = 0;
[3.514s]       |        [01;31m[K^~~~~~~~~~~~~~~~~~~[m[K
[3.514s] [01m[K/home/lichaoyue/Desktop/tasktown_ws/src/village_operator/src/operator.cpp:283:13:[m[K [01;36m[Knote: [m[Kprevious declaration as ‘[01m[Kint best_operator_index[m[K’
[3.514s]   283 |         int [01;36m[Kbest_operator_index[m[K = -1; // 初始化为-1表示没有找到合适的操作员
[3.514s]       |             [01;36m[K^~~~~~~~~~~~~~~~~~~[m[K
[3.514s] [01m[K/home/lichaoyue/Desktop/tasktown_ws/src/village_operator/src/operator.cpp:289:8:[m[K [01;31m[Kerror: [m[Kredeclaration of ‘[01m[Kdouble max_success_rate[m[K’
[3.515s]   289 | double [01;31m[Kmax_success_rate[m[K = 0.0;
[3.515s]       |        [01;31m[K^~~~~~~~~~~~~~~~[m[K
[3.515s] [01m[K/home/lichaoyue/Desktop/tasktown_ws/src/village_operator/src/operator.cpp:282:16:[m[K [01;36m[Knote: [m[K‘[01m[Kdouble max_success_rate[m[K’ previously declared here
[3.515s]   282 |         double [01;36m[Kmax_success_rate[m[K = 0.0;
[3.515s]       |                [01;36m[K^~~~~~~~~~~~~~~~[m[K
[4.432s] gmake[2]: *** [CMakeFiles/operator_node.dir/build.make:76: CMakeFiles/operator_node.dir/src/operator.cpp.o] Error 1
[4.433s] gmake[1]: *** [CMakeFiles/Makefile2:137: CMakeFiles/operator_node.dir/all] Error 2
[4.433s] gmake: *** [Makefile:146: all] Error 2
[4.437s] Invoked command in '/home/lichaoyue/Desktop/tasktown_ws/build/village_operator' returned '2': AMENT_PREFIX_PATH=/home/lichaoyue/Desktop/tasktown_ws/install/village_interfaces:${AMENT_PREFIX_PATH} CMAKE_PREFIX_PATH=/home/lichaoyue/Desktop/tasktown_ws/install/village_interfaces:/opt/ros/humble LD_LIBRARY_PATH=/home/lichaoyue/Desktop/tasktown_ws/install/village_interfaces/lib:${LD_LIBRARY_PATH} PYTHONPATH=/home/lichaoyue/Desktop/tasktown_ws/install/village_interfaces/local/lib/python3.10/dist-packages:${PYTHONPATH} /usr/bin/cmake --build /home/lichaoyue/Desktop/tasktown_ws/build/village_operator -- -j12 -l12
