In file included from [01m[K/opt/ros/humble/include/rclcpp/rclcpp/logging.hpp:24[m[K,
                 from [01m[K/opt/ros/humble/include/rclcpp/rclcpp/client.hpp:40[m[K,
                 from [01m[K/opt/ros/humble/include/rclcpp/rclcpp/callback_group.hpp:24[m[K,
                 from [01m[K/opt/ros/humble/include/rclcpp/rclcpp/any_executable.hpp:20[m[K,
                 from [01m[K/opt/ros/humble/include/rclcpp/rclcpp/memory_strategy.hpp:25[m[K,
                 from [01m[K/opt/ros/humble/include/rclcpp/rclcpp/memory_strategies.hpp:18[m[K,
                 from [01m[K/opt/ros/humble/include/rclcpp/rclcpp/executor_options.hpp:20[m[K,
                 from [01m[K/opt/ros/humble/include/rclcpp/rclcpp/executor.hpp:37[m[K,
                 from [01m[K/opt/ros/humble/include/rclcpp/rclcpp/executors/multi_threaded_executor.hpp:25[m[K,
                 from [01m[K/opt/ros/humble/include/rclcpp/rclcpp/executors.hpp:21[m[K,
                 from [01m[K/opt/ros/humble/include/rclcpp/rclcpp/rclcpp.hpp:155[m[K,
                 from [01m[K/home/lichaoyue/Desktop/tasktown_ws/src/village_operator/src/operator.cpp:2[m[K:
[01m[K/home/lichaoyue/Desktop/tasktown_ws/src/village_operator/src/operator.cpp:[m[K In member function ‘[01m[Kvoid TaskAssignServer::assignTasks(const std::vector<int>&, std::shared_ptr<village_interfaces::srv::TaskAssign_Response_<std::allocator<void> > >)[m[K’:
[01m[K/home/lichaoyue/Desktop/tasktown_ws/src/village_operator/src/operator.cpp:563:49:[m[K [01;35m[Kwarning: [m[Kformat ‘[01m[K%zu[m[K’ expects argument of type ‘[01m[Ksize_t[m[K’, but argument 6 has type ‘[01m[Kint[m[K’ [[01;35m[K]8;;https://gcc.gnu.org/onlinedocs/gcc/Warning-Options.html#index-Wformat=-Wformat=]8;;[m[K]
  563 |                 RCLCPP_INFO(this->get_logger(), [01;35m[K"最终选择任务 %zu 由操作员 %zu 执行, 任务时间: %d, 收益: %.2f"[m[K,
      |                                                 [01;35m[K^~~~~~~~~~~~~~~~~~~~~~~~~~~~~~~~~~~~~~~~~~~~~~~~~~~~~~~~~~~~~~[m[K
  564 |                             task_index, [32m[Kselected_operator_index[m[K, best_task_time, weight_matrix[selected_operator_index][task_index]);
      |                                         [32m[K~~~~~~~~~~~~~~~~~~~~~~~[m[K
      |                                         [32m[K|[m[K
      |                                         [32m[Kint[m[K
[01m[K/home/lichaoyue/Desktop/tasktown_ws/src/village_operator/src/operator.cpp:563:78:[m[K [01;36m[Knote: [m[Kformat string is defined here
  563 |               RCLCPP_INFO(this->get_logger(), "最终选择任务 %zu 由操作员 [01;36m[K%zu[m[K 执行, 任务时间: %d, 收益: %.2f",
      |                                                                          [01;36m[K~~^[m[K
      |                                                                            [01;36m[K|[m[K
      |                                                                            [01;36m[Klong unsigned int[m[K
      |                                                                          [32m[K%u[m[K
In file included from [01m[K/opt/ros/humble/include/rclcpp/rclcpp/logging.hpp:24[m[K,
                 from [01m[K/opt/ros/humble/include/rclcpp/rclcpp/client.hpp:40[m[K,
                 from [01m[K/opt/ros/humble/include/rclcpp/rclcpp/callback_group.hpp:24[m[K,
                 from [01m[K/opt/ros/humble/include/rclcpp/rclcpp/any_executable.hpp:20[m[K,
                 from [01m[K/opt/ros/humble/include/rclcpp/rclcpp/memory_strategy.hpp:25[m[K,
                 from [01m[K/opt/ros/humble/include/rclcpp/rclcpp/memory_strategies.hpp:18[m[K,
                 from [01m[K/opt/ros/humble/include/rclcpp/rclcpp/executor_options.hpp:20[m[K,
                 from [01m[K/opt/ros/humble/include/rclcpp/rclcpp/executor.hpp:37[m[K,
                 from [01m[K/opt/ros/humble/include/rclcpp/rclcpp/executors/multi_threaded_executor.hpp:25[m[K,
                 from [01m[K/opt/ros/humble/include/rclcpp/rclcpp/executors.hpp:21[m[K,
                 from [01m[K/opt/ros/humble/include/rclcpp/rclcpp/rclcpp.hpp:155[m[K,
                 from [01m[K/home/lichaoyue/Desktop/tasktown_ws/src/village_operator/src/operator.cpp:2[m[K:
[01m[K/home/lichaoyue/Desktop/tasktown_ws/src/village_operator/src/operator.cpp:[m[K In lambda function:
[01m[K/home/lichaoyue/Desktop/tasktown_ws/src/village_operator/src/operator.cpp:589:53:[m[K [01;35m[Kwarning: [m[Kformat ‘[01m[K%zu[m[K’ expects argument of type ‘[01m[Ksize_t[m[K’, but argument 5 has type ‘[01m[Kint[m[K’ [[01;35m[K]8;;https://gcc.gnu.org/onlinedocs/gcc/Warning-Options.html#index-Wformat=-Wformat=]8;;[m[K]
  589 |                     RCLCPP_INFO(this->get_logger(), [01;35m[K"操作员 %zu 完成任务，设置为空闲状态。"[m[K, [32m[Kselected_operator_index[m[K);
      |                                                     [01;35m[K^~~~~~~~~~~~~~~~~~~~~~~~~~~~~~~~~~~~~~~[m[K  [32m[K~~~~~~~~~~~~~~~~~~~~~~~[m[K
      |                                                                                              [32m[K|[m[K
      |                                                                                              [32m[Kint[m[K
[01m[K/home/lichaoyue/Desktop/tasktown_ws/src/village_operator/src/operator.cpp:589:63:[m[K [01;36m[Knote: [m[Kformat string is defined here
  589 |                     RCLCPP_INFO(this->get_logger(), "操作员 [01;36m[K%zu[m[K 完成任务，设置为空闲状态。", selected_operator_index);
      |                                                             [01;36m[K~~^[m[K
      |                                                               [01;36m[K|[m[K
      |                                                               [01;36m[Klong unsigned int[m[K
      |                                                             [32m[K%u[m[K
