[0.324s] DEBUG:colcon:Command line arguments: ['/usr/bin/colcon', 'build', '--packages-select', 'village_task']
[0.324s] DEBUG:colcon:Parsed command line arguments: Namespace(log_base=None, log_level=None, verb_name='build', build_base='build', install_base='install', merge_install=False, symlink_install=False, test_result_base=None, continue_on_error=False, executor='parallel', parallel_workers=12, event_handlers=None, ignore_user_meta=False, metas=['./colcon.meta'], base_paths=['.'], packages_ignore=None, packages_ignore_regex=None, paths=None, packages_up_to=None, packages_up_to_regex=None, packages_above=None, packages_above_and_dependencies=None, packages_above_depth=None, packages_select_by_dep=None, packages_skip_by_dep=None, packages_skip_up_to=None, packages_select_build_failed=False, packages_skip_build_finished=False, packages_select_test_failures=False, packages_skip_test_passed=False, packages_select=['village_task'], packages_skip=None, packages_select_regex=None, packages_skip_regex=None, packages_start=None, packages_end=None, allow_overriding=[], cmake_args=None, cmake_target=None, cmake_target_skip_unavailable=False, cmake_clean_cache=False, cmake_clean_first=False, cmake_force_configure=False, ament_cmake_args=None, catkin_cmake_args=None, catkin_skip_building_tests=False, verb_parser=<colcon_defaults.argument_parser.defaults.DefaultArgumentsDecorator object at 0x71e54fe83a30>, verb_extension=<colcon_core.verb.build.BuildVerb object at 0x71e54fe834c0>, main=<bound method BuildVerb.main of <colcon_core.verb.build.BuildVerb object at 0x71e54fe834c0>>)
[0.775s] Level 1:colcon.colcon_core.package_discovery:discover_packages(colcon_meta) check parameters
[0.777s] Level 1:colcon.colcon_core.package_discovery:discover_packages(recursive) check parameters
[0.780s] Level 1:colcon.colcon_core.package_discovery:discover_packages(ignore) check parameters
[0.781s] Level 1:colcon.colcon_core.package_discovery:discover_packages(path) check parameters
[0.781s] Level 1:colcon.colcon_core.package_discovery:discover_packages(colcon_meta) discover
[0.782s] Level 1:colcon.colcon_core.package_discovery:discover_packages(recursive) discover
[0.782s] INFO:colcon.colcon_core.package_discovery:Crawling recursively for packages in '/home/lichaoyue/Desktop/tasktown_ws'
[0.782s] Level 1:colcon.colcon_core.package_identification:_identify(.) by extensions ['ignore', 'ignore_ament_install']
[0.783s] Level 1:colcon.colcon_core.package_identification:_identify(.) by extension 'ignore'
[0.783s] Level 1:colcon.colcon_core.package_identification:_identify(.) by extension 'ignore_ament_install'
[0.783s] Level 1:colcon.colcon_core.package_identification:_identify(.) by extensions ['colcon_pkg']
[0.783s] Level 1:colcon.colcon_core.package_identification:_identify(.) by extension 'colcon_pkg'
[0.783s] Level 1:colcon.colcon_core.package_identification:_identify(.) by extensions ['colcon_meta']
[0.783s] Level 1:colcon.colcon_core.package_identification:_identify(.) by extension 'colcon_meta'
[0.783s] Level 1:colcon.colcon_core.package_identification:_identify(.) by extensions ['ros']
[0.783s] Level 1:colcon.colcon_core.package_identification:_identify(.) by extension 'ros'
[0.820s] Level 1:colcon.colcon_core.package_identification:_identify(.) by extensions ['cmake', 'python']
[0.821s] Level 1:colcon.colcon_core.package_identification:_identify(.) by extension 'cmake'
[0.821s] Level 1:colcon.colcon_core.package_identification:_identify(.) by extension 'python'
[0.822s] Level 1:colcon.colcon_core.package_identification:_identify(.) by extensions ['python_setup_py']
[0.822s] Level 1:colcon.colcon_core.package_identification:_identify(.) by extension 'python_setup_py'
[0.822s] Level 1:colcon.colcon_core.package_identification:_identify(build) by extensions ['ignore', 'ignore_ament_install']
[0.823s] Level 1:colcon.colcon_core.package_identification:_identify(build) by extension 'ignore'
[0.823s] Level 1:colcon.colcon_core.package_identification:_identify(build) ignored
[0.823s] Level 1:colcon.colcon_core.package_identification:_identify(install) by extensions ['ignore', 'ignore_ament_install']
[0.825s] Level 1:colcon.colcon_core.package_identification:_identify(install) by extension 'ignore'
[0.826s] Level 1:colcon.colcon_core.package_identification:_identify(install) ignored
[0.826s] Level 1:colcon.colcon_core.package_identification:_identify(log) by extensions ['ignore', 'ignore_ament_install']
[0.826s] Level 1:colcon.colcon_core.package_identification:_identify(log) by extension 'ignore'
[0.827s] Level 1:colcon.colcon_core.package_identification:_identify(log) ignored
[0.827s] Level 1:colcon.colcon_core.package_identification:_identify(src) by extensions ['ignore', 'ignore_ament_install']
[0.827s] Level 1:colcon.colcon_core.package_identification:_identify(src) by extension 'ignore'
[0.827s] Level 1:colcon.colcon_core.package_identification:_identify(src) by extension 'ignore_ament_install'
[0.828s] Level 1:colcon.colcon_core.package_identification:_identify(src) by extensions ['colcon_pkg']
[0.828s] Level 1:colcon.colcon_core.package_identification:_identify(src) by extension 'colcon_pkg'
[0.828s] Level 1:colcon.colcon_core.package_identification:_identify(src) by extensions ['colcon_meta']
[0.828s] Level 1:colcon.colcon_core.package_identification:_identify(src) by extension 'colcon_meta'
[0.828s] Level 1:colcon.colcon_core.package_identification:_identify(src) by extensions ['ros']
[0.828s] Level 1:colcon.colcon_core.package_identification:_identify(src) by extension 'ros'
[0.828s] Level 1:colcon.colcon_core.package_identification:_identify(src) by extensions ['cmake', 'python']
[0.828s] Level 1:colcon.colcon_core.package_identification:_identify(src) by extension 'cmake'
[0.828s] Level 1:colcon.colcon_core.package_identification:_identify(src) by extension 'python'
[0.829s] Level 1:colcon.colcon_core.package_identification:_identify(src) by extensions ['python_setup_py']
[0.829s] Level 1:colcon.colcon_core.package_identification:_identify(src) by extension 'python_setup_py'
[0.829s] Level 1:colcon.colcon_core.package_identification:_identify(src/village_interfaces) by extensions ['ignore', 'ignore_ament_install']
[0.829s] Level 1:colcon.colcon_core.package_identification:_identify(src/village_interfaces) by extension 'ignore'
[0.829s] Level 1:colcon.colcon_core.package_identification:_identify(src/village_interfaces) by extension 'ignore_ament_install'
[0.829s] Level 1:colcon.colcon_core.package_identification:_identify(src/village_interfaces) by extensions ['colcon_pkg']
[0.829s] Level 1:colcon.colcon_core.package_identification:_identify(src/village_interfaces) by extension 'colcon_pkg'
[0.830s] Level 1:colcon.colcon_core.package_identification:_identify(src/village_interfaces) by extensions ['colcon_meta']
[0.830s] Level 1:colcon.colcon_core.package_identification:_identify(src/village_interfaces) by extension 'colcon_meta'
[0.830s] Level 1:colcon.colcon_core.package_identification:_identify(src/village_interfaces) by extensions ['ros']
[0.830s] Level 1:colcon.colcon_core.package_identification:_identify(src/village_interfaces) by extension 'ros'
[0.835s] DEBUG:colcon.colcon_core.package_identification:Package 'src/village_interfaces' with type 'ros.ament_cmake' and name 'village_interfaces'
[0.836s] Level 1:colcon.colcon_core.package_identification:_identify(src/village_operator) by extensions ['ignore', 'ignore_ament_install']
[0.838s] Level 1:colcon.colcon_core.package_identification:_identify(src/village_operator) by extension 'ignore'
[0.838s] Level 1:colcon.colcon_core.package_identification:_identify(src/village_operator) by extension 'ignore_ament_install'
[0.838s] Level 1:colcon.colcon_core.package_identification:_identify(src/village_operator) by extensions ['colcon_pkg']
[0.838s] Level 1:colcon.colcon_core.package_identification:_identify(src/village_operator) by extension 'colcon_pkg'
[0.839s] Level 1:colcon.colcon_core.package_identification:_identify(src/village_operator) by extensions ['colcon_meta']
[0.839s] Level 1:colcon.colcon_core.package_identification:_identify(src/village_operator) by extension 'colcon_meta'
[0.840s] Level 1:colcon.colcon_core.package_identification:_identify(src/village_operator) by extensions ['ros']
[0.840s] Level 1:colcon.colcon_core.package_identification:_identify(src/village_operator) by extension 'ros'
[0.842s] DEBUG:colcon.colcon_core.package_identification:Package 'src/village_operator' with type 'ros.ament_cmake' and name 'village_operator'
[0.842s] Level 1:colcon.colcon_core.package_identification:_identify(src/village_task) by extensions ['ignore', 'ignore_ament_install']
[0.844s] Level 1:colcon.colcon_core.package_identification:_identify(src/village_task) by extension 'ignore'
[0.844s] Level 1:colcon.colcon_core.package_identification:_identify(src/village_task) by extension 'ignore_ament_install'
[0.845s] Level 1:colcon.colcon_core.package_identification:_identify(src/village_task) by extensions ['colcon_pkg']
[0.845s] Level 1:colcon.colcon_core.package_identification:_identify(src/village_task) by extension 'colcon_pkg'
[0.845s] Level 1:colcon.colcon_core.package_identification:_identify(src/village_task) by extensions ['colcon_meta']
[0.845s] Level 1:colcon.colcon_core.package_identification:_identify(src/village_task) by extension 'colcon_meta'
[0.845s] Level 1:colcon.colcon_core.package_identification:_identify(src/village_task) by extensions ['ros']
[0.846s] Level 1:colcon.colcon_core.package_identification:_identify(src/village_task) by extension 'ros'
[0.848s] DEBUG:colcon.colcon_core.package_identification:Package 'src/village_task' with type 'ros.ament_cmake' and name 'village_task'
[0.848s] Level 1:colcon.colcon_core.package_discovery:discover_packages(recursive) using defaults
[0.848s] Level 1:colcon.colcon_core.package_discovery:discover_packages(ignore) discover
[0.849s] Level 1:colcon.colcon_core.package_discovery:discover_packages(ignore) using defaults
[0.850s] Level 1:colcon.colcon_core.package_discovery:discover_packages(path) discover
[0.850s] Level 1:colcon.colcon_core.package_discovery:discover_packages(path) using defaults
[0.910s] INFO:colcon.colcon_core.package_selection:Skipping not selected package 'village_interfaces' in 'src/village_interfaces'
[0.911s] INFO:colcon.colcon_core.package_selection:Skipping not selected package 'village_operator' in 'src/village_operator'
[0.911s] Level 1:colcon.colcon_core.package_discovery:discover_packages(prefix_path) check parameters
[0.911s] Level 1:colcon.colcon_core.package_discovery:discover_packages(prefix_path) discover
[0.917s] DEBUG:colcon.colcon_installed_package_information.package_discovery:Found 3 installed packages in /home/lichaoyue/Desktop/tasktown_ws/install
[0.922s] DEBUG:colcon.colcon_installed_package_information.package_discovery:Found 308 installed packages in /opt/ros/humble
[0.930s] Level 1:colcon.colcon_core.package_discovery:discover_packages(prefix_path) using defaults
[1.081s] Level 5:colcon.colcon_core.verb:set package 'village_task' build argument 'cmake_args' from command line to 'None'
[1.082s] Level 5:colcon.colcon_core.verb:set package 'village_task' build argument 'cmake_target' from command line to 'None'
[1.082s] Level 5:colcon.colcon_core.verb:set package 'village_task' build argument 'cmake_target_skip_unavailable' from command line to 'False'
[1.082s] Level 5:colcon.colcon_core.verb:set package 'village_task' build argument 'cmake_clean_cache' from command line to 'False'
[1.082s] Level 5:colcon.colcon_core.verb:set package 'village_task' build argument 'cmake_clean_first' from command line to 'False'
[1.082s] Level 5:colcon.colcon_core.verb:set package 'village_task' build argument 'cmake_force_configure' from command line to 'False'
[1.082s] Level 5:colcon.colcon_core.verb:set package 'village_task' build argument 'ament_cmake_args' from command line to 'None'
[1.082s] Level 5:colcon.colcon_core.verb:set package 'village_task' build argument 'catkin_cmake_args' from command line to 'None'
[1.082s] Level 5:colcon.colcon_core.verb:set package 'village_task' build argument 'catkin_skip_building_tests' from command line to 'False'
[1.082s] DEBUG:colcon.colcon_core.verb:Building package 'village_task' with the following arguments: {'ament_cmake_args': None, 'build_base': '/home/lichaoyue/Desktop/tasktown_ws/build/village_task', 'catkin_cmake_args': None, 'catkin_skip_building_tests': False, 'cmake_args': None, 'cmake_clean_cache': False, 'cmake_clean_first': False, 'cmake_force_configure': False, 'cmake_target': None, 'cmake_target_skip_unavailable': False, 'install_base': '/home/lichaoyue/Desktop/tasktown_ws/install/village_task', 'merge_install': False, 'path': '/home/lichaoyue/Desktop/tasktown_ws/src/village_task', 'symlink_install': False, 'test_result_base': None}
[1.083s] INFO:colcon.colcon_core.executor:Executing jobs using 'parallel' executor
[1.086s] DEBUG:colcon.colcon_parallel_executor.executor.parallel:run_until_complete
[1.087s] INFO:colcon.colcon_ros.task.ament_cmake.build:Building ROS package in '/home/lichaoyue/Desktop/tasktown_ws/src/village_task' with build type 'ament_cmake'
[1.087s] INFO:colcon.colcon_cmake.task.cmake.build:Building CMake package in '/home/lichaoyue/Desktop/tasktown_ws/src/village_task'
[1.093s] INFO:colcon.colcon_core.plugin_system:Skipping extension 'colcon_core.shell.bat': Not used on non-Windows systems
[1.093s] INFO:colcon.colcon_core.shell:Skip shell extension 'powershell' for command environment: Not usable outside of PowerShell
[1.093s] DEBUG:colcon.colcon_core.shell:Skip shell extension 'dsv' for command environment
[1.132s] DEBUG:colcon.colcon_core.event_handler.log_command:Invoking command in '/home/lichaoyue/Desktop/tasktown_ws/build/village_task': CMAKE_PREFIX_PATH=/home/lichaoyue/Desktop/tasktown_ws/install/village_interfaces:/home/lichaoyue/Desktop/tasktown_ws/install/village_task:/home/lichaoyue/Desktop/tasktown_ws/install/village_operator:/opt/ros/humble /usr/bin/cmake --build /home/lichaoyue/Desktop/tasktown_ws/build/village_task -- -j12 -l12
[13.079s] DEBUG:colcon.colcon_core.event_handler.log_command:Invoked command in '/home/lichaoyue/Desktop/tasktown_ws/build/village_task' returned '0': CMAKE_PREFIX_PATH=/home/lichaoyue/Desktop/tasktown_ws/install/village_interfaces:/home/lichaoyue/Desktop/tasktown_ws/install/village_task:/home/lichaoyue/Desktop/tasktown_ws/install/village_operator:/opt/ros/humble /usr/bin/cmake --build /home/lichaoyue/Desktop/tasktown_ws/build/village_task -- -j12 -l12
[13.225s] DEBUG:colcon.colcon_core.event_handler.log_command:Invoking command in '/home/lichaoyue/Desktop/tasktown_ws/build/village_task': CMAKE_PREFIX_PATH=/home/lichaoyue/Desktop/tasktown_ws/install/village_interfaces:/home/lichaoyue/Desktop/tasktown_ws/install/village_task:/home/lichaoyue/Desktop/tasktown_ws/install/village_operator:/opt/ros/humble /usr/bin/cmake --install /home/lichaoyue/Desktop/tasktown_ws/build/village_task
[13.255s] Level 1:colcon.colcon_core.environment:create_environment_scripts_only(village_task)
[13.256s] DEBUG:colcon.colcon_core.event_handler.log_command:Invoked command in '/home/lichaoyue/Desktop/tasktown_ws/build/village_task' returned '0': CMAKE_PREFIX_PATH=/home/lichaoyue/Desktop/tasktown_ws/install/village_interfaces:/home/lichaoyue/Desktop/tasktown_ws/install/village_task:/home/lichaoyue/Desktop/tasktown_ws/install/village_operator:/opt/ros/humble /usr/bin/cmake --install /home/lichaoyue/Desktop/tasktown_ws/build/village_task
[13.263s] Level 1:colcon.colcon_core.environment:checking '/home/lichaoyue/Desktop/tasktown_ws/install/village_task' for CMake module files
[13.264s] Level 1:colcon.colcon_core.environment:checking '/home/lichaoyue/Desktop/tasktown_ws/install/village_task' for CMake config files
[13.265s] Level 1:colcon.colcon_core.shell:create_environment_hook('village_task', 'cmake_prefix_path')
[13.266s] INFO:colcon.colcon_core.shell:Creating environment hook '/home/lichaoyue/Desktop/tasktown_ws/install/village_task/share/village_task/hook/cmake_prefix_path.ps1'
[13.267s] INFO:colcon.colcon_core.shell:Creating environment descriptor '/home/lichaoyue/Desktop/tasktown_ws/install/village_task/share/village_task/hook/cmake_prefix_path.dsv'
[13.269s] INFO:colcon.colcon_core.shell:Creating environment hook '/home/lichaoyue/Desktop/tasktown_ws/install/village_task/share/village_task/hook/cmake_prefix_path.sh'
[13.272s] Level 1:colcon.colcon_core.environment:checking '/home/lichaoyue/Desktop/tasktown_ws/install/village_task/lib'
[13.272s] Level 1:colcon.colcon_core.environment:checking '/home/lichaoyue/Desktop/tasktown_ws/install/village_task/bin'
[13.273s] Level 1:colcon.colcon_core.environment:checking '/home/lichaoyue/Desktop/tasktown_ws/install/village_task/lib/pkgconfig/village_task.pc'
[13.273s] Level 1:colcon.colcon_core.environment:checking '/home/lichaoyue/Desktop/tasktown_ws/install/village_task/lib/python3.10/site-packages'
[13.274s] Level 1:colcon.colcon_core.environment:checking '/home/lichaoyue/Desktop/tasktown_ws/install/village_task/bin'
[13.274s] INFO:colcon.colcon_core.shell:Creating package script '/home/lichaoyue/Desktop/tasktown_ws/install/village_task/share/village_task/package.ps1'
[13.277s] INFO:colcon.colcon_core.shell:Creating package descriptor '/home/lichaoyue/Desktop/tasktown_ws/install/village_task/share/village_task/package.dsv'
[13.279s] INFO:colcon.colcon_core.shell:Creating package script '/home/lichaoyue/Desktop/tasktown_ws/install/village_task/share/village_task/package.sh'
[13.282s] INFO:colcon.colcon_core.shell:Creating package script '/home/lichaoyue/Desktop/tasktown_ws/install/village_task/share/village_task/package.bash'
[13.286s] INFO:colcon.colcon_core.shell:Creating package script '/home/lichaoyue/Desktop/tasktown_ws/install/village_task/share/village_task/package.zsh'
[13.289s] Level 1:colcon.colcon_core.environment:create_file_with_runtime_dependencies(/home/lichaoyue/Desktop/tasktown_ws/install/village_task/share/colcon-core/packages/village_task)
[13.405s] Level 1:colcon.colcon_core.environment:create_environment_scripts_only(village_task)
[13.406s] Level 1:colcon.colcon_core.environment:checking '/home/lichaoyue/Desktop/tasktown_ws/install/village_task' for CMake module files
[13.407s] Level 1:colcon.colcon_core.environment:checking '/home/lichaoyue/Desktop/tasktown_ws/install/village_task' for CMake config files
[13.408s] Level 1:colcon.colcon_core.shell:create_environment_hook('village_task', 'cmake_prefix_path')
[13.408s] INFO:colcon.colcon_core.shell:Creating environment hook '/home/lichaoyue/Desktop/tasktown_ws/install/village_task/share/village_task/hook/cmake_prefix_path.ps1'
[13.410s] INFO:colcon.colcon_core.shell:Creating environment descriptor '/home/lichaoyue/Desktop/tasktown_ws/install/village_task/share/village_task/hook/cmake_prefix_path.dsv'
[13.411s] INFO:colcon.colcon_core.shell:Creating environment hook '/home/lichaoyue/Desktop/tasktown_ws/install/village_task/share/village_task/hook/cmake_prefix_path.sh'
[13.412s] Level 1:colcon.colcon_core.environment:checking '/home/lichaoyue/Desktop/tasktown_ws/install/village_task/lib'
[13.413s] Level 1:colcon.colcon_core.environment:checking '/home/lichaoyue/Desktop/tasktown_ws/install/village_task/bin'
[13.413s] Level 1:colcon.colcon_core.environment:checking '/home/lichaoyue/Desktop/tasktown_ws/install/village_task/lib/pkgconfig/village_task.pc'
[13.414s] Level 1:colcon.colcon_core.environment:checking '/home/lichaoyue/Desktop/tasktown_ws/install/village_task/lib/python3.10/site-packages'
[13.414s] Level 1:colcon.colcon_core.environment:checking '/home/lichaoyue/Desktop/tasktown_ws/install/village_task/bin'
[13.415s] INFO:colcon.colcon_core.shell:Creating package script '/home/lichaoyue/Desktop/tasktown_ws/install/village_task/share/village_task/package.ps1'
[13.416s] INFO:colcon.colcon_core.shell:Creating package descriptor '/home/lichaoyue/Desktop/tasktown_ws/install/village_task/share/village_task/package.dsv'
[13.418s] INFO:colcon.colcon_core.shell:Creating package script '/home/lichaoyue/Desktop/tasktown_ws/install/village_task/share/village_task/package.sh'
[13.419s] INFO:colcon.colcon_core.shell:Creating package script '/home/lichaoyue/Desktop/tasktown_ws/install/village_task/share/village_task/package.bash'
[13.420s] INFO:colcon.colcon_core.shell:Creating package script '/home/lichaoyue/Desktop/tasktown_ws/install/village_task/share/village_task/package.zsh'
[13.421s] Level 1:colcon.colcon_core.environment:create_file_with_runtime_dependencies(/home/lichaoyue/Desktop/tasktown_ws/install/village_task/share/colcon-core/packages/village_task)
[13.423s] DEBUG:colcon.colcon_parallel_executor.executor.parallel:closing loop
[13.424s] DEBUG:colcon.colcon_parallel_executor.executor.parallel:loop closed
[13.424s] DEBUG:colcon.colcon_parallel_executor.executor.parallel:run_until_complete finished with '0'
[13.424s] DEBUG:colcon.colcon_core.event_reactor:joining thread
[13.436s] INFO:colcon.colcon_core.plugin_system:Skipping extension 'colcon_notification.desktop_notification.terminal_notifier': Not used on non-Darwin systems
[13.436s] INFO:colcon.colcon_core.plugin_system:Skipping extension 'colcon_notification.desktop_notification.win32': Not used on non-Windows systems
[13.436s] INFO:colcon.colcon_notification.desktop_notification:Sending desktop notification using 'notify2'
[13.472s] DEBUG:colcon.colcon_core.event_reactor:joined thread
[13.472s] INFO:colcon.colcon_core.shell:Creating prefix script '/home/lichaoyue/Desktop/tasktown_ws/install/local_setup.ps1'
[13.475s] INFO:colcon.colcon_core.shell:Creating prefix util module '/home/lichaoyue/Desktop/tasktown_ws/install/_local_setup_util_ps1.py'
[13.479s] INFO:colcon.colcon_core.shell:Creating prefix chain script '/home/lichaoyue/Desktop/tasktown_ws/install/setup.ps1'
[13.483s] INFO:colcon.colcon_core.shell:Creating prefix script '/home/lichaoyue/Desktop/tasktown_ws/install/local_setup.sh'
[13.485s] INFO:colcon.colcon_core.shell:Creating prefix util module '/home/lichaoyue/Desktop/tasktown_ws/install/_local_setup_util_sh.py'
[13.486s] INFO:colcon.colcon_core.shell:Creating prefix chain script '/home/lichaoyue/Desktop/tasktown_ws/install/setup.sh'
[13.491s] INFO:colcon.colcon_core.shell:Creating prefix script '/home/lichaoyue/Desktop/tasktown_ws/install/local_setup.bash'
[13.493s] INFO:colcon.colcon_core.shell:Creating prefix chain script '/home/lichaoyue/Desktop/tasktown_ws/install/setup.bash'
[13.496s] INFO:colcon.colcon_core.shell:Creating prefix script '/home/lichaoyue/Desktop/tasktown_ws/install/local_setup.zsh'
[13.498s] INFO:colcon.colcon_core.shell:Creating prefix chain script '/home/lichaoyue/Desktop/tasktown_ws/install/setup.zsh'
