[0.039s] Invoking command in '/home/lichaoyue/Desktop/tasktown_ws/build/village_taskgroups': CMAKE_PREFIX_PATH=/home/lichaoyue/Desktop/tasktown_ws/install/village_interfaces:/home/lichaoyue/Desktop/tasktown_ws/install/village_taskgroups:/home/lichaoyue/Desktop/tasktown_ws/install/village_task:/home/lichaoyue/Desktop/tasktown_ws/install/village_operator:/opt/ros/humble /usr/bin/cmake --build /home/lichaoyue/Desktop/tasktown_ws/build/village_taskgroups -- -j12 -l12
[0.140s] [35m[1mConsolidate compiler generated dependencies of target taskgroups_node[0m
[0.191s] [100%] Built target taskgroups_node
[0.231s] Invoked command in '/home/lichaoyue/Desktop/tasktown_ws/build/village_taskgroups' returned '0': CMAKE_PREFIX_PATH=/home/lichaoyue/Desktop/tasktown_ws/install/village_interfaces:/home/lichaoyue/Desktop/tasktown_ws/install/village_taskgroups:/home/lichaoyue/Desktop/tasktown_ws/install/village_task:/home/lichaoyue/Desktop/tasktown_ws/install/village_operator:/opt/ros/humble /usr/bin/cmake --build /home/lichaoyue/Desktop/tasktown_ws/build/village_taskgroups -- -j12 -l12
[0.337s] Invoking command in '/home/lichaoyue/Desktop/tasktown_ws/build/village_taskgroups': CMAKE_PREFIX_PATH=/home/lichaoyue/Desktop/tasktown_ws/install/village_interfaces:/home/lichaoyue/Desktop/tasktown_ws/install/village_taskgroups:/home/lichaoyue/Desktop/tasktown_ws/install/village_task:/home/lichaoyue/Desktop/tasktown_ws/install/village_operator:/opt/ros/humble /usr/bin/cmake --install /home/lichaoyue/Desktop/tasktown_ws/build/village_taskgroups
[0.358s] -- Install configuration: ""
[0.358s] -- Up-to-date: /home/lichaoyue/Desktop/tasktown_ws/install/village_taskgroups/share/ament_index/resource_index/package_run_dependencies/village_taskgroups
[0.359s] -- Up-to-date: /home/lichaoyue/Desktop/tasktown_ws/install/village_taskgroups/share/ament_index/resource_index/parent_prefix_path/village_taskgroups
[0.359s] -- Up-to-date: /home/lichaoyue/Desktop/tasktown_ws/install/village_taskgroups/share/village_taskgroups/environment/ament_prefix_path.sh
[0.359s] -- Up-to-date: /home/lichaoyue/Desktop/tasktown_ws/install/village_taskgroups/share/village_taskgroups/environment/ament_prefix_path.dsv
[0.359s] -- Up-to-date: /home/lichaoyue/Desktop/tasktown_ws/install/village_taskgroups/share/village_taskgroups/environment/path.sh
[0.359s] -- Up-to-date: /home/lichaoyue/Desktop/tasktown_ws/install/village_taskgroups/share/village_taskgroups/environment/path.dsv
[0.359s] -- Up-to-date: /home/lichaoyue/Desktop/tasktown_ws/install/village_taskgroups/share/village_taskgroups/local_setup.bash
[0.359s] -- Up-to-date: /home/lichaoyue/Desktop/tasktown_ws/install/village_taskgroups/share/village_taskgroups/local_setup.sh
[0.360s] -- Up-to-date: /home/lichaoyue/Desktop/tasktown_ws/install/village_taskgroups/share/village_taskgroups/local_setup.zsh
[0.360s] -- Up-to-date: /home/lichaoyue/Desktop/tasktown_ws/install/village_taskgroups/share/village_taskgroups/local_setup.dsv
[0.360s] -- Installing: /home/lichaoyue/Desktop/tasktown_ws/install/village_taskgroups/share/village_taskgroups/package.dsv
[0.361s] -- Up-to-date: /home/lichaoyue/Desktop/tasktown_ws/install/village_taskgroups/share/ament_index/resource_index/packages/village_taskgroups
[0.362s] -- Up-to-date: /home/lichaoyue/Desktop/tasktown_ws/install/village_taskgroups/share/village_taskgroups/cmake/village_taskgroupsConfig.cmake
[0.362s] -- Up-to-date: /home/lichaoyue/Desktop/tasktown_ws/install/village_taskgroups/share/village_taskgroups/cmake/village_taskgroupsConfig-version.cmake
[0.362s] -- Up-to-date: /home/lichaoyue/Desktop/tasktown_ws/install/village_taskgroups/share/village_taskgroups/package.xml
[0.362s] -- Up-to-date: /home/lichaoyue/Desktop/tasktown_ws/install/village_taskgroups/lib/village_taskgroups/taskgroups_node
[0.374s] Invoked command in '/home/lichaoyue/Desktop/tasktown_ws/build/village_taskgroups' returned '0': CMAKE_PREFIX_PATH=/home/lichaoyue/Desktop/tasktown_ws/install/village_interfaces:/home/lichaoyue/Desktop/tasktown_ws/install/village_taskgroups:/home/lichaoyue/Desktop/tasktown_ws/install/village_task:/home/lichaoyue/Desktop/tasktown_ws/install/village_operator:/opt/ros/humble /usr/bin/cmake --install /home/lichaoyue/Desktop/tasktown_ws/build/village_taskgroups
