[35m[1mConsolidate compiler generated dependencies of target operator_node[0m
[ 50%] [32mBuilding CXX object CMakeFiles/operator_node.dir/src/operator.cpp.o[0m
[01m[K/home/lichaoyue/Desktop/tasktown_ws/src/village_operator/src/operator.cpp:[m[K In member function ‘[01m[Kvoid TaskAssignServer::assignTasks(const std::vector<int>&, std::shared_ptr<village_interfaces::srv::TaskAssign_Response_<std::allocator<void> > >)[m[K’:
[01m[K/home/lichaoyue/Desktop/tasktown_ws/src/village_operator/src/operator.cpp:645:16:[m[K [01;35m[Kwarning: [m[Kunused variable ‘[01m[Kmax_reward[m[K’ [[01;35m[K]8;;https://gcc.gnu.org/onlinedocs/gcc/Warning-Options.html#index-Wunused-variable-Wunused-variable]8;;[m[K]
  645 |         double [01;35m[Kmax_reward[m[K = kmAlgorithm(task_infos, task_assignment);
      |                [01;35m[K^~~~~~~~~~[m[K
/home/lichaoyue/Desktop/tasktown_ws/src/village_operator/src/operator.cpp: In instantiation of ‘[01m[KTaskAssignServer::assignTasks(const std::vector<int>&, std::shared_ptr<village_interfaces::srv::TaskAssign_Response_<std::allocator<void> > >)::<lambda()>::<lambda(const auto:40&)> [with auto:40 = Operator][m[K’:
[01m[K/usr/include/c++/11/bits/predefined_ops.h:318:23:[m[K   required from ‘[01m[Kbool __gnu_cxx::__ops::_Iter_pred<_Predicate>::operator()(_Iterator) [with _Iterator = __gnu_cxx::__normal_iterator<Operator*, std::vector<Operator> >; _Predicate = TaskAssignServer::assignTasks(const std::vector<int>&, std::shared_ptr<village_interfaces::srv::TaskAssign_Response_<std::allocator<void> > >)::<lambda()>::<lambda(const auto:40&)>][m[K’
[01m[K/usr/include/c++/11/bits/stl_algobase.h:2069:14:[m[K   required from ‘[01m[K_RandomAccessIterator std::__find_if(_RandomAccessIterator, _RandomAccessIterator, _Predicate, std::random_access_iterator_tag) [with _RandomAccessIterator = __gnu_cxx::__normal_iterator<Operator*, std::vector<Operator> >; _Predicate = __gnu_cxx::__ops::_Iter_pred<TaskAssignServer::assignTasks(const std::vector<int>&, std::shared_ptr<village_interfaces::srv::TaskAssign_Response_<std::allocator<void> > >)::<lambda()>::<lambda(const auto:40&)> >][m[K’
[01m[K/usr/include/c++/11/bits/stl_algobase.h:2114:23:[m[K   required from ‘[01m[K_Iterator std::__find_if(_Iterator, _Iterator, _Predicate) [with _Iterator = __gnu_cxx::__normal_iterator<Operator*, std::vector<Operator> >; _Predicate = __gnu_cxx::__ops::_Iter_pred<TaskAssignServer::assignTasks(const std::vector<int>&, std::shared_ptr<village_interfaces::srv::TaskAssign_Response_<std::allocator<void> > >)::<lambda()>::<lambda(const auto:40&)> >][m[K’
[01m[K/usr/include/c++/11/bits/stl_algo.h:3910:28:[m[K   required from ‘[01m[K_IIter std::find_if(_IIter, _IIter, _Predicate) [with _IIter = __gnu_cxx::__normal_iterator<Operator*, std::vector<Operator> >; _Predicate = TaskAssignServer::assignTasks(const std::vector<int>&, std::shared_ptr<village_interfaces::srv::TaskAssign_Response_<std::allocator<void> > >)::<lambda()>::<lambda(const auto:40&)>][m[K’
[01m[K/usr/include/c++/11/bits/stl_algo.h:471:47:[m[K   required from ‘[01m[Kbool std::none_of(_IIter, _IIter, _Predicate) [with _IIter = __gnu_cxx::__normal_iterator<Operator*, std::vector<Operator> >; _Predicate = TaskAssignServer::assignTasks(const std::vector<int>&, std::shared_ptr<village_interfaces::srv::TaskAssign_Response_<std::allocator<void> > >)::<lambda()>::<lambda(const auto:40&)>][m[K’
[01m[K/usr/include/c++/11/bits/stl_algo.h:490:27:[m[K   required from ‘[01m[Kbool std::any_of(_IIter, _IIter, _Predicate) [with _IIter = __gnu_cxx::__normal_iterator<Operator*, std::vector<Operator> >; _Predicate = TaskAssignServer::assignTasks(const std::vector<int>&, std::shared_ptr<village_interfaces::srv::TaskAssign_Response_<std::allocator<void> > >)::<lambda()>::<lambda(const auto:40&)>][m[K’
[01m[K/home/lichaoyue/Desktop/tasktown_ws/src/village_operator/src/operator.cpp:589:31:[m[K   required from here
[01m[K/home/lichaoyue/Desktop/tasktown_ws/src/village_operator/src/operator.cpp:590:47:[m[K [01;31m[Kerror: [m[Kcannot convert ‘[01m[Kconst Operator[m[K’ to ‘[01m[Kint[m[K’
  590 |                 return ![01;31m[Kmanager.isOperatorBusy(operator_status)[m[K;
      |                         [01;31m[K~~~~~~~~~~~~~~~~~~~~~~^~~~~~~~~~~~~~~~~[m[K
[01m[K/home/lichaoyue/Desktop/tasktown_ws/src/village_operator/src/operator.cpp:293:29:[m[K [01;36m[Knote: [m[K  initializing argument 1 of ‘[01m[Kbool TaskAssignmentManager::isOperatorBusy(int) const[m[K’
  293 |     bool isOperatorBusy([01;36m[Kint operatorIndex[m[K) const
      |                         [01;36m[K~~~~^~~~~~~~~~~~~[m[K
gmake[2]: *** [CMakeFiles/operator_node.dir/build.make:76：CMakeFiles/operator_node.dir/src/operator.cpp.o] 错误 1
gmake[1]: *** [CMakeFiles/Makefile2:137：CMakeFiles/operator_node.dir/all] 错误 2
gmake: *** [Makefile:146：all] 错误 2
