[0.056s] DEBUG:colcon:Command line arguments: ['/usr/bin/colcon', 'build', '--packages-select', 'village_operator']
[0.056s] DEBUG:colcon:Parsed command line arguments: Namespace(log_base=None, log_level=None, verb_name='build', build_base='build', install_base='install', merge_install=False, symlink_install=False, test_result_base=None, continue_on_error=False, executor='parallel', parallel_workers=12, event_handlers=None, ignore_user_meta=False, metas=['./colcon.meta'], base_paths=['.'], packages_ignore=None, packages_ignore_regex=None, paths=None, packages_up_to=None, packages_up_to_regex=None, packages_above=None, packages_above_and_dependencies=None, packages_above_depth=None, packages_select_by_dep=None, packages_skip_by_dep=None, packages_skip_up_to=None, packages_select_build_failed=False, packages_skip_build_finished=False, packages_select_test_failures=False, packages_skip_test_passed=False, packages_select=['village_operator'], packages_skip=None, packages_select_regex=None, packages_skip_regex=None, packages_start=None, packages_end=None, allow_overriding=[], cmake_args=None, cmake_target=None, cmake_target_skip_unavailable=False, cmake_clean_cache=False, cmake_clean_first=False, cmake_force_configure=False, ament_cmake_args=None, catkin_cmake_args=None, catkin_skip_building_tests=False, verb_parser=<colcon_defaults.argument_parser.defaults.DefaultArgumentsDecorator object at 0x710b671ff7f0>, verb_extension=<colcon_core.verb.build.BuildVerb object at 0x710b671ff280>, main=<bound method BuildVerb.main of <colcon_core.verb.build.BuildVerb object at 0x710b671ff280>>)
[0.244s] Level 1:colcon.colcon_core.package_discovery:discover_packages(colcon_meta) check parameters
[0.244s] Level 1:colcon.colcon_core.package_discovery:discover_packages(recursive) check parameters
[0.244s] Level 1:colcon.colcon_core.package_discovery:discover_packages(ignore) check parameters
[0.244s] Level 1:colcon.colcon_core.package_discovery:discover_packages(path) check parameters
[0.244s] Level 1:colcon.colcon_core.package_discovery:discover_packages(colcon_meta) discover
[0.244s] Level 1:colcon.colcon_core.package_discovery:discover_packages(recursive) discover
[0.244s] INFO:colcon.colcon_core.package_discovery:Crawling recursively for packages in '/home/lichaoyue/Desktop/tasktown_ws'
[0.244s] Level 1:colcon.colcon_core.package_identification:_identify(.) by extensions ['ignore', 'ignore_ament_install']
[0.244s] Level 1:colcon.colcon_core.package_identification:_identify(.) by extension 'ignore'
[0.244s] Level 1:colcon.colcon_core.package_identification:_identify(.) by extension 'ignore_ament_install'
[0.244s] Level 1:colcon.colcon_core.package_identification:_identify(.) by extensions ['colcon_pkg']
[0.244s] Level 1:colcon.colcon_core.package_identification:_identify(.) by extension 'colcon_pkg'
[0.244s] Level 1:colcon.colcon_core.package_identification:_identify(.) by extensions ['colcon_meta']
[0.244s] Level 1:colcon.colcon_core.package_identification:_identify(.) by extension 'colcon_meta'
[0.244s] Level 1:colcon.colcon_core.package_identification:_identify(.) by extensions ['ros']
[0.244s] Level 1:colcon.colcon_core.package_identification:_identify(.) by extension 'ros'
[0.259s] Level 1:colcon.colcon_core.package_identification:_identify(.) by extensions ['cmake', 'python']
[0.261s] Level 1:colcon.colcon_core.package_identification:_identify(.) by extension 'cmake'
[0.261s] Level 1:colcon.colcon_core.package_identification:_identify(.) by extension 'python'
[0.261s] Level 1:colcon.colcon_core.package_identification:_identify(.) by extensions ['python_setup_py']
[0.261s] Level 1:colcon.colcon_core.package_identification:_identify(.) by extension 'python_setup_py'
[0.261s] Level 1:colcon.colcon_core.package_identification:_identify(build) by extensions ['ignore', 'ignore_ament_install']
[0.261s] Level 1:colcon.colcon_core.package_identification:_identify(build) by extension 'ignore'
[0.262s] Level 1:colcon.colcon_core.package_identification:_identify(build) ignored
[0.262s] Level 1:colcon.colcon_core.package_identification:_identify(install) by extensions ['ignore', 'ignore_ament_install']
[0.262s] Level 1:colcon.colcon_core.package_identification:_identify(install) by extension 'ignore'
[0.262s] Level 1:colcon.colcon_core.package_identification:_identify(install) ignored
[0.263s] Level 1:colcon.colcon_core.package_identification:_identify(log) by extensions ['ignore', 'ignore_ament_install']
[0.264s] Level 1:colcon.colcon_core.package_identification:_identify(log) by extension 'ignore'
[0.264s] Level 1:colcon.colcon_core.package_identification:_identify(log) ignored
[0.264s] Level 1:colcon.colcon_core.package_identification:_identify(src) by extensions ['ignore', 'ignore_ament_install']
[0.264s] Level 1:colcon.colcon_core.package_identification:_identify(src) by extension 'ignore'
[0.264s] Level 1:colcon.colcon_core.package_identification:_identify(src) by extension 'ignore_ament_install'
[0.264s] Level 1:colcon.colcon_core.package_identification:_identify(src) by extensions ['colcon_pkg']
[0.264s] Level 1:colcon.colcon_core.package_identification:_identify(src) by extension 'colcon_pkg'
[0.264s] Level 1:colcon.colcon_core.package_identification:_identify(src) by extensions ['colcon_meta']
[0.264s] Level 1:colcon.colcon_core.package_identification:_identify(src) by extension 'colcon_meta'
[0.264s] Level 1:colcon.colcon_core.package_identification:_identify(src) by extensions ['ros']
[0.264s] Level 1:colcon.colcon_core.package_identification:_identify(src) by extension 'ros'
[0.265s] Level 1:colcon.colcon_core.package_identification:_identify(src) by extensions ['cmake', 'python']
[0.265s] Level 1:colcon.colcon_core.package_identification:_identify(src) by extension 'cmake'
[0.265s] Level 1:colcon.colcon_core.package_identification:_identify(src) by extension 'python'
[0.265s] Level 1:colcon.colcon_core.package_identification:_identify(src) by extensions ['python_setup_py']
[0.265s] Level 1:colcon.colcon_core.package_identification:_identify(src) by extension 'python_setup_py'
[0.265s] Level 1:colcon.colcon_core.package_identification:_identify(src/village_interfaces) by extensions ['ignore', 'ignore_ament_install']
[0.265s] Level 1:colcon.colcon_core.package_identification:_identify(src/village_interfaces) by extension 'ignore'
[0.265s] Level 1:colcon.colcon_core.package_identification:_identify(src/village_interfaces) by extension 'ignore_ament_install'
[0.265s] Level 1:colcon.colcon_core.package_identification:_identify(src/village_interfaces) by extensions ['colcon_pkg']
[0.265s] Level 1:colcon.colcon_core.package_identification:_identify(src/village_interfaces) by extension 'colcon_pkg'
[0.265s] Level 1:colcon.colcon_core.package_identification:_identify(src/village_interfaces) by extensions ['colcon_meta']
[0.265s] Level 1:colcon.colcon_core.package_identification:_identify(src/village_interfaces) by extension 'colcon_meta'
[0.266s] Level 1:colcon.colcon_core.package_identification:_identify(src/village_interfaces) by extensions ['ros']
[0.266s] Level 1:colcon.colcon_core.package_identification:_identify(src/village_interfaces) by extension 'ros'
[0.268s] DEBUG:colcon.colcon_core.package_identification:Package 'src/village_interfaces' with type 'ros.ament_cmake' and name 'village_interfaces'
[0.272s] Level 1:colcon.colcon_core.package_identification:_identify(src/village_operator) by extensions ['ignore', 'ignore_ament_install']
[0.272s] Level 1:colcon.colcon_core.package_identification:_identify(src/village_operator) by extension 'ignore'
[0.272s] Level 1:colcon.colcon_core.package_identification:_identify(src/village_operator) by extension 'ignore_ament_install'
[0.272s] Level 1:colcon.colcon_core.package_identification:_identify(src/village_operator) by extensions ['colcon_pkg']
[0.272s] Level 1:colcon.colcon_core.package_identification:_identify(src/village_operator) by extension 'colcon_pkg'
[0.272s] Level 1:colcon.colcon_core.package_identification:_identify(src/village_operator) by extensions ['colcon_meta']
[0.272s] Level 1:colcon.colcon_core.package_identification:_identify(src/village_operator) by extension 'colcon_meta'
[0.272s] Level 1:colcon.colcon_core.package_identification:_identify(src/village_operator) by extensions ['ros']
[0.272s] Level 1:colcon.colcon_core.package_identification:_identify(src/village_operator) by extension 'ros'
[0.274s] DEBUG:colcon.colcon_core.package_identification:Package 'src/village_operator' with type 'ros.ament_cmake' and name 'village_operator'
[0.274s] Level 1:colcon.colcon_core.package_identification:_identify(src/village_task) by extensions ['ignore', 'ignore_ament_install']
[0.274s] Level 1:colcon.colcon_core.package_identification:_identify(src/village_task) by extension 'ignore'
[0.274s] Level 1:colcon.colcon_core.package_identification:_identify(src/village_task) by extension 'ignore_ament_install'
[0.275s] Level 1:colcon.colcon_core.package_identification:_identify(src/village_task) by extensions ['colcon_pkg']
[0.275s] Level 1:colcon.colcon_core.package_identification:_identify(src/village_task) by extension 'colcon_pkg'
[0.275s] Level 1:colcon.colcon_core.package_identification:_identify(src/village_task) by extensions ['colcon_meta']
[0.275s] Level 1:colcon.colcon_core.package_identification:_identify(src/village_task) by extension 'colcon_meta'
[0.275s] Level 1:colcon.colcon_core.package_identification:_identify(src/village_task) by extensions ['ros']
[0.275s] Level 1:colcon.colcon_core.package_identification:_identify(src/village_task) by extension 'ros'
[0.275s] DEBUG:colcon.colcon_core.package_identification:Package 'src/village_task' with type 'ros.ament_cmake' and name 'village_task'
[0.276s] Level 1:colcon.colcon_core.package_identification:_identify(src/village_taskgroups) by extensions ['ignore', 'ignore_ament_install']
[0.276s] Level 1:colcon.colcon_core.package_identification:_identify(src/village_taskgroups) by extension 'ignore'
[0.276s] Level 1:colcon.colcon_core.package_identification:_identify(src/village_taskgroups) by extension 'ignore_ament_install'
[0.276s] Level 1:colcon.colcon_core.package_identification:_identify(src/village_taskgroups) by extensions ['colcon_pkg']
[0.276s] Level 1:colcon.colcon_core.package_identification:_identify(src/village_taskgroups) by extension 'colcon_pkg'
[0.277s] Level 1:colcon.colcon_core.package_identification:_identify(src/village_taskgroups) by extensions ['colcon_meta']
[0.278s] Level 1:colcon.colcon_core.package_identification:_identify(src/village_taskgroups) by extension 'colcon_meta'
[0.278s] Level 1:colcon.colcon_core.package_identification:_identify(src/village_taskgroups) by extensions ['ros']
[0.278s] Level 1:colcon.colcon_core.package_identification:_identify(src/village_taskgroups) by extension 'ros'
[0.278s] DEBUG:colcon.colcon_core.package_identification:Package 'src/village_taskgroups' with type 'ros.ament_cmake' and name 'village_taskgroups'
[0.279s] Level 1:colcon.colcon_core.package_discovery:discover_packages(recursive) using defaults
[0.279s] Level 1:colcon.colcon_core.package_discovery:discover_packages(ignore) discover
[0.279s] Level 1:colcon.colcon_core.package_discovery:discover_packages(ignore) using defaults
[0.279s] Level 1:colcon.colcon_core.package_discovery:discover_packages(path) discover
[0.279s] Level 1:colcon.colcon_core.package_discovery:discover_packages(path) using defaults
[0.297s] INFO:colcon.colcon_core.package_selection:Skipping not selected package 'village_interfaces' in 'src/village_interfaces'
[0.297s] INFO:colcon.colcon_core.package_selection:Skipping not selected package 'village_task' in 'src/village_task'
[0.297s] INFO:colcon.colcon_core.package_selection:Skipping not selected package 'village_taskgroups' in 'src/village_taskgroups'
[0.297s] Level 1:colcon.colcon_core.package_discovery:discover_packages(prefix_path) check parameters
[0.297s] Level 1:colcon.colcon_core.package_discovery:discover_packages(prefix_path) discover
[0.299s] DEBUG:colcon.colcon_installed_package_information.package_discovery:Found 308 installed packages in /opt/ros/humble
[0.300s] Level 1:colcon.colcon_core.package_discovery:discover_packages(prefix_path) using defaults
[0.349s] Level 5:colcon.colcon_core.verb:set package 'village_operator' build argument 'cmake_args' from command line to 'None'
[0.350s] Level 5:colcon.colcon_core.verb:set package 'village_operator' build argument 'cmake_target' from command line to 'None'
[0.350s] Level 5:colcon.colcon_core.verb:set package 'village_operator' build argument 'cmake_target_skip_unavailable' from command line to 'False'
[0.350s] Level 5:colcon.colcon_core.verb:set package 'village_operator' build argument 'cmake_clean_cache' from command line to 'False'
[0.350s] Level 5:colcon.colcon_core.verb:set package 'village_operator' build argument 'cmake_clean_first' from command line to 'False'
[0.350s] Level 5:colcon.colcon_core.verb:set package 'village_operator' build argument 'cmake_force_configure' from command line to 'False'
[0.350s] Level 5:colcon.colcon_core.verb:set package 'village_operator' build argument 'ament_cmake_args' from command line to 'None'
[0.350s] Level 5:colcon.colcon_core.verb:set package 'village_operator' build argument 'catkin_cmake_args' from command line to 'None'
[0.350s] Level 5:colcon.colcon_core.verb:set package 'village_operator' build argument 'catkin_skip_building_tests' from command line to 'False'
[0.350s] DEBUG:colcon.colcon_core.verb:Building package 'village_operator' with the following arguments: {'ament_cmake_args': None, 'build_base': '/home/lichaoyue/Desktop/tasktown_ws/build/village_operator', 'catkin_cmake_args': None, 'catkin_skip_building_tests': False, 'cmake_args': None, 'cmake_clean_cache': False, 'cmake_clean_first': False, 'cmake_force_configure': False, 'cmake_target': None, 'cmake_target_skip_unavailable': False, 'install_base': '/home/lichaoyue/Desktop/tasktown_ws/install/village_operator', 'merge_install': False, 'path': '/home/lichaoyue/Desktop/tasktown_ws/src/village_operator', 'symlink_install': False, 'test_result_base': None}
[0.350s] INFO:colcon.colcon_core.executor:Executing jobs using 'parallel' executor
[0.354s] DEBUG:colcon.colcon_parallel_executor.executor.parallel:run_until_complete
[0.355s] INFO:colcon.colcon_ros.task.ament_cmake.build:Building ROS package in '/home/lichaoyue/Desktop/tasktown_ws/src/village_operator' with build type 'ament_cmake'
[0.355s] INFO:colcon.colcon_cmake.task.cmake.build:Building CMake package in '/home/lichaoyue/Desktop/tasktown_ws/src/village_operator'
[0.358s] INFO:colcon.colcon_core.plugin_system:Skipping extension 'colcon_core.shell.bat': Not used on non-Windows systems
[0.375s] INFO:colcon.colcon_core.shell:Skip shell extension 'powershell' for command environment: Not usable outside of PowerShell
[0.375s] DEBUG:colcon.colcon_core.shell:Skip shell extension 'dsv' for command environment
[0.397s] DEBUG:colcon.colcon_core.event_handler.log_command:Invoking command in '/home/lichaoyue/Desktop/tasktown_ws/build/village_operator': AMENT_PREFIX_PATH=/home/lichaoyue/Desktop/tasktown_ws/install/village_interfaces:${AMENT_PREFIX_PATH} CMAKE_PREFIX_PATH=/home/lichaoyue/Desktop/tasktown_ws/install/village_interfaces:/opt/ros/humble LD_LIBRARY_PATH=/home/lichaoyue/Desktop/tasktown_ws/install/village_interfaces/lib:${LD_LIBRARY_PATH} PYTHONPATH=/home/lichaoyue/Desktop/tasktown_ws/install/village_interfaces/local/lib/python3.10/dist-packages:${PYTHONPATH} /usr/bin/cmake --build /home/lichaoyue/Desktop/tasktown_ws/build/village_operator -- -j12 -l12
[7.654s] DEBUG:colcon.colcon_core.event_handler.log_command:Invoked command in '/home/lichaoyue/Desktop/tasktown_ws/build/village_operator' returned '0': AMENT_PREFIX_PATH=/home/lichaoyue/Desktop/tasktown_ws/install/village_interfaces:${AMENT_PREFIX_PATH} CMAKE_PREFIX_PATH=/home/lichaoyue/Desktop/tasktown_ws/install/village_interfaces:/opt/ros/humble LD_LIBRARY_PATH=/home/lichaoyue/Desktop/tasktown_ws/install/village_interfaces/lib:${LD_LIBRARY_PATH} PYTHONPATH=/home/lichaoyue/Desktop/tasktown_ws/install/village_interfaces/local/lib/python3.10/dist-packages:${PYTHONPATH} /usr/bin/cmake --build /home/lichaoyue/Desktop/tasktown_ws/build/village_operator -- -j12 -l12
[7.723s] DEBUG:colcon.colcon_core.event_handler.log_command:Invoking command in '/home/lichaoyue/Desktop/tasktown_ws/build/village_operator': AMENT_PREFIX_PATH=/home/lichaoyue/Desktop/tasktown_ws/install/village_interfaces:${AMENT_PREFIX_PATH} CMAKE_PREFIX_PATH=/home/lichaoyue/Desktop/tasktown_ws/install/village_interfaces:/opt/ros/humble LD_LIBRARY_PATH=/home/lichaoyue/Desktop/tasktown_ws/install/village_interfaces/lib:${LD_LIBRARY_PATH} PYTHONPATH=/home/lichaoyue/Desktop/tasktown_ws/install/village_interfaces/local/lib/python3.10/dist-packages:${PYTHONPATH} /usr/bin/cmake --install /home/lichaoyue/Desktop/tasktown_ws/build/village_operator
[7.738s] Level 1:colcon.colcon_core.environment:create_environment_scripts_only(village_operator)
[7.739s] DEBUG:colcon.colcon_core.event_handler.log_command:Invoked command in '/home/lichaoyue/Desktop/tasktown_ws/build/village_operator' returned '0': AMENT_PREFIX_PATH=/home/lichaoyue/Desktop/tasktown_ws/install/village_interfaces:${AMENT_PREFIX_PATH} CMAKE_PREFIX_PATH=/home/lichaoyue/Desktop/tasktown_ws/install/village_interfaces:/opt/ros/humble LD_LIBRARY_PATH=/home/lichaoyue/Desktop/tasktown_ws/install/village_interfaces/lib:${LD_LIBRARY_PATH} PYTHONPATH=/home/lichaoyue/Desktop/tasktown_ws/install/village_interfaces/local/lib/python3.10/dist-packages:${PYTHONPATH} /usr/bin/cmake --install /home/lichaoyue/Desktop/tasktown_ws/build/village_operator
[7.741s] Level 1:colcon.colcon_core.environment:checking '/home/lichaoyue/Desktop/tasktown_ws/install/village_operator' for CMake module files
[7.742s] Level 1:colcon.colcon_core.environment:checking '/home/lichaoyue/Desktop/tasktown_ws/install/village_operator' for CMake config files
[7.742s] Level 1:colcon.colcon_core.shell:create_environment_hook('village_operator', 'cmake_prefix_path')
[7.742s] INFO:colcon.colcon_core.shell:Creating environment hook '/home/lichaoyue/Desktop/tasktown_ws/install/village_operator/share/village_operator/hook/cmake_prefix_path.ps1'
[7.743s] INFO:colcon.colcon_core.shell:Creating environment descriptor '/home/lichaoyue/Desktop/tasktown_ws/install/village_operator/share/village_operator/hook/cmake_prefix_path.dsv'
[7.744s] INFO:colcon.colcon_core.shell:Creating environment hook '/home/lichaoyue/Desktop/tasktown_ws/install/village_operator/share/village_operator/hook/cmake_prefix_path.sh'
[7.744s] Level 1:colcon.colcon_core.environment:checking '/home/lichaoyue/Desktop/tasktown_ws/install/village_operator/lib'
[7.745s] Level 1:colcon.colcon_core.environment:checking '/home/lichaoyue/Desktop/tasktown_ws/install/village_operator/bin'
[7.745s] Level 1:colcon.colcon_core.environment:checking '/home/lichaoyue/Desktop/tasktown_ws/install/village_operator/lib/pkgconfig/village_operator.pc'
[7.745s] Level 1:colcon.colcon_core.environment:checking '/home/lichaoyue/Desktop/tasktown_ws/install/village_operator/lib/python3.10/site-packages'
[7.745s] Level 1:colcon.colcon_core.environment:checking '/home/lichaoyue/Desktop/tasktown_ws/install/village_operator/bin'
[7.746s] INFO:colcon.colcon_core.shell:Creating package script '/home/lichaoyue/Desktop/tasktown_ws/install/village_operator/share/village_operator/package.ps1'
[7.746s] INFO:colcon.colcon_core.shell:Creating package descriptor '/home/lichaoyue/Desktop/tasktown_ws/install/village_operator/share/village_operator/package.dsv'
[7.747s] INFO:colcon.colcon_core.shell:Creating package script '/home/lichaoyue/Desktop/tasktown_ws/install/village_operator/share/village_operator/package.sh'
[7.747s] INFO:colcon.colcon_core.shell:Creating package script '/home/lichaoyue/Desktop/tasktown_ws/install/village_operator/share/village_operator/package.bash'
[7.748s] INFO:colcon.colcon_core.shell:Creating package script '/home/lichaoyue/Desktop/tasktown_ws/install/village_operator/share/village_operator/package.zsh'
[7.749s] Level 1:colcon.colcon_core.environment:create_file_with_runtime_dependencies(/home/lichaoyue/Desktop/tasktown_ws/install/village_operator/share/colcon-core/packages/village_operator)
[7.804s] Level 1:colcon.colcon_core.environment:create_environment_scripts_only(village_operator)
[7.804s] Level 1:colcon.colcon_core.environment:checking '/home/lichaoyue/Desktop/tasktown_ws/install/village_operator' for CMake module files
[7.804s] Level 1:colcon.colcon_core.environment:checking '/home/lichaoyue/Desktop/tasktown_ws/install/village_operator' for CMake config files
[7.805s] Level 1:colcon.colcon_core.shell:create_environment_hook('village_operator', 'cmake_prefix_path')
[7.805s] INFO:colcon.colcon_core.shell:Creating environment hook '/home/lichaoyue/Desktop/tasktown_ws/install/village_operator/share/village_operator/hook/cmake_prefix_path.ps1'
[7.806s] INFO:colcon.colcon_core.shell:Creating environment descriptor '/home/lichaoyue/Desktop/tasktown_ws/install/village_operator/share/village_operator/hook/cmake_prefix_path.dsv'
[7.806s] INFO:colcon.colcon_core.shell:Creating environment hook '/home/lichaoyue/Desktop/tasktown_ws/install/village_operator/share/village_operator/hook/cmake_prefix_path.sh'
[7.807s] Level 1:colcon.colcon_core.environment:checking '/home/lichaoyue/Desktop/tasktown_ws/install/village_operator/lib'
[7.807s] Level 1:colcon.colcon_core.environment:checking '/home/lichaoyue/Desktop/tasktown_ws/install/village_operator/bin'
[7.807s] Level 1:colcon.colcon_core.environment:checking '/home/lichaoyue/Desktop/tasktown_ws/install/village_operator/lib/pkgconfig/village_operator.pc'
[7.808s] Level 1:colcon.colcon_core.environment:checking '/home/lichaoyue/Desktop/tasktown_ws/install/village_operator/lib/python3.10/site-packages'
[7.808s] Level 1:colcon.colcon_core.environment:checking '/home/lichaoyue/Desktop/tasktown_ws/install/village_operator/bin'
[7.808s] INFO:colcon.colcon_core.shell:Creating package script '/home/lichaoyue/Desktop/tasktown_ws/install/village_operator/share/village_operator/package.ps1'
[7.809s] INFO:colcon.colcon_core.shell:Creating package descriptor '/home/lichaoyue/Desktop/tasktown_ws/install/village_operator/share/village_operator/package.dsv'
[7.810s] INFO:colcon.colcon_core.shell:Creating package script '/home/lichaoyue/Desktop/tasktown_ws/install/village_operator/share/village_operator/package.sh'
[7.810s] INFO:colcon.colcon_core.shell:Creating package script '/home/lichaoyue/Desktop/tasktown_ws/install/village_operator/share/village_operator/package.bash'
[7.811s] INFO:colcon.colcon_core.shell:Creating package script '/home/lichaoyue/Desktop/tasktown_ws/install/village_operator/share/village_operator/package.zsh'
[7.812s] Level 1:colcon.colcon_core.environment:create_file_with_runtime_dependencies(/home/lichaoyue/Desktop/tasktown_ws/install/village_operator/share/colcon-core/packages/village_operator)
[7.812s] DEBUG:colcon.colcon_parallel_executor.executor.parallel:closing loop
[7.812s] DEBUG:colcon.colcon_parallel_executor.executor.parallel:loop closed
[7.812s] DEBUG:colcon.colcon_parallel_executor.executor.parallel:run_until_complete finished with '0'
[7.813s] DEBUG:colcon.colcon_core.event_reactor:joining thread
[7.818s] INFO:colcon.colcon_core.plugin_system:Skipping extension 'colcon_notification.desktop_notification.terminal_notifier': Not used on non-Darwin systems
[7.819s] INFO:colcon.colcon_core.plugin_system:Skipping extension 'colcon_notification.desktop_notification.win32': Not used on non-Windows systems
[7.819s] INFO:colcon.colcon_notification.desktop_notification:Sending desktop notification using 'notify2'
[7.838s] DEBUG:colcon.colcon_core.event_reactor:joined thread
[7.838s] INFO:colcon.colcon_core.shell:Creating prefix script '/home/lichaoyue/Desktop/tasktown_ws/install/local_setup.ps1'
[7.839s] INFO:colcon.colcon_core.shell:Creating prefix util module '/home/lichaoyue/Desktop/tasktown_ws/install/_local_setup_util_ps1.py'
[7.840s] INFO:colcon.colcon_core.shell:Creating prefix chain script '/home/lichaoyue/Desktop/tasktown_ws/install/setup.ps1'
[7.842s] INFO:colcon.colcon_core.shell:Creating prefix script '/home/lichaoyue/Desktop/tasktown_ws/install/local_setup.sh'
[7.842s] INFO:colcon.colcon_core.shell:Creating prefix util module '/home/lichaoyue/Desktop/tasktown_ws/install/_local_setup_util_sh.py'
[7.843s] INFO:colcon.colcon_core.shell:Creating prefix chain script '/home/lichaoyue/Desktop/tasktown_ws/install/setup.sh'
[7.844s] INFO:colcon.colcon_core.shell:Creating prefix script '/home/lichaoyue/Desktop/tasktown_ws/install/local_setup.bash'
[7.845s] INFO:colcon.colcon_core.shell:Creating prefix chain script '/home/lichaoyue/Desktop/tasktown_ws/install/setup.bash'
[7.846s] INFO:colcon.colcon_core.shell:Creating prefix script '/home/lichaoyue/Desktop/tasktown_ws/install/local_setup.zsh'
[7.847s] INFO:colcon.colcon_core.shell:Creating prefix chain script '/home/lichaoyue/Desktop/tasktown_ws/install/setup.zsh'
