[0.025s] Invoking command in '/home/lichaoyue/Desktop/tasktown_ws/build/village_interfaces': CMAKE_PREFIX_PATH=/opt/ros/humble /usr/bin/cmake --build /home/lichaoyue/Desktop/tasktown_ws/build/village_interfaces -- -j12 -l12
[0.086s] -- Found ament_cmake: 1.3.8 (/opt/ros/humble/share/ament_cmake/cmake)
[0.433s] -- Found sensor_msgs: 4.2.3 (/opt/ros/humble/share/sensor_msgs/cmake)
[0.494s] -- Found rosidl_generator_c: 3.1.5 (/opt/ros/humble/share/rosidl_generator_c/cmake)
[0.502s] -- Found rosidl_adapter: 3.1.5 (/opt/ros/humble/share/rosidl_adapter/cmake)
[0.521s] -- Found rosidl_generator_cpp: 3.1.5 (/opt/ros/humble/share/rosidl_generator_cpp/cmake)
[0.559s] -- Using all available rosidl_typesupport_c: rosidl_typesupport_fastrtps_c;rosidl_typesupport_introspection_c
[0.599s] -- Using all available rosidl_typesupport_cpp: rosidl_typesupport_fastrtps_cpp;rosidl_typesupport_introspection_cpp
[1.151s] -- Found rosidl_default_generators: 1.2.0 (/opt/ros/humble/share/rosidl_default_generators/cmake)
[1.165s] -- Found ament_lint_auto: 0.12.10 (/opt/ros/humble/share/ament_lint_auto/cmake)
[1.942s] -- Found ament_cmake_ros: 0.10.0 (/opt/ros/humble/share/ament_cmake_ros/cmake)
[3.182s] -- Using all available rosidl_typesupport_c: rosidl_typesupport_fastrtps_c;rosidl_typesupport_introspection_c
[3.668s] -- Using all available rosidl_typesupport_cpp: rosidl_typesupport_fastrtps_cpp;rosidl_typesupport_introspection_cpp
[3.729s] -- Found python_cmake_module: 0.10.0 (/opt/ros/humble/share/python_cmake_module/cmake)
[3.791s] -- Using PYTHON_EXECUTABLE: /usr/bin/python3
[3.791s] -- Using PYTHON_INCLUDE_DIRS: /usr/include/python3.10
[3.791s] -- Using PYTHON_LIBRARIES: /usr/lib/x86_64-linux-gnu/libpython3.10.so
[3.939s] -- Added test 'lint_cmake' to check CMake code style
[3.941s] -- Added test 'xmllint' to check XML markup files
[3.951s] -- Configuring done
[4.072s] -- Generating done
[4.089s] -- Build files have been written to: /home/lichaoyue/Desktop/tasktown_ws/build/village_interfaces
[4.166s] [35m[1mConsolidate compiler generated dependencies of target village_interfaces__rosidl_generator_c[0m
[4.197s] [  2%] Built target village_interfaces__cpp
[4.206s] [ 12%] Built target village_interfaces__rosidl_generator_c
[4.217s] [35m[1mConsolidate compiler generated dependencies of target village_interfaces__rosidl_typesupport_cpp[0m
[4.226s] [ 12%] Built target ament_cmake_python_copy_village_interfaces
[4.226s] [35m[1mConsolidate compiler generated dependencies of target village_interfaces__rosidl_typesupport_introspection_c[0m
[4.230s] [35m[1mConsolidate compiler generated dependencies of target village_interfaces__rosidl_typesupport_fastrtps_cpp[0m
[4.233s] [35m[1mConsolidate compiler generated dependencies of target village_interfaces__rosidl_typesupport_introspection_cpp[0m
[4.237s] [35m[1mConsolidate compiler generated dependencies of target village_interfaces__rosidl_typesupport_fastrtps_c[0m
[4.245s] [35m[1mConsolidate compiler generated dependencies of target village_interfaces__rosidl_typesupport_c[0m
[4.283s] [ 23%] Built target village_interfaces__rosidl_typesupport_cpp
[4.284s] [ 33%] Built target village_interfaces__rosidl_typesupport_introspection_c
[4.286s] [ 43%] Built target village_interfaces__rosidl_typesupport_fastrtps_cpp
[4.287s] [ 64%] Built target village_interfaces__rosidl_typesupport_introspection_cpp
[4.287s] [ 64%] Built target village_interfaces__rosidl_typesupport_c
[4.308s] [ 74%] Built target village_interfaces__rosidl_typesupport_fastrtps_c
[4.357s] [ 74%] Built target village_interfaces
[4.420s] [ 76%] Built target village_interfaces__py
[4.455s] [35m[1mConsolidate compiler generated dependencies of target village_interfaces__rosidl_generator_py[0m
[4.488s] [ 84%] Built target village_interfaces__rosidl_generator_py
[4.524s] [35m[1mConsolidate compiler generated dependencies of target village_interfaces__rosidl_typesupport_fastrtps_c__pyext[0m
[4.525s] [35m[1mConsolidate compiler generated dependencies of target village_interfaces__rosidl_typesupport_introspection_c__pyext[0m
[4.526s] [35m[1mConsolidate compiler generated dependencies of target village_interfaces__rosidl_typesupport_c__pyext[0m
[4.563s] [ 89%] Built target village_interfaces__rosidl_typesupport_fastrtps_c__pyext
[4.567s] [ 94%] Built target village_interfaces__rosidl_typesupport_c__pyext
[4.579s] [100%] Built target village_interfaces__rosidl_typesupport_introspection_c__pyext
[4.803s] running egg_info
[4.805s] writing village_interfaces.egg-info/PKG-INFO
[4.805s] writing dependency_links to village_interfaces.egg-info/dependency_links.txt
[4.807s] writing top-level names to village_interfaces.egg-info/top_level.txt
[4.813s] reading manifest file 'village_interfaces.egg-info/SOURCES.txt'
[4.814s] writing manifest file 'village_interfaces.egg-info/SOURCES.txt'
[4.877s] [100%] Built target ament_cmake_python_build_village_interfaces_egg
[4.908s] Invoked command in '/home/lichaoyue/Desktop/tasktown_ws/build/village_interfaces' returned '0': CMAKE_PREFIX_PATH=/opt/ros/humble /usr/bin/cmake --build /home/lichaoyue/Desktop/tasktown_ws/build/village_interfaces -- -j12 -l12
[5.329s] Invoking command in '/home/lichaoyue/Desktop/tasktown_ws/build/village_interfaces': CMAKE_PREFIX_PATH=/opt/ros/humble /usr/bin/cmake --install /home/lichaoyue/Desktop/tasktown_ws/build/village_interfaces
[5.351s] -- Install configuration: ""
[5.351s] -- Up-to-date: /home/lichaoyue/Desktop/tasktown_ws/install/village_interfaces/share/ament_index/resource_index/rosidl_interfaces/village_interfaces
[5.351s] -- Up-to-date: /home/lichaoyue/Desktop/tasktown_ws/install/village_interfaces/include/village_interfaces/village_interfaces
[5.351s] -- Up-to-date: /home/lichaoyue/Desktop/tasktown_ws/install/village_interfaces/include/village_interfaces/village_interfaces/msg
[5.351s] -- Up-to-date: /home/lichaoyue/Desktop/tasktown_ws/install/village_interfaces/include/village_interfaces/village_interfaces/msg/rosidl_generator_c__visibility_control.h
[5.351s] -- Up-to-date: /home/lichaoyue/Desktop/tasktown_ws/install/village_interfaces/include/village_interfaces/village_interfaces/msg/detail
[5.351s] -- Up-to-date: /home/lichaoyue/Desktop/tasktown_ws/install/village_interfaces/include/village_interfaces/village_interfaces/msg/detail/task__functions.c
[5.352s] -- Up-to-date: /home/lichaoyue/Desktop/tasktown_ws/install/village_interfaces/include/village_interfaces/village_interfaces/msg/detail/task__type_support.h
[5.352s] -- Up-to-date: /home/lichaoyue/Desktop/tasktown_ws/install/village_interfaces/include/village_interfaces/village_interfaces/msg/detail/task__struct.h
[5.352s] -- Up-to-date: /home/lichaoyue/Desktop/tasktown_ws/install/village_interfaces/include/village_interfaces/village_interfaces/msg/detail/task__functions.h
[5.352s] -- Up-to-date: /home/lichaoyue/Desktop/tasktown_ws/install/village_interfaces/include/village_interfaces/village_interfaces/msg/task.h
[5.352s] -- Up-to-date: /home/lichaoyue/Desktop/tasktown_ws/install/village_interfaces/include/village_interfaces/village_interfaces/srv
[5.352s] -- Up-to-date: /home/lichaoyue/Desktop/tasktown_ws/install/village_interfaces/include/village_interfaces/village_interfaces/srv/detail
[5.353s] -- Up-to-date: /home/lichaoyue/Desktop/tasktown_ws/install/village_interfaces/include/village_interfaces/village_interfaces/srv/detail/borrow_money__functions.h
[5.353s] -- Up-to-date: /home/lichaoyue/Desktop/tasktown_ws/install/village_interfaces/include/village_interfaces/village_interfaces/srv/detail/borrow_money__type_support.h
[5.353s] -- Up-to-date: /home/lichaoyue/Desktop/tasktown_ws/install/village_interfaces/include/village_interfaces/village_interfaces/srv/detail/borrow_money__functions.c
[5.353s] -- Up-to-date: /home/lichaoyue/Desktop/tasktown_ws/install/village_interfaces/include/village_interfaces/village_interfaces/srv/detail/borrow_money__struct.h
[5.353s] -- Up-to-date: /home/lichaoyue/Desktop/tasktown_ws/install/village_interfaces/include/village_interfaces/village_interfaces/srv/borrow_money.h
[5.353s] -- Up-to-date: /home/lichaoyue/Desktop/tasktown_ws/install/village_interfaces/share/village_interfaces/environment/library_path.sh
[5.354s] -- Installing: /home/lichaoyue/Desktop/tasktown_ws/install/village_interfaces/share/village_interfaces/environment/library_path.dsv
[5.357s] -- Up-to-date: /home/lichaoyue/Desktop/tasktown_ws/install/village_interfaces/lib/libvillage_interfaces__rosidl_generator_c.so
[5.358s] -- Up-to-date: /home/lichaoyue/Desktop/tasktown_ws/install/village_interfaces/include/village_interfaces/village_interfaces
[5.358s] -- Up-to-date: /home/lichaoyue/Desktop/tasktown_ws/install/village_interfaces/include/village_interfaces/village_interfaces/msg
[5.359s] -- Up-to-date: /home/lichaoyue/Desktop/tasktown_ws/install/village_interfaces/include/village_interfaces/village_interfaces/msg/detail
[5.359s] -- Up-to-date: /home/lichaoyue/Desktop/tasktown_ws/install/village_interfaces/include/village_interfaces/village_interfaces/msg/detail/task__rosidl_typesupport_fastrtps_c.h
[5.359s] -- Up-to-date: /home/lichaoyue/Desktop/tasktown_ws/install/village_interfaces/include/village_interfaces/village_interfaces/msg/rosidl_typesupport_fastrtps_c__visibility_control.h
[5.360s] -- Up-to-date: /home/lichaoyue/Desktop/tasktown_ws/install/village_interfaces/include/village_interfaces/village_interfaces/srv
[5.360s] -- Up-to-date: /home/lichaoyue/Desktop/tasktown_ws/install/village_interfaces/include/village_interfaces/village_interfaces/srv/detail
[5.360s] -- Up-to-date: /home/lichaoyue/Desktop/tasktown_ws/install/village_interfaces/include/village_interfaces/village_interfaces/srv/detail/borrow_money__rosidl_typesupport_fastrtps_c.h
[5.360s] -- Up-to-date: /home/lichaoyue/Desktop/tasktown_ws/install/village_interfaces/lib/libvillage_interfaces__rosidl_typesupport_fastrtps_c.so
[5.360s] -- Up-to-date: /home/lichaoyue/Desktop/tasktown_ws/install/village_interfaces/include/village_interfaces/village_interfaces
[5.361s] -- Up-to-date: /home/lichaoyue/Desktop/tasktown_ws/install/village_interfaces/include/village_interfaces/village_interfaces/msg
[5.361s] -- Up-to-date: /home/lichaoyue/Desktop/tasktown_ws/install/village_interfaces/include/village_interfaces/village_interfaces/msg/detail
[5.361s] -- Up-to-date: /home/lichaoyue/Desktop/tasktown_ws/install/village_interfaces/include/village_interfaces/village_interfaces/msg/detail/task__builder.hpp
[5.361s] -- Up-to-date: /home/lichaoyue/Desktop/tasktown_ws/install/village_interfaces/include/village_interfaces/village_interfaces/msg/detail/task__traits.hpp
[5.362s] -- Up-to-date: /home/lichaoyue/Desktop/tasktown_ws/install/village_interfaces/include/village_interfaces/village_interfaces/msg/detail/task__struct.hpp
[5.362s] -- Up-to-date: /home/lichaoyue/Desktop/tasktown_ws/install/village_interfaces/include/village_interfaces/village_interfaces/msg/task.hpp
[5.362s] -- Up-to-date: /home/lichaoyue/Desktop/tasktown_ws/install/village_interfaces/include/village_interfaces/village_interfaces/srv
[5.363s] -- Up-to-date: /home/lichaoyue/Desktop/tasktown_ws/install/village_interfaces/include/village_interfaces/village_interfaces/srv/detail
[5.363s] -- Up-to-date: /home/lichaoyue/Desktop/tasktown_ws/install/village_interfaces/include/village_interfaces/village_interfaces/srv/detail/borrow_money__builder.hpp
[5.363s] -- Up-to-date: /home/lichaoyue/Desktop/tasktown_ws/install/village_interfaces/include/village_interfaces/village_interfaces/srv/detail/borrow_money__traits.hpp
[5.363s] -- Up-to-date: /home/lichaoyue/Desktop/tasktown_ws/install/village_interfaces/include/village_interfaces/village_interfaces/srv/detail/borrow_money__struct.hpp
[5.363s] -- Up-to-date: /home/lichaoyue/Desktop/tasktown_ws/install/village_interfaces/include/village_interfaces/village_interfaces/srv/borrow_money.hpp
[5.363s] -- Up-to-date: /home/lichaoyue/Desktop/tasktown_ws/install/village_interfaces/include/village_interfaces/village_interfaces
[5.364s] -- Up-to-date: /home/lichaoyue/Desktop/tasktown_ws/install/village_interfaces/include/village_interfaces/village_interfaces/msg
[5.364s] -- Up-to-date: /home/lichaoyue/Desktop/tasktown_ws/install/village_interfaces/include/village_interfaces/village_interfaces/msg/rosidl_typesupport_fastrtps_cpp__visibility_control.h
[5.364s] -- Up-to-date: /home/lichaoyue/Desktop/tasktown_ws/install/village_interfaces/include/village_interfaces/village_interfaces/msg/detail
[5.364s] -- Up-to-date: /home/lichaoyue/Desktop/tasktown_ws/install/village_interfaces/include/village_interfaces/village_interfaces/msg/detail/task__rosidl_typesupport_fastrtps_cpp.hpp
[5.364s] -- Up-to-date: /home/lichaoyue/Desktop/tasktown_ws/install/village_interfaces/include/village_interfaces/village_interfaces/msg/detail/dds_fastrtps
[5.365s] -- Up-to-date: /home/lichaoyue/Desktop/tasktown_ws/install/village_interfaces/include/village_interfaces/village_interfaces/srv
[5.365s] -- Up-to-date: /home/lichaoyue/Desktop/tasktown_ws/install/village_interfaces/include/village_interfaces/village_interfaces/srv/detail
[5.365s] -- Up-to-date: /home/lichaoyue/Desktop/tasktown_ws/install/village_interfaces/include/village_interfaces/village_interfaces/srv/detail/borrow_money__rosidl_typesupport_fastrtps_cpp.hpp
[5.366s] -- Up-to-date: /home/lichaoyue/Desktop/tasktown_ws/install/village_interfaces/include/village_interfaces/village_interfaces/srv/detail/dds_fastrtps
[5.366s] -- Up-to-date: /home/lichaoyue/Desktop/tasktown_ws/install/village_interfaces/lib/libvillage_interfaces__rosidl_typesupport_fastrtps_cpp.so
[5.367s] -- Up-to-date: /home/lichaoyue/Desktop/tasktown_ws/install/village_interfaces/include/village_interfaces/village_interfaces
[5.367s] -- Up-to-date: /home/lichaoyue/Desktop/tasktown_ws/install/village_interfaces/include/village_interfaces/village_interfaces/msg
[5.368s] -- Up-to-date: /home/lichaoyue/Desktop/tasktown_ws/install/village_interfaces/include/village_interfaces/village_interfaces/msg/detail
[5.368s] -- Up-to-date: /home/lichaoyue/Desktop/tasktown_ws/install/village_interfaces/include/village_interfaces/village_interfaces/msg/detail/task__rosidl_typesupport_introspection_c.h
[5.368s] -- Up-to-date: /home/lichaoyue/Desktop/tasktown_ws/install/village_interfaces/include/village_interfaces/village_interfaces/msg/detail/task__type_support.c
[5.368s] -- Up-to-date: /home/lichaoyue/Desktop/tasktown_ws/install/village_interfaces/include/village_interfaces/village_interfaces/msg/rosidl_typesupport_introspection_c__visibility_control.h
[5.369s] -- Up-to-date: /home/lichaoyue/Desktop/tasktown_ws/install/village_interfaces/include/village_interfaces/village_interfaces/srv
[5.369s] -- Up-to-date: /home/lichaoyue/Desktop/tasktown_ws/install/village_interfaces/include/village_interfaces/village_interfaces/srv/detail
[5.369s] -- Up-to-date: /home/lichaoyue/Desktop/tasktown_ws/install/village_interfaces/include/village_interfaces/village_interfaces/srv/detail/borrow_money__rosidl_typesupport_introspection_c.h
[5.369s] -- Up-to-date: /home/lichaoyue/Desktop/tasktown_ws/install/village_interfaces/include/village_interfaces/village_interfaces/srv/detail/borrow_money__type_support.c
[5.370s] -- Up-to-date: /home/lichaoyue/Desktop/tasktown_ws/install/village_interfaces/lib/libvillage_interfaces__rosidl_typesupport_introspection_c.so
[5.370s] -- Up-to-date: /home/lichaoyue/Desktop/tasktown_ws/install/village_interfaces/lib/libvillage_interfaces__rosidl_typesupport_c.so
[5.370s] -- Up-to-date: /home/lichaoyue/Desktop/tasktown_ws/install/village_interfaces/include/village_interfaces/village_interfaces
[5.370s] -- Up-to-date: /home/lichaoyue/Desktop/tasktown_ws/install/village_interfaces/include/village_interfaces/village_interfaces/msg
[5.371s] -- Up-to-date: /home/lichaoyue/Desktop/tasktown_ws/install/village_interfaces/include/village_interfaces/village_interfaces/msg/detail
[5.371s] -- Up-to-date: /home/lichaoyue/Desktop/tasktown_ws/install/village_interfaces/include/village_interfaces/village_interfaces/msg/detail/task__rosidl_typesupport_introspection_cpp.hpp
[5.372s] -- Up-to-date: /home/lichaoyue/Desktop/tasktown_ws/install/village_interfaces/include/village_interfaces/village_interfaces/msg/detail/task__type_support.cpp
[5.373s] -- Up-to-date: /home/lichaoyue/Desktop/tasktown_ws/install/village_interfaces/include/village_interfaces/village_interfaces/srv
[5.373s] -- Up-to-date: /home/lichaoyue/Desktop/tasktown_ws/install/village_interfaces/include/village_interfaces/village_interfaces/srv/detail
[5.373s] -- Up-to-date: /home/lichaoyue/Desktop/tasktown_ws/install/village_interfaces/include/village_interfaces/village_interfaces/srv/detail/borrow_money__type_support.cpp
[5.374s] -- Up-to-date: /home/lichaoyue/Desktop/tasktown_ws/install/village_interfaces/include/village_interfaces/village_interfaces/srv/detail/borrow_money__rosidl_typesupport_introspection_cpp.hpp
[5.375s] -- Up-to-date: /home/lichaoyue/Desktop/tasktown_ws/install/village_interfaces/lib/libvillage_interfaces__rosidl_typesupport_introspection_cpp.so
[5.375s] -- Up-to-date: /home/lichaoyue/Desktop/tasktown_ws/install/village_interfaces/lib/libvillage_interfaces__rosidl_typesupport_cpp.so
[5.375s] -- Up-to-date: /home/lichaoyue/Desktop/tasktown_ws/install/village_interfaces/share/village_interfaces/environment/pythonpath.sh
[5.375s] -- Installing: /home/lichaoyue/Desktop/tasktown_ws/install/village_interfaces/share/village_interfaces/environment/pythonpath.dsv
[5.375s] -- Up-to-date: /home/lichaoyue/Desktop/tasktown_ws/install/village_interfaces/local/lib/python3.10/dist-packages/village_interfaces-0.0.0-py3.10.egg-info
[5.376s] -- Installing: /home/lichaoyue/Desktop/tasktown_ws/install/village_interfaces/local/lib/python3.10/dist-packages/village_interfaces-0.0.0-py3.10.egg-info/PKG-INFO
[5.376s] -- Installing: /home/lichaoyue/Desktop/tasktown_ws/install/village_interfaces/local/lib/python3.10/dist-packages/village_interfaces-0.0.0-py3.10.egg-info/top_level.txt
[5.376s] -- Installing: /home/lichaoyue/Desktop/tasktown_ws/install/village_interfaces/local/lib/python3.10/dist-packages/village_interfaces-0.0.0-py3.10.egg-info/dependency_links.txt
[5.376s] -- Installing: /home/lichaoyue/Desktop/tasktown_ws/install/village_interfaces/local/lib/python3.10/dist-packages/village_interfaces-0.0.0-py3.10.egg-info/SOURCES.txt
[5.376s] -- Up-to-date: /home/lichaoyue/Desktop/tasktown_ws/install/village_interfaces/local/lib/python3.10/dist-packages/village_interfaces
[5.376s] -- Up-to-date: /home/lichaoyue/Desktop/tasktown_ws/install/village_interfaces/local/lib/python3.10/dist-packages/village_interfaces/village_interfaces_s__rosidl_typesupport_c.cpython-310-x86_64-linux-gnu.so
[5.377s] -- Up-to-date: /home/lichaoyue/Desktop/tasktown_ws/install/village_interfaces/local/lib/python3.10/dist-packages/village_interfaces/_village_interfaces_s.ep.rosidl_typesupport_fastrtps_c.c
[5.377s] -- Up-to-date: /home/lichaoyue/Desktop/tasktown_ws/install/village_interfaces/local/lib/python3.10/dist-packages/village_interfaces/village_interfaces_s__rosidl_typesupport_fastrtps_c.cpython-310-x86_64-linux-gnu.so
[5.377s] -- Up-to-date: /home/lichaoyue/Desktop/tasktown_ws/install/village_interfaces/local/lib/python3.10/dist-packages/village_interfaces/village_interfaces_s__rosidl_typesupport_introspection_c.cpython-310-x86_64-linux-gnu.so
[5.377s] -- Up-to-date: /home/lichaoyue/Desktop/tasktown_ws/install/village_interfaces/local/lib/python3.10/dist-packages/village_interfaces/_village_interfaces_s.ep.rosidl_typesupport_c.c
[5.377s] -- Up-to-date: /home/lichaoyue/Desktop/tasktown_ws/install/village_interfaces/local/lib/python3.10/dist-packages/village_interfaces/_village_interfaces_s.ep.rosidl_typesupport_introspection_c.c
[5.377s] -- Installing: /home/lichaoyue/Desktop/tasktown_ws/install/village_interfaces/local/lib/python3.10/dist-packages/village_interfaces/__init__.py
[5.378s] -- Up-to-date: /home/lichaoyue/Desktop/tasktown_ws/install/village_interfaces/local/lib/python3.10/dist-packages/village_interfaces/msg
[5.378s] -- Up-to-date: /home/lichaoyue/Desktop/tasktown_ws/install/village_interfaces/local/lib/python3.10/dist-packages/village_interfaces/msg/_task_s.c
[5.379s] -- Up-to-date: /home/lichaoyue/Desktop/tasktown_ws/install/village_interfaces/local/lib/python3.10/dist-packages/village_interfaces/msg/_task.py
[5.379s] -- Up-to-date: /home/lichaoyue/Desktop/tasktown_ws/install/village_interfaces/local/lib/python3.10/dist-packages/village_interfaces/msg/__init__.py
[5.379s] -- Up-to-date: /home/lichaoyue/Desktop/tasktown_ws/install/village_interfaces/local/lib/python3.10/dist-packages/village_interfaces/libvillage_interfaces__rosidl_generator_py.so
[5.380s] -- Up-to-date: /home/lichaoyue/Desktop/tasktown_ws/install/village_interfaces/local/lib/python3.10/dist-packages/village_interfaces/srv
[5.380s] -- Up-to-date: /home/lichaoyue/Desktop/tasktown_ws/install/village_interfaces/local/lib/python3.10/dist-packages/village_interfaces/srv/_borrow_money.py
[5.380s] -- Up-to-date: /home/lichaoyue/Desktop/tasktown_ws/install/village_interfaces/local/lib/python3.10/dist-packages/village_interfaces/srv/_borrow_money_s.c
[5.381s] -- Up-to-date: /home/lichaoyue/Desktop/tasktown_ws/install/village_interfaces/local/lib/python3.10/dist-packages/village_interfaces/srv/__init__.py
[5.458s] Listing '/home/lichaoyue/Desktop/tasktown_ws/install/village_interfaces/local/lib/python3.10/dist-packages/village_interfaces'...
[5.458s] Compiling '/home/lichaoyue/Desktop/tasktown_ws/install/village_interfaces/local/lib/python3.10/dist-packages/village_interfaces/__init__.py'...
[5.459s] Listing '/home/lichaoyue/Desktop/tasktown_ws/install/village_interfaces/local/lib/python3.10/dist-packages/village_interfaces/msg'...
[5.459s] Listing '/home/lichaoyue/Desktop/tasktown_ws/install/village_interfaces/local/lib/python3.10/dist-packages/village_interfaces/srv'...
[5.469s] -- Up-to-date: /home/lichaoyue/Desktop/tasktown_ws/install/village_interfaces/local/lib/python3.10/dist-packages/village_interfaces/village_interfaces_s__rosidl_typesupport_fastrtps_c.cpython-310-x86_64-linux-gnu.so
[5.471s] -- Up-to-date: /home/lichaoyue/Desktop/tasktown_ws/install/village_interfaces/local/lib/python3.10/dist-packages/village_interfaces/village_interfaces_s__rosidl_typesupport_introspection_c.cpython-310-x86_64-linux-gnu.so
[5.471s] -- Up-to-date: /home/lichaoyue/Desktop/tasktown_ws/install/village_interfaces/local/lib/python3.10/dist-packages/village_interfaces/village_interfaces_s__rosidl_typesupport_c.cpython-310-x86_64-linux-gnu.so
[5.472s] -- Up-to-date: /home/lichaoyue/Desktop/tasktown_ws/install/village_interfaces/lib/libvillage_interfaces__rosidl_generator_py.so
[5.472s] -- Up-to-date: /home/lichaoyue/Desktop/tasktown_ws/install/village_interfaces/share/village_interfaces/msg/Task.idl
[5.472s] -- Up-to-date: /home/lichaoyue/Desktop/tasktown_ws/install/village_interfaces/share/village_interfaces/srv/BorrowMoney.idl
[5.472s] -- Up-to-date: /home/lichaoyue/Desktop/tasktown_ws/install/village_interfaces/share/village_interfaces/msg/Task.msg
[5.473s] -- Up-to-date: /home/lichaoyue/Desktop/tasktown_ws/install/village_interfaces/share/village_interfaces/srv/BorrowMoney.srv
[5.473s] -- Up-to-date: /home/lichaoyue/Desktop/tasktown_ws/install/village_interfaces/share/village_interfaces/srv/BorrowMoney_Request.msg
[5.473s] -- Up-to-date: /home/lichaoyue/Desktop/tasktown_ws/install/village_interfaces/share/village_interfaces/srv/BorrowMoney_Response.msg
[5.473s] -- Up-to-date: /home/lichaoyue/Desktop/tasktown_ws/install/village_interfaces/share/ament_index/resource_index/package_run_dependencies/village_interfaces
[5.474s] -- Up-to-date: /home/lichaoyue/Desktop/tasktown_ws/install/village_interfaces/share/ament_index/resource_index/parent_prefix_path/village_interfaces
[5.474s] -- Up-to-date: /home/lichaoyue/Desktop/tasktown_ws/install/village_interfaces/share/village_interfaces/environment/ament_prefix_path.sh
[5.474s] -- Installing: /home/lichaoyue/Desktop/tasktown_ws/install/village_interfaces/share/village_interfaces/environment/ament_prefix_path.dsv
[5.475s] -- Up-to-date: /home/lichaoyue/Desktop/tasktown_ws/install/village_interfaces/share/village_interfaces/environment/path.sh
[5.475s] -- Installing: /home/lichaoyue/Desktop/tasktown_ws/install/village_interfaces/share/village_interfaces/environment/path.dsv
[5.478s] -- Up-to-date: /home/lichaoyue/Desktop/tasktown_ws/install/village_interfaces/share/village_interfaces/local_setup.bash
[5.479s] -- Up-to-date: /home/lichaoyue/Desktop/tasktown_ws/install/village_interfaces/share/village_interfaces/local_setup.sh
[5.479s] -- Up-to-date: /home/lichaoyue/Desktop/tasktown_ws/install/village_interfaces/share/village_interfaces/local_setup.zsh
[5.479s] -- Installing: /home/lichaoyue/Desktop/tasktown_ws/install/village_interfaces/share/village_interfaces/local_setup.dsv
[5.480s] -- Installing: /home/lichaoyue/Desktop/tasktown_ws/install/village_interfaces/share/village_interfaces/package.dsv
[5.480s] -- Up-to-date: /home/lichaoyue/Desktop/tasktown_ws/install/village_interfaces/share/ament_index/resource_index/packages/village_interfaces
[5.480s] -- Up-to-date: /home/lichaoyue/Desktop/tasktown_ws/install/village_interfaces/share/village_interfaces/cmake/export_village_interfaces__rosidl_generator_cExport.cmake
[5.480s] -- Up-to-date: /home/lichaoyue/Desktop/tasktown_ws/install/village_interfaces/share/village_interfaces/cmake/export_village_interfaces__rosidl_generator_cExport-noconfig.cmake
[5.480s] -- Up-to-date: /home/lichaoyue/Desktop/tasktown_ws/install/village_interfaces/share/village_interfaces/cmake/export_village_interfaces__rosidl_typesupport_fastrtps_cExport.cmake
[5.480s] -- Up-to-date: /home/lichaoyue/Desktop/tasktown_ws/install/village_interfaces/share/village_interfaces/cmake/export_village_interfaces__rosidl_typesupport_fastrtps_cExport-noconfig.cmake
[5.480s] -- Up-to-date: /home/lichaoyue/Desktop/tasktown_ws/install/village_interfaces/share/village_interfaces/cmake/export_village_interfaces__rosidl_generator_cppExport.cmake
[5.481s] -- Up-to-date: /home/lichaoyue/Desktop/tasktown_ws/install/village_interfaces/share/village_interfaces/cmake/export_village_interfaces__rosidl_typesupport_fastrtps_cppExport.cmake
[5.481s] -- Up-to-date: /home/lichaoyue/Desktop/tasktown_ws/install/village_interfaces/share/village_interfaces/cmake/export_village_interfaces__rosidl_typesupport_fastrtps_cppExport-noconfig.cmake
[5.481s] -- Up-to-date: /home/lichaoyue/Desktop/tasktown_ws/install/village_interfaces/share/village_interfaces/cmake/village_interfaces__rosidl_typesupport_introspection_cExport.cmake
[5.481s] -- Up-to-date: /home/lichaoyue/Desktop/tasktown_ws/install/village_interfaces/share/village_interfaces/cmake/village_interfaces__rosidl_typesupport_introspection_cExport-noconfig.cmake
[5.481s] -- Up-to-date: /home/lichaoyue/Desktop/tasktown_ws/install/village_interfaces/share/village_interfaces/cmake/village_interfaces__rosidl_typesupport_cExport.cmake
[5.482s] -- Up-to-date: /home/lichaoyue/Desktop/tasktown_ws/install/village_interfaces/share/village_interfaces/cmake/village_interfaces__rosidl_typesupport_cExport-noconfig.cmake
[5.482s] -- Up-to-date: /home/lichaoyue/Desktop/tasktown_ws/install/village_interfaces/share/village_interfaces/cmake/village_interfaces__rosidl_typesupport_introspection_cppExport.cmake
[5.483s] -- Up-to-date: /home/lichaoyue/Desktop/tasktown_ws/install/village_interfaces/share/village_interfaces/cmake/village_interfaces__rosidl_typesupport_introspection_cppExport-noconfig.cmake
[5.483s] -- Up-to-date: /home/lichaoyue/Desktop/tasktown_ws/install/village_interfaces/share/village_interfaces/cmake/village_interfaces__rosidl_typesupport_cppExport.cmake
[5.483s] -- Up-to-date: /home/lichaoyue/Desktop/tasktown_ws/install/village_interfaces/share/village_interfaces/cmake/village_interfaces__rosidl_typesupport_cppExport-noconfig.cmake
[5.483s] -- Up-to-date: /home/lichaoyue/Desktop/tasktown_ws/install/village_interfaces/share/village_interfaces/cmake/export_village_interfaces__rosidl_generator_pyExport.cmake
[5.483s] -- Up-to-date: /home/lichaoyue/Desktop/tasktown_ws/install/village_interfaces/share/village_interfaces/cmake/export_village_interfaces__rosidl_generator_pyExport-noconfig.cmake
[5.483s] -- Up-to-date: /home/lichaoyue/Desktop/tasktown_ws/install/village_interfaces/share/village_interfaces/cmake/rosidl_cmake-extras.cmake
[5.483s] -- Up-to-date: /home/lichaoyue/Desktop/tasktown_ws/install/village_interfaces/share/village_interfaces/cmake/ament_cmake_export_dependencies-extras.cmake
[5.483s] -- Up-to-date: /home/lichaoyue/Desktop/tasktown_ws/install/village_interfaces/share/village_interfaces/cmake/ament_cmake_export_include_directories-extras.cmake
[5.483s] -- Up-to-date: /home/lichaoyue/Desktop/tasktown_ws/install/village_interfaces/share/village_interfaces/cmake/ament_cmake_export_libraries-extras.cmake
[5.483s] -- Up-to-date: /home/lichaoyue/Desktop/tasktown_ws/install/village_interfaces/share/village_interfaces/cmake/ament_cmake_export_targets-extras.cmake
[5.483s] -- Up-to-date: /home/lichaoyue/Desktop/tasktown_ws/install/village_interfaces/share/village_interfaces/cmake/rosidl_cmake_export_typesupport_targets-extras.cmake
[5.483s] -- Up-to-date: /home/lichaoyue/Desktop/tasktown_ws/install/village_interfaces/share/village_interfaces/cmake/rosidl_cmake_export_typesupport_libraries-extras.cmake
[5.483s] -- Up-to-date: /home/lichaoyue/Desktop/tasktown_ws/install/village_interfaces/share/village_interfaces/cmake/village_interfacesConfig.cmake
[5.483s] -- Up-to-date: /home/lichaoyue/Desktop/tasktown_ws/install/village_interfaces/share/village_interfaces/cmake/village_interfacesConfig-version.cmake
[5.483s] -- Up-to-date: /home/lichaoyue/Desktop/tasktown_ws/install/village_interfaces/share/village_interfaces/package.xml
[5.491s] Invoked command in '/home/lichaoyue/Desktop/tasktown_ws/build/village_interfaces' returned '0': CMAKE_PREFIX_PATH=/opt/ros/humble /usr/bin/cmake --install /home/lichaoyue/Desktop/tasktown_ws/build/village_interfaces
