Performing C SOURCE FILE Test CMAKE_HAVE_LIBC_PTHREAD failed with the following output:
Change Dir: /home/jj/Greedy/build/village_taskgroups/CMakeFiles/CMakeTmp

Run Build Command(s):/usr/bin/make cmTC_04c3f/fast && /usr/bin/make -f CMakeFiles/cmTC_04c3f.dir/build.make CMakeFiles/cmTC_04c3f.dir/build
make[1]: 进入目录“/home/jj/Greedy/build/village_taskgroups/CMakeFiles/CMakeTmp”
Building C object CMakeFiles/cmTC_04c3f.dir/src.c.o
/usr/bin/cc   -DCMAKE_HAVE_LIBC_PTHREAD   -o CMakeFiles/cmTC_04c3f.dir/src.c.o   -c /home/jj/Greedy/build/village_taskgroups/CMakeFiles/CMakeTmp/src.c
Linking C executable cmTC_04c3f
/usr/bin/cmake -E cmake_link_script CMakeFiles/cmTC_04c3f.dir/link.txt --verbose=1
/usr/bin/cc  -DCMAKE_HAVE_LIBC_PTHREAD    CMakeFiles/cmTC_04c3f.dir/src.c.o  -o cmTC_04c3f 
/usr/bin/ld: CMakeFiles/cmTC_04c3f.dir/src.c.o: in function `main':
src.c:(.text+0x46): undefined reference to `pthread_create'
/usr/bin/ld: src.c:(.text+0x52): undefined reference to `pthread_detach'
/usr/bin/ld: src.c:(.text+0x63): undefined reference to `pthread_join'
collect2: error: ld returned 1 exit status
make[1]: *** [CMakeFiles/cmTC_04c3f.dir/build.make:87：cmTC_04c3f] 错误 1
make[1]: 离开目录“/home/jj/Greedy/build/village_taskgroups/CMakeFiles/CMakeTmp”
make: *** [Makefile:121：cmTC_04c3f/fast] 错误 2


Source file was:
#include <pthread.h>

void* test_func(void* data)
{
  return data;
}

int main(void)
{
  pthread_t thread;
  pthread_create(&thread, NULL, test_func, NULL);
  pthread_detach(thread);
  pthread_join(thread, NULL);
  pthread_atfork(NULL, NULL, NULL);
  pthread_exit(NULL);

  return 0;
}

Determining if the function pthread_create exists in the pthreads failed with the following output:
Change Dir: /home/jj/Greedy/build/village_taskgroups/CMakeFiles/CMakeTmp

Run Build Command(s):/usr/bin/make cmTC_5b39a/fast && /usr/bin/make -f CMakeFiles/cmTC_5b39a.dir/build.make CMakeFiles/cmTC_5b39a.dir/build
make[1]: 进入目录“/home/jj/Greedy/build/village_taskgroups/CMakeFiles/CMakeTmp”
Building C object CMakeFiles/cmTC_5b39a.dir/CheckFunctionExists.c.o
/usr/bin/cc   -DCHECK_FUNCTION_EXISTS=pthread_create   -o CMakeFiles/cmTC_5b39a.dir/CheckFunctionExists.c.o   -c /usr/share/cmake-3.16/Modules/CheckFunctionExists.c
Linking C executable cmTC_5b39a
/usr/bin/cmake -E cmake_link_script CMakeFiles/cmTC_5b39a.dir/link.txt --verbose=1
/usr/bin/cc  -DCHECK_FUNCTION_EXISTS=pthread_create    CMakeFiles/cmTC_5b39a.dir/CheckFunctionExists.c.o  -o cmTC_5b39a  -lpthreads 
/usr/bin/ld: 找不到 -lpthreads
collect2: error: ld returned 1 exit status
make[1]: *** [CMakeFiles/cmTC_5b39a.dir/build.make:87：cmTC_5b39a] 错误 1
make[1]: 离开目录“/home/jj/Greedy/build/village_taskgroups/CMakeFiles/CMakeTmp”
make: *** [Makefile:121：cmTC_5b39a/fast] 错误 2



