[0.014s] Invoking command in '/home/lichaoyue/Desktop/tasktown_ws/build/village_operator': AMENT_PREFIX_PATH=/home/lichaoyue/Desktop/tasktown_ws/install/village_interfaces:${AMENT_PREFIX_PATH} CMAKE_PREFIX_PATH=/home/lichaoyue/Desktop/tasktown_ws/install/village_interfaces:/opt/ros/humble LD_LIBRARY_PATH=/home/lichaoyue/Desktop/tasktown_ws/install/village_interfaces/lib:${LD_LIBRARY_PATH} PYTHONPATH=/home/lichaoyue/Desktop/tasktown_ws/install/village_interfaces/local/lib/python3.10/dist-packages:${PYTHONPATH} /usr/bin/cmake --build /home/lichaoyue/Desktop/tasktown_ws/build/village_operator -- -j12 -l12
[0.049s] [35m[1mConsolidate compiler generated dependencies of target operator_node[0m
[0.074s] [ 50%] [32mBuilding CXX object CMakeFiles/operator_node.dir/src/operator.cpp.o[0m
[7.140s] [100%] [32m[1mLinking CXX executable operator_node[0m
[7.442s] [100%] Built target operator_node
[7.459s] Invoked command in '/home/lichaoyue/Desktop/tasktown_ws/build/village_operator' returned '0': AMENT_PREFIX_PATH=/home/lichaoyue/Desktop/tasktown_ws/install/village_interfaces:${AMENT_PREFIX_PATH} CMAKE_PREFIX_PATH=/home/lichaoyue/Desktop/tasktown_ws/install/village_interfaces:/opt/ros/humble LD_LIBRARY_PATH=/home/lichaoyue/Desktop/tasktown_ws/install/village_interfaces/lib:${LD_LIBRARY_PATH} PYTHONPATH=/home/lichaoyue/Desktop/tasktown_ws/install/village_interfaces/local/lib/python3.10/dist-packages:${PYTHONPATH} /usr/bin/cmake --build /home/lichaoyue/Desktop/tasktown_ws/build/village_operator -- -j12 -l12
[7.523s] Invoking command in '/home/lichaoyue/Desktop/tasktown_ws/build/village_operator': AMENT_PREFIX_PATH=/home/lichaoyue/Desktop/tasktown_ws/install/village_interfaces:${AMENT_PREFIX_PATH} CMAKE_PREFIX_PATH=/home/lichaoyue/Desktop/tasktown_ws/install/village_interfaces:/opt/ros/humble LD_LIBRARY_PATH=/home/lichaoyue/Desktop/tasktown_ws/install/village_interfaces/lib:${LD_LIBRARY_PATH} PYTHONPATH=/home/lichaoyue/Desktop/tasktown_ws/install/village_interfaces/local/lib/python3.10/dist-packages:${PYTHONPATH} /usr/bin/cmake --install /home/lichaoyue/Desktop/tasktown_ws/build/village_operator
[7.539s] -- Install configuration: ""
[7.539s] -- Up-to-date: /home/lichaoyue/Desktop/tasktown_ws/install/village_operator/share/ament_index/resource_index/package_run_dependencies/village_operator
[7.539s] -- Up-to-date: /home/lichaoyue/Desktop/tasktown_ws/install/village_operator/share/ament_index/resource_index/parent_prefix_path/village_operator
[7.539s] -- Up-to-date: /home/lichaoyue/Desktop/tasktown_ws/install/village_operator/share/village_operator/environment/ament_prefix_path.sh
[7.540s] -- Up-to-date: /home/lichaoyue/Desktop/tasktown_ws/install/village_operator/share/village_operator/environment/ament_prefix_path.dsv
[7.540s] -- Up-to-date: /home/lichaoyue/Desktop/tasktown_ws/install/village_operator/share/village_operator/environment/path.sh
[7.540s] -- Up-to-date: /home/lichaoyue/Desktop/tasktown_ws/install/village_operator/share/village_operator/environment/path.dsv
[7.540s] -- Up-to-date: /home/lichaoyue/Desktop/tasktown_ws/install/village_operator/share/village_operator/local_setup.bash
[7.540s] -- Up-to-date: /home/lichaoyue/Desktop/tasktown_ws/install/village_operator/share/village_operator/local_setup.sh
[7.540s] -- Up-to-date: /home/lichaoyue/Desktop/tasktown_ws/install/village_operator/share/village_operator/local_setup.zsh
[7.540s] -- Up-to-date: /home/lichaoyue/Desktop/tasktown_ws/install/village_operator/share/village_operator/local_setup.dsv
[7.540s] -- Installing: /home/lichaoyue/Desktop/tasktown_ws/install/village_operator/share/village_operator/package.dsv
[7.540s] -- Up-to-date: /home/lichaoyue/Desktop/tasktown_ws/install/village_operator/share/ament_index/resource_index/packages/village_operator
[7.543s] -- Up-to-date: /home/lichaoyue/Desktop/tasktown_ws/install/village_operator/share/village_operator/cmake/village_operatorConfig.cmake
[7.543s] -- Up-to-date: /home/lichaoyue/Desktop/tasktown_ws/install/village_operator/share/village_operator/cmake/village_operatorConfig-version.cmake
[7.543s] -- Up-to-date: /home/lichaoyue/Desktop/tasktown_ws/install/village_operator/share/village_operator/package.xml
[7.543s] -- Installing: /home/lichaoyue/Desktop/tasktown_ws/install/village_operator/lib/village_operator/operator_node
[7.543s] -- Set runtime path of "/home/lichaoyue/Desktop/tasktown_ws/install/village_operator/lib/village_operator/operator_node" to ""
[7.543s] Invoked command in '/home/lichaoyue/Desktop/tasktown_ws/build/village_operator' returned '0': AMENT_PREFIX_PATH=/home/lichaoyue/Desktop/tasktown_ws/install/village_interfaces:${AMENT_PREFIX_PATH} CMAKE_PREFIX_PATH=/home/lichaoyue/Desktop/tasktown_ws/install/village_interfaces:/opt/ros/humble LD_LIBRARY_PATH=/home/lichaoyue/Desktop/tasktown_ws/install/village_interfaces/lib:${LD_LIBRARY_PATH} PYTHONPATH=/home/lichaoyue/Desktop/tasktown_ws/install/village_interfaces/local/lib/python3.10/dist-packages:${PYTHONPATH} /usr/bin/cmake --install /home/lichaoyue/Desktop/tasktown_ws/build/village_operator
