[0.022s] Invoking command in '/home/lichaoyue/Desktop/tasktown_ws/build/village_operator': CMAKE_PREFIX_PATH=/home/lichaoyue/Desktop/tasktown_ws/install/village_interfaces:/home/lichaoyue/Desktop/tasktown_ws/install/village_taskgroups:/home/lichaoyue/Desktop/tasktown_ws/install/village_task:/home/lichaoyue/Desktop/tasktown_ws/install/village_operator:/opt/ros/humble /usr/bin/cmake --build /home/lichaoyue/Desktop/tasktown_ws/build/village_operator -- -j12 -l12
[0.066s] [35m[1mConsolidate compiler generated dependencies of target operator_node[0m
[0.097s] [ 50%] [32mBuilding CXX object CMakeFiles/operator_node.dir/src/operator.cpp.o[0m
[3.247s] [01m[K/home/lichaoyue/Desktop/tasktown_ws/src/village_operator/src/operator.cpp:516:2:[m[K [01;31m[Kerror: [m[Kexpected ‘[01m[K}[m[K’ at end of input
[3.247s]   516 | }
[3.247s]       |  [01;31m[K^[m[K
[3.249s] [01m[K/home/lichaoyue/Desktop/tasktown_ws/src/village_operator/src/operator.cpp:254:1:[m[K [01;36m[Knote: [m[Kto match this ‘[01m[K{[m[K’
[3.249s]   254 | [01;36m[K{[m[K
[3.250s]       | [01;36m[K^[m[K
[3.281s] [01m[K/home/lichaoyue/Desktop/tasktown_ws/src/village_operator/src/operator.cpp:[m[K In member function ‘[01m[Kvoid TaskAssignServer::assignTasks(const std::vector<int>&, std::shared_ptr<village_interfaces::srv::TaskAssign_Response_<std::allocator<void> > >)[m[K’:
[3.282s] [01m[K/home/lichaoyue/Desktop/tasktown_ws/src/village_operator/src/operator.cpp:403:25:[m[K [01;31m[Kerror: [m[K‘[01m[KremoveCompletedTaskFromGlobalSequence[m[K’ was not declared in this scope
[3.282s]   403 |                         [01;31m[KremoveCompletedTaskFromGlobalSequence[m[K(best_task.first.begin(), best_task.first.end());
[3.282s]       |                         [01;31m[K^~~~~~~~~~~~~~~~~~~~~~~~~~~~~~~~~~~~~[m[K
[3.287s] [01m[K/home/lichaoyue/Desktop/tasktown_ws/src/village_operator/src/operator.cpp:464:5:[m[K [01;31m[Kerror: [m[Ka function-definition is not allowed here before ‘[01m[K{[m[K’ token
[3.288s]   464 |     [01;31m[K{[m[K
[3.288s]       |     [01;31m[K^[m[K
[3.299s] [01m[K/home/lichaoyue/Desktop/tasktown_ws/src/village_operator/src/operator.cpp:[m[K At global scope:
[3.299s] [01m[K/home/lichaoyue/Desktop/tasktown_ws/src/village_operator/src/operator.cpp:516:2:[m[K [01;31m[Kerror: [m[Kexpected unqualified-id at end of input
[3.299s]   516 | }
[3.299s]       |  [01;31m[K^[m[K
[4.593s] gmake[2]: *** [CMakeFiles/operator_node.dir/build.make:76: CMakeFiles/operator_node.dir/src/operator.cpp.o] Error 1
[4.596s] gmake[1]: *** [CMakeFiles/Makefile2:137: CMakeFiles/operator_node.dir/all] Error 2
[4.596s] gmake: *** [Makefile:146: all] Error 2
[4.598s] Invoked command in '/home/lichaoyue/Desktop/tasktown_ws/build/village_operator' returned '2': CMAKE_PREFIX_PATH=/home/lichaoyue/Desktop/tasktown_ws/install/village_interfaces:/home/lichaoyue/Desktop/tasktown_ws/install/village_taskgroups:/home/lichaoyue/Desktop/tasktown_ws/install/village_task:/home/lichaoyue/Desktop/tasktown_ws/install/village_operator:/opt/ros/humble /usr/bin/cmake --build /home/lichaoyue/Desktop/tasktown_ws/build/village_operator -- -j12 -l12
