[0.060s] Invoking command in '/home/lichaoyue/Desktop/tasktown_ws/build/village_operator': AMENT_PREFIX_PATH=/home/lichaoyue/Desktop/tasktown_ws/install/village_interfaces:${AMENT_PREFIX_PATH} CMAKE_PREFIX_PATH=/home/lichaoyue/Desktop/tasktown_ws/install/village_interfaces:/opt/ros/humble LD_LIBRARY_PATH=/home/lichaoyue/Desktop/tasktown_ws/install/village_interfaces/lib:${LD_LIBRARY_PATH} PYTHONPATH=/home/lichaoyue/Desktop/tasktown_ws/install/village_interfaces/local/lib/python3.10/dist-packages:${PYTHONPATH} /usr/bin/cmake --build /home/lichaoyue/Desktop/tasktown_ws/build/village_operator -- -j12 -l12
[0.229s] [35m[1mConsolidate compiler generated dependencies of target operator_node[0m
[0.273s] [ 50%] [32mBuilding CXX object CMakeFiles/operator_node.dir/src/operator.cpp.o[0m
[14.565s] [100%] [32m[1mLinking CXX executable operator_node[0m
[15.339s] [100%] Built target operator_node
[15.373s] Invoked command in '/home/lichaoyue/Desktop/tasktown_ws/build/village_operator' returned '0': AMENT_PREFIX_PATH=/home/lichaoyue/Desktop/tasktown_ws/install/village_interfaces:${AMENT_PREFIX_PATH} CMAKE_PREFIX_PATH=/home/lichaoyue/Desktop/tasktown_ws/install/village_interfaces:/opt/ros/humble LD_LIBRARY_PATH=/home/lichaoyue/Desktop/tasktown_ws/install/village_interfaces/lib:${LD_LIBRARY_PATH} PYTHONPATH=/home/lichaoyue/Desktop/tasktown_ws/install/village_interfaces/local/lib/python3.10/dist-packages:${PYTHONPATH} /usr/bin/cmake --build /home/lichaoyue/Desktop/tasktown_ws/build/village_operator -- -j12 -l12
[15.510s] Invoking command in '/home/lichaoyue/Desktop/tasktown_ws/build/village_operator': AMENT_PREFIX_PATH=/home/lichaoyue/Desktop/tasktown_ws/install/village_interfaces:${AMENT_PREFIX_PATH} CMAKE_PREFIX_PATH=/home/lichaoyue/Desktop/tasktown_ws/install/village_interfaces:/opt/ros/humble LD_LIBRARY_PATH=/home/lichaoyue/Desktop/tasktown_ws/install/village_interfaces/lib:${LD_LIBRARY_PATH} PYTHONPATH=/home/lichaoyue/Desktop/tasktown_ws/install/village_interfaces/local/lib/python3.10/dist-packages:${PYTHONPATH} /usr/bin/cmake --install /home/lichaoyue/Desktop/tasktown_ws/build/village_operator
[15.535s] -- Install configuration: ""
[15.537s] -- Up-to-date: /home/lichaoyue/Desktop/tasktown_ws/install/village_operator/share/ament_index/resource_index/package_run_dependencies/village_operator
[15.538s] -- Up-to-date: /home/lichaoyue/Desktop/tasktown_ws/install/village_operator/share/ament_index/resource_index/parent_prefix_path/village_operator
[15.538s] -- Up-to-date: /home/lichaoyue/Desktop/tasktown_ws/install/village_operator/share/village_operator/environment/ament_prefix_path.sh
[15.538s] -- Up-to-date: /home/lichaoyue/Desktop/tasktown_ws/install/village_operator/share/village_operator/environment/ament_prefix_path.dsv
[15.539s] -- Up-to-date: /home/lichaoyue/Desktop/tasktown_ws/install/village_operator/share/village_operator/environment/path.sh
[15.539s] -- Up-to-date: /home/lichaoyue/Desktop/tasktown_ws/install/village_operator/share/village_operator/environment/path.dsv
[15.539s] -- Up-to-date: /home/lichaoyue/Desktop/tasktown_ws/install/village_operator/share/village_operator/local_setup.bash
[15.540s] -- Up-to-date: /home/lichaoyue/Desktop/tasktown_ws/install/village_operator/share/village_operator/local_setup.sh
[15.540s] -- Up-to-date: /home/lichaoyue/Desktop/tasktown_ws/install/village_operator/share/village_operator/local_setup.zsh
[15.540s] -- Up-to-date: /home/lichaoyue/Desktop/tasktown_ws/install/village_operator/share/village_operator/local_setup.dsv
[15.540s] -- Installing: /home/lichaoyue/Desktop/tasktown_ws/install/village_operator/share/village_operator/package.dsv
[15.541s] -- Up-to-date: /home/lichaoyue/Desktop/tasktown_ws/install/village_operator/share/ament_index/resource_index/packages/village_operator
[15.542s] -- Up-to-date: /home/lichaoyue/Desktop/tasktown_ws/install/village_operator/share/village_operator/cmake/village_operatorConfig.cmake
[15.542s] -- Up-to-date: /home/lichaoyue/Desktop/tasktown_ws/install/village_operator/share/village_operator/cmake/village_operatorConfig-version.cmake
[15.542s] -- Up-to-date: /home/lichaoyue/Desktop/tasktown_ws/install/village_operator/share/village_operator/package.xml
[15.544s] -- Installing: /home/lichaoyue/Desktop/tasktown_ws/install/village_operator/lib/village_operator/operator_node
[15.548s] -- Set runtime path of "/home/lichaoyue/Desktop/tasktown_ws/install/village_operator/lib/village_operator/operator_node" to ""
[15.553s] Invoked command in '/home/lichaoyue/Desktop/tasktown_ws/build/village_operator' returned '0': AMENT_PREFIX_PATH=/home/lichaoyue/Desktop/tasktown_ws/install/village_interfaces:${AMENT_PREFIX_PATH} CMAKE_PREFIX_PATH=/home/lichaoyue/Desktop/tasktown_ws/install/village_interfaces:/opt/ros/humble LD_LIBRARY_PATH=/home/lichaoyue/Desktop/tasktown_ws/install/village_interfaces/lib:${LD_LIBRARY_PATH} PYTHONPATH=/home/lichaoyue/Desktop/tasktown_ws/install/village_interfaces/local/lib/python3.10/dist-packages:${PYTHONPATH} /usr/bin/cmake --install /home/lichaoyue/Desktop/tasktown_ws/build/village_operator
