[0.286s] DEBUG:colcon:Command line arguments: ['/usr/bin/colcon', 'build', '--packages-select', 'village_task']
[0.287s] DEBUG:colcon:Parsed command line arguments: Namespace(log_base=None, log_level=None, verb_name='build', build_base='build', install_base='install', merge_install=False, symlink_install=False, test_result_base=None, continue_on_error=False, executor='parallel', parallel_workers=12, event_handlers=None, ignore_user_meta=False, metas=['./colcon.meta'], base_paths=['.'], packages_ignore=None, packages_ignore_regex=None, paths=None, packages_up_to=None, packages_up_to_regex=None, packages_above=None, packages_above_and_dependencies=None, packages_above_depth=None, packages_select_by_dep=None, packages_skip_by_dep=None, packages_skip_up_to=None, packages_select_build_failed=False, packages_skip_build_finished=False, packages_select_test_failures=False, packages_skip_test_passed=False, packages_select=['village_task'], packages_skip=None, packages_select_regex=None, packages_skip_regex=None, packages_start=None, packages_end=None, allow_overriding=[], cmake_args=None, cmake_target=None, cmake_target_skip_unavailable=False, cmake_clean_cache=False, cmake_clean_first=False, cmake_force_configure=False, ament_cmake_args=None, catkin_cmake_args=None, catkin_skip_building_tests=False, verb_parser=<colcon_defaults.argument_parser.defaults.DefaultArgumentsDecorator object at 0x763d246ffa30>, verb_extension=<colcon_core.verb.build.BuildVerb object at 0x763d246ff4c0>, main=<bound method BuildVerb.main of <colcon_core.verb.build.BuildVerb object at 0x763d246ff4c0>>)
[0.719s] Level 1:colcon.colcon_core.package_discovery:discover_packages(colcon_meta) check parameters
[0.720s] Level 1:colcon.colcon_core.package_discovery:discover_packages(recursive) check parameters
[0.720s] Level 1:colcon.colcon_core.package_discovery:discover_packages(ignore) check parameters
[0.720s] Level 1:colcon.colcon_core.package_discovery:discover_packages(path) check parameters
[0.720s] Level 1:colcon.colcon_core.package_discovery:discover_packages(colcon_meta) discover
[0.720s] Level 1:colcon.colcon_core.package_discovery:discover_packages(recursive) discover
[0.721s] INFO:colcon.colcon_core.package_discovery:Crawling recursively for packages in '/home/lichaoyue/Desktop/tasktown_ws'
[0.721s] Level 1:colcon.colcon_core.package_identification:_identify(.) by extensions ['ignore', 'ignore_ament_install']
[0.722s] Level 1:colcon.colcon_core.package_identification:_identify(.) by extension 'ignore'
[0.722s] Level 1:colcon.colcon_core.package_identification:_identify(.) by extension 'ignore_ament_install'
[0.722s] Level 1:colcon.colcon_core.package_identification:_identify(.) by extensions ['colcon_pkg']
[0.723s] Level 1:colcon.colcon_core.package_identification:_identify(.) by extension 'colcon_pkg'
[0.723s] Level 1:colcon.colcon_core.package_identification:_identify(.) by extensions ['colcon_meta']
[0.723s] Level 1:colcon.colcon_core.package_identification:_identify(.) by extension 'colcon_meta'
[0.723s] Level 1:colcon.colcon_core.package_identification:_identify(.) by extensions ['ros']
[0.723s] Level 1:colcon.colcon_core.package_identification:_identify(.) by extension 'ros'
[0.757s] Level 1:colcon.colcon_core.package_identification:_identify(.) by extensions ['cmake', 'python']
[0.757s] Level 1:colcon.colcon_core.package_identification:_identify(.) by extension 'cmake'
[0.758s] Level 1:colcon.colcon_core.package_identification:_identify(.) by extension 'python'
[0.758s] Level 1:colcon.colcon_core.package_identification:_identify(.) by extensions ['python_setup_py']
[0.758s] Level 1:colcon.colcon_core.package_identification:_identify(.) by extension 'python_setup_py'
[0.759s] Level 1:colcon.colcon_core.package_identification:_identify(build) by extensions ['ignore', 'ignore_ament_install']
[0.761s] Level 1:colcon.colcon_core.package_identification:_identify(build) by extension 'ignore'
[0.761s] Level 1:colcon.colcon_core.package_identification:_identify(build) ignored
[0.762s] Level 1:colcon.colcon_core.package_identification:_identify(install) by extensions ['ignore', 'ignore_ament_install']
[0.762s] Level 1:colcon.colcon_core.package_identification:_identify(install) by extension 'ignore'
[0.762s] Level 1:colcon.colcon_core.package_identification:_identify(install) ignored
[0.763s] Level 1:colcon.colcon_core.package_identification:_identify(log) by extensions ['ignore', 'ignore_ament_install']
[0.763s] Level 1:colcon.colcon_core.package_identification:_identify(log) by extension 'ignore'
[0.763s] Level 1:colcon.colcon_core.package_identification:_identify(log) ignored
[0.763s] Level 1:colcon.colcon_core.package_identification:_identify(src) by extensions ['ignore', 'ignore_ament_install']
[0.763s] Level 1:colcon.colcon_core.package_identification:_identify(src) by extension 'ignore'
[0.763s] Level 1:colcon.colcon_core.package_identification:_identify(src) by extension 'ignore_ament_install'
[0.763s] Level 1:colcon.colcon_core.package_identification:_identify(src) by extensions ['colcon_pkg']
[0.764s] Level 1:colcon.colcon_core.package_identification:_identify(src) by extension 'colcon_pkg'
[0.764s] Level 1:colcon.colcon_core.package_identification:_identify(src) by extensions ['colcon_meta']
[0.764s] Level 1:colcon.colcon_core.package_identification:_identify(src) by extension 'colcon_meta'
[0.764s] Level 1:colcon.colcon_core.package_identification:_identify(src) by extensions ['ros']
[0.764s] Level 1:colcon.colcon_core.package_identification:_identify(src) by extension 'ros'
[0.764s] Level 1:colcon.colcon_core.package_identification:_identify(src) by extensions ['cmake', 'python']
[0.764s] Level 1:colcon.colcon_core.package_identification:_identify(src) by extension 'cmake'
[0.764s] Level 1:colcon.colcon_core.package_identification:_identify(src) by extension 'python'
[0.764s] Level 1:colcon.colcon_core.package_identification:_identify(src) by extensions ['python_setup_py']
[0.764s] Level 1:colcon.colcon_core.package_identification:_identify(src) by extension 'python_setup_py'
[0.765s] Level 1:colcon.colcon_core.package_identification:_identify(src/village_interfaces) by extensions ['ignore', 'ignore_ament_install']
[0.766s] Level 1:colcon.colcon_core.package_identification:_identify(src/village_interfaces) by extension 'ignore'
[0.766s] Level 1:colcon.colcon_core.package_identification:_identify(src/village_interfaces) by extension 'ignore_ament_install'
[0.766s] Level 1:colcon.colcon_core.package_identification:_identify(src/village_interfaces) by extensions ['colcon_pkg']
[0.766s] Level 1:colcon.colcon_core.package_identification:_identify(src/village_interfaces) by extension 'colcon_pkg'
[0.766s] Level 1:colcon.colcon_core.package_identification:_identify(src/village_interfaces) by extensions ['colcon_meta']
[0.766s] Level 1:colcon.colcon_core.package_identification:_identify(src/village_interfaces) by extension 'colcon_meta'
[0.766s] Level 1:colcon.colcon_core.package_identification:_identify(src/village_interfaces) by extensions ['ros']
[0.766s] Level 1:colcon.colcon_core.package_identification:_identify(src/village_interfaces) by extension 'ros'
[0.773s] DEBUG:colcon.colcon_core.package_identification:Package 'src/village_interfaces' with type 'ros.ament_cmake' and name 'village_interfaces'
[0.775s] Level 1:colcon.colcon_core.package_identification:_identify(src/village_operator) by extensions ['ignore', 'ignore_ament_install']
[0.776s] Level 1:colcon.colcon_core.package_identification:_identify(src/village_operator) by extension 'ignore'
[0.776s] Level 1:colcon.colcon_core.package_identification:_identify(src/village_operator) by extension 'ignore_ament_install'
[0.776s] Level 1:colcon.colcon_core.package_identification:_identify(src/village_operator) by extensions ['colcon_pkg']
[0.776s] Level 1:colcon.colcon_core.package_identification:_identify(src/village_operator) by extension 'colcon_pkg'
[0.776s] Level 1:colcon.colcon_core.package_identification:_identify(src/village_operator) by extensions ['colcon_meta']
[0.776s] Level 1:colcon.colcon_core.package_identification:_identify(src/village_operator) by extension 'colcon_meta'
[0.777s] Level 1:colcon.colcon_core.package_identification:_identify(src/village_operator) by extensions ['ros']
[0.777s] Level 1:colcon.colcon_core.package_identification:_identify(src/village_operator) by extension 'ros'
[0.778s] DEBUG:colcon.colcon_core.package_identification:Package 'src/village_operator' with type 'ros.ament_cmake' and name 'village_operator'
[0.779s] Level 1:colcon.colcon_core.package_identification:_identify(src/village_task) by extensions ['ignore', 'ignore_ament_install']
[0.781s] Level 1:colcon.colcon_core.package_identification:_identify(src/village_task) by extension 'ignore'
[0.781s] Level 1:colcon.colcon_core.package_identification:_identify(src/village_task) by extension 'ignore_ament_install'
[0.781s] Level 1:colcon.colcon_core.package_identification:_identify(src/village_task) by extensions ['colcon_pkg']
[0.782s] Level 1:colcon.colcon_core.package_identification:_identify(src/village_task) by extension 'colcon_pkg'
[0.782s] Level 1:colcon.colcon_core.package_identification:_identify(src/village_task) by extensions ['colcon_meta']
[0.782s] Level 1:colcon.colcon_core.package_identification:_identify(src/village_task) by extension 'colcon_meta'
[0.782s] Level 1:colcon.colcon_core.package_identification:_identify(src/village_task) by extensions ['ros']
[0.782s] Level 1:colcon.colcon_core.package_identification:_identify(src/village_task) by extension 'ros'
[0.784s] DEBUG:colcon.colcon_core.package_identification:Package 'src/village_task' with type 'ros.ament_cmake' and name 'village_task'
[0.784s] Level 1:colcon.colcon_core.package_discovery:discover_packages(recursive) using defaults
[0.785s] Level 1:colcon.colcon_core.package_discovery:discover_packages(ignore) discover
[0.785s] Level 1:colcon.colcon_core.package_discovery:discover_packages(ignore) using defaults
[0.785s] Level 1:colcon.colcon_core.package_discovery:discover_packages(path) discover
[0.785s] Level 1:colcon.colcon_core.package_discovery:discover_packages(path) using defaults
[0.840s] INFO:colcon.colcon_core.package_selection:Skipping not selected package 'village_interfaces' in 'src/village_interfaces'
[0.841s] INFO:colcon.colcon_core.package_selection:Skipping not selected package 'village_operator' in 'src/village_operator'
[0.842s] Level 1:colcon.colcon_core.package_discovery:discover_packages(prefix_path) check parameters
[0.842s] Level 1:colcon.colcon_core.package_discovery:discover_packages(prefix_path) discover
[0.849s] DEBUG:colcon.colcon_installed_package_information.package_discovery:Found 3 installed packages in /home/lichaoyue/Desktop/tasktown_ws/install
[0.852s] DEBUG:colcon.colcon_installed_package_information.package_discovery:Found 308 installed packages in /opt/ros/humble
[0.859s] Level 1:colcon.colcon_core.package_discovery:discover_packages(prefix_path) using defaults
[0.985s] Level 5:colcon.colcon_core.verb:set package 'village_task' build argument 'cmake_args' from command line to 'None'
[0.986s] Level 5:colcon.colcon_core.verb:set package 'village_task' build argument 'cmake_target' from command line to 'None'
[0.987s] Level 5:colcon.colcon_core.verb:set package 'village_task' build argument 'cmake_target_skip_unavailable' from command line to 'False'
[0.987s] Level 5:colcon.colcon_core.verb:set package 'village_task' build argument 'cmake_clean_cache' from command line to 'False'
[0.988s] Level 5:colcon.colcon_core.verb:set package 'village_task' build argument 'cmake_clean_first' from command line to 'False'
[0.988s] Level 5:colcon.colcon_core.verb:set package 'village_task' build argument 'cmake_force_configure' from command line to 'False'
[0.988s] Level 5:colcon.colcon_core.verb:set package 'village_task' build argument 'ament_cmake_args' from command line to 'None'
[0.988s] Level 5:colcon.colcon_core.verb:set package 'village_task' build argument 'catkin_cmake_args' from command line to 'None'
[0.988s] Level 5:colcon.colcon_core.verb:set package 'village_task' build argument 'catkin_skip_building_tests' from command line to 'False'
[0.988s] DEBUG:colcon.colcon_core.verb:Building package 'village_task' with the following arguments: {'ament_cmake_args': None, 'build_base': '/home/lichaoyue/Desktop/tasktown_ws/build/village_task', 'catkin_cmake_args': None, 'catkin_skip_building_tests': False, 'cmake_args': None, 'cmake_clean_cache': False, 'cmake_clean_first': False, 'cmake_force_configure': False, 'cmake_target': None, 'cmake_target_skip_unavailable': False, 'install_base': '/home/lichaoyue/Desktop/tasktown_ws/install/village_task', 'merge_install': False, 'path': '/home/lichaoyue/Desktop/tasktown_ws/src/village_task', 'symlink_install': False, 'test_result_base': None}
[0.989s] INFO:colcon.colcon_core.executor:Executing jobs using 'parallel' executor
[0.992s] DEBUG:colcon.colcon_parallel_executor.executor.parallel:run_until_complete
[0.992s] INFO:colcon.colcon_ros.task.ament_cmake.build:Building ROS package in '/home/lichaoyue/Desktop/tasktown_ws/src/village_task' with build type 'ament_cmake'
[0.993s] INFO:colcon.colcon_cmake.task.cmake.build:Building CMake package in '/home/lichaoyue/Desktop/tasktown_ws/src/village_task'
[0.998s] INFO:colcon.colcon_core.plugin_system:Skipping extension 'colcon_core.shell.bat': Not used on non-Windows systems
[0.998s] INFO:colcon.colcon_core.shell:Skip shell extension 'powershell' for command environment: Not usable outside of PowerShell
[0.999s] DEBUG:colcon.colcon_core.shell:Skip shell extension 'dsv' for command environment
[1.032s] DEBUG:colcon.colcon_core.event_handler.log_command:Invoking command in '/home/lichaoyue/Desktop/tasktown_ws/build/village_task': CMAKE_PREFIX_PATH=/home/lichaoyue/Desktop/tasktown_ws/install/village_interfaces:/home/lichaoyue/Desktop/tasktown_ws/install/village_task:/home/lichaoyue/Desktop/tasktown_ws/install/village_operator:/opt/ros/humble /usr/bin/cmake --build /home/lichaoyue/Desktop/tasktown_ws/build/village_task -- -j12 -l12
[11.695s] DEBUG:colcon.colcon_core.event_handler.log_command:Invoked command in '/home/lichaoyue/Desktop/tasktown_ws/build/village_task' returned '0': CMAKE_PREFIX_PATH=/home/lichaoyue/Desktop/tasktown_ws/install/village_interfaces:/home/lichaoyue/Desktop/tasktown_ws/install/village_task:/home/lichaoyue/Desktop/tasktown_ws/install/village_operator:/opt/ros/humble /usr/bin/cmake --build /home/lichaoyue/Desktop/tasktown_ws/build/village_task -- -j12 -l12
[11.832s] DEBUG:colcon.colcon_core.event_handler.log_command:Invoking command in '/home/lichaoyue/Desktop/tasktown_ws/build/village_task': CMAKE_PREFIX_PATH=/home/lichaoyue/Desktop/tasktown_ws/install/village_interfaces:/home/lichaoyue/Desktop/tasktown_ws/install/village_task:/home/lichaoyue/Desktop/tasktown_ws/install/village_operator:/opt/ros/humble /usr/bin/cmake --install /home/lichaoyue/Desktop/tasktown_ws/build/village_task
[11.861s] Level 1:colcon.colcon_core.environment:create_environment_scripts_only(village_task)
[11.862s] DEBUG:colcon.colcon_core.event_handler.log_command:Invoked command in '/home/lichaoyue/Desktop/tasktown_ws/build/village_task' returned '0': CMAKE_PREFIX_PATH=/home/lichaoyue/Desktop/tasktown_ws/install/village_interfaces:/home/lichaoyue/Desktop/tasktown_ws/install/village_task:/home/lichaoyue/Desktop/tasktown_ws/install/village_operator:/opt/ros/humble /usr/bin/cmake --install /home/lichaoyue/Desktop/tasktown_ws/build/village_task
[11.867s] Level 1:colcon.colcon_core.environment:checking '/home/lichaoyue/Desktop/tasktown_ws/install/village_task' for CMake module files
[11.868s] Level 1:colcon.colcon_core.environment:checking '/home/lichaoyue/Desktop/tasktown_ws/install/village_task' for CMake config files
[11.868s] Level 1:colcon.colcon_core.shell:create_environment_hook('village_task', 'cmake_prefix_path')
[11.869s] INFO:colcon.colcon_core.shell:Creating environment hook '/home/lichaoyue/Desktop/tasktown_ws/install/village_task/share/village_task/hook/cmake_prefix_path.ps1'
[11.871s] INFO:colcon.colcon_core.shell:Creating environment descriptor '/home/lichaoyue/Desktop/tasktown_ws/install/village_task/share/village_task/hook/cmake_prefix_path.dsv'
[11.872s] INFO:colcon.colcon_core.shell:Creating environment hook '/home/lichaoyue/Desktop/tasktown_ws/install/village_task/share/village_task/hook/cmake_prefix_path.sh'
[11.873s] Level 1:colcon.colcon_core.environment:checking '/home/lichaoyue/Desktop/tasktown_ws/install/village_task/lib'
[11.874s] Level 1:colcon.colcon_core.environment:checking '/home/lichaoyue/Desktop/tasktown_ws/install/village_task/bin'
[11.874s] Level 1:colcon.colcon_core.environment:checking '/home/lichaoyue/Desktop/tasktown_ws/install/village_task/lib/pkgconfig/village_task.pc'
[11.875s] Level 1:colcon.colcon_core.environment:checking '/home/lichaoyue/Desktop/tasktown_ws/install/village_task/lib/python3.10/site-packages'
[11.875s] Level 1:colcon.colcon_core.environment:checking '/home/lichaoyue/Desktop/tasktown_ws/install/village_task/bin'
[11.876s] INFO:colcon.colcon_core.shell:Creating package script '/home/lichaoyue/Desktop/tasktown_ws/install/village_task/share/village_task/package.ps1'
[11.878s] INFO:colcon.colcon_core.shell:Creating package descriptor '/home/lichaoyue/Desktop/tasktown_ws/install/village_task/share/village_task/package.dsv'
[11.880s] INFO:colcon.colcon_core.shell:Creating package script '/home/lichaoyue/Desktop/tasktown_ws/install/village_task/share/village_task/package.sh'
[11.881s] INFO:colcon.colcon_core.shell:Creating package script '/home/lichaoyue/Desktop/tasktown_ws/install/village_task/share/village_task/package.bash'
[11.883s] INFO:colcon.colcon_core.shell:Creating package script '/home/lichaoyue/Desktop/tasktown_ws/install/village_task/share/village_task/package.zsh'
[11.886s] Level 1:colcon.colcon_core.environment:create_file_with_runtime_dependencies(/home/lichaoyue/Desktop/tasktown_ws/install/village_task/share/colcon-core/packages/village_task)
[12.002s] Level 1:colcon.colcon_core.environment:create_environment_scripts_only(village_task)
[12.002s] Level 1:colcon.colcon_core.environment:checking '/home/lichaoyue/Desktop/tasktown_ws/install/village_task' for CMake module files
[12.003s] Level 1:colcon.colcon_core.environment:checking '/home/lichaoyue/Desktop/tasktown_ws/install/village_task' for CMake config files
[12.004s] Level 1:colcon.colcon_core.shell:create_environment_hook('village_task', 'cmake_prefix_path')
[12.005s] INFO:colcon.colcon_core.shell:Creating environment hook '/home/lichaoyue/Desktop/tasktown_ws/install/village_task/share/village_task/hook/cmake_prefix_path.ps1'
[12.006s] INFO:colcon.colcon_core.shell:Creating environment descriptor '/home/lichaoyue/Desktop/tasktown_ws/install/village_task/share/village_task/hook/cmake_prefix_path.dsv'
[12.008s] INFO:colcon.colcon_core.shell:Creating environment hook '/home/lichaoyue/Desktop/tasktown_ws/install/village_task/share/village_task/hook/cmake_prefix_path.sh'
[12.010s] Level 1:colcon.colcon_core.environment:checking '/home/lichaoyue/Desktop/tasktown_ws/install/village_task/lib'
[12.010s] Level 1:colcon.colcon_core.environment:checking '/home/lichaoyue/Desktop/tasktown_ws/install/village_task/bin'
[12.010s] Level 1:colcon.colcon_core.environment:checking '/home/lichaoyue/Desktop/tasktown_ws/install/village_task/lib/pkgconfig/village_task.pc'
[12.011s] Level 1:colcon.colcon_core.environment:checking '/home/lichaoyue/Desktop/tasktown_ws/install/village_task/lib/python3.10/site-packages'
[12.011s] Level 1:colcon.colcon_core.environment:checking '/home/lichaoyue/Desktop/tasktown_ws/install/village_task/bin'
[12.012s] INFO:colcon.colcon_core.shell:Creating package script '/home/lichaoyue/Desktop/tasktown_ws/install/village_task/share/village_task/package.ps1'
[12.014s] INFO:colcon.colcon_core.shell:Creating package descriptor '/home/lichaoyue/Desktop/tasktown_ws/install/village_task/share/village_task/package.dsv'
[12.015s] INFO:colcon.colcon_core.shell:Creating package script '/home/lichaoyue/Desktop/tasktown_ws/install/village_task/share/village_task/package.sh'
[12.017s] INFO:colcon.colcon_core.shell:Creating package script '/home/lichaoyue/Desktop/tasktown_ws/install/village_task/share/village_task/package.bash'
[12.018s] INFO:colcon.colcon_core.shell:Creating package script '/home/lichaoyue/Desktop/tasktown_ws/install/village_task/share/village_task/package.zsh'
[12.020s] Level 1:colcon.colcon_core.environment:create_file_with_runtime_dependencies(/home/lichaoyue/Desktop/tasktown_ws/install/village_task/share/colcon-core/packages/village_task)
[12.021s] DEBUG:colcon.colcon_parallel_executor.executor.parallel:closing loop
[12.022s] DEBUG:colcon.colcon_parallel_executor.executor.parallel:loop closed
[12.022s] DEBUG:colcon.colcon_parallel_executor.executor.parallel:run_until_complete finished with '0'
[12.022s] DEBUG:colcon.colcon_core.event_reactor:joining thread
[12.032s] INFO:colcon.colcon_core.plugin_system:Skipping extension 'colcon_notification.desktop_notification.terminal_notifier': Not used on non-Darwin systems
[12.033s] INFO:colcon.colcon_core.plugin_system:Skipping extension 'colcon_notification.desktop_notification.win32': Not used on non-Windows systems
[12.033s] INFO:colcon.colcon_notification.desktop_notification:Sending desktop notification using 'notify2'
[12.069s] DEBUG:colcon.colcon_core.event_reactor:joined thread
[12.070s] INFO:colcon.colcon_core.shell:Creating prefix script '/home/lichaoyue/Desktop/tasktown_ws/install/local_setup.ps1'
[12.072s] INFO:colcon.colcon_core.shell:Creating prefix util module '/home/lichaoyue/Desktop/tasktown_ws/install/_local_setup_util_ps1.py'
[12.076s] INFO:colcon.colcon_core.shell:Creating prefix chain script '/home/lichaoyue/Desktop/tasktown_ws/install/setup.ps1'
[12.079s] INFO:colcon.colcon_core.shell:Creating prefix script '/home/lichaoyue/Desktop/tasktown_ws/install/local_setup.sh'
[12.080s] INFO:colcon.colcon_core.shell:Creating prefix util module '/home/lichaoyue/Desktop/tasktown_ws/install/_local_setup_util_sh.py'
[12.082s] INFO:colcon.colcon_core.shell:Creating prefix chain script '/home/lichaoyue/Desktop/tasktown_ws/install/setup.sh'
[12.086s] INFO:colcon.colcon_core.shell:Creating prefix script '/home/lichaoyue/Desktop/tasktown_ws/install/local_setup.bash'
[12.087s] INFO:colcon.colcon_core.shell:Creating prefix chain script '/home/lichaoyue/Desktop/tasktown_ws/install/setup.bash'
[12.090s] INFO:colcon.colcon_core.shell:Creating prefix script '/home/lichaoyue/Desktop/tasktown_ws/install/local_setup.zsh'
[12.091s] INFO:colcon.colcon_core.shell:Creating prefix chain script '/home/lichaoyue/Desktop/tasktown_ws/install/setup.zsh'
