[0.043s] Invoking command in '/home/lichaoyue/Desktop/tasktown_ws/build/village_task': AMENT_PREFIX_PATH=/home/lichaoyue/Desktop/tasktown_ws/install/village_interfaces:${AMENT_PREFIX_PATH} CMAKE_PREFIX_PATH=/home/lichaoyue/Desktop/tasktown_ws/install/village_interfaces:/opt/ros/humble LD_LIBRARY_PATH=/home/lichaoyue/Desktop/tasktown_ws/install/village_interfaces/lib:${LD_LIBRARY_PATH} PYTHONPATH=/home/lichaoyue/Desktop/tasktown_ws/install/village_interfaces/local/lib/python3.10/dist-packages:${PYTHONPATH} /usr/bin/cmake --build /home/lichaoyue/Desktop/tasktown_ws/build/village_task -- -j12 -l12
[0.175s] [35m[1mConsolidate compiler generated dependencies of target task_node[0m
[0.233s] [ 50%] [32mBuilding CXX object CMakeFiles/task_node.dir/src/task.cpp.o[0m
[11.077s] [100%] [32m[1mLinking CXX executable task_node[0m
[11.539s] [100%] Built target task_node
[11.572s] Invoked command in '/home/lichaoyue/Desktop/tasktown_ws/build/village_task' returned '0': AMENT_PREFIX_PATH=/home/lichaoyue/Desktop/tasktown_ws/install/village_interfaces:${AMENT_PREFIX_PATH} CMAKE_PREFIX_PATH=/home/lichaoyue/Desktop/tasktown_ws/install/village_interfaces:/opt/ros/humble LD_LIBRARY_PATH=/home/lichaoyue/Desktop/tasktown_ws/install/village_interfaces/lib:${LD_LIBRARY_PATH} PYTHONPATH=/home/lichaoyue/Desktop/tasktown_ws/install/village_interfaces/local/lib/python3.10/dist-packages:${PYTHONPATH} /usr/bin/cmake --build /home/lichaoyue/Desktop/tasktown_ws/build/village_task -- -j12 -l12
[11.719s] Invoking command in '/home/lichaoyue/Desktop/tasktown_ws/build/village_task': AMENT_PREFIX_PATH=/home/lichaoyue/Desktop/tasktown_ws/install/village_interfaces:${AMENT_PREFIX_PATH} CMAKE_PREFIX_PATH=/home/lichaoyue/Desktop/tasktown_ws/install/village_interfaces:/opt/ros/humble LD_LIBRARY_PATH=/home/lichaoyue/Desktop/tasktown_ws/install/village_interfaces/lib:${LD_LIBRARY_PATH} PYTHONPATH=/home/lichaoyue/Desktop/tasktown_ws/install/village_interfaces/local/lib/python3.10/dist-packages:${PYTHONPATH} /usr/bin/cmake --install /home/lichaoyue/Desktop/tasktown_ws/build/village_task
[11.742s] -- Install configuration: ""
[11.742s] -- Up-to-date: /home/lichaoyue/Desktop/tasktown_ws/install/village_task/share/ament_index/resource_index/package_run_dependencies/village_task
[11.742s] -- Up-to-date: /home/lichaoyue/Desktop/tasktown_ws/install/village_task/share/ament_index/resource_index/parent_prefix_path/village_task
[11.743s] -- Up-to-date: /home/lichaoyue/Desktop/tasktown_ws/install/village_task/share/village_task/environment/ament_prefix_path.sh
[11.743s] -- Up-to-date: /home/lichaoyue/Desktop/tasktown_ws/install/village_task/share/village_task/environment/ament_prefix_path.dsv
[11.744s] -- Up-to-date: /home/lichaoyue/Desktop/tasktown_ws/install/village_task/share/village_task/environment/path.sh
[11.744s] -- Up-to-date: /home/lichaoyue/Desktop/tasktown_ws/install/village_task/share/village_task/environment/path.dsv
[11.744s] -- Up-to-date: /home/lichaoyue/Desktop/tasktown_ws/install/village_task/share/village_task/local_setup.bash
[11.744s] -- Up-to-date: /home/lichaoyue/Desktop/tasktown_ws/install/village_task/share/village_task/local_setup.sh
[11.744s] -- Up-to-date: /home/lichaoyue/Desktop/tasktown_ws/install/village_task/share/village_task/local_setup.zsh
[11.745s] -- Up-to-date: /home/lichaoyue/Desktop/tasktown_ws/install/village_task/share/village_task/local_setup.dsv
[11.745s] -- Installing: /home/lichaoyue/Desktop/tasktown_ws/install/village_task/share/village_task/package.dsv
[11.745s] -- Up-to-date: /home/lichaoyue/Desktop/tasktown_ws/install/village_task/share/ament_index/resource_index/packages/village_task
[11.746s] -- Up-to-date: /home/lichaoyue/Desktop/tasktown_ws/install/village_task/share/village_task/cmake/village_taskConfig.cmake
[11.746s] -- Up-to-date: /home/lichaoyue/Desktop/tasktown_ws/install/village_task/share/village_task/cmake/village_taskConfig-version.cmake
[11.747s] -- Up-to-date: /home/lichaoyue/Desktop/tasktown_ws/install/village_task/share/village_task/package.xml
[11.747s] -- Installing: /home/lichaoyue/Desktop/tasktown_ws/install/village_task/lib/village_task/task_node
[11.749s] -- Set runtime path of "/home/lichaoyue/Desktop/tasktown_ws/install/village_task/lib/village_task/task_node" to ""
[11.755s] Invoked command in '/home/lichaoyue/Desktop/tasktown_ws/build/village_task' returned '0': AMENT_PREFIX_PATH=/home/lichaoyue/Desktop/tasktown_ws/install/village_interfaces:${AMENT_PREFIX_PATH} CMAKE_PREFIX_PATH=/home/lichaoyue/Desktop/tasktown_ws/install/village_interfaces:/opt/ros/humble LD_LIBRARY_PATH=/home/lichaoyue/Desktop/tasktown_ws/install/village_interfaces/lib:${LD_LIBRARY_PATH} PYTHONPATH=/home/lichaoyue/Desktop/tasktown_ws/install/village_interfaces/local/lib/python3.10/dist-packages:${PYTHONPATH} /usr/bin/cmake --install /home/lichaoyue/Desktop/tasktown_ws/build/village_task
