[0.047s] Invoking command in '/home/lichaoyue/Desktop/tasktown_ws/build/village_operator': AMENT_PREFIX_PATH=/home/lichaoyue/Desktop/tasktown_ws/install/village_interfaces:${AMENT_PREFIX_PATH} CMAKE_PREFIX_PATH=/home/lichaoyue/Desktop/tasktown_ws/install/village_interfaces:/opt/ros/humble LD_LIBRARY_PATH=/home/lichaoyue/Desktop/tasktown_ws/install/village_interfaces/lib:${LD_LIBRARY_PATH} PYTHONPATH=/home/lichaoyue/Desktop/tasktown_ws/install/village_interfaces/local/lib/python3.10/dist-packages:${PYTHONPATH} /usr/bin/cmake --build /home/lichaoyue/Desktop/tasktown_ws/build/village_operator -- -j12 -l12
[0.177s] [35m[1mConsolidate compiler generated dependencies of target operator_node[0m
[0.233s] [ 50%] [32mBuilding CXX object CMakeFiles/operator_node.dir/src/operator.cpp.o[0m
[11.006s] [100%] [32m[1mLinking CXX executable operator_node[0m
[11.422s] [100%] Built target operator_node
[11.456s] Invoked command in '/home/lichaoyue/Desktop/tasktown_ws/build/village_operator' returned '0': AMENT_PREFIX_PATH=/home/lichaoyue/Desktop/tasktown_ws/install/village_interfaces:${AMENT_PREFIX_PATH} CMAKE_PREFIX_PATH=/home/lichaoyue/Desktop/tasktown_ws/install/village_interfaces:/opt/ros/humble LD_LIBRARY_PATH=/home/lichaoyue/Desktop/tasktown_ws/install/village_interfaces/lib:${LD_LIBRARY_PATH} PYTHONPATH=/home/lichaoyue/Desktop/tasktown_ws/install/village_interfaces/local/lib/python3.10/dist-packages:${PYTHONPATH} /usr/bin/cmake --build /home/lichaoyue/Desktop/tasktown_ws/build/village_operator -- -j12 -l12
[11.580s] Invoking command in '/home/lichaoyue/Desktop/tasktown_ws/build/village_operator': AMENT_PREFIX_PATH=/home/lichaoyue/Desktop/tasktown_ws/install/village_interfaces:${AMENT_PREFIX_PATH} CMAKE_PREFIX_PATH=/home/lichaoyue/Desktop/tasktown_ws/install/village_interfaces:/opt/ros/humble LD_LIBRARY_PATH=/home/lichaoyue/Desktop/tasktown_ws/install/village_interfaces/lib:${LD_LIBRARY_PATH} PYTHONPATH=/home/lichaoyue/Desktop/tasktown_ws/install/village_interfaces/local/lib/python3.10/dist-packages:${PYTHONPATH} /usr/bin/cmake --install /home/lichaoyue/Desktop/tasktown_ws/build/village_operator
[11.598s] -- Install configuration: ""
[11.599s] -- Up-to-date: /home/lichaoyue/Desktop/tasktown_ws/install/village_operator/share/ament_index/resource_index/package_run_dependencies/village_operator
[11.599s] -- Up-to-date: /home/lichaoyue/Desktop/tasktown_ws/install/village_operator/share/ament_index/resource_index/parent_prefix_path/village_operator
[11.599s] -- Up-to-date: /home/lichaoyue/Desktop/tasktown_ws/install/village_operator/share/village_operator/environment/ament_prefix_path.sh
[11.600s] -- Up-to-date: /home/lichaoyue/Desktop/tasktown_ws/install/village_operator/share/village_operator/environment/ament_prefix_path.dsv
[11.600s] -- Up-to-date: /home/lichaoyue/Desktop/tasktown_ws/install/village_operator/share/village_operator/environment/path.sh
[11.600s] -- Up-to-date: /home/lichaoyue/Desktop/tasktown_ws/install/village_operator/share/village_operator/environment/path.dsv
[11.600s] -- Up-to-date: /home/lichaoyue/Desktop/tasktown_ws/install/village_operator/share/village_operator/local_setup.bash
[11.600s] -- Up-to-date: /home/lichaoyue/Desktop/tasktown_ws/install/village_operator/share/village_operator/local_setup.sh
[11.601s] -- Up-to-date: /home/lichaoyue/Desktop/tasktown_ws/install/village_operator/share/village_operator/local_setup.zsh
[11.601s] -- Up-to-date: /home/lichaoyue/Desktop/tasktown_ws/install/village_operator/share/village_operator/local_setup.dsv
[11.601s] -- Installing: /home/lichaoyue/Desktop/tasktown_ws/install/village_operator/share/village_operator/package.dsv
[11.601s] -- Up-to-date: /home/lichaoyue/Desktop/tasktown_ws/install/village_operator/share/ament_index/resource_index/packages/village_operator
[11.602s] -- Up-to-date: /home/lichaoyue/Desktop/tasktown_ws/install/village_operator/share/village_operator/cmake/village_operatorConfig.cmake
[11.603s] -- Up-to-date: /home/lichaoyue/Desktop/tasktown_ws/install/village_operator/share/village_operator/cmake/village_operatorConfig-version.cmake
[11.604s] -- Up-to-date: /home/lichaoyue/Desktop/tasktown_ws/install/village_operator/share/village_operator/package.xml
[11.604s] -- Installing: /home/lichaoyue/Desktop/tasktown_ws/install/village_operator/lib/village_operator/operator_node
[11.607s] -- Set runtime path of "/home/lichaoyue/Desktop/tasktown_ws/install/village_operator/lib/village_operator/operator_node" to ""
[11.616s] Invoked command in '/home/lichaoyue/Desktop/tasktown_ws/build/village_operator' returned '0': AMENT_PREFIX_PATH=/home/lichaoyue/Desktop/tasktown_ws/install/village_interfaces:${AMENT_PREFIX_PATH} CMAKE_PREFIX_PATH=/home/lichaoyue/Desktop/tasktown_ws/install/village_interfaces:/opt/ros/humble LD_LIBRARY_PATH=/home/lichaoyue/Desktop/tasktown_ws/install/village_interfaces/lib:${LD_LIBRARY_PATH} PYTHONPATH=/home/lichaoyue/Desktop/tasktown_ws/install/village_interfaces/local/lib/python3.10/dist-packages:${PYTHONPATH} /usr/bin/cmake --install /home/lichaoyue/Desktop/tasktown_ws/build/village_operator
