[35m[1mConsolidate compiler generated dependencies of target operator_node[0m
[ 50%] [32mBuilding CXX object CMakeFiles/operator_node.dir/src/operator.cpp.o[0m
In file included from [01m[K/usr/include/c++/11/bits/stl_algobase.h:71[m[K,
                 from [01m[K/usr/include/c++/11/memory:63[m[K,
                 from [01m[K/opt/ros/humble/include/rclcpp/rclcpp/rclcpp.hpp:153[m[K,
                 from [01m[K/home/lichaoyue/Desktop/tasktown_ws/src/village_operator/src/operator.cpp:2[m[K:
/usr/include/c++/11/bits/predefined_ops.h: In instantiation of ‘[01m[Kbool __gnu_cxx::__ops::_Iter_pred<_Predicate>::operator()(_Iterator) [with _Iterator = __gnu_cxx::__normal_iterator<Operator*, std::vector<Operator> >; _Predicate = TaskAssignServer::assignTasks(const std::vector<int>&, std::shared_ptr<village_interfaces::srv::TaskAssign_Response_<std::allocator<void> > >)::<lambda()>::<lambda(size_t)>][m[K’:
[01m[K/usr/include/c++/11/bits/stl_algobase.h:2069:14:[m[K   required from ‘[01m[K_RandomAccessIterator std::__find_if(_RandomAccessIterator, _RandomAccessIterator, _Predicate, std::random_access_iterator_tag) [with _RandomAccessIterator = __gnu_cxx::__normal_iterator<Operator*, std::vector<Operator> >; _Predicate = __gnu_cxx::__ops::_Iter_pred<TaskAssignServer::assignTasks(const std::vector<int>&, std::shared_ptr<village_interfaces::srv::TaskAssign_Response_<std::allocator<void> > >)::<lambda()>::<lambda(size_t)> >][m[K’
[01m[K/usr/include/c++/11/bits/stl_algobase.h:2114:23:[m[K   required from ‘[01m[K_Iterator std::__find_if(_Iterator, _Iterator, _Predicate) [with _Iterator = __gnu_cxx::__normal_iterator<Operator*, std::vector<Operator> >; _Predicate = __gnu_cxx::__ops::_Iter_pred<TaskAssignServer::assignTasks(const std::vector<int>&, std::shared_ptr<village_interfaces::srv::TaskAssign_Response_<std::allocator<void> > >)::<lambda()>::<lambda(size_t)> >][m[K’
[01m[K/usr/include/c++/11/bits/stl_algo.h:3910:28:[m[K   required from ‘[01m[K_IIter std::find_if(_IIter, _IIter, _Predicate) [with _IIter = __gnu_cxx::__normal_iterator<Operator*, std::vector<Operator> >; _Predicate = TaskAssignServer::assignTasks(const std::vector<int>&, std::shared_ptr<village_interfaces::srv::TaskAssign_Response_<std::allocator<void> > >)::<lambda()>::<lambda(size_t)>][m[K’
[01m[K/usr/include/c++/11/bits/stl_algo.h:471:47:[m[K   required from ‘[01m[Kbool std::none_of(_IIter, _IIter, _Predicate) [with _IIter = __gnu_cxx::__normal_iterator<Operator*, std::vector<Operator> >; _Predicate = TaskAssignServer::assignTasks(const std::vector<int>&, std::shared_ptr<village_interfaces::srv::TaskAssign_Response_<std::allocator<void> > >)::<lambda()>::<lambda(size_t)>][m[K’
[01m[K/usr/include/c++/11/bits/stl_algo.h:490:27:[m[K   required from ‘[01m[Kbool std::any_of(_IIter, _IIter, _Predicate) [with _IIter = __gnu_cxx::__normal_iterator<Operator*, std::vector<Operator> >; _Predicate = TaskAssignServer::assignTasks(const std::vector<int>&, std::shared_ptr<village_interfaces::srv::TaskAssign_Response_<std::allocator<void> > >)::<lambda()>::<lambda(size_t)>][m[K’
[01m[K/home/lichaoyue/Desktop/tasktown_ws/src/village_operator/src/operator.cpp:443:35:[m[K   required from here
[01m[K/usr/include/c++/11/bits/predefined_ops.h:318:30:[m[K [01;31m[Kerror: [m[Kno match for call to ‘[01m[K(TaskAssignServer::assignTasks(const std::vector<int>&, std::shared_ptr<village_interfaces::srv::TaskAssign_Response_<std::allocator<void> > >)::<lambda()>::<lambda(size_t)>) (Operator&)[m[K’
  318 |         { return bool([01;31m[K_M_pred(*__it)[m[K); }
      |                       [01;31m[K~~~~~~~^~~~~~~[m[K
[01m[K/home/lichaoyue/Desktop/tasktown_ws/src/village_operator/src/operator.cpp:444:36:[m[K [01;36m[Knote: [m[Kcandidate: ‘[01m[KTaskAssignServer::assignTasks(const std::vector<int>&, std::shared_ptr<village_interfaces::srv::TaskAssign_Response_<std::allocator<void> > >)::<lambda()>::<lambda(size_t)>[m[K’
  444 |                                    [01;36m[K[[m[Kthis](size_t operator_index) {
      |                                    [01;36m[K^[m[K
[01m[K/home/lichaoyue/Desktop/tasktown_ws/src/village_operator/src/operator.cpp:444:36:[m[K [01;36m[Knote: [m[K  no known conversion for argument 1 from ‘[01m[KOperator[m[K’ to ‘[01m[Ksize_t[m[K’ {aka ‘[01m[Klong unsigned int[m[K’}
gmake[2]: *** [CMakeFiles/operator_node.dir/build.make:76：CMakeFiles/operator_node.dir/src/operator.cpp.o] 错误 1
gmake[1]: *** [CMakeFiles/Makefile2:137：CMakeFiles/operator_node.dir/all] 错误 2
gmake: *** [Makefile:146：all] 错误 2
