[0.253s] DEBUG:colcon:Command line arguments: ['/usr/bin/colcon', 'build']
[0.253s] DEBUG:colcon:Parsed command line arguments: Namespace(allow_overriding=[], ament_cmake_args=None, base_paths=['.'], build_base='build', catkin_cmake_args=None, catkin_skip_building_tests=False, cmake_args=None, cmake_clean_cache=False, cmake_clean_first=False, cmake_force_configure=False, cmake_target=None, cmake_target_skip_unavailable=False, continue_on_error=False, event_handlers=None, executor='parallel', ignore_user_meta=False, install_base='install', log_base=None, log_level=None, main=<bound method BuildVerb.main of <colcon_core.verb.build.BuildVerb object at 0x7fbb83b77790>>, merge_install=False, metas=['./colcon.meta'], mixin=None, mixin_files=None, mixin_verb=('build',), packages_above=None, packages_above_and_dependencies=None, packages_above_depth=None, packages_end=None, packages_ignore=None, packages_ignore_regex=None, packages_select=None, packages_select_build_failed=False, packages_select_by_dep=None, packages_select_regex=None, packages_select_test_failures=False, packages_skip=None, packages_skip_build_finished=False, packages_skip_by_dep=None, packages_skip_regex=None, packages_skip_test_passed=False, packages_skip_up_to=None, packages_start=None, packages_up_to=None, packages_up_to_regex=None, parallel_workers=2, paths=None, symlink_install=False, test_result_base=None, verb_extension=<colcon_core.verb.build.BuildVerb object at 0x7fbb83b77790>, verb_name='build', verb_parser=<colcon_mixin.mixin.mixin_argument.MixinArgumentDecorator object at 0x7fbb83b88580>)
[0.424s] Level 1:colcon.colcon_core.package_discovery:discover_packages(colcon_meta) check parameters
[0.424s] Level 1:colcon.colcon_core.package_discovery:discover_packages(recursive) check parameters
[0.424s] Level 1:colcon.colcon_core.package_discovery:discover_packages(ignore) check parameters
[0.424s] Level 1:colcon.colcon_core.package_discovery:discover_packages(path) check parameters
[0.424s] Level 1:colcon.colcon_core.package_discovery:discover_packages(colcon_meta) discover
[0.424s] Level 1:colcon.colcon_core.package_discovery:discover_packages(recursive) discover
[0.424s] INFO:colcon.colcon_core.package_discovery:Crawling recursively for packages in '/home/jj/Greedy'
[0.425s] Level 1:colcon.colcon_core.package_identification:_identify(.) by extensions ['ignore', 'ignore_ament_install']
[0.425s] Level 1:colcon.colcon_core.package_identification:_identify(.) by extension 'ignore'
[0.425s] Level 1:colcon.colcon_core.package_identification:_identify(.) by extension 'ignore_ament_install'
[0.425s] Level 1:colcon.colcon_core.package_identification:_identify(.) by extensions ['colcon_pkg']
[0.425s] Level 1:colcon.colcon_core.package_identification:_identify(.) by extension 'colcon_pkg'
[0.425s] Level 1:colcon.colcon_core.package_identification:_identify(.) by extensions ['colcon_meta']
[0.425s] Level 1:colcon.colcon_core.package_identification:_identify(.) by extension 'colcon_meta'
[0.425s] Level 1:colcon.colcon_core.package_identification:_identify(.) by extensions ['ros']
[0.425s] Level 1:colcon.colcon_core.package_identification:_identify(.) by extension 'ros'
[0.438s] Level 1:colcon.colcon_core.package_identification:_identify(.) by extensions ['cmake', 'python']
[0.438s] Level 1:colcon.colcon_core.package_identification:_identify(.) by extension 'cmake'
[0.438s] Level 1:colcon.colcon_core.package_identification:_identify(.) by extension 'python'
[0.438s] Level 1:colcon.colcon_core.package_identification:_identify(.) by extensions ['python_setup_py']
[0.438s] Level 1:colcon.colcon_core.package_identification:_identify(.) by extension 'python_setup_py'
[0.438s] Level 1:colcon.colcon_core.package_identification:_identify(build) by extensions ['ignore', 'ignore_ament_install']
[0.438s] Level 1:colcon.colcon_core.package_identification:_identify(build) by extension 'ignore'
[0.439s] Level 1:colcon.colcon_core.package_identification:_identify(build) ignored
[0.439s] Level 1:colcon.colcon_core.package_identification:_identify(install) by extensions ['ignore', 'ignore_ament_install']
[0.439s] Level 1:colcon.colcon_core.package_identification:_identify(install) by extension 'ignore'
[0.439s] Level 1:colcon.colcon_core.package_identification:_identify(install) ignored
[0.440s] Level 1:colcon.colcon_core.package_identification:_identify(log) by extensions ['ignore', 'ignore_ament_install']
[0.441s] Level 1:colcon.colcon_core.package_identification:_identify(log) by extension 'ignore'
[0.441s] Level 1:colcon.colcon_core.package_identification:_identify(log) ignored
[0.441s] Level 1:colcon.colcon_core.package_identification:_identify(src) by extensions ['ignore', 'ignore_ament_install']
[0.441s] Level 1:colcon.colcon_core.package_identification:_identify(src) by extension 'ignore'
[0.441s] Level 1:colcon.colcon_core.package_identification:_identify(src) by extension 'ignore_ament_install'
[0.441s] Level 1:colcon.colcon_core.package_identification:_identify(src) by extensions ['colcon_pkg']
[0.441s] Level 1:colcon.colcon_core.package_identification:_identify(src) by extension 'colcon_pkg'
[0.441s] Level 1:colcon.colcon_core.package_identification:_identify(src) by extensions ['colcon_meta']
[0.441s] Level 1:colcon.colcon_core.package_identification:_identify(src) by extension 'colcon_meta'
[0.441s] Level 1:colcon.colcon_core.package_identification:_identify(src) by extensions ['ros']
[0.441s] Level 1:colcon.colcon_core.package_identification:_identify(src) by extension 'ros'
[0.441s] Level 1:colcon.colcon_core.package_identification:_identify(src) by extensions ['cmake', 'python']
[0.441s] Level 1:colcon.colcon_core.package_identification:_identify(src) by extension 'cmake'
[0.441s] Level 1:colcon.colcon_core.package_identification:_identify(src) by extension 'python'
[0.441s] Level 1:colcon.colcon_core.package_identification:_identify(src) by extensions ['python_setup_py']
[0.441s] Level 1:colcon.colcon_core.package_identification:_identify(src) by extension 'python_setup_py'
[0.441s] Level 1:colcon.colcon_core.package_identification:_identify(src/village_interfaces) by extensions ['ignore', 'ignore_ament_install']
[0.442s] Level 1:colcon.colcon_core.package_identification:_identify(src/village_interfaces) by extension 'ignore'
[0.442s] Level 1:colcon.colcon_core.package_identification:_identify(src/village_interfaces) by extension 'ignore_ament_install'
[0.442s] Level 1:colcon.colcon_core.package_identification:_identify(src/village_interfaces) by extensions ['colcon_pkg']
[0.442s] Level 1:colcon.colcon_core.package_identification:_identify(src/village_interfaces) by extension 'colcon_pkg'
[0.442s] Level 1:colcon.colcon_core.package_identification:_identify(src/village_interfaces) by extensions ['colcon_meta']
[0.442s] Level 1:colcon.colcon_core.package_identification:_identify(src/village_interfaces) by extension 'colcon_meta'
[0.442s] Level 1:colcon.colcon_core.package_identification:_identify(src/village_interfaces) by extensions ['ros']
[0.442s] Level 1:colcon.colcon_core.package_identification:_identify(src/village_interfaces) by extension 'ros'
[0.447s] DEBUG:colcon.colcon_core.package_identification:Package 'src/village_interfaces' with type 'ros.ament_cmake' and name 'village_interfaces'
[0.448s] Level 1:colcon.colcon_core.package_identification:_identify(src/village_operator) by extensions ['ignore', 'ignore_ament_install']
[0.448s] Level 1:colcon.colcon_core.package_identification:_identify(src/village_operator) by extension 'ignore'
[0.448s] Level 1:colcon.colcon_core.package_identification:_identify(src/village_operator) by extension 'ignore_ament_install'
[0.448s] Level 1:colcon.colcon_core.package_identification:_identify(src/village_operator) by extensions ['colcon_pkg']
[0.448s] Level 1:colcon.colcon_core.package_identification:_identify(src/village_operator) by extension 'colcon_pkg'
[0.448s] Level 1:colcon.colcon_core.package_identification:_identify(src/village_operator) by extensions ['colcon_meta']
[0.448s] Level 1:colcon.colcon_core.package_identification:_identify(src/village_operator) by extension 'colcon_meta'
[0.448s] Level 1:colcon.colcon_core.package_identification:_identify(src/village_operator) by extensions ['ros']
[0.448s] Level 1:colcon.colcon_core.package_identification:_identify(src/village_operator) by extension 'ros'
[0.450s] DEBUG:colcon.colcon_core.package_identification:Package 'src/village_operator' with type 'ros.ament_cmake' and name 'village_operator'
[0.450s] Level 1:colcon.colcon_core.package_identification:_identify(src/village_task) by extensions ['ignore', 'ignore_ament_install']
[0.450s] Level 1:colcon.colcon_core.package_identification:_identify(src/village_task) by extension 'ignore'
[0.450s] Level 1:colcon.colcon_core.package_identification:_identify(src/village_task) by extension 'ignore_ament_install'
[0.450s] Level 1:colcon.colcon_core.package_identification:_identify(src/village_task) by extensions ['colcon_pkg']
[0.450s] Level 1:colcon.colcon_core.package_identification:_identify(src/village_task) by extension 'colcon_pkg'
[0.450s] Level 1:colcon.colcon_core.package_identification:_identify(src/village_task) by extensions ['colcon_meta']
[0.450s] Level 1:colcon.colcon_core.package_identification:_identify(src/village_task) by extension 'colcon_meta'
[0.450s] Level 1:colcon.colcon_core.package_identification:_identify(src/village_task) by extensions ['ros']
[0.450s] Level 1:colcon.colcon_core.package_identification:_identify(src/village_task) by extension 'ros'
[0.452s] DEBUG:colcon.colcon_core.package_identification:Package 'src/village_task' with type 'ros.ament_cmake' and name 'village_task'
[0.452s] Level 1:colcon.colcon_core.package_identification:_identify(src/village_taskgroups) by extensions ['ignore', 'ignore_ament_install']
[0.452s] Level 1:colcon.colcon_core.package_identification:_identify(src/village_taskgroups) by extension 'ignore'
[0.452s] Level 1:colcon.colcon_core.package_identification:_identify(src/village_taskgroups) by extension 'ignore_ament_install'
[0.452s] Level 1:colcon.colcon_core.package_identification:_identify(src/village_taskgroups) by extensions ['colcon_pkg']
[0.452s] Level 1:colcon.colcon_core.package_identification:_identify(src/village_taskgroups) by extension 'colcon_pkg'
[0.453s] Level 1:colcon.colcon_core.package_identification:_identify(src/village_taskgroups) by extensions ['colcon_meta']
[0.453s] Level 1:colcon.colcon_core.package_identification:_identify(src/village_taskgroups) by extension 'colcon_meta'
[0.453s] Level 1:colcon.colcon_core.package_identification:_identify(src/village_taskgroups) by extensions ['ros']
[0.453s] Level 1:colcon.colcon_core.package_identification:_identify(src/village_taskgroups) by extension 'ros'
[0.454s] DEBUG:colcon.colcon_core.package_identification:Package 'src/village_taskgroups' with type 'ros.ament_cmake' and name 'village_taskgroups'
[0.454s] Level 1:colcon.colcon_core.package_discovery:discover_packages(recursive) using defaults
[0.454s] Level 1:colcon.colcon_core.package_discovery:discover_packages(ignore) discover
[0.454s] Level 1:colcon.colcon_core.package_discovery:discover_packages(ignore) using defaults
[0.454s] Level 1:colcon.colcon_core.package_discovery:discover_packages(path) discover
[0.454s] Level 1:colcon.colcon_core.package_discovery:discover_packages(path) using defaults
[0.476s] Level 1:colcon.colcon_core.package_discovery:discover_packages(prefix_path) check parameters
[0.476s] Level 1:colcon.colcon_core.package_discovery:discover_packages(prefix_path) discover
[0.479s] DEBUG:colcon.colcon_installed_package_information.package_discovery:Found 256 installed packages in /opt/ros/foxy
[0.481s] Level 1:colcon.colcon_core.package_discovery:discover_packages(prefix_path) using defaults
[0.577s] Level 5:colcon.colcon_core.verb:set package 'village_interfaces' build argument 'cmake_args' from command line to 'None'
[0.577s] Level 5:colcon.colcon_core.verb:set package 'village_interfaces' build argument 'cmake_target' from command line to 'None'
[0.577s] Level 5:colcon.colcon_core.verb:set package 'village_interfaces' build argument 'cmake_target_skip_unavailable' from command line to 'False'
[0.577s] Level 5:colcon.colcon_core.verb:set package 'village_interfaces' build argument 'cmake_clean_cache' from command line to 'False'
[0.577s] Level 5:colcon.colcon_core.verb:set package 'village_interfaces' build argument 'cmake_clean_first' from command line to 'False'
[0.577s] Level 5:colcon.colcon_core.verb:set package 'village_interfaces' build argument 'cmake_force_configure' from command line to 'False'
[0.577s] Level 5:colcon.colcon_core.verb:set package 'village_interfaces' build argument 'ament_cmake_args' from command line to 'None'
[0.577s] Level 5:colcon.colcon_core.verb:set package 'village_interfaces' build argument 'catkin_cmake_args' from command line to 'None'
[0.577s] Level 5:colcon.colcon_core.verb:set package 'village_interfaces' build argument 'catkin_skip_building_tests' from command line to 'False'
[0.577s] DEBUG:colcon.colcon_core.verb:Building package 'village_interfaces' with the following arguments: {'ament_cmake_args': None, 'build_base': '/home/jj/Greedy/build/village_interfaces', 'catkin_cmake_args': None, 'catkin_skip_building_tests': False, 'cmake_args': None, 'cmake_clean_cache': False, 'cmake_clean_first': False, 'cmake_force_configure': False, 'cmake_target': None, 'cmake_target_skip_unavailable': False, 'install_base': '/home/jj/Greedy/install/village_interfaces', 'merge_install': False, 'path': '/home/jj/Greedy/src/village_interfaces', 'symlink_install': False, 'test_result_base': None}
[0.578s] Level 5:colcon.colcon_core.verb:set package 'village_operator' build argument 'cmake_args' from command line to 'None'
[0.578s] Level 5:colcon.colcon_core.verb:set package 'village_operator' build argument 'cmake_target' from command line to 'None'
[0.578s] Level 5:colcon.colcon_core.verb:set package 'village_operator' build argument 'cmake_target_skip_unavailable' from command line to 'False'
[0.578s] Level 5:colcon.colcon_core.verb:set package 'village_operator' build argument 'cmake_clean_cache' from command line to 'False'
[0.578s] Level 5:colcon.colcon_core.verb:set package 'village_operator' build argument 'cmake_clean_first' from command line to 'False'
[0.578s] Level 5:colcon.colcon_core.verb:set package 'village_operator' build argument 'cmake_force_configure' from command line to 'False'
[0.578s] Level 5:colcon.colcon_core.verb:set package 'village_operator' build argument 'ament_cmake_args' from command line to 'None'
[0.578s] Level 5:colcon.colcon_core.verb:set package 'village_operator' build argument 'catkin_cmake_args' from command line to 'None'
[0.578s] Level 5:colcon.colcon_core.verb:set package 'village_operator' build argument 'catkin_skip_building_tests' from command line to 'False'
[0.578s] DEBUG:colcon.colcon_core.verb:Building package 'village_operator' with the following arguments: {'ament_cmake_args': None, 'build_base': '/home/jj/Greedy/build/village_operator', 'catkin_cmake_args': None, 'catkin_skip_building_tests': False, 'cmake_args': None, 'cmake_clean_cache': False, 'cmake_clean_first': False, 'cmake_force_configure': False, 'cmake_target': None, 'cmake_target_skip_unavailable': False, 'install_base': '/home/jj/Greedy/install/village_operator', 'merge_install': False, 'path': '/home/jj/Greedy/src/village_operator', 'symlink_install': False, 'test_result_base': None}
[0.579s] Level 5:colcon.colcon_core.verb:set package 'village_task' build argument 'cmake_args' from command line to 'None'
[0.579s] Level 5:colcon.colcon_core.verb:set package 'village_task' build argument 'cmake_target' from command line to 'None'
[0.579s] Level 5:colcon.colcon_core.verb:set package 'village_task' build argument 'cmake_target_skip_unavailable' from command line to 'False'
[0.579s] Level 5:colcon.colcon_core.verb:set package 'village_task' build argument 'cmake_clean_cache' from command line to 'False'
[0.579s] Level 5:colcon.colcon_core.verb:set package 'village_task' build argument 'cmake_clean_first' from command line to 'False'
[0.579s] Level 5:colcon.colcon_core.verb:set package 'village_task' build argument 'cmake_force_configure' from command line to 'False'
[0.579s] Level 5:colcon.colcon_core.verb:set package 'village_task' build argument 'ament_cmake_args' from command line to 'None'
[0.579s] Level 5:colcon.colcon_core.verb:set package 'village_task' build argument 'catkin_cmake_args' from command line to 'None'
[0.579s] Level 5:colcon.colcon_core.verb:set package 'village_task' build argument 'catkin_skip_building_tests' from command line to 'False'
[0.579s] DEBUG:colcon.colcon_core.verb:Building package 'village_task' with the following arguments: {'ament_cmake_args': None, 'build_base': '/home/jj/Greedy/build/village_task', 'catkin_cmake_args': None, 'catkin_skip_building_tests': False, 'cmake_args': None, 'cmake_clean_cache': False, 'cmake_clean_first': False, 'cmake_force_configure': False, 'cmake_target': None, 'cmake_target_skip_unavailable': False, 'install_base': '/home/jj/Greedy/install/village_task', 'merge_install': False, 'path': '/home/jj/Greedy/src/village_task', 'symlink_install': False, 'test_result_base': None}
[0.579s] Level 5:colcon.colcon_core.verb:set package 'village_taskgroups' build argument 'cmake_args' from command line to 'None'
[0.580s] Level 5:colcon.colcon_core.verb:set package 'village_taskgroups' build argument 'cmake_target' from command line to 'None'
[0.580s] Level 5:colcon.colcon_core.verb:set package 'village_taskgroups' build argument 'cmake_target_skip_unavailable' from command line to 'False'
[0.580s] Level 5:colcon.colcon_core.verb:set package 'village_taskgroups' build argument 'cmake_clean_cache' from command line to 'False'
[0.580s] Level 5:colcon.colcon_core.verb:set package 'village_taskgroups' build argument 'cmake_clean_first' from command line to 'False'
[0.580s] Level 5:colcon.colcon_core.verb:set package 'village_taskgroups' build argument 'cmake_force_configure' from command line to 'False'
[0.580s] Level 5:colcon.colcon_core.verb:set package 'village_taskgroups' build argument 'ament_cmake_args' from command line to 'None'
[0.580s] Level 5:colcon.colcon_core.verb:set package 'village_taskgroups' build argument 'catkin_cmake_args' from command line to 'None'
[0.580s] Level 5:colcon.colcon_core.verb:set package 'village_taskgroups' build argument 'catkin_skip_building_tests' from command line to 'False'
[0.580s] DEBUG:colcon.colcon_core.verb:Building package 'village_taskgroups' with the following arguments: {'ament_cmake_args': None, 'build_base': '/home/jj/Greedy/build/village_taskgroups', 'catkin_cmake_args': None, 'catkin_skip_building_tests': False, 'cmake_args': None, 'cmake_clean_cache': False, 'cmake_clean_first': False, 'cmake_force_configure': False, 'cmake_target': None, 'cmake_target_skip_unavailable': False, 'install_base': '/home/jj/Greedy/install/village_taskgroups', 'merge_install': False, 'path': '/home/jj/Greedy/src/village_taskgroups', 'symlink_install': False, 'test_result_base': None}
[0.580s] INFO:colcon.colcon_core.executor:Executing jobs using 'parallel' executor
[0.581s] DEBUG:colcon.colcon_parallel_executor.executor.parallel:run_until_complete
[0.582s] INFO:colcon.colcon_ros.task.ament_cmake.build:Building ROS package in '/home/jj/Greedy/src/village_interfaces' with build type 'ament_cmake'
[0.582s] INFO:colcon.colcon_cmake.task.cmake.build:Building CMake package in '/home/jj/Greedy/src/village_interfaces'
[0.585s] INFO:colcon.colcon_core.plugin_system:Skipping extension 'colcon_core.shell.bat': Not used on non-Windows systems
[0.585s] INFO:colcon.colcon_core.shell:Skip shell extension 'powershell' for command environment: Not usable outside of PowerShell
[0.585s] DEBUG:colcon.colcon_core.shell:Skip shell extension 'dsv' for command environment
[0.598s] DEBUG:colcon.colcon_core.event_handler.log_command:Invoking command in '/home/jj/Greedy/build/village_interfaces': CMAKE_PREFIX_PATH=/opt/ros/foxy /usr/bin/cmake /home/jj/Greedy/src/village_interfaces -DCMAKE_INSTALL_PREFIX=/home/jj/Greedy/install/village_interfaces
[2.974s] DEBUG:colcon.colcon_core.event_handler.log_command:Invoked command in '/home/jj/Greedy/build/village_interfaces' returned '0': CMAKE_PREFIX_PATH=/opt/ros/foxy /usr/bin/cmake /home/jj/Greedy/src/village_interfaces -DCMAKE_INSTALL_PREFIX=/home/jj/Greedy/install/village_interfaces
[2.978s] DEBUG:colcon.colcon_core.event_handler.log_command:Invoking command in '/home/jj/Greedy/build/village_interfaces': CMAKE_PREFIX_PATH=/opt/ros/foxy /usr/bin/cmake --build /home/jj/Greedy/build/village_interfaces -- -j2 -l2
[11.482s] DEBUG:colcon.colcon_core.event_handler.log_command:Invoked command in '/home/jj/Greedy/build/village_interfaces' returned '0': CMAKE_PREFIX_PATH=/opt/ros/foxy /usr/bin/cmake --build /home/jj/Greedy/build/village_interfaces -- -j2 -l2
[11.597s] DEBUG:colcon.colcon_core.event_handler.log_command:Invoking command in '/home/jj/Greedy/build/village_interfaces': CMAKE_PREFIX_PATH=/opt/ros/foxy /usr/bin/cmake --install /home/jj/Greedy/build/village_interfaces
[11.716s] Level 1:colcon.colcon_core.environment:create_environment_scripts_only(village_interfaces)
[11.718s] Level 1:colcon.colcon_core.environment:checking '/home/jj/Greedy/install/village_interfaces' for CMake module files
[11.719s] Level 1:colcon.colcon_core.environment:checking '/home/jj/Greedy/install/village_interfaces' for CMake config files
[11.720s] DEBUG:colcon.colcon_core.event_handler.log_command:Invoked command in '/home/jj/Greedy/build/village_interfaces' returned '0': CMAKE_PREFIX_PATH=/opt/ros/foxy /usr/bin/cmake --install /home/jj/Greedy/build/village_interfaces
[11.724s] Level 1:colcon.colcon_core.shell:create_environment_hook('village_interfaces', 'cmake_prefix_path')
[11.725s] INFO:colcon.colcon_core.shell:Creating environment hook '/home/jj/Greedy/install/village_interfaces/share/village_interfaces/hook/cmake_prefix_path.ps1'
[11.726s] INFO:colcon.colcon_core.shell:Creating environment descriptor '/home/jj/Greedy/install/village_interfaces/share/village_interfaces/hook/cmake_prefix_path.dsv'
[11.727s] INFO:colcon.colcon_core.shell:Creating environment hook '/home/jj/Greedy/install/village_interfaces/share/village_interfaces/hook/cmake_prefix_path.sh'
[11.729s] Level 1:colcon.colcon_core.environment:checking '/home/jj/Greedy/install/village_interfaces/lib'
[11.730s] Level 1:colcon.colcon_core.shell:create_environment_hook('village_interfaces', 'ld_library_path_lib')
[11.730s] INFO:colcon.colcon_core.shell:Creating environment hook '/home/jj/Greedy/install/village_interfaces/share/village_interfaces/hook/ld_library_path_lib.ps1'
[11.731s] INFO:colcon.colcon_core.shell:Creating environment descriptor '/home/jj/Greedy/install/village_interfaces/share/village_interfaces/hook/ld_library_path_lib.dsv'
[11.731s] INFO:colcon.colcon_core.shell:Creating environment hook '/home/jj/Greedy/install/village_interfaces/share/village_interfaces/hook/ld_library_path_lib.sh'
[11.732s] Level 1:colcon.colcon_core.environment:checking '/home/jj/Greedy/install/village_interfaces/bin'
[11.732s] Level 1:colcon.colcon_core.environment:checking '/home/jj/Greedy/install/village_interfaces/lib/pkgconfig/village_interfaces.pc'
[11.732s] Level 1:colcon.colcon_core.environment:checking '/home/jj/Greedy/install/village_interfaces/lib/python3.8/site-packages'
[11.732s] Level 1:colcon.colcon_core.shell:create_environment_hook('village_interfaces', 'pythonpath')
[11.733s] INFO:colcon.colcon_core.shell:Creating environment hook '/home/jj/Greedy/install/village_interfaces/share/village_interfaces/hook/pythonpath.ps1'
[11.733s] INFO:colcon.colcon_core.shell:Creating environment descriptor '/home/jj/Greedy/install/village_interfaces/share/village_interfaces/hook/pythonpath.dsv'
[11.733s] INFO:colcon.colcon_core.shell:Creating environment hook '/home/jj/Greedy/install/village_interfaces/share/village_interfaces/hook/pythonpath.sh'
[11.734s] Level 1:colcon.colcon_core.environment:checking '/home/jj/Greedy/install/village_interfaces/bin'
[11.734s] INFO:colcon.colcon_core.shell:Creating package script '/home/jj/Greedy/install/village_interfaces/share/village_interfaces/package.ps1'
[11.735s] INFO:colcon.colcon_core.shell:Creating package descriptor '/home/jj/Greedy/install/village_interfaces/share/village_interfaces/package.dsv'
[11.736s] INFO:colcon.colcon_core.shell:Creating package script '/home/jj/Greedy/install/village_interfaces/share/village_interfaces/package.sh'
[11.737s] INFO:colcon.colcon_core.shell:Creating package script '/home/jj/Greedy/install/village_interfaces/share/village_interfaces/package.bash'
[11.738s] INFO:colcon.colcon_core.shell:Creating package script '/home/jj/Greedy/install/village_interfaces/share/village_interfaces/package.zsh'
[11.739s] Level 1:colcon.colcon_core.environment:create_file_with_runtime_dependencies(/home/jj/Greedy/install/village_interfaces/share/colcon-core/packages/village_interfaces)
[11.828s] Level 1:colcon.colcon_core.environment:create_environment_scripts_only(village_interfaces)
[11.829s] Level 1:colcon.colcon_core.environment:checking '/home/jj/Greedy/install/village_interfaces' for CMake module files
[11.830s] Level 1:colcon.colcon_core.environment:checking '/home/jj/Greedy/install/village_interfaces' for CMake config files
[11.831s] Level 1:colcon.colcon_core.shell:create_environment_hook('village_interfaces', 'cmake_prefix_path')
[11.831s] INFO:colcon.colcon_core.shell:Creating environment hook '/home/jj/Greedy/install/village_interfaces/share/village_interfaces/hook/cmake_prefix_path.ps1'
[11.832s] INFO:colcon.colcon_core.shell:Creating environment descriptor '/home/jj/Greedy/install/village_interfaces/share/village_interfaces/hook/cmake_prefix_path.dsv'
[11.832s] INFO:colcon.colcon_core.shell:Creating environment hook '/home/jj/Greedy/install/village_interfaces/share/village_interfaces/hook/cmake_prefix_path.sh'
[11.833s] Level 1:colcon.colcon_core.environment:checking '/home/jj/Greedy/install/village_interfaces/lib'
[11.833s] Level 1:colcon.colcon_core.shell:create_environment_hook('village_interfaces', 'ld_library_path_lib')
[11.833s] INFO:colcon.colcon_core.shell:Creating environment hook '/home/jj/Greedy/install/village_interfaces/share/village_interfaces/hook/ld_library_path_lib.ps1'
[11.834s] INFO:colcon.colcon_core.shell:Creating environment descriptor '/home/jj/Greedy/install/village_interfaces/share/village_interfaces/hook/ld_library_path_lib.dsv'
[11.834s] INFO:colcon.colcon_core.shell:Creating environment hook '/home/jj/Greedy/install/village_interfaces/share/village_interfaces/hook/ld_library_path_lib.sh'
[11.835s] Level 1:colcon.colcon_core.environment:checking '/home/jj/Greedy/install/village_interfaces/bin'
[11.835s] Level 1:colcon.colcon_core.environment:checking '/home/jj/Greedy/install/village_interfaces/lib/pkgconfig/village_interfaces.pc'
[11.835s] Level 1:colcon.colcon_core.environment:checking '/home/jj/Greedy/install/village_interfaces/lib/python3.8/site-packages'
[11.835s] Level 1:colcon.colcon_core.shell:create_environment_hook('village_interfaces', 'pythonpath')
[11.836s] INFO:colcon.colcon_core.shell:Creating environment hook '/home/jj/Greedy/install/village_interfaces/share/village_interfaces/hook/pythonpath.ps1'
[11.836s] INFO:colcon.colcon_core.shell:Creating environment descriptor '/home/jj/Greedy/install/village_interfaces/share/village_interfaces/hook/pythonpath.dsv'
[11.837s] INFO:colcon.colcon_core.shell:Creating environment hook '/home/jj/Greedy/install/village_interfaces/share/village_interfaces/hook/pythonpath.sh'
[11.837s] Level 1:colcon.colcon_core.environment:checking '/home/jj/Greedy/install/village_interfaces/bin'
[11.838s] INFO:colcon.colcon_core.shell:Creating package script '/home/jj/Greedy/install/village_interfaces/share/village_interfaces/package.ps1'
[11.839s] INFO:colcon.colcon_core.shell:Creating package descriptor '/home/jj/Greedy/install/village_interfaces/share/village_interfaces/package.dsv'
[11.839s] INFO:colcon.colcon_core.shell:Creating package script '/home/jj/Greedy/install/village_interfaces/share/village_interfaces/package.sh'
[11.840s] INFO:colcon.colcon_core.shell:Creating package script '/home/jj/Greedy/install/village_interfaces/share/village_interfaces/package.bash'
[11.841s] INFO:colcon.colcon_core.shell:Creating package script '/home/jj/Greedy/install/village_interfaces/share/village_interfaces/package.zsh'
[11.841s] Level 1:colcon.colcon_core.environment:create_file_with_runtime_dependencies(/home/jj/Greedy/install/village_interfaces/share/colcon-core/packages/village_interfaces)
[11.842s] INFO:colcon.colcon_ros.task.ament_cmake.build:Building ROS package in '/home/jj/Greedy/src/village_operator' with build type 'ament_cmake'
[11.843s] INFO:colcon.colcon_cmake.task.cmake.build:Building CMake package in '/home/jj/Greedy/src/village_operator'
[11.843s] INFO:colcon.colcon_core.shell:Skip shell extension 'powershell' for command environment: Not usable outside of PowerShell
[11.843s] DEBUG:colcon.colcon_core.shell:Skip shell extension 'dsv' for command environment
[11.848s] INFO:colcon.colcon_ros.task.ament_cmake.build:Building ROS package in '/home/jj/Greedy/src/village_task' with build type 'ament_cmake'
[11.849s] INFO:colcon.colcon_cmake.task.cmake.build:Building CMake package in '/home/jj/Greedy/src/village_task'
[11.849s] INFO:colcon.colcon_core.shell:Skip shell extension 'powershell' for command environment: Not usable outside of PowerShell
[11.849s] DEBUG:colcon.colcon_core.shell:Skip shell extension 'dsv' for command environment
[11.862s] DEBUG:colcon.colcon_core.event_handler.log_command:Invoking command in '/home/jj/Greedy/build/village_operator': AMENT_PREFIX_PATH=/home/jj/Greedy/install/village_interfaces:${AMENT_PREFIX_PATH} CMAKE_PREFIX_PATH=/home/jj/Greedy/install/village_interfaces:/opt/ros/foxy LD_LIBRARY_PATH=/home/jj/Greedy/install/village_interfaces/lib:${LD_LIBRARY_PATH} PYTHONPATH=/home/jj/Greedy/install/village_interfaces/lib/python3.8/site-packages:${PYTHONPATH} /usr/bin/cmake /home/jj/Greedy/src/village_operator -DCMAKE_INSTALL_PREFIX=/home/jj/Greedy/install/village_operator
[11.869s] DEBUG:colcon.colcon_core.event_handler.log_command:Invoking command in '/home/jj/Greedy/build/village_task': AMENT_PREFIX_PATH=/home/jj/Greedy/install/village_interfaces:${AMENT_PREFIX_PATH} CMAKE_PREFIX_PATH=/home/jj/Greedy/install/village_interfaces:/opt/ros/foxy LD_LIBRARY_PATH=/home/jj/Greedy/install/village_interfaces/lib:${LD_LIBRARY_PATH} PYTHONPATH=/home/jj/Greedy/install/village_interfaces/lib/python3.8/site-packages:${PYTHONPATH} /usr/bin/cmake /home/jj/Greedy/src/village_task -DCMAKE_INSTALL_PREFIX=/home/jj/Greedy/install/village_task
[13.897s] DEBUG:colcon.colcon_core.event_handler.log_command:Invoked command in '/home/jj/Greedy/build/village_task' returned '0': AMENT_PREFIX_PATH=/home/jj/Greedy/install/village_interfaces:${AMENT_PREFIX_PATH} CMAKE_PREFIX_PATH=/home/jj/Greedy/install/village_interfaces:/opt/ros/foxy LD_LIBRARY_PATH=/home/jj/Greedy/install/village_interfaces/lib:${LD_LIBRARY_PATH} PYTHONPATH=/home/jj/Greedy/install/village_interfaces/lib/python3.8/site-packages:${PYTHONPATH} /usr/bin/cmake /home/jj/Greedy/src/village_task -DCMAKE_INSTALL_PREFIX=/home/jj/Greedy/install/village_task
[13.898s] DEBUG:colcon.colcon_core.event_handler.log_command:Invoking command in '/home/jj/Greedy/build/village_task': AMENT_PREFIX_PATH=/home/jj/Greedy/install/village_interfaces:${AMENT_PREFIX_PATH} CMAKE_PREFIX_PATH=/home/jj/Greedy/install/village_interfaces:/opt/ros/foxy LD_LIBRARY_PATH=/home/jj/Greedy/install/village_interfaces/lib:${LD_LIBRARY_PATH} PYTHONPATH=/home/jj/Greedy/install/village_interfaces/lib/python3.8/site-packages:${PYTHONPATH} /usr/bin/cmake --build /home/jj/Greedy/build/village_task -- -j2 -l2
[13.923s] DEBUG:colcon.colcon_core.event_handler.log_command:Invoked command in '/home/jj/Greedy/build/village_operator' returned '0': AMENT_PREFIX_PATH=/home/jj/Greedy/install/village_interfaces:${AMENT_PREFIX_PATH} CMAKE_PREFIX_PATH=/home/jj/Greedy/install/village_interfaces:/opt/ros/foxy LD_LIBRARY_PATH=/home/jj/Greedy/install/village_interfaces/lib:${LD_LIBRARY_PATH} PYTHONPATH=/home/jj/Greedy/install/village_interfaces/lib/python3.8/site-packages:${PYTHONPATH} /usr/bin/cmake /home/jj/Greedy/src/village_operator -DCMAKE_INSTALL_PREFIX=/home/jj/Greedy/install/village_operator
[13.924s] DEBUG:colcon.colcon_core.event_handler.log_command:Invoking command in '/home/jj/Greedy/build/village_operator': AMENT_PREFIX_PATH=/home/jj/Greedy/install/village_interfaces:${AMENT_PREFIX_PATH} CMAKE_PREFIX_PATH=/home/jj/Greedy/install/village_interfaces:/opt/ros/foxy LD_LIBRARY_PATH=/home/jj/Greedy/install/village_interfaces/lib:${LD_LIBRARY_PATH} PYTHONPATH=/home/jj/Greedy/install/village_interfaces/lib/python3.8/site-packages:${PYTHONPATH} /usr/bin/cmake --build /home/jj/Greedy/build/village_operator -- -j2 -l2
[17.614s] DEBUG:colcon.colcon_core.event_handler.log_command:Invoked command in '/home/jj/Greedy/build/village_task' returned '0': AMENT_PREFIX_PATH=/home/jj/Greedy/install/village_interfaces:${AMENT_PREFIX_PATH} CMAKE_PREFIX_PATH=/home/jj/Greedy/install/village_interfaces:/opt/ros/foxy LD_LIBRARY_PATH=/home/jj/Greedy/install/village_interfaces/lib:${LD_LIBRARY_PATH} PYTHONPATH=/home/jj/Greedy/install/village_interfaces/lib/python3.8/site-packages:${PYTHONPATH} /usr/bin/cmake --build /home/jj/Greedy/build/village_task -- -j2 -l2
[17.649s] DEBUG:colcon.colcon_core.event_handler.log_command:Invoking command in '/home/jj/Greedy/build/village_task': AMENT_PREFIX_PATH=/home/jj/Greedy/install/village_interfaces:${AMENT_PREFIX_PATH} CMAKE_PREFIX_PATH=/home/jj/Greedy/install/village_interfaces:/opt/ros/foxy LD_LIBRARY_PATH=/home/jj/Greedy/install/village_interfaces/lib:${LD_LIBRARY_PATH} PYTHONPATH=/home/jj/Greedy/install/village_interfaces/lib/python3.8/site-packages:${PYTHONPATH} /usr/bin/cmake --install /home/jj/Greedy/build/village_task
[17.675s] Level 1:colcon.colcon_core.environment:create_environment_scripts_only(village_task)
[17.675s] Level 1:colcon.colcon_core.environment:checking '/home/jj/Greedy/install/village_task' for CMake module files
[17.676s] Level 1:colcon.colcon_core.environment:checking '/home/jj/Greedy/install/village_task' for CMake config files
[17.676s] Level 1:colcon.colcon_core.shell:create_environment_hook('village_task', 'cmake_prefix_path')
[17.677s] INFO:colcon.colcon_core.shell:Creating environment hook '/home/jj/Greedy/install/village_task/share/village_task/hook/cmake_prefix_path.ps1'
[17.677s] DEBUG:colcon.colcon_core.event_handler.log_command:Invoked command in '/home/jj/Greedy/build/village_task' returned '0': AMENT_PREFIX_PATH=/home/jj/Greedy/install/village_interfaces:${AMENT_PREFIX_PATH} CMAKE_PREFIX_PATH=/home/jj/Greedy/install/village_interfaces:/opt/ros/foxy LD_LIBRARY_PATH=/home/jj/Greedy/install/village_interfaces/lib:${LD_LIBRARY_PATH} PYTHONPATH=/home/jj/Greedy/install/village_interfaces/lib/python3.8/site-packages:${PYTHONPATH} /usr/bin/cmake --install /home/jj/Greedy/build/village_task
[17.679s] INFO:colcon.colcon_core.shell:Creating environment descriptor '/home/jj/Greedy/install/village_task/share/village_task/hook/cmake_prefix_path.dsv'
[17.680s] INFO:colcon.colcon_core.shell:Creating environment hook '/home/jj/Greedy/install/village_task/share/village_task/hook/cmake_prefix_path.sh'
[17.681s] Level 1:colcon.colcon_core.environment:checking '/home/jj/Greedy/install/village_task/lib'
[17.681s] Level 1:colcon.colcon_core.environment:checking '/home/jj/Greedy/install/village_task/bin'
[17.681s] Level 1:colcon.colcon_core.environment:checking '/home/jj/Greedy/install/village_task/lib/pkgconfig/village_task.pc'
[17.682s] Level 1:colcon.colcon_core.environment:checking '/home/jj/Greedy/install/village_task/lib/python3.8/site-packages'
[17.682s] Level 1:colcon.colcon_core.environment:checking '/home/jj/Greedy/install/village_task/bin'
[17.682s] INFO:colcon.colcon_core.shell:Creating package script '/home/jj/Greedy/install/village_task/share/village_task/package.ps1'
[17.683s] INFO:colcon.colcon_core.shell:Creating package descriptor '/home/jj/Greedy/install/village_task/share/village_task/package.dsv'
[17.684s] INFO:colcon.colcon_core.shell:Creating package script '/home/jj/Greedy/install/village_task/share/village_task/package.sh'
[17.684s] INFO:colcon.colcon_core.shell:Creating package script '/home/jj/Greedy/install/village_task/share/village_task/package.bash'
[17.685s] INFO:colcon.colcon_core.shell:Creating package script '/home/jj/Greedy/install/village_task/share/village_task/package.zsh'
[17.686s] Level 1:colcon.colcon_core.environment:create_file_with_runtime_dependencies(/home/jj/Greedy/install/village_task/share/colcon-core/packages/village_task)
[17.720s] Level 1:colcon.colcon_core.environment:create_environment_scripts_only(village_task)
[17.721s] Level 1:colcon.colcon_core.environment:checking '/home/jj/Greedy/install/village_task' for CMake module files
[17.721s] Level 1:colcon.colcon_core.environment:checking '/home/jj/Greedy/install/village_task' for CMake config files
[17.722s] Level 1:colcon.colcon_core.shell:create_environment_hook('village_task', 'cmake_prefix_path')
[17.722s] INFO:colcon.colcon_core.shell:Creating environment hook '/home/jj/Greedy/install/village_task/share/village_task/hook/cmake_prefix_path.ps1'
[17.723s] INFO:colcon.colcon_core.shell:Creating environment descriptor '/home/jj/Greedy/install/village_task/share/village_task/hook/cmake_prefix_path.dsv'
[17.724s] INFO:colcon.colcon_core.shell:Creating environment hook '/home/jj/Greedy/install/village_task/share/village_task/hook/cmake_prefix_path.sh'
[17.725s] Level 1:colcon.colcon_core.environment:checking '/home/jj/Greedy/install/village_task/lib'
[17.725s] Level 1:colcon.colcon_core.environment:checking '/home/jj/Greedy/install/village_task/bin'
[17.725s] Level 1:colcon.colcon_core.environment:checking '/home/jj/Greedy/install/village_task/lib/pkgconfig/village_task.pc'
[17.726s] Level 1:colcon.colcon_core.environment:checking '/home/jj/Greedy/install/village_task/lib/python3.8/site-packages'
[17.726s] Level 1:colcon.colcon_core.environment:checking '/home/jj/Greedy/install/village_task/bin'
[17.726s] INFO:colcon.colcon_core.shell:Creating package script '/home/jj/Greedy/install/village_task/share/village_task/package.ps1'
[17.727s] INFO:colcon.colcon_core.shell:Creating package descriptor '/home/jj/Greedy/install/village_task/share/village_task/package.dsv'
[17.728s] INFO:colcon.colcon_core.shell:Creating package script '/home/jj/Greedy/install/village_task/share/village_task/package.sh'
[17.729s] INFO:colcon.colcon_core.shell:Creating package script '/home/jj/Greedy/install/village_task/share/village_task/package.bash'
[17.730s] INFO:colcon.colcon_core.shell:Creating package script '/home/jj/Greedy/install/village_task/share/village_task/package.zsh'
[17.731s] Level 1:colcon.colcon_core.environment:create_file_with_runtime_dependencies(/home/jj/Greedy/install/village_task/share/colcon-core/packages/village_task)
[17.732s] INFO:colcon.colcon_ros.task.ament_cmake.build:Building ROS package in '/home/jj/Greedy/src/village_taskgroups' with build type 'ament_cmake'
[17.732s] INFO:colcon.colcon_cmake.task.cmake.build:Building CMake package in '/home/jj/Greedy/src/village_taskgroups'
[17.733s] INFO:colcon.colcon_core.shell:Skip shell extension 'powershell' for command environment: Not usable outside of PowerShell
[17.733s] DEBUG:colcon.colcon_core.shell:Skip shell extension 'dsv' for command environment
[17.748s] DEBUG:colcon.colcon_core.event_handler.log_command:Invoking command in '/home/jj/Greedy/build/village_taskgroups': AMENT_PREFIX_PATH=/home/jj/Greedy/install/village_interfaces:${AMENT_PREFIX_PATH} CMAKE_PREFIX_PATH=/home/jj/Greedy/install/village_interfaces:/opt/ros/foxy LD_LIBRARY_PATH=/home/jj/Greedy/install/village_interfaces/lib:${LD_LIBRARY_PATH} PYTHONPATH=/home/jj/Greedy/install/village_interfaces/lib/python3.8/site-packages:${PYTHONPATH} /usr/bin/cmake /home/jj/Greedy/src/village_taskgroups -DCMAKE_INSTALL_PREFIX=/home/jj/Greedy/install/village_taskgroups
[19.326s] DEBUG:colcon.colcon_core.event_handler.log_command:Invoked command in '/home/jj/Greedy/build/village_operator' returned '0': AMENT_PREFIX_PATH=/home/jj/Greedy/install/village_interfaces:${AMENT_PREFIX_PATH} CMAKE_PREFIX_PATH=/home/jj/Greedy/install/village_interfaces:/opt/ros/foxy LD_LIBRARY_PATH=/home/jj/Greedy/install/village_interfaces/lib:${LD_LIBRARY_PATH} PYTHONPATH=/home/jj/Greedy/install/village_interfaces/lib/python3.8/site-packages:${PYTHONPATH} /usr/bin/cmake --build /home/jj/Greedy/build/village_operator -- -j2 -l2
[19.349s] DEBUG:colcon.colcon_core.event_handler.log_command:Invoking command in '/home/jj/Greedy/build/village_operator': AMENT_PREFIX_PATH=/home/jj/Greedy/install/village_interfaces:${AMENT_PREFIX_PATH} CMAKE_PREFIX_PATH=/home/jj/Greedy/install/village_interfaces:/opt/ros/foxy LD_LIBRARY_PATH=/home/jj/Greedy/install/village_interfaces/lib:${LD_LIBRARY_PATH} PYTHONPATH=/home/jj/Greedy/install/village_interfaces/lib/python3.8/site-packages:${PYTHONPATH} /usr/bin/cmake --install /home/jj/Greedy/build/village_operator
[19.376s] Level 1:colcon.colcon_core.environment:create_environment_scripts_only(village_operator)
[19.377s] Level 1:colcon.colcon_core.environment:checking '/home/jj/Greedy/install/village_operator' for CMake module files
[19.377s] Level 1:colcon.colcon_core.environment:checking '/home/jj/Greedy/install/village_operator' for CMake config files
[19.378s] DEBUG:colcon.colcon_core.event_handler.log_command:Invoked command in '/home/jj/Greedy/build/village_operator' returned '0': AMENT_PREFIX_PATH=/home/jj/Greedy/install/village_interfaces:${AMENT_PREFIX_PATH} CMAKE_PREFIX_PATH=/home/jj/Greedy/install/village_interfaces:/opt/ros/foxy LD_LIBRARY_PATH=/home/jj/Greedy/install/village_interfaces/lib:${LD_LIBRARY_PATH} PYTHONPATH=/home/jj/Greedy/install/village_interfaces/lib/python3.8/site-packages:${PYTHONPATH} /usr/bin/cmake --install /home/jj/Greedy/build/village_operator
[19.379s] Level 1:colcon.colcon_core.shell:create_environment_hook('village_operator', 'cmake_prefix_path')
[19.379s] INFO:colcon.colcon_core.shell:Creating environment hook '/home/jj/Greedy/install/village_operator/share/village_operator/hook/cmake_prefix_path.ps1'
[19.381s] INFO:colcon.colcon_core.shell:Creating environment descriptor '/home/jj/Greedy/install/village_operator/share/village_operator/hook/cmake_prefix_path.dsv'
[19.381s] INFO:colcon.colcon_core.shell:Creating environment hook '/home/jj/Greedy/install/village_operator/share/village_operator/hook/cmake_prefix_path.sh'
[19.382s] Level 1:colcon.colcon_core.environment:checking '/home/jj/Greedy/install/village_operator/lib'
[19.383s] Level 1:colcon.colcon_core.environment:checking '/home/jj/Greedy/install/village_operator/bin'
[19.383s] Level 1:colcon.colcon_core.environment:checking '/home/jj/Greedy/install/village_operator/lib/pkgconfig/village_operator.pc'
[19.383s] Level 1:colcon.colcon_core.environment:checking '/home/jj/Greedy/install/village_operator/lib/python3.8/site-packages'
[19.383s] Level 1:colcon.colcon_core.environment:checking '/home/jj/Greedy/install/village_operator/bin'
[19.384s] INFO:colcon.colcon_core.shell:Creating package script '/home/jj/Greedy/install/village_operator/share/village_operator/package.ps1'
[19.384s] INFO:colcon.colcon_core.shell:Creating package descriptor '/home/jj/Greedy/install/village_operator/share/village_operator/package.dsv'
[19.385s] INFO:colcon.colcon_core.shell:Creating package script '/home/jj/Greedy/install/village_operator/share/village_operator/package.sh'
[19.385s] INFO:colcon.colcon_core.shell:Creating package script '/home/jj/Greedy/install/village_operator/share/village_operator/package.bash'
[19.386s] INFO:colcon.colcon_core.shell:Creating package script '/home/jj/Greedy/install/village_operator/share/village_operator/package.zsh'
[19.386s] Level 1:colcon.colcon_core.environment:create_file_with_runtime_dependencies(/home/jj/Greedy/install/village_operator/share/colcon-core/packages/village_operator)
[19.433s] Level 1:colcon.colcon_core.environment:create_environment_scripts_only(village_operator)
[19.433s] Level 1:colcon.colcon_core.environment:checking '/home/jj/Greedy/install/village_operator' for CMake module files
[19.434s] Level 1:colcon.colcon_core.environment:checking '/home/jj/Greedy/install/village_operator' for CMake config files
[19.434s] Level 1:colcon.colcon_core.shell:create_environment_hook('village_operator', 'cmake_prefix_path')
[19.434s] INFO:colcon.colcon_core.shell:Creating environment hook '/home/jj/Greedy/install/village_operator/share/village_operator/hook/cmake_prefix_path.ps1'
[19.435s] INFO:colcon.colcon_core.shell:Creating environment descriptor '/home/jj/Greedy/install/village_operator/share/village_operator/hook/cmake_prefix_path.dsv'
[19.435s] INFO:colcon.colcon_core.shell:Creating environment hook '/home/jj/Greedy/install/village_operator/share/village_operator/hook/cmake_prefix_path.sh'
[19.436s] Level 1:colcon.colcon_core.environment:checking '/home/jj/Greedy/install/village_operator/lib'
[19.436s] Level 1:colcon.colcon_core.environment:checking '/home/jj/Greedy/install/village_operator/bin'
[19.436s] Level 1:colcon.colcon_core.environment:checking '/home/jj/Greedy/install/village_operator/lib/pkgconfig/village_operator.pc'
[19.437s] Level 1:colcon.colcon_core.environment:checking '/home/jj/Greedy/install/village_operator/lib/python3.8/site-packages'
[19.437s] Level 1:colcon.colcon_core.environment:checking '/home/jj/Greedy/install/village_operator/bin'
[19.437s] INFO:colcon.colcon_core.shell:Creating package script '/home/jj/Greedy/install/village_operator/share/village_operator/package.ps1'
[19.438s] INFO:colcon.colcon_core.shell:Creating package descriptor '/home/jj/Greedy/install/village_operator/share/village_operator/package.dsv'
[19.439s] INFO:colcon.colcon_core.shell:Creating package script '/home/jj/Greedy/install/village_operator/share/village_operator/package.sh'
[19.439s] INFO:colcon.colcon_core.shell:Creating package script '/home/jj/Greedy/install/village_operator/share/village_operator/package.bash'
[19.440s] INFO:colcon.colcon_core.shell:Creating package script '/home/jj/Greedy/install/village_operator/share/village_operator/package.zsh'
[19.441s] Level 1:colcon.colcon_core.environment:create_file_with_runtime_dependencies(/home/jj/Greedy/install/village_operator/share/colcon-core/packages/village_operator)
[19.930s] DEBUG:colcon.colcon_core.event_handler.log_command:Invoked command in '/home/jj/Greedy/build/village_taskgroups' returned '0': AMENT_PREFIX_PATH=/home/jj/Greedy/install/village_interfaces:${AMENT_PREFIX_PATH} CMAKE_PREFIX_PATH=/home/jj/Greedy/install/village_interfaces:/opt/ros/foxy LD_LIBRARY_PATH=/home/jj/Greedy/install/village_interfaces/lib:${LD_LIBRARY_PATH} PYTHONPATH=/home/jj/Greedy/install/village_interfaces/lib/python3.8/site-packages:${PYTHONPATH} /usr/bin/cmake /home/jj/Greedy/src/village_taskgroups -DCMAKE_INSTALL_PREFIX=/home/jj/Greedy/install/village_taskgroups
[19.931s] DEBUG:colcon.colcon_core.event_handler.log_command:Invoking command in '/home/jj/Greedy/build/village_taskgroups': AMENT_PREFIX_PATH=/home/jj/Greedy/install/village_interfaces:${AMENT_PREFIX_PATH} CMAKE_PREFIX_PATH=/home/jj/Greedy/install/village_interfaces:/opt/ros/foxy LD_LIBRARY_PATH=/home/jj/Greedy/install/village_interfaces/lib:${LD_LIBRARY_PATH} PYTHONPATH=/home/jj/Greedy/install/village_interfaces/lib/python3.8/site-packages:${PYTHONPATH} /usr/bin/cmake --build /home/jj/Greedy/build/village_taskgroups -- -j2 -l2
[23.179s] DEBUG:colcon.colcon_core.event_handler.log_command:Invoked command in '/home/jj/Greedy/build/village_taskgroups' returned '0': AMENT_PREFIX_PATH=/home/jj/Greedy/install/village_interfaces:${AMENT_PREFIX_PATH} CMAKE_PREFIX_PATH=/home/jj/Greedy/install/village_interfaces:/opt/ros/foxy LD_LIBRARY_PATH=/home/jj/Greedy/install/village_interfaces/lib:${LD_LIBRARY_PATH} PYTHONPATH=/home/jj/Greedy/install/village_interfaces/lib/python3.8/site-packages:${PYTHONPATH} /usr/bin/cmake --build /home/jj/Greedy/build/village_taskgroups -- -j2 -l2
[23.206s] DEBUG:colcon.colcon_core.event_handler.log_command:Invoking command in '/home/jj/Greedy/build/village_taskgroups': AMENT_PREFIX_PATH=/home/jj/Greedy/install/village_interfaces:${AMENT_PREFIX_PATH} CMAKE_PREFIX_PATH=/home/jj/Greedy/install/village_interfaces:/opt/ros/foxy LD_LIBRARY_PATH=/home/jj/Greedy/install/village_interfaces/lib:${LD_LIBRARY_PATH} PYTHONPATH=/home/jj/Greedy/install/village_interfaces/lib/python3.8/site-packages:${PYTHONPATH} /usr/bin/cmake --install /home/jj/Greedy/build/village_taskgroups
[23.232s] Level 1:colcon.colcon_core.environment:create_environment_scripts_only(village_taskgroups)
[23.233s] Level 1:colcon.colcon_core.environment:checking '/home/jj/Greedy/install/village_taskgroups' for CMake module files
[23.233s] Level 1:colcon.colcon_core.environment:checking '/home/jj/Greedy/install/village_taskgroups' for CMake config files
[23.234s] DEBUG:colcon.colcon_core.event_handler.log_command:Invoked command in '/home/jj/Greedy/build/village_taskgroups' returned '0': AMENT_PREFIX_PATH=/home/jj/Greedy/install/village_interfaces:${AMENT_PREFIX_PATH} CMAKE_PREFIX_PATH=/home/jj/Greedy/install/village_interfaces:/opt/ros/foxy LD_LIBRARY_PATH=/home/jj/Greedy/install/village_interfaces/lib:${LD_LIBRARY_PATH} PYTHONPATH=/home/jj/Greedy/install/village_interfaces/lib/python3.8/site-packages:${PYTHONPATH} /usr/bin/cmake --install /home/jj/Greedy/build/village_taskgroups
[23.235s] Level 1:colcon.colcon_core.shell:create_environment_hook('village_taskgroups', 'cmake_prefix_path')
[23.235s] INFO:colcon.colcon_core.shell:Creating environment hook '/home/jj/Greedy/install/village_taskgroups/share/village_taskgroups/hook/cmake_prefix_path.ps1'
[23.236s] INFO:colcon.colcon_core.shell:Creating environment descriptor '/home/jj/Greedy/install/village_taskgroups/share/village_taskgroups/hook/cmake_prefix_path.dsv'
[23.237s] INFO:colcon.colcon_core.shell:Creating environment hook '/home/jj/Greedy/install/village_taskgroups/share/village_taskgroups/hook/cmake_prefix_path.sh'
[23.237s] Level 1:colcon.colcon_core.environment:checking '/home/jj/Greedy/install/village_taskgroups/lib'
[23.238s] Level 1:colcon.colcon_core.environment:checking '/home/jj/Greedy/install/village_taskgroups/bin'
[23.238s] Level 1:colcon.colcon_core.environment:checking '/home/jj/Greedy/install/village_taskgroups/lib/pkgconfig/village_taskgroups.pc'
[23.238s] Level 1:colcon.colcon_core.environment:checking '/home/jj/Greedy/install/village_taskgroups/lib/python3.8/site-packages'
[23.238s] Level 1:colcon.colcon_core.environment:checking '/home/jj/Greedy/install/village_taskgroups/bin'
[23.239s] INFO:colcon.colcon_core.shell:Creating package script '/home/jj/Greedy/install/village_taskgroups/share/village_taskgroups/package.ps1'
[23.239s] INFO:colcon.colcon_core.shell:Creating package descriptor '/home/jj/Greedy/install/village_taskgroups/share/village_taskgroups/package.dsv'
[23.240s] INFO:colcon.colcon_core.shell:Creating package script '/home/jj/Greedy/install/village_taskgroups/share/village_taskgroups/package.sh'
[23.240s] INFO:colcon.colcon_core.shell:Creating package script '/home/jj/Greedy/install/village_taskgroups/share/village_taskgroups/package.bash'
[23.241s] INFO:colcon.colcon_core.shell:Creating package script '/home/jj/Greedy/install/village_taskgroups/share/village_taskgroups/package.zsh'
[23.242s] Level 1:colcon.colcon_core.environment:create_file_with_runtime_dependencies(/home/jj/Greedy/install/village_taskgroups/share/colcon-core/packages/village_taskgroups)
[23.268s] Level 1:colcon.colcon_core.environment:create_environment_scripts_only(village_taskgroups)
[23.269s] Level 1:colcon.colcon_core.environment:checking '/home/jj/Greedy/install/village_taskgroups' for CMake module files
[23.269s] Level 1:colcon.colcon_core.environment:checking '/home/jj/Greedy/install/village_taskgroups' for CMake config files
[23.269s] Level 1:colcon.colcon_core.shell:create_environment_hook('village_taskgroups', 'cmake_prefix_path')
[23.270s] INFO:colcon.colcon_core.shell:Creating environment hook '/home/jj/Greedy/install/village_taskgroups/share/village_taskgroups/hook/cmake_prefix_path.ps1'
[23.270s] INFO:colcon.colcon_core.shell:Creating environment descriptor '/home/jj/Greedy/install/village_taskgroups/share/village_taskgroups/hook/cmake_prefix_path.dsv'
[23.271s] INFO:colcon.colcon_core.shell:Creating environment hook '/home/jj/Greedy/install/village_taskgroups/share/village_taskgroups/hook/cmake_prefix_path.sh'
[23.272s] Level 1:colcon.colcon_core.environment:checking '/home/jj/Greedy/install/village_taskgroups/lib'
[23.272s] Level 1:colcon.colcon_core.environment:checking '/home/jj/Greedy/install/village_taskgroups/bin'
[23.272s] Level 1:colcon.colcon_core.environment:checking '/home/jj/Greedy/install/village_taskgroups/lib/pkgconfig/village_taskgroups.pc'
[23.272s] Level 1:colcon.colcon_core.environment:checking '/home/jj/Greedy/install/village_taskgroups/lib/python3.8/site-packages'
[23.272s] Level 1:colcon.colcon_core.environment:checking '/home/jj/Greedy/install/village_taskgroups/bin'
[23.273s] INFO:colcon.colcon_core.shell:Creating package script '/home/jj/Greedy/install/village_taskgroups/share/village_taskgroups/package.ps1'
[23.274s] INFO:colcon.colcon_core.shell:Creating package descriptor '/home/jj/Greedy/install/village_taskgroups/share/village_taskgroups/package.dsv'
[23.274s] INFO:colcon.colcon_core.shell:Creating package script '/home/jj/Greedy/install/village_taskgroups/share/village_taskgroups/package.sh'
[23.275s] INFO:colcon.colcon_core.shell:Creating package script '/home/jj/Greedy/install/village_taskgroups/share/village_taskgroups/package.bash'
[23.276s] INFO:colcon.colcon_core.shell:Creating package script '/home/jj/Greedy/install/village_taskgroups/share/village_taskgroups/package.zsh'
[23.276s] Level 1:colcon.colcon_core.environment:create_file_with_runtime_dependencies(/home/jj/Greedy/install/village_taskgroups/share/colcon-core/packages/village_taskgroups)
[23.278s] DEBUG:colcon.colcon_parallel_executor.executor.parallel:closing loop
[23.278s] DEBUG:colcon.colcon_parallel_executor.executor.parallel:loop closed
[23.278s] DEBUG:colcon.colcon_parallel_executor.executor.parallel:run_until_complete finished with '0'
[23.278s] DEBUG:colcon.colcon_core.event_reactor:joining thread
[23.285s] INFO:colcon.colcon_core.plugin_system:Skipping extension 'colcon_notification.desktop_notification.terminal_notifier': Not used on non-Darwin systems
[23.285s] INFO:colcon.colcon_core.plugin_system:Skipping extension 'colcon_notification.desktop_notification.win32': Not used on non-Windows systems
[23.285s] INFO:colcon.colcon_notification.desktop_notification:Sending desktop notification using 'notify2'
[23.310s] DEBUG:colcon.colcon_core.event_reactor:joined thread
[23.311s] INFO:colcon.colcon_core.shell:Creating prefix script '/home/jj/Greedy/install/local_setup.ps1'
[23.312s] INFO:colcon.colcon_core.shell:Creating prefix util module '/home/jj/Greedy/install/_local_setup_util_ps1.py'
[23.317s] INFO:colcon.colcon_core.shell:Creating prefix chain script '/home/jj/Greedy/install/setup.ps1'
[23.319s] INFO:colcon.colcon_core.shell:Creating prefix script '/home/jj/Greedy/install/local_setup.sh'
[23.320s] INFO:colcon.colcon_core.shell:Creating prefix util module '/home/jj/Greedy/install/_local_setup_util_sh.py'
[23.322s] INFO:colcon.colcon_core.shell:Creating prefix chain script '/home/jj/Greedy/install/setup.sh'
[23.324s] INFO:colcon.colcon_core.shell:Creating prefix script '/home/jj/Greedy/install/local_setup.bash'
[23.325s] INFO:colcon.colcon_core.shell:Creating prefix chain script '/home/jj/Greedy/install/setup.bash'
[23.326s] INFO:colcon.colcon_core.shell:Creating prefix script '/home/jj/Greedy/install/local_setup.zsh'
[23.327s] INFO:colcon.colcon_core.shell:Creating prefix chain script '/home/jj/Greedy/install/setup.zsh'
